[2024-07-09T16:44:06.931+0000] {processor.py:161} INFO - Started process (PID=347) to work on /home/airflow/.local/lib/python3.12/site-packages/airflow/example_dags/example_short_circuit_operator.py
[2024-07-09T16:44:06.931+0000] {processor.py:830} INFO - Processing file /home/airflow/.local/lib/python3.12/site-packages/airflow/example_dags/example_short_circuit_operator.py for tasks to queue
[2024-07-09T16:44:06.933+0000] {logging_mixin.py:188} INFO - [2024-07-09T16:44:06.932+0000] {dagbag.py:545} INFO - Filling up the DagBag from /home/airflow/.local/lib/python3.12/site-packages/airflow/example_dags/example_short_circuit_operator.py
[2024-07-09T16:44:06.938+0000] {processor.py:840} INFO - DAG(s) 'example_short_circuit_operator' retrieved from /home/airflow/.local/lib/python3.12/site-packages/airflow/example_dags/example_short_circuit_operator.py
[2024-07-09T16:44:07.019+0000] {logging_mixin.py:188} INFO - [2024-07-09T16:44:07.019+0000] {override.py:1829} INFO - Created Permission View: can delete on DAG:example_short_circuit_operator
[2024-07-09T16:44:07.027+0000] {logging_mixin.py:188} INFO - [2024-07-09T16:44:07.026+0000] {override.py:1829} INFO - Created Permission View: can edit on DAG:example_short_circuit_operator
[2024-07-09T16:44:07.031+0000] {logging_mixin.py:188} INFO - [2024-07-09T16:44:07.031+0000] {override.py:1829} INFO - Created Permission View: can read on DAG:example_short_circuit_operator
[2024-07-09T16:44:07.031+0000] {logging_mixin.py:188} INFO - [2024-07-09T16:44:07.031+0000] {dag.py:3096} INFO - Sync 1 DAGs
[2024-07-09T16:44:07.040+0000] {logging_mixin.py:188} INFO - [2024-07-09T16:44:07.040+0000] {dag.py:3118} INFO - Creating ORM DAG for example_short_circuit_operator
[2024-07-09T16:44:07.048+0000] {logging_mixin.py:188} INFO - [2024-07-09T16:44:07.048+0000] {dag.py:3954} INFO - Setting next_dagrun for example_short_circuit_operator to 2024-07-08 00:00:00+00:00, run_after=2024-07-09 00:00:00+00:00
[2024-07-09T16:44:07.060+0000] {processor.py:183} INFO - Processing /home/airflow/.local/lib/python3.12/site-packages/airflow/example_dags/example_short_circuit_operator.py took 0.133 seconds
[2024-07-09T16:44:37.654+0000] {processor.py:161} INFO - Started process (PID=610) to work on /home/airflow/.local/lib/python3.12/site-packages/airflow/example_dags/example_short_circuit_operator.py
[2024-07-09T16:44:37.655+0000] {processor.py:830} INFO - Processing file /home/airflow/.local/lib/python3.12/site-packages/airflow/example_dags/example_short_circuit_operator.py for tasks to queue
[2024-07-09T16:44:37.656+0000] {logging_mixin.py:188} INFO - [2024-07-09T16:44:37.656+0000] {dagbag.py:545} INFO - Filling up the DagBag from /home/airflow/.local/lib/python3.12/site-packages/airflow/example_dags/example_short_circuit_operator.py
[2024-07-09T16:44:37.660+0000] {processor.py:840} INFO - DAG(s) 'example_short_circuit_operator' retrieved from /home/airflow/.local/lib/python3.12/site-packages/airflow/example_dags/example_short_circuit_operator.py
[2024-07-09T16:44:37.678+0000] {logging_mixin.py:188} INFO - [2024-07-09T16:44:37.678+0000] {dag.py:3096} INFO - Sync 1 DAGs
[2024-07-09T16:44:37.694+0000] {logging_mixin.py:188} INFO - [2024-07-09T16:44:37.694+0000] {dag.py:3954} INFO - Setting next_dagrun for example_short_circuit_operator to 2024-07-08 00:00:00+00:00, run_after=2024-07-09 00:00:00+00:00
[2024-07-09T16:44:37.707+0000] {processor.py:183} INFO - Processing /home/airflow/.local/lib/python3.12/site-packages/airflow/example_dags/example_short_circuit_operator.py took 0.057 seconds
[2024-07-09T16:45:07.874+0000] {processor.py:161} INFO - Started process (PID=871) to work on /home/airflow/.local/lib/python3.12/site-packages/airflow/example_dags/example_short_circuit_operator.py
[2024-07-09T16:45:07.875+0000] {processor.py:830} INFO - Processing file /home/airflow/.local/lib/python3.12/site-packages/airflow/example_dags/example_short_circuit_operator.py for tasks to queue
[2024-07-09T16:45:07.876+0000] {logging_mixin.py:188} INFO - [2024-07-09T16:45:07.876+0000] {dagbag.py:545} INFO - Filling up the DagBag from /home/airflow/.local/lib/python3.12/site-packages/airflow/example_dags/example_short_circuit_operator.py
[2024-07-09T16:45:07.880+0000] {processor.py:840} INFO - DAG(s) 'example_short_circuit_operator' retrieved from /home/airflow/.local/lib/python3.12/site-packages/airflow/example_dags/example_short_circuit_operator.py
[2024-07-09T16:45:07.898+0000] {logging_mixin.py:188} INFO - [2024-07-09T16:45:07.897+0000] {dag.py:3096} INFO - Sync 1 DAGs
[2024-07-09T16:45:07.913+0000] {logging_mixin.py:188} INFO - [2024-07-09T16:45:07.913+0000] {dag.py:3954} INFO - Setting next_dagrun for example_short_circuit_operator to 2024-07-08 00:00:00+00:00, run_after=2024-07-09 00:00:00+00:00
[2024-07-09T16:45:07.925+0000] {processor.py:183} INFO - Processing /home/airflow/.local/lib/python3.12/site-packages/airflow/example_dags/example_short_circuit_operator.py took 0.054 seconds
[2024-07-09T16:45:38.228+0000] {processor.py:161} INFO - Started process (PID=1130) to work on /home/airflow/.local/lib/python3.12/site-packages/airflow/example_dags/example_short_circuit_operator.py
[2024-07-09T16:45:38.229+0000] {processor.py:830} INFO - Processing file /home/airflow/.local/lib/python3.12/site-packages/airflow/example_dags/example_short_circuit_operator.py for tasks to queue
[2024-07-09T16:45:38.230+0000] {logging_mixin.py:188} INFO - [2024-07-09T16:45:38.229+0000] {dagbag.py:545} INFO - Filling up the DagBag from /home/airflow/.local/lib/python3.12/site-packages/airflow/example_dags/example_short_circuit_operator.py
[2024-07-09T16:45:38.235+0000] {processor.py:840} INFO - DAG(s) 'example_short_circuit_operator' retrieved from /home/airflow/.local/lib/python3.12/site-packages/airflow/example_dags/example_short_circuit_operator.py
[2024-07-09T16:45:38.252+0000] {logging_mixin.py:188} INFO - [2024-07-09T16:45:38.252+0000] {dag.py:3096} INFO - Sync 1 DAGs
[2024-07-09T16:45:38.267+0000] {logging_mixin.py:188} INFO - [2024-07-09T16:45:38.267+0000] {dag.py:3954} INFO - Setting next_dagrun for example_short_circuit_operator to 2024-07-08 00:00:00+00:00, run_after=2024-07-09 00:00:00+00:00
[2024-07-09T16:45:38.280+0000] {processor.py:183} INFO - Processing /home/airflow/.local/lib/python3.12/site-packages/airflow/example_dags/example_short_circuit_operator.py took 0.056 seconds
[2024-07-09T16:46:08.844+0000] {processor.py:161} INFO - Started process (PID=1391) to work on /home/airflow/.local/lib/python3.12/site-packages/airflow/example_dags/example_short_circuit_operator.py
[2024-07-09T16:46:08.845+0000] {processor.py:830} INFO - Processing file /home/airflow/.local/lib/python3.12/site-packages/airflow/example_dags/example_short_circuit_operator.py for tasks to queue
[2024-07-09T16:46:08.846+0000] {logging_mixin.py:188} INFO - [2024-07-09T16:46:08.846+0000] {dagbag.py:545} INFO - Filling up the DagBag from /home/airflow/.local/lib/python3.12/site-packages/airflow/example_dags/example_short_circuit_operator.py
[2024-07-09T16:46:08.851+0000] {processor.py:840} INFO - DAG(s) 'example_short_circuit_operator' retrieved from /home/airflow/.local/lib/python3.12/site-packages/airflow/example_dags/example_short_circuit_operator.py
[2024-07-09T16:46:08.868+0000] {logging_mixin.py:188} INFO - [2024-07-09T16:46:08.868+0000] {dag.py:3096} INFO - Sync 1 DAGs
[2024-07-09T16:46:08.884+0000] {logging_mixin.py:188} INFO - [2024-07-09T16:46:08.884+0000] {dag.py:3954} INFO - Setting next_dagrun for example_short_circuit_operator to 2024-07-08 00:00:00+00:00, run_after=2024-07-09 00:00:00+00:00
[2024-07-09T16:46:08.898+0000] {processor.py:183} INFO - Processing /home/airflow/.local/lib/python3.12/site-packages/airflow/example_dags/example_short_circuit_operator.py took 0.057 seconds
[2024-07-09T16:46:39.081+0000] {processor.py:161} INFO - Started process (PID=1654) to work on /home/airflow/.local/lib/python3.12/site-packages/airflow/example_dags/example_short_circuit_operator.py
[2024-07-09T16:46:39.082+0000] {processor.py:830} INFO - Processing file /home/airflow/.local/lib/python3.12/site-packages/airflow/example_dags/example_short_circuit_operator.py for tasks to queue
[2024-07-09T16:46:39.083+0000] {logging_mixin.py:188} INFO - [2024-07-09T16:46:39.083+0000] {dagbag.py:545} INFO - Filling up the DagBag from /home/airflow/.local/lib/python3.12/site-packages/airflow/example_dags/example_short_circuit_operator.py
[2024-07-09T16:46:39.087+0000] {processor.py:840} INFO - DAG(s) 'example_short_circuit_operator' retrieved from /home/airflow/.local/lib/python3.12/site-packages/airflow/example_dags/example_short_circuit_operator.py
[2024-07-09T16:46:39.106+0000] {logging_mixin.py:188} INFO - [2024-07-09T16:46:39.106+0000] {dag.py:3096} INFO - Sync 1 DAGs
[2024-07-09T16:46:39.120+0000] {logging_mixin.py:188} INFO - [2024-07-09T16:46:39.120+0000] {dag.py:3954} INFO - Setting next_dagrun for example_short_circuit_operator to 2024-07-08 00:00:00+00:00, run_after=2024-07-09 00:00:00+00:00
[2024-07-09T16:46:39.131+0000] {processor.py:183} INFO - Processing /home/airflow/.local/lib/python3.12/site-packages/airflow/example_dags/example_short_circuit_operator.py took 0.054 seconds
[2024-07-09T16:47:09.434+0000] {processor.py:161} INFO - Started process (PID=1915) to work on /home/airflow/.local/lib/python3.12/site-packages/airflow/example_dags/example_short_circuit_operator.py
[2024-07-09T16:47:09.435+0000] {processor.py:830} INFO - Processing file /home/airflow/.local/lib/python3.12/site-packages/airflow/example_dags/example_short_circuit_operator.py for tasks to queue
[2024-07-09T16:47:09.436+0000] {logging_mixin.py:188} INFO - [2024-07-09T16:47:09.435+0000] {dagbag.py:545} INFO - Filling up the DagBag from /home/airflow/.local/lib/python3.12/site-packages/airflow/example_dags/example_short_circuit_operator.py
[2024-07-09T16:47:09.440+0000] {processor.py:840} INFO - DAG(s) 'example_short_circuit_operator' retrieved from /home/airflow/.local/lib/python3.12/site-packages/airflow/example_dags/example_short_circuit_operator.py
[2024-07-09T16:47:09.458+0000] {logging_mixin.py:188} INFO - [2024-07-09T16:47:09.458+0000] {dag.py:3096} INFO - Sync 1 DAGs
[2024-07-09T16:47:09.473+0000] {logging_mixin.py:188} INFO - [2024-07-09T16:47:09.473+0000] {dag.py:3954} INFO - Setting next_dagrun for example_short_circuit_operator to 2024-07-08 00:00:00+00:00, run_after=2024-07-09 00:00:00+00:00
[2024-07-09T16:47:09.485+0000] {processor.py:183} INFO - Processing /home/airflow/.local/lib/python3.12/site-packages/airflow/example_dags/example_short_circuit_operator.py took 0.055 seconds
[2024-07-09T16:47:39.554+0000] {processor.py:161} INFO - Started process (PID=2174) to work on /home/airflow/.local/lib/python3.12/site-packages/airflow/example_dags/example_short_circuit_operator.py
[2024-07-09T16:47:39.554+0000] {processor.py:830} INFO - Processing file /home/airflow/.local/lib/python3.12/site-packages/airflow/example_dags/example_short_circuit_operator.py for tasks to queue
[2024-07-09T16:47:39.555+0000] {logging_mixin.py:188} INFO - [2024-07-09T16:47:39.555+0000] {dagbag.py:545} INFO - Filling up the DagBag from /home/airflow/.local/lib/python3.12/site-packages/airflow/example_dags/example_short_circuit_operator.py
[2024-07-09T16:47:39.560+0000] {processor.py:840} INFO - DAG(s) 'example_short_circuit_operator' retrieved from /home/airflow/.local/lib/python3.12/site-packages/airflow/example_dags/example_short_circuit_operator.py
[2024-07-09T16:47:39.577+0000] {logging_mixin.py:188} INFO - [2024-07-09T16:47:39.577+0000] {dag.py:3096} INFO - Sync 1 DAGs
[2024-07-09T16:47:39.593+0000] {logging_mixin.py:188} INFO - [2024-07-09T16:47:39.593+0000] {dag.py:3954} INFO - Setting next_dagrun for example_short_circuit_operator to 2024-07-08 00:00:00+00:00, run_after=2024-07-09 00:00:00+00:00
[2024-07-09T16:47:39.607+0000] {processor.py:183} INFO - Processing /home/airflow/.local/lib/python3.12/site-packages/airflow/example_dags/example_short_circuit_operator.py took 0.057 seconds
[2024-07-09T16:48:09.778+0000] {processor.py:161} INFO - Started process (PID=2435) to work on /home/airflow/.local/lib/python3.12/site-packages/airflow/example_dags/example_short_circuit_operator.py
[2024-07-09T16:48:09.778+0000] {processor.py:830} INFO - Processing file /home/airflow/.local/lib/python3.12/site-packages/airflow/example_dags/example_short_circuit_operator.py for tasks to queue
[2024-07-09T16:48:09.779+0000] {logging_mixin.py:188} INFO - [2024-07-09T16:48:09.779+0000] {dagbag.py:545} INFO - Filling up the DagBag from /home/airflow/.local/lib/python3.12/site-packages/airflow/example_dags/example_short_circuit_operator.py
[2024-07-09T16:48:09.784+0000] {processor.py:840} INFO - DAG(s) 'example_short_circuit_operator' retrieved from /home/airflow/.local/lib/python3.12/site-packages/airflow/example_dags/example_short_circuit_operator.py
[2024-07-09T16:48:09.801+0000] {logging_mixin.py:188} INFO - [2024-07-09T16:48:09.801+0000] {dag.py:3096} INFO - Sync 1 DAGs
[2024-07-09T16:48:09.816+0000] {logging_mixin.py:188} INFO - [2024-07-09T16:48:09.816+0000] {dag.py:3954} INFO - Setting next_dagrun for example_short_circuit_operator to 2024-07-08 00:00:00+00:00, run_after=2024-07-09 00:00:00+00:00
[2024-07-09T16:48:09.831+0000] {processor.py:183} INFO - Processing /home/airflow/.local/lib/python3.12/site-packages/airflow/example_dags/example_short_circuit_operator.py took 0.057 seconds
[2024-07-09T16:48:40.303+0000] {processor.py:161} INFO - Started process (PID=2696) to work on /home/airflow/.local/lib/python3.12/site-packages/airflow/example_dags/example_short_circuit_operator.py
[2024-07-09T16:48:40.304+0000] {processor.py:830} INFO - Processing file /home/airflow/.local/lib/python3.12/site-packages/airflow/example_dags/example_short_circuit_operator.py for tasks to queue
[2024-07-09T16:48:40.305+0000] {logging_mixin.py:188} INFO - [2024-07-09T16:48:40.305+0000] {dagbag.py:545} INFO - Filling up the DagBag from /home/airflow/.local/lib/python3.12/site-packages/airflow/example_dags/example_short_circuit_operator.py
[2024-07-09T16:48:40.310+0000] {processor.py:840} INFO - DAG(s) 'example_short_circuit_operator' retrieved from /home/airflow/.local/lib/python3.12/site-packages/airflow/example_dags/example_short_circuit_operator.py
[2024-07-09T16:48:40.329+0000] {logging_mixin.py:188} INFO - [2024-07-09T16:48:40.329+0000] {dag.py:3096} INFO - Sync 1 DAGs
[2024-07-09T16:48:40.346+0000] {logging_mixin.py:188} INFO - [2024-07-09T16:48:40.346+0000] {dag.py:3954} INFO - Setting next_dagrun for example_short_circuit_operator to 2024-07-08 00:00:00+00:00, run_after=2024-07-09 00:00:00+00:00
[2024-07-09T16:48:40.360+0000] {processor.py:183} INFO - Processing /home/airflow/.local/lib/python3.12/site-packages/airflow/example_dags/example_short_circuit_operator.py took 0.060 seconds
[2024-07-09T16:49:10.560+0000] {processor.py:161} INFO - Started process (PID=2957) to work on /home/airflow/.local/lib/python3.12/site-packages/airflow/example_dags/example_short_circuit_operator.py
[2024-07-09T16:49:10.561+0000] {processor.py:830} INFO - Processing file /home/airflow/.local/lib/python3.12/site-packages/airflow/example_dags/example_short_circuit_operator.py for tasks to queue
[2024-07-09T16:49:10.562+0000] {logging_mixin.py:188} INFO - [2024-07-09T16:49:10.562+0000] {dagbag.py:545} INFO - Filling up the DagBag from /home/airflow/.local/lib/python3.12/site-packages/airflow/example_dags/example_short_circuit_operator.py
[2024-07-09T16:49:10.567+0000] {processor.py:840} INFO - DAG(s) 'example_short_circuit_operator' retrieved from /home/airflow/.local/lib/python3.12/site-packages/airflow/example_dags/example_short_circuit_operator.py
[2024-07-09T16:49:10.584+0000] {logging_mixin.py:188} INFO - [2024-07-09T16:49:10.584+0000] {dag.py:3096} INFO - Sync 1 DAGs
[2024-07-09T16:49:10.600+0000] {logging_mixin.py:188} INFO - [2024-07-09T16:49:10.599+0000] {dag.py:3954} INFO - Setting next_dagrun for example_short_circuit_operator to 2024-07-08 00:00:00+00:00, run_after=2024-07-09 00:00:00+00:00
[2024-07-09T16:49:10.612+0000] {processor.py:183} INFO - Processing /home/airflow/.local/lib/python3.12/site-packages/airflow/example_dags/example_short_circuit_operator.py took 0.056 seconds
[2024-07-09T16:49:40.787+0000] {processor.py:161} INFO - Started process (PID=3218) to work on /home/airflow/.local/lib/python3.12/site-packages/airflow/example_dags/example_short_circuit_operator.py
[2024-07-09T16:49:40.788+0000] {processor.py:830} INFO - Processing file /home/airflow/.local/lib/python3.12/site-packages/airflow/example_dags/example_short_circuit_operator.py for tasks to queue
[2024-07-09T16:49:40.789+0000] {logging_mixin.py:188} INFO - [2024-07-09T16:49:40.789+0000] {dagbag.py:545} INFO - Filling up the DagBag from /home/airflow/.local/lib/python3.12/site-packages/airflow/example_dags/example_short_circuit_operator.py
[2024-07-09T16:49:40.794+0000] {processor.py:840} INFO - DAG(s) 'example_short_circuit_operator' retrieved from /home/airflow/.local/lib/python3.12/site-packages/airflow/example_dags/example_short_circuit_operator.py
[2024-07-09T16:49:40.814+0000] {logging_mixin.py:188} INFO - [2024-07-09T16:49:40.813+0000] {dag.py:3096} INFO - Sync 1 DAGs
[2024-07-09T16:49:40.830+0000] {logging_mixin.py:188} INFO - [2024-07-09T16:49:40.829+0000] {dag.py:3954} INFO - Setting next_dagrun for example_short_circuit_operator to 2024-07-08 00:00:00+00:00, run_after=2024-07-09 00:00:00+00:00
[2024-07-09T16:49:40.844+0000] {processor.py:183} INFO - Processing /home/airflow/.local/lib/python3.12/site-packages/airflow/example_dags/example_short_circuit_operator.py took 0.061 seconds
[2024-07-09T16:50:11.136+0000] {processor.py:161} INFO - Started process (PID=3479) to work on /home/airflow/.local/lib/python3.12/site-packages/airflow/example_dags/example_short_circuit_operator.py
[2024-07-09T16:50:11.136+0000] {processor.py:830} INFO - Processing file /home/airflow/.local/lib/python3.12/site-packages/airflow/example_dags/example_short_circuit_operator.py for tasks to queue
[2024-07-09T16:50:11.137+0000] {logging_mixin.py:188} INFO - [2024-07-09T16:50:11.137+0000] {dagbag.py:545} INFO - Filling up the DagBag from /home/airflow/.local/lib/python3.12/site-packages/airflow/example_dags/example_short_circuit_operator.py
[2024-07-09T16:50:11.142+0000] {processor.py:840} INFO - DAG(s) 'example_short_circuit_operator' retrieved from /home/airflow/.local/lib/python3.12/site-packages/airflow/example_dags/example_short_circuit_operator.py
[2024-07-09T16:50:11.161+0000] {logging_mixin.py:188} INFO - [2024-07-09T16:50:11.161+0000] {dag.py:3096} INFO - Sync 1 DAGs
[2024-07-09T16:50:11.178+0000] {logging_mixin.py:188} INFO - [2024-07-09T16:50:11.177+0000] {dag.py:3954} INFO - Setting next_dagrun for example_short_circuit_operator to 2024-07-08 00:00:00+00:00, run_after=2024-07-09 00:00:00+00:00
[2024-07-09T16:50:11.190+0000] {processor.py:183} INFO - Processing /home/airflow/.local/lib/python3.12/site-packages/airflow/example_dags/example_short_circuit_operator.py took 0.058 seconds
[2024-07-09T16:50:41.490+0000] {processor.py:161} INFO - Started process (PID=3740) to work on /home/airflow/.local/lib/python3.12/site-packages/airflow/example_dags/example_short_circuit_operator.py
[2024-07-09T16:50:41.490+0000] {processor.py:830} INFO - Processing file /home/airflow/.local/lib/python3.12/site-packages/airflow/example_dags/example_short_circuit_operator.py for tasks to queue
[2024-07-09T16:50:41.491+0000] {logging_mixin.py:188} INFO - [2024-07-09T16:50:41.491+0000] {dagbag.py:545} INFO - Filling up the DagBag from /home/airflow/.local/lib/python3.12/site-packages/airflow/example_dags/example_short_circuit_operator.py
[2024-07-09T16:50:41.497+0000] {processor.py:840} INFO - DAG(s) 'example_short_circuit_operator' retrieved from /home/airflow/.local/lib/python3.12/site-packages/airflow/example_dags/example_short_circuit_operator.py
[2024-07-09T16:50:41.515+0000] {logging_mixin.py:188} INFO - [2024-07-09T16:50:41.515+0000] {dag.py:3096} INFO - Sync 1 DAGs
[2024-07-09T16:50:41.530+0000] {logging_mixin.py:188} INFO - [2024-07-09T16:50:41.530+0000] {dag.py:3954} INFO - Setting next_dagrun for example_short_circuit_operator to 2024-07-08 00:00:00+00:00, run_after=2024-07-09 00:00:00+00:00
[2024-07-09T16:50:41.543+0000] {processor.py:183} INFO - Processing /home/airflow/.local/lib/python3.12/site-packages/airflow/example_dags/example_short_circuit_operator.py took 0.057 seconds
[2024-07-09T16:51:11.659+0000] {processor.py:161} INFO - Started process (PID=4001) to work on /home/airflow/.local/lib/python3.12/site-packages/airflow/example_dags/example_short_circuit_operator.py
[2024-07-09T16:51:11.660+0000] {processor.py:830} INFO - Processing file /home/airflow/.local/lib/python3.12/site-packages/airflow/example_dags/example_short_circuit_operator.py for tasks to queue
[2024-07-09T16:51:11.661+0000] {logging_mixin.py:188} INFO - [2024-07-09T16:51:11.661+0000] {dagbag.py:545} INFO - Filling up the DagBag from /home/airflow/.local/lib/python3.12/site-packages/airflow/example_dags/example_short_circuit_operator.py
[2024-07-09T16:51:11.666+0000] {processor.py:840} INFO - DAG(s) 'example_short_circuit_operator' retrieved from /home/airflow/.local/lib/python3.12/site-packages/airflow/example_dags/example_short_circuit_operator.py
[2024-07-09T16:51:11.683+0000] {logging_mixin.py:188} INFO - [2024-07-09T16:51:11.683+0000] {dag.py:3096} INFO - Sync 1 DAGs
[2024-07-09T16:51:11.699+0000] {logging_mixin.py:188} INFO - [2024-07-09T16:51:11.699+0000] {dag.py:3954} INFO - Setting next_dagrun for example_short_circuit_operator to 2024-07-08 00:00:00+00:00, run_after=2024-07-09 00:00:00+00:00
[2024-07-09T16:51:11.711+0000] {processor.py:183} INFO - Processing /home/airflow/.local/lib/python3.12/site-packages/airflow/example_dags/example_short_circuit_operator.py took 0.056 seconds
[2024-07-09T16:51:42.106+0000] {processor.py:161} INFO - Started process (PID=4264) to work on /home/airflow/.local/lib/python3.12/site-packages/airflow/example_dags/example_short_circuit_operator.py
[2024-07-09T16:51:42.107+0000] {processor.py:830} INFO - Processing file /home/airflow/.local/lib/python3.12/site-packages/airflow/example_dags/example_short_circuit_operator.py for tasks to queue
[2024-07-09T16:51:42.108+0000] {logging_mixin.py:188} INFO - [2024-07-09T16:51:42.108+0000] {dagbag.py:545} INFO - Filling up the DagBag from /home/airflow/.local/lib/python3.12/site-packages/airflow/example_dags/example_short_circuit_operator.py
[2024-07-09T16:51:42.113+0000] {processor.py:840} INFO - DAG(s) 'example_short_circuit_operator' retrieved from /home/airflow/.local/lib/python3.12/site-packages/airflow/example_dags/example_short_circuit_operator.py
[2024-07-09T16:51:42.131+0000] {logging_mixin.py:188} INFO - [2024-07-09T16:51:42.131+0000] {dag.py:3096} INFO - Sync 1 DAGs
[2024-07-09T16:51:42.147+0000] {logging_mixin.py:188} INFO - [2024-07-09T16:51:42.147+0000] {dag.py:3954} INFO - Setting next_dagrun for example_short_circuit_operator to 2024-07-08 00:00:00+00:00, run_after=2024-07-09 00:00:00+00:00
[2024-07-09T16:51:42.160+0000] {processor.py:183} INFO - Processing /home/airflow/.local/lib/python3.12/site-packages/airflow/example_dags/example_short_circuit_operator.py took 0.058 seconds
[2024-07-09T16:52:12.324+0000] {processor.py:161} INFO - Started process (PID=4523) to work on /home/airflow/.local/lib/python3.12/site-packages/airflow/example_dags/example_short_circuit_operator.py
[2024-07-09T16:52:12.325+0000] {processor.py:830} INFO - Processing file /home/airflow/.local/lib/python3.12/site-packages/airflow/example_dags/example_short_circuit_operator.py for tasks to queue
[2024-07-09T16:52:12.326+0000] {logging_mixin.py:188} INFO - [2024-07-09T16:52:12.326+0000] {dagbag.py:545} INFO - Filling up the DagBag from /home/airflow/.local/lib/python3.12/site-packages/airflow/example_dags/example_short_circuit_operator.py
[2024-07-09T16:52:12.331+0000] {processor.py:840} INFO - DAG(s) 'example_short_circuit_operator' retrieved from /home/airflow/.local/lib/python3.12/site-packages/airflow/example_dags/example_short_circuit_operator.py
[2024-07-09T16:52:12.352+0000] {logging_mixin.py:188} INFO - [2024-07-09T16:52:12.352+0000] {dag.py:3096} INFO - Sync 1 DAGs
[2024-07-09T16:52:12.368+0000] {logging_mixin.py:188} INFO - [2024-07-09T16:52:12.368+0000] {dag.py:3954} INFO - Setting next_dagrun for example_short_circuit_operator to 2024-07-08 00:00:00+00:00, run_after=2024-07-09 00:00:00+00:00
[2024-07-09T16:52:12.384+0000] {processor.py:183} INFO - Processing /home/airflow/.local/lib/python3.12/site-packages/airflow/example_dags/example_short_circuit_operator.py took 0.065 seconds
[2024-07-09T16:52:42.522+0000] {processor.py:161} INFO - Started process (PID=4784) to work on /home/airflow/.local/lib/python3.12/site-packages/airflow/example_dags/example_short_circuit_operator.py
[2024-07-09T16:52:42.523+0000] {processor.py:830} INFO - Processing file /home/airflow/.local/lib/python3.12/site-packages/airflow/example_dags/example_short_circuit_operator.py for tasks to queue
[2024-07-09T16:52:42.524+0000] {logging_mixin.py:188} INFO - [2024-07-09T16:52:42.524+0000] {dagbag.py:545} INFO - Filling up the DagBag from /home/airflow/.local/lib/python3.12/site-packages/airflow/example_dags/example_short_circuit_operator.py
[2024-07-09T16:52:42.529+0000] {processor.py:840} INFO - DAG(s) 'example_short_circuit_operator' retrieved from /home/airflow/.local/lib/python3.12/site-packages/airflow/example_dags/example_short_circuit_operator.py
[2024-07-09T16:52:42.548+0000] {logging_mixin.py:188} INFO - [2024-07-09T16:52:42.547+0000] {dag.py:3096} INFO - Sync 1 DAGs
[2024-07-09T16:52:42.564+0000] {logging_mixin.py:188} INFO - [2024-07-09T16:52:42.564+0000] {dag.py:3954} INFO - Setting next_dagrun for example_short_circuit_operator to 2024-07-08 00:00:00+00:00, run_after=2024-07-09 00:00:00+00:00
[2024-07-09T16:52:42.579+0000] {processor.py:183} INFO - Processing /home/airflow/.local/lib/python3.12/site-packages/airflow/example_dags/example_short_circuit_operator.py took 0.061 seconds
[2024-07-09T16:53:13.062+0000] {processor.py:161} INFO - Started process (PID=5045) to work on /home/airflow/.local/lib/python3.12/site-packages/airflow/example_dags/example_short_circuit_operator.py
[2024-07-09T16:53:13.062+0000] {processor.py:830} INFO - Processing file /home/airflow/.local/lib/python3.12/site-packages/airflow/example_dags/example_short_circuit_operator.py for tasks to queue
[2024-07-09T16:53:13.063+0000] {logging_mixin.py:188} INFO - [2024-07-09T16:53:13.063+0000] {dagbag.py:545} INFO - Filling up the DagBag from /home/airflow/.local/lib/python3.12/site-packages/airflow/example_dags/example_short_circuit_operator.py
[2024-07-09T16:53:13.068+0000] {processor.py:840} INFO - DAG(s) 'example_short_circuit_operator' retrieved from /home/airflow/.local/lib/python3.12/site-packages/airflow/example_dags/example_short_circuit_operator.py
[2024-07-09T16:53:13.085+0000] {logging_mixin.py:188} INFO - [2024-07-09T16:53:13.085+0000] {dag.py:3096} INFO - Sync 1 DAGs
[2024-07-09T16:53:13.101+0000] {logging_mixin.py:188} INFO - [2024-07-09T16:53:13.101+0000] {dag.py:3954} INFO - Setting next_dagrun for example_short_circuit_operator to 2024-07-08 00:00:00+00:00, run_after=2024-07-09 00:00:00+00:00
[2024-07-09T16:53:13.113+0000] {processor.py:183} INFO - Processing /home/airflow/.local/lib/python3.12/site-packages/airflow/example_dags/example_short_circuit_operator.py took 0.056 seconds
[2024-07-09T16:53:43.305+0000] {processor.py:161} INFO - Started process (PID=5306) to work on /home/airflow/.local/lib/python3.12/site-packages/airflow/example_dags/example_short_circuit_operator.py
[2024-07-09T16:53:43.306+0000] {processor.py:830} INFO - Processing file /home/airflow/.local/lib/python3.12/site-packages/airflow/example_dags/example_short_circuit_operator.py for tasks to queue
[2024-07-09T16:53:43.307+0000] {logging_mixin.py:188} INFO - [2024-07-09T16:53:43.307+0000] {dagbag.py:545} INFO - Filling up the DagBag from /home/airflow/.local/lib/python3.12/site-packages/airflow/example_dags/example_short_circuit_operator.py
[2024-07-09T16:53:43.312+0000] {processor.py:840} INFO - DAG(s) 'example_short_circuit_operator' retrieved from /home/airflow/.local/lib/python3.12/site-packages/airflow/example_dags/example_short_circuit_operator.py
[2024-07-09T16:53:43.336+0000] {logging_mixin.py:188} INFO - [2024-07-09T16:53:43.336+0000] {dag.py:3096} INFO - Sync 1 DAGs
[2024-07-09T16:53:43.357+0000] {logging_mixin.py:188} INFO - [2024-07-09T16:53:43.356+0000] {dag.py:3954} INFO - Setting next_dagrun for example_short_circuit_operator to 2024-07-08 00:00:00+00:00, run_after=2024-07-09 00:00:00+00:00
[2024-07-09T16:53:43.369+0000] {processor.py:183} INFO - Processing /home/airflow/.local/lib/python3.12/site-packages/airflow/example_dags/example_short_circuit_operator.py took 0.068 seconds
[2024-07-09T16:54:13.693+0000] {processor.py:161} INFO - Started process (PID=5567) to work on /home/airflow/.local/lib/python3.12/site-packages/airflow/example_dags/example_short_circuit_operator.py
[2024-07-09T16:54:13.693+0000] {processor.py:830} INFO - Processing file /home/airflow/.local/lib/python3.12/site-packages/airflow/example_dags/example_short_circuit_operator.py for tasks to queue
[2024-07-09T16:54:13.694+0000] {logging_mixin.py:188} INFO - [2024-07-09T16:54:13.694+0000] {dagbag.py:545} INFO - Filling up the DagBag from /home/airflow/.local/lib/python3.12/site-packages/airflow/example_dags/example_short_circuit_operator.py
[2024-07-09T16:54:13.699+0000] {processor.py:840} INFO - DAG(s) 'example_short_circuit_operator' retrieved from /home/airflow/.local/lib/python3.12/site-packages/airflow/example_dags/example_short_circuit_operator.py
[2024-07-09T16:54:13.718+0000] {logging_mixin.py:188} INFO - [2024-07-09T16:54:13.718+0000] {dag.py:3096} INFO - Sync 1 DAGs
[2024-07-09T16:54:13.735+0000] {logging_mixin.py:188} INFO - [2024-07-09T16:54:13.735+0000] {dag.py:3954} INFO - Setting next_dagrun for example_short_circuit_operator to 2024-07-08 00:00:00+00:00, run_after=2024-07-09 00:00:00+00:00
[2024-07-09T16:54:13.751+0000] {processor.py:183} INFO - Processing /home/airflow/.local/lib/python3.12/site-packages/airflow/example_dags/example_short_circuit_operator.py took 0.063 seconds
[2024-07-09T16:54:44.067+0000] {processor.py:161} INFO - Started process (PID=5828) to work on /home/airflow/.local/lib/python3.12/site-packages/airflow/example_dags/example_short_circuit_operator.py
[2024-07-09T16:54:44.068+0000] {processor.py:830} INFO - Processing file /home/airflow/.local/lib/python3.12/site-packages/airflow/example_dags/example_short_circuit_operator.py for tasks to queue
[2024-07-09T16:54:44.069+0000] {logging_mixin.py:188} INFO - [2024-07-09T16:54:44.069+0000] {dagbag.py:545} INFO - Filling up the DagBag from /home/airflow/.local/lib/python3.12/site-packages/airflow/example_dags/example_short_circuit_operator.py
[2024-07-09T16:54:44.074+0000] {processor.py:840} INFO - DAG(s) 'example_short_circuit_operator' retrieved from /home/airflow/.local/lib/python3.12/site-packages/airflow/example_dags/example_short_circuit_operator.py
[2024-07-09T16:54:44.093+0000] {logging_mixin.py:188} INFO - [2024-07-09T16:54:44.093+0000] {dag.py:3096} INFO - Sync 1 DAGs
[2024-07-09T16:54:44.109+0000] {logging_mixin.py:188} INFO - [2024-07-09T16:54:44.109+0000] {dag.py:3954} INFO - Setting next_dagrun for example_short_circuit_operator to 2024-07-08 00:00:00+00:00, run_after=2024-07-09 00:00:00+00:00
[2024-07-09T16:54:44.122+0000] {processor.py:183} INFO - Processing /home/airflow/.local/lib/python3.12/site-packages/airflow/example_dags/example_short_circuit_operator.py took 0.059 seconds
[2024-07-09T16:55:14.427+0000] {processor.py:161} INFO - Started process (PID=6089) to work on /home/airflow/.local/lib/python3.12/site-packages/airflow/example_dags/example_short_circuit_operator.py
[2024-07-09T16:55:14.427+0000] {processor.py:830} INFO - Processing file /home/airflow/.local/lib/python3.12/site-packages/airflow/example_dags/example_short_circuit_operator.py for tasks to queue
[2024-07-09T16:55:14.428+0000] {logging_mixin.py:188} INFO - [2024-07-09T16:55:14.428+0000] {dagbag.py:545} INFO - Filling up the DagBag from /home/airflow/.local/lib/python3.12/site-packages/airflow/example_dags/example_short_circuit_operator.py
[2024-07-09T16:55:14.433+0000] {processor.py:840} INFO - DAG(s) 'example_short_circuit_operator' retrieved from /home/airflow/.local/lib/python3.12/site-packages/airflow/example_dags/example_short_circuit_operator.py
[2024-07-09T16:55:14.451+0000] {logging_mixin.py:188} INFO - [2024-07-09T16:55:14.451+0000] {dag.py:3096} INFO - Sync 1 DAGs
[2024-07-09T16:55:14.467+0000] {logging_mixin.py:188} INFO - [2024-07-09T16:55:14.467+0000] {dag.py:3954} INFO - Setting next_dagrun for example_short_circuit_operator to 2024-07-08 00:00:00+00:00, run_after=2024-07-09 00:00:00+00:00
[2024-07-09T16:55:14.479+0000] {processor.py:183} INFO - Processing /home/airflow/.local/lib/python3.12/site-packages/airflow/example_dags/example_short_circuit_operator.py took 0.057 seconds
