[2024-07-09T16:44:04.361+0000] {processor.py:161} INFO - Started process (PID=207) to work on /home/airflow/.local/lib/python3.12/site-packages/airflow/example_dags/example_task_group.py
[2024-07-09T16:44:04.362+0000] {processor.py:830} INFO - Processing file /home/airflow/.local/lib/python3.12/site-packages/airflow/example_dags/example_task_group.py for tasks to queue
[2024-07-09T16:44:04.363+0000] {logging_mixin.py:188} INFO - [2024-07-09T16:44:04.363+0000] {dagbag.py:545} INFO - Filling up the DagBag from /home/airflow/.local/lib/python3.12/site-packages/airflow/example_dags/example_task_group.py
[2024-07-09T16:44:04.368+0000] {processor.py:840} INFO - DAG(s) 'example_task_group' retrieved from /home/airflow/.local/lib/python3.12/site-packages/airflow/example_dags/example_task_group.py
[2024-07-09T16:44:04.451+0000] {logging_mixin.py:188} INFO - [2024-07-09T16:44:04.451+0000] {override.py:1829} INFO - Created Permission View: can delete on DAG:example_task_group
[2024-07-09T16:44:04.458+0000] {logging_mixin.py:188} INFO - [2024-07-09T16:44:04.458+0000] {override.py:1829} INFO - Created Permission View: can edit on DAG:example_task_group
[2024-07-09T16:44:04.462+0000] {logging_mixin.py:188} INFO - [2024-07-09T16:44:04.462+0000] {override.py:1829} INFO - Created Permission View: can read on DAG:example_task_group
[2024-07-09T16:44:04.462+0000] {logging_mixin.py:188} INFO - [2024-07-09T16:44:04.462+0000] {dag.py:3096} INFO - Sync 1 DAGs
[2024-07-09T16:44:04.471+0000] {logging_mixin.py:188} INFO - [2024-07-09T16:44:04.471+0000] {dag.py:3118} INFO - Creating ORM DAG for example_task_group
[2024-07-09T16:44:04.479+0000] {logging_mixin.py:188} INFO - [2024-07-09T16:44:04.479+0000] {dag.py:3954} INFO - Setting next_dagrun for example_task_group to 2024-07-08 00:00:00+00:00, run_after=2024-07-09 00:00:00+00:00
[2024-07-09T16:44:04.491+0000] {processor.py:183} INFO - Processing /home/airflow/.local/lib/python3.12/site-packages/airflow/example_dags/example_task_group.py took 0.134 seconds
[2024-07-09T16:44:35.297+0000] {processor.py:161} INFO - Started process (PID=468) to work on /home/airflow/.local/lib/python3.12/site-packages/airflow/example_dags/example_task_group.py
[2024-07-09T16:44:35.297+0000] {processor.py:830} INFO - Processing file /home/airflow/.local/lib/python3.12/site-packages/airflow/example_dags/example_task_group.py for tasks to queue
[2024-07-09T16:44:35.298+0000] {logging_mixin.py:188} INFO - [2024-07-09T16:44:35.298+0000] {dagbag.py:545} INFO - Filling up the DagBag from /home/airflow/.local/lib/python3.12/site-packages/airflow/example_dags/example_task_group.py
[2024-07-09T16:44:35.303+0000] {processor.py:840} INFO - DAG(s) 'example_task_group' retrieved from /home/airflow/.local/lib/python3.12/site-packages/airflow/example_dags/example_task_group.py
[2024-07-09T16:44:35.319+0000] {logging_mixin.py:188} INFO - [2024-07-09T16:44:35.319+0000] {dag.py:3096} INFO - Sync 1 DAGs
[2024-07-09T16:44:35.334+0000] {logging_mixin.py:188} INFO - [2024-07-09T16:44:35.334+0000] {dag.py:3954} INFO - Setting next_dagrun for example_task_group to 2024-07-08 00:00:00+00:00, run_after=2024-07-09 00:00:00+00:00
[2024-07-09T16:44:35.346+0000] {processor.py:183} INFO - Processing /home/airflow/.local/lib/python3.12/site-packages/airflow/example_dags/example_task_group.py took 0.053 seconds
[2024-07-09T16:45:05.613+0000] {processor.py:161} INFO - Started process (PID=729) to work on /home/airflow/.local/lib/python3.12/site-packages/airflow/example_dags/example_task_group.py
[2024-07-09T16:45:05.613+0000] {processor.py:830} INFO - Processing file /home/airflow/.local/lib/python3.12/site-packages/airflow/example_dags/example_task_group.py for tasks to queue
[2024-07-09T16:45:05.614+0000] {logging_mixin.py:188} INFO - [2024-07-09T16:45:05.614+0000] {dagbag.py:545} INFO - Filling up the DagBag from /home/airflow/.local/lib/python3.12/site-packages/airflow/example_dags/example_task_group.py
[2024-07-09T16:45:05.619+0000] {processor.py:840} INFO - DAG(s) 'example_task_group' retrieved from /home/airflow/.local/lib/python3.12/site-packages/airflow/example_dags/example_task_group.py
[2024-07-09T16:45:05.635+0000] {logging_mixin.py:188} INFO - [2024-07-09T16:45:05.635+0000] {dag.py:3096} INFO - Sync 1 DAGs
[2024-07-09T16:45:05.650+0000] {logging_mixin.py:188} INFO - [2024-07-09T16:45:05.649+0000] {dag.py:3954} INFO - Setting next_dagrun for example_task_group to 2024-07-08 00:00:00+00:00, run_after=2024-07-09 00:00:00+00:00
[2024-07-09T16:45:05.662+0000] {processor.py:183} INFO - Processing /home/airflow/.local/lib/python3.12/site-packages/airflow/example_dags/example_task_group.py took 0.053 seconds
[2024-07-09T16:45:35.868+0000] {processor.py:161} INFO - Started process (PID=990) to work on /home/airflow/.local/lib/python3.12/site-packages/airflow/example_dags/example_task_group.py
[2024-07-09T16:45:35.868+0000] {processor.py:830} INFO - Processing file /home/airflow/.local/lib/python3.12/site-packages/airflow/example_dags/example_task_group.py for tasks to queue
[2024-07-09T16:45:35.870+0000] {logging_mixin.py:188} INFO - [2024-07-09T16:45:35.869+0000] {dagbag.py:545} INFO - Filling up the DagBag from /home/airflow/.local/lib/python3.12/site-packages/airflow/example_dags/example_task_group.py
[2024-07-09T16:45:35.874+0000] {processor.py:840} INFO - DAG(s) 'example_task_group' retrieved from /home/airflow/.local/lib/python3.12/site-packages/airflow/example_dags/example_task_group.py
[2024-07-09T16:45:35.896+0000] {logging_mixin.py:188} INFO - [2024-07-09T16:45:35.896+0000] {dag.py:3096} INFO - Sync 1 DAGs
[2024-07-09T16:45:35.913+0000] {logging_mixin.py:188} INFO - [2024-07-09T16:45:35.913+0000] {dag.py:3954} INFO - Setting next_dagrun for example_task_group to 2024-07-08 00:00:00+00:00, run_after=2024-07-09 00:00:00+00:00
[2024-07-09T16:45:35.927+0000] {processor.py:183} INFO - Processing /home/airflow/.local/lib/python3.12/site-packages/airflow/example_dags/example_task_group.py took 0.064 seconds
[2024-07-09T16:46:06.273+0000] {processor.py:161} INFO - Started process (PID=1251) to work on /home/airflow/.local/lib/python3.12/site-packages/airflow/example_dags/example_task_group.py
[2024-07-09T16:46:06.274+0000] {processor.py:830} INFO - Processing file /home/airflow/.local/lib/python3.12/site-packages/airflow/example_dags/example_task_group.py for tasks to queue
[2024-07-09T16:46:06.276+0000] {logging_mixin.py:188} INFO - [2024-07-09T16:46:06.275+0000] {dagbag.py:545} INFO - Filling up the DagBag from /home/airflow/.local/lib/python3.12/site-packages/airflow/example_dags/example_task_group.py
[2024-07-09T16:46:06.283+0000] {processor.py:840} INFO - DAG(s) 'example_task_group' retrieved from /home/airflow/.local/lib/python3.12/site-packages/airflow/example_dags/example_task_group.py
[2024-07-09T16:46:06.311+0000] {logging_mixin.py:188} INFO - [2024-07-09T16:46:06.310+0000] {dag.py:3096} INFO - Sync 1 DAGs
[2024-07-09T16:46:06.334+0000] {logging_mixin.py:188} INFO - [2024-07-09T16:46:06.334+0000] {dag.py:3954} INFO - Setting next_dagrun for example_task_group to 2024-07-08 00:00:00+00:00, run_after=2024-07-09 00:00:00+00:00
[2024-07-09T16:46:06.351+0000] {processor.py:183} INFO - Processing /home/airflow/.local/lib/python3.12/site-packages/airflow/example_dags/example_task_group.py took 0.084 seconds
[2024-07-09T16:46:36.799+0000] {processor.py:161} INFO - Started process (PID=1512) to work on /home/airflow/.local/lib/python3.12/site-packages/airflow/example_dags/example_task_group.py
[2024-07-09T16:46:36.800+0000] {processor.py:830} INFO - Processing file /home/airflow/.local/lib/python3.12/site-packages/airflow/example_dags/example_task_group.py for tasks to queue
[2024-07-09T16:46:36.801+0000] {logging_mixin.py:188} INFO - [2024-07-09T16:46:36.800+0000] {dagbag.py:545} INFO - Filling up the DagBag from /home/airflow/.local/lib/python3.12/site-packages/airflow/example_dags/example_task_group.py
[2024-07-09T16:46:36.806+0000] {processor.py:840} INFO - DAG(s) 'example_task_group' retrieved from /home/airflow/.local/lib/python3.12/site-packages/airflow/example_dags/example_task_group.py
[2024-07-09T16:46:36.828+0000] {logging_mixin.py:188} INFO - [2024-07-09T16:46:36.828+0000] {dag.py:3096} INFO - Sync 1 DAGs
[2024-07-09T16:46:36.848+0000] {logging_mixin.py:188} INFO - [2024-07-09T16:46:36.848+0000] {dag.py:3954} INFO - Setting next_dagrun for example_task_group to 2024-07-08 00:00:00+00:00, run_after=2024-07-09 00:00:00+00:00
[2024-07-09T16:46:36.863+0000] {processor.py:183} INFO - Processing /home/airflow/.local/lib/python3.12/site-packages/airflow/example_dags/example_task_group.py took 0.068 seconds
[2024-07-09T16:47:07.104+0000] {processor.py:161} INFO - Started process (PID=1773) to work on /home/airflow/.local/lib/python3.12/site-packages/airflow/example_dags/example_task_group.py
[2024-07-09T16:47:07.104+0000] {processor.py:830} INFO - Processing file /home/airflow/.local/lib/python3.12/site-packages/airflow/example_dags/example_task_group.py for tasks to queue
[2024-07-09T16:47:07.106+0000] {logging_mixin.py:188} INFO - [2024-07-09T16:47:07.106+0000] {dagbag.py:545} INFO - Filling up the DagBag from /home/airflow/.local/lib/python3.12/site-packages/airflow/example_dags/example_task_group.py
[2024-07-09T16:47:07.111+0000] {processor.py:840} INFO - DAG(s) 'example_task_group' retrieved from /home/airflow/.local/lib/python3.12/site-packages/airflow/example_dags/example_task_group.py
[2024-07-09T16:47:07.130+0000] {logging_mixin.py:188} INFO - [2024-07-09T16:47:07.129+0000] {dag.py:3096} INFO - Sync 1 DAGs
[2024-07-09T16:47:07.146+0000] {logging_mixin.py:188} INFO - [2024-07-09T16:47:07.146+0000] {dag.py:3954} INFO - Setting next_dagrun for example_task_group to 2024-07-08 00:00:00+00:00, run_after=2024-07-09 00:00:00+00:00
[2024-07-09T16:47:07.162+0000] {processor.py:183} INFO - Processing /home/airflow/.local/lib/python3.12/site-packages/airflow/example_dags/example_task_group.py took 0.064 seconds
[2024-07-09T16:47:37.341+0000] {processor.py:161} INFO - Started process (PID=2034) to work on /home/airflow/.local/lib/python3.12/site-packages/airflow/example_dags/example_task_group.py
[2024-07-09T16:47:37.341+0000] {processor.py:830} INFO - Processing file /home/airflow/.local/lib/python3.12/site-packages/airflow/example_dags/example_task_group.py for tasks to queue
[2024-07-09T16:47:37.343+0000] {logging_mixin.py:188} INFO - [2024-07-09T16:47:37.342+0000] {dagbag.py:545} INFO - Filling up the DagBag from /home/airflow/.local/lib/python3.12/site-packages/airflow/example_dags/example_task_group.py
[2024-07-09T16:47:37.349+0000] {processor.py:840} INFO - DAG(s) 'example_task_group' retrieved from /home/airflow/.local/lib/python3.12/site-packages/airflow/example_dags/example_task_group.py
[2024-07-09T16:47:37.366+0000] {logging_mixin.py:188} INFO - [2024-07-09T16:47:37.366+0000] {dag.py:3096} INFO - Sync 1 DAGs
[2024-07-09T16:47:37.382+0000] {logging_mixin.py:188} INFO - [2024-07-09T16:47:37.382+0000] {dag.py:3954} INFO - Setting next_dagrun for example_task_group to 2024-07-08 00:00:00+00:00, run_after=2024-07-09 00:00:00+00:00
[2024-07-09T16:47:37.396+0000] {processor.py:183} INFO - Processing /home/airflow/.local/lib/python3.12/site-packages/airflow/example_dags/example_task_group.py took 0.061 seconds
[2024-07-09T16:48:07.496+0000] {processor.py:161} INFO - Started process (PID=2295) to work on /home/airflow/.local/lib/python3.12/site-packages/airflow/example_dags/example_task_group.py
[2024-07-09T16:48:07.497+0000] {processor.py:830} INFO - Processing file /home/airflow/.local/lib/python3.12/site-packages/airflow/example_dags/example_task_group.py for tasks to queue
[2024-07-09T16:48:07.498+0000] {logging_mixin.py:188} INFO - [2024-07-09T16:48:07.498+0000] {dagbag.py:545} INFO - Filling up the DagBag from /home/airflow/.local/lib/python3.12/site-packages/airflow/example_dags/example_task_group.py
[2024-07-09T16:48:07.502+0000] {processor.py:840} INFO - DAG(s) 'example_task_group' retrieved from /home/airflow/.local/lib/python3.12/site-packages/airflow/example_dags/example_task_group.py
[2024-07-09T16:48:07.519+0000] {logging_mixin.py:188} INFO - [2024-07-09T16:48:07.519+0000] {dag.py:3096} INFO - Sync 1 DAGs
[2024-07-09T16:48:07.534+0000] {logging_mixin.py:188} INFO - [2024-07-09T16:48:07.534+0000] {dag.py:3954} INFO - Setting next_dagrun for example_task_group to 2024-07-08 00:00:00+00:00, run_after=2024-07-09 00:00:00+00:00
[2024-07-09T16:48:07.547+0000] {processor.py:183} INFO - Processing /home/airflow/.local/lib/python3.12/site-packages/airflow/example_dags/example_task_group.py took 0.054 seconds
[2024-07-09T16:48:37.806+0000] {processor.py:161} INFO - Started process (PID=2556) to work on /home/airflow/.local/lib/python3.12/site-packages/airflow/example_dags/example_task_group.py
[2024-07-09T16:48:37.807+0000] {processor.py:830} INFO - Processing file /home/airflow/.local/lib/python3.12/site-packages/airflow/example_dags/example_task_group.py for tasks to queue
[2024-07-09T16:48:37.808+0000] {logging_mixin.py:188} INFO - [2024-07-09T16:48:37.808+0000] {dagbag.py:545} INFO - Filling up the DagBag from /home/airflow/.local/lib/python3.12/site-packages/airflow/example_dags/example_task_group.py
[2024-07-09T16:48:37.813+0000] {processor.py:840} INFO - DAG(s) 'example_task_group' retrieved from /home/airflow/.local/lib/python3.12/site-packages/airflow/example_dags/example_task_group.py
[2024-07-09T16:48:37.830+0000] {logging_mixin.py:188} INFO - [2024-07-09T16:48:37.829+0000] {dag.py:3096} INFO - Sync 1 DAGs
[2024-07-09T16:48:37.846+0000] {logging_mixin.py:188} INFO - [2024-07-09T16:48:37.846+0000] {dag.py:3954} INFO - Setting next_dagrun for example_task_group to 2024-07-08 00:00:00+00:00, run_after=2024-07-09 00:00:00+00:00
[2024-07-09T16:48:37.860+0000] {processor.py:183} INFO - Processing /home/airflow/.local/lib/python3.12/site-packages/airflow/example_dags/example_task_group.py took 0.057 seconds
[2024-07-09T16:49:08.273+0000] {processor.py:161} INFO - Started process (PID=2817) to work on /home/airflow/.local/lib/python3.12/site-packages/airflow/example_dags/example_task_group.py
[2024-07-09T16:49:08.273+0000] {processor.py:830} INFO - Processing file /home/airflow/.local/lib/python3.12/site-packages/airflow/example_dags/example_task_group.py for tasks to queue
[2024-07-09T16:49:08.274+0000] {logging_mixin.py:188} INFO - [2024-07-09T16:49:08.274+0000] {dagbag.py:545} INFO - Filling up the DagBag from /home/airflow/.local/lib/python3.12/site-packages/airflow/example_dags/example_task_group.py
[2024-07-09T16:49:08.279+0000] {processor.py:840} INFO - DAG(s) 'example_task_group' retrieved from /home/airflow/.local/lib/python3.12/site-packages/airflow/example_dags/example_task_group.py
[2024-07-09T16:49:08.296+0000] {logging_mixin.py:188} INFO - [2024-07-09T16:49:08.296+0000] {dag.py:3096} INFO - Sync 1 DAGs
[2024-07-09T16:49:08.312+0000] {logging_mixin.py:188} INFO - [2024-07-09T16:49:08.312+0000] {dag.py:3954} INFO - Setting next_dagrun for example_task_group to 2024-07-08 00:00:00+00:00, run_after=2024-07-09 00:00:00+00:00
[2024-07-09T16:49:08.325+0000] {processor.py:183} INFO - Processing /home/airflow/.local/lib/python3.12/site-packages/airflow/example_dags/example_task_group.py took 0.055 seconds
[2024-07-09T16:49:38.481+0000] {processor.py:161} INFO - Started process (PID=3078) to work on /home/airflow/.local/lib/python3.12/site-packages/airflow/example_dags/example_task_group.py
[2024-07-09T16:49:38.482+0000] {processor.py:830} INFO - Processing file /home/airflow/.local/lib/python3.12/site-packages/airflow/example_dags/example_task_group.py for tasks to queue
[2024-07-09T16:49:38.483+0000] {logging_mixin.py:188} INFO - [2024-07-09T16:49:38.482+0000] {dagbag.py:545} INFO - Filling up the DagBag from /home/airflow/.local/lib/python3.12/site-packages/airflow/example_dags/example_task_group.py
[2024-07-09T16:49:38.487+0000] {processor.py:840} INFO - DAG(s) 'example_task_group' retrieved from /home/airflow/.local/lib/python3.12/site-packages/airflow/example_dags/example_task_group.py
[2024-07-09T16:49:38.504+0000] {logging_mixin.py:188} INFO - [2024-07-09T16:49:38.504+0000] {dag.py:3096} INFO - Sync 1 DAGs
[2024-07-09T16:49:38.519+0000] {logging_mixin.py:188} INFO - [2024-07-09T16:49:38.519+0000] {dag.py:3954} INFO - Setting next_dagrun for example_task_group to 2024-07-08 00:00:00+00:00, run_after=2024-07-09 00:00:00+00:00
[2024-07-09T16:49:38.532+0000] {processor.py:183} INFO - Processing /home/airflow/.local/lib/python3.12/site-packages/airflow/example_dags/example_task_group.py took 0.055 seconds
[2024-07-09T16:50:08.750+0000] {processor.py:161} INFO - Started process (PID=3339) to work on /home/airflow/.local/lib/python3.12/site-packages/airflow/example_dags/example_task_group.py
[2024-07-09T16:50:08.751+0000] {processor.py:830} INFO - Processing file /home/airflow/.local/lib/python3.12/site-packages/airflow/example_dags/example_task_group.py for tasks to queue
[2024-07-09T16:50:08.752+0000] {logging_mixin.py:188} INFO - [2024-07-09T16:50:08.752+0000] {dagbag.py:545} INFO - Filling up the DagBag from /home/airflow/.local/lib/python3.12/site-packages/airflow/example_dags/example_task_group.py
[2024-07-09T16:50:08.757+0000] {processor.py:840} INFO - DAG(s) 'example_task_group' retrieved from /home/airflow/.local/lib/python3.12/site-packages/airflow/example_dags/example_task_group.py
[2024-07-09T16:50:08.776+0000] {logging_mixin.py:188} INFO - [2024-07-09T16:50:08.775+0000] {dag.py:3096} INFO - Sync 1 DAGs
[2024-07-09T16:50:08.802+0000] {logging_mixin.py:188} INFO - [2024-07-09T16:50:08.802+0000] {dag.py:3954} INFO - Setting next_dagrun for example_task_group to 2024-07-08 00:00:00+00:00, run_after=2024-07-09 00:00:00+00:00
[2024-07-09T16:50:08.827+0000] {processor.py:183} INFO - Processing /home/airflow/.local/lib/python3.12/site-packages/airflow/example_dags/example_task_group.py took 0.080 seconds
[2024-07-09T16:50:39.094+0000] {processor.py:161} INFO - Started process (PID=3600) to work on /home/airflow/.local/lib/python3.12/site-packages/airflow/example_dags/example_task_group.py
[2024-07-09T16:50:39.094+0000] {processor.py:830} INFO - Processing file /home/airflow/.local/lib/python3.12/site-packages/airflow/example_dags/example_task_group.py for tasks to queue
[2024-07-09T16:50:39.096+0000] {logging_mixin.py:188} INFO - [2024-07-09T16:50:39.095+0000] {dagbag.py:545} INFO - Filling up the DagBag from /home/airflow/.local/lib/python3.12/site-packages/airflow/example_dags/example_task_group.py
[2024-07-09T16:50:39.100+0000] {processor.py:840} INFO - DAG(s) 'example_task_group' retrieved from /home/airflow/.local/lib/python3.12/site-packages/airflow/example_dags/example_task_group.py
[2024-07-09T16:50:39.118+0000] {logging_mixin.py:188} INFO - [2024-07-09T16:50:39.118+0000] {dag.py:3096} INFO - Sync 1 DAGs
[2024-07-09T16:50:39.135+0000] {logging_mixin.py:188} INFO - [2024-07-09T16:50:39.134+0000] {dag.py:3954} INFO - Setting next_dagrun for example_task_group to 2024-07-08 00:00:00+00:00, run_after=2024-07-09 00:00:00+00:00
[2024-07-09T16:50:39.149+0000] {processor.py:183} INFO - Processing /home/airflow/.local/lib/python3.12/site-packages/airflow/example_dags/example_task_group.py took 0.059 seconds
[2024-07-09T16:51:09.410+0000] {processor.py:161} INFO - Started process (PID=3861) to work on /home/airflow/.local/lib/python3.12/site-packages/airflow/example_dags/example_task_group.py
[2024-07-09T16:51:09.411+0000] {processor.py:830} INFO - Processing file /home/airflow/.local/lib/python3.12/site-packages/airflow/example_dags/example_task_group.py for tasks to queue
[2024-07-09T16:51:09.412+0000] {logging_mixin.py:188} INFO - [2024-07-09T16:51:09.411+0000] {dagbag.py:545} INFO - Filling up the DagBag from /home/airflow/.local/lib/python3.12/site-packages/airflow/example_dags/example_task_group.py
[2024-07-09T16:51:09.416+0000] {processor.py:840} INFO - DAG(s) 'example_task_group' retrieved from /home/airflow/.local/lib/python3.12/site-packages/airflow/example_dags/example_task_group.py
[2024-07-09T16:51:09.433+0000] {logging_mixin.py:188} INFO - [2024-07-09T16:51:09.433+0000] {dag.py:3096} INFO - Sync 1 DAGs
[2024-07-09T16:51:09.449+0000] {logging_mixin.py:188} INFO - [2024-07-09T16:51:09.449+0000] {dag.py:3954} INFO - Setting next_dagrun for example_task_group to 2024-07-08 00:00:00+00:00, run_after=2024-07-09 00:00:00+00:00
[2024-07-09T16:51:09.462+0000] {processor.py:183} INFO - Processing /home/airflow/.local/lib/python3.12/site-packages/airflow/example_dags/example_task_group.py took 0.056 seconds
[2024-07-09T16:51:39.582+0000] {processor.py:161} INFO - Started process (PID=4122) to work on /home/airflow/.local/lib/python3.12/site-packages/airflow/example_dags/example_task_group.py
[2024-07-09T16:51:39.582+0000] {processor.py:830} INFO - Processing file /home/airflow/.local/lib/python3.12/site-packages/airflow/example_dags/example_task_group.py for tasks to queue
[2024-07-09T16:51:39.583+0000] {logging_mixin.py:188} INFO - [2024-07-09T16:51:39.583+0000] {dagbag.py:545} INFO - Filling up the DagBag from /home/airflow/.local/lib/python3.12/site-packages/airflow/example_dags/example_task_group.py
[2024-07-09T16:51:39.588+0000] {processor.py:840} INFO - DAG(s) 'example_task_group' retrieved from /home/airflow/.local/lib/python3.12/site-packages/airflow/example_dags/example_task_group.py
[2024-07-09T16:51:39.606+0000] {logging_mixin.py:188} INFO - [2024-07-09T16:51:39.605+0000] {dag.py:3096} INFO - Sync 1 DAGs
[2024-07-09T16:51:39.621+0000] {logging_mixin.py:188} INFO - [2024-07-09T16:51:39.621+0000] {dag.py:3954} INFO - Setting next_dagrun for example_task_group to 2024-07-08 00:00:00+00:00, run_after=2024-07-09 00:00:00+00:00
[2024-07-09T16:51:39.634+0000] {processor.py:183} INFO - Processing /home/airflow/.local/lib/python3.12/site-packages/airflow/example_dags/example_task_group.py took 0.056 seconds
[2024-07-09T16:52:10.097+0000] {processor.py:161} INFO - Started process (PID=4383) to work on /home/airflow/.local/lib/python3.12/site-packages/airflow/example_dags/example_task_group.py
[2024-07-09T16:52:10.098+0000] {processor.py:830} INFO - Processing file /home/airflow/.local/lib/python3.12/site-packages/airflow/example_dags/example_task_group.py for tasks to queue
[2024-07-09T16:52:10.099+0000] {logging_mixin.py:188} INFO - [2024-07-09T16:52:10.099+0000] {dagbag.py:545} INFO - Filling up the DagBag from /home/airflow/.local/lib/python3.12/site-packages/airflow/example_dags/example_task_group.py
[2024-07-09T16:52:10.104+0000] {processor.py:840} INFO - DAG(s) 'example_task_group' retrieved from /home/airflow/.local/lib/python3.12/site-packages/airflow/example_dags/example_task_group.py
[2024-07-09T16:52:10.121+0000] {logging_mixin.py:188} INFO - [2024-07-09T16:52:10.121+0000] {dag.py:3096} INFO - Sync 1 DAGs
[2024-07-09T16:52:10.137+0000] {logging_mixin.py:188} INFO - [2024-07-09T16:52:10.137+0000] {dag.py:3954} INFO - Setting next_dagrun for example_task_group to 2024-07-08 00:00:00+00:00, run_after=2024-07-09 00:00:00+00:00
[2024-07-09T16:52:10.151+0000] {processor.py:183} INFO - Processing /home/airflow/.local/lib/python3.12/site-packages/airflow/example_dags/example_task_group.py took 0.059 seconds
[2024-07-09T16:52:40.302+0000] {processor.py:161} INFO - Started process (PID=4644) to work on /home/airflow/.local/lib/python3.12/site-packages/airflow/example_dags/example_task_group.py
[2024-07-09T16:52:40.302+0000] {processor.py:830} INFO - Processing file /home/airflow/.local/lib/python3.12/site-packages/airflow/example_dags/example_task_group.py for tasks to queue
[2024-07-09T16:52:40.304+0000] {logging_mixin.py:188} INFO - [2024-07-09T16:52:40.303+0000] {dagbag.py:545} INFO - Filling up the DagBag from /home/airflow/.local/lib/python3.12/site-packages/airflow/example_dags/example_task_group.py
[2024-07-09T16:52:40.309+0000] {processor.py:840} INFO - DAG(s) 'example_task_group' retrieved from /home/airflow/.local/lib/python3.12/site-packages/airflow/example_dags/example_task_group.py
[2024-07-09T16:52:40.328+0000] {logging_mixin.py:188} INFO - [2024-07-09T16:52:40.328+0000] {dag.py:3096} INFO - Sync 1 DAGs
[2024-07-09T16:52:40.346+0000] {logging_mixin.py:188} INFO - [2024-07-09T16:52:40.346+0000] {dag.py:3954} INFO - Setting next_dagrun for example_task_group to 2024-07-08 00:00:00+00:00, run_after=2024-07-09 00:00:00+00:00
[2024-07-09T16:52:40.362+0000] {processor.py:183} INFO - Processing /home/airflow/.local/lib/python3.12/site-packages/airflow/example_dags/example_task_group.py took 0.064 seconds
[2024-07-09T16:53:10.532+0000] {processor.py:161} INFO - Started process (PID=4905) to work on /home/airflow/.local/lib/python3.12/site-packages/airflow/example_dags/example_task_group.py
[2024-07-09T16:53:10.533+0000] {processor.py:830} INFO - Processing file /home/airflow/.local/lib/python3.12/site-packages/airflow/example_dags/example_task_group.py for tasks to queue
[2024-07-09T16:53:10.534+0000] {logging_mixin.py:188} INFO - [2024-07-09T16:53:10.534+0000] {dagbag.py:545} INFO - Filling up the DagBag from /home/airflow/.local/lib/python3.12/site-packages/airflow/example_dags/example_task_group.py
[2024-07-09T16:53:10.539+0000] {processor.py:840} INFO - DAG(s) 'example_task_group' retrieved from /home/airflow/.local/lib/python3.12/site-packages/airflow/example_dags/example_task_group.py
[2024-07-09T16:53:10.557+0000] {logging_mixin.py:188} INFO - [2024-07-09T16:53:10.557+0000] {dag.py:3096} INFO - Sync 1 DAGs
[2024-07-09T16:53:10.575+0000] {logging_mixin.py:188} INFO - [2024-07-09T16:53:10.575+0000] {dag.py:3954} INFO - Setting next_dagrun for example_task_group to 2024-07-08 00:00:00+00:00, run_after=2024-07-09 00:00:00+00:00
[2024-07-09T16:53:10.589+0000] {processor.py:183} INFO - Processing /home/airflow/.local/lib/python3.12/site-packages/airflow/example_dags/example_task_group.py took 0.061 seconds
[2024-07-09T16:53:41.005+0000] {processor.py:161} INFO - Started process (PID=5166) to work on /home/airflow/.local/lib/python3.12/site-packages/airflow/example_dags/example_task_group.py
[2024-07-09T16:53:41.005+0000] {processor.py:830} INFO - Processing file /home/airflow/.local/lib/python3.12/site-packages/airflow/example_dags/example_task_group.py for tasks to queue
[2024-07-09T16:53:41.006+0000] {logging_mixin.py:188} INFO - [2024-07-09T16:53:41.006+0000] {dagbag.py:545} INFO - Filling up the DagBag from /home/airflow/.local/lib/python3.12/site-packages/airflow/example_dags/example_task_group.py
[2024-07-09T16:53:41.011+0000] {processor.py:840} INFO - DAG(s) 'example_task_group' retrieved from /home/airflow/.local/lib/python3.12/site-packages/airflow/example_dags/example_task_group.py
[2024-07-09T16:53:41.032+0000] {logging_mixin.py:188} INFO - [2024-07-09T16:53:41.031+0000] {dag.py:3096} INFO - Sync 1 DAGs
[2024-07-09T16:53:41.052+0000] {logging_mixin.py:188} INFO - [2024-07-09T16:53:41.052+0000] {dag.py:3954} INFO - Setting next_dagrun for example_task_group to 2024-07-08 00:00:00+00:00, run_after=2024-07-09 00:00:00+00:00
[2024-07-09T16:53:41.068+0000] {processor.py:183} INFO - Processing /home/airflow/.local/lib/python3.12/site-packages/airflow/example_dags/example_task_group.py took 0.067 seconds
[2024-07-09T16:54:11.349+0000] {processor.py:161} INFO - Started process (PID=5427) to work on /home/airflow/.local/lib/python3.12/site-packages/airflow/example_dags/example_task_group.py
[2024-07-09T16:54:11.350+0000] {processor.py:830} INFO - Processing file /home/airflow/.local/lib/python3.12/site-packages/airflow/example_dags/example_task_group.py for tasks to queue
[2024-07-09T16:54:11.351+0000] {logging_mixin.py:188} INFO - [2024-07-09T16:54:11.350+0000] {dagbag.py:545} INFO - Filling up the DagBag from /home/airflow/.local/lib/python3.12/site-packages/airflow/example_dags/example_task_group.py
[2024-07-09T16:54:11.355+0000] {processor.py:840} INFO - DAG(s) 'example_task_group' retrieved from /home/airflow/.local/lib/python3.12/site-packages/airflow/example_dags/example_task_group.py
[2024-07-09T16:54:11.374+0000] {logging_mixin.py:188} INFO - [2024-07-09T16:54:11.374+0000] {dag.py:3096} INFO - Sync 1 DAGs
[2024-07-09T16:54:11.392+0000] {logging_mixin.py:188} INFO - [2024-07-09T16:54:11.392+0000] {dag.py:3954} INFO - Setting next_dagrun for example_task_group to 2024-07-08 00:00:00+00:00, run_after=2024-07-09 00:00:00+00:00
[2024-07-09T16:54:11.406+0000] {processor.py:183} INFO - Processing /home/airflow/.local/lib/python3.12/site-packages/airflow/example_dags/example_task_group.py took 0.061 seconds
[2024-07-09T16:54:41.784+0000] {processor.py:161} INFO - Started process (PID=5688) to work on /home/airflow/.local/lib/python3.12/site-packages/airflow/example_dags/example_task_group.py
[2024-07-09T16:54:41.784+0000] {processor.py:830} INFO - Processing file /home/airflow/.local/lib/python3.12/site-packages/airflow/example_dags/example_task_group.py for tasks to queue
[2024-07-09T16:54:41.786+0000] {logging_mixin.py:188} INFO - [2024-07-09T16:54:41.786+0000] {dagbag.py:545} INFO - Filling up the DagBag from /home/airflow/.local/lib/python3.12/site-packages/airflow/example_dags/example_task_group.py
[2024-07-09T16:54:41.790+0000] {processor.py:840} INFO - DAG(s) 'example_task_group' retrieved from /home/airflow/.local/lib/python3.12/site-packages/airflow/example_dags/example_task_group.py
[2024-07-09T16:54:41.807+0000] {logging_mixin.py:188} INFO - [2024-07-09T16:54:41.807+0000] {dag.py:3096} INFO - Sync 1 DAGs
[2024-07-09T16:54:41.823+0000] {logging_mixin.py:188} INFO - [2024-07-09T16:54:41.823+0000] {dag.py:3954} INFO - Setting next_dagrun for example_task_group to 2024-07-08 00:00:00+00:00, run_after=2024-07-09 00:00:00+00:00
[2024-07-09T16:54:41.839+0000] {processor.py:183} INFO - Processing /home/airflow/.local/lib/python3.12/site-packages/airflow/example_dags/example_task_group.py took 0.058 seconds
[2024-07-09T16:55:12.066+0000] {processor.py:161} INFO - Started process (PID=5949) to work on /home/airflow/.local/lib/python3.12/site-packages/airflow/example_dags/example_task_group.py
[2024-07-09T16:55:12.067+0000] {processor.py:830} INFO - Processing file /home/airflow/.local/lib/python3.12/site-packages/airflow/example_dags/example_task_group.py for tasks to queue
[2024-07-09T16:55:12.068+0000] {logging_mixin.py:188} INFO - [2024-07-09T16:55:12.068+0000] {dagbag.py:545} INFO - Filling up the DagBag from /home/airflow/.local/lib/python3.12/site-packages/airflow/example_dags/example_task_group.py
[2024-07-09T16:55:12.072+0000] {processor.py:840} INFO - DAG(s) 'example_task_group' retrieved from /home/airflow/.local/lib/python3.12/site-packages/airflow/example_dags/example_task_group.py
[2024-07-09T16:55:12.089+0000] {logging_mixin.py:188} INFO - [2024-07-09T16:55:12.089+0000] {dag.py:3096} INFO - Sync 1 DAGs
[2024-07-09T16:55:12.105+0000] {logging_mixin.py:188} INFO - [2024-07-09T16:55:12.105+0000] {dag.py:3954} INFO - Setting next_dagrun for example_task_group to 2024-07-08 00:00:00+00:00, run_after=2024-07-09 00:00:00+00:00
[2024-07-09T16:55:12.117+0000] {processor.py:183} INFO - Processing /home/airflow/.local/lib/python3.12/site-packages/airflow/example_dags/example_task_group.py took 0.056 seconds
