[2024-07-09T16:44:05.104+0000] {processor.py:161} INFO - Started process (PID=257) to work on /home/airflow/.local/lib/python3.12/site-packages/airflow/example_dags/example_sensor_decorator.py
[2024-07-09T16:44:05.105+0000] {processor.py:830} INFO - Processing file /home/airflow/.local/lib/python3.12/site-packages/airflow/example_dags/example_sensor_decorator.py for tasks to queue
[2024-07-09T16:44:05.106+0000] {logging_mixin.py:188} INFO - [2024-07-09T16:44:05.106+0000] {dagbag.py:545} INFO - Filling up the DagBag from /home/airflow/.local/lib/python3.12/site-packages/airflow/example_dags/example_sensor_decorator.py
[2024-07-09T16:44:05.111+0000] {processor.py:840} INFO - DAG(s) 'example_sensor_decorator' retrieved from /home/airflow/.local/lib/python3.12/site-packages/airflow/example_dags/example_sensor_decorator.py
[2024-07-09T16:44:05.188+0000] {logging_mixin.py:188} INFO - [2024-07-09T16:44:05.187+0000] {override.py:1829} INFO - Created Permission View: can delete on DAG:example_sensor_decorator
[2024-07-09T16:44:05.194+0000] {logging_mixin.py:188} INFO - [2024-07-09T16:44:05.194+0000] {override.py:1829} INFO - Created Permission View: can edit on DAG:example_sensor_decorator
[2024-07-09T16:44:05.199+0000] {logging_mixin.py:188} INFO - [2024-07-09T16:44:05.198+0000] {override.py:1829} INFO - Created Permission View: can read on DAG:example_sensor_decorator
[2024-07-09T16:44:05.199+0000] {logging_mixin.py:188} INFO - [2024-07-09T16:44:05.199+0000] {dag.py:3096} INFO - Sync 1 DAGs
[2024-07-09T16:44:05.207+0000] {logging_mixin.py:188} INFO - [2024-07-09T16:44:05.207+0000] {dag.py:3118} INFO - Creating ORM DAG for example_sensor_decorator
[2024-07-09T16:44:05.207+0000] {logging_mixin.py:188} INFO - [2024-07-09T16:44:05.207+0000] {dag.py:3954} INFO - Setting next_dagrun for example_sensor_decorator to None, run_after=None
[2024-07-09T16:44:05.219+0000] {processor.py:183} INFO - Processing /home/airflow/.local/lib/python3.12/site-packages/airflow/example_dags/example_sensor_decorator.py took 0.120 seconds
[2024-07-09T16:44:35.798+0000] {processor.py:161} INFO - Started process (PID=518) to work on /home/airflow/.local/lib/python3.12/site-packages/airflow/example_dags/example_sensor_decorator.py
[2024-07-09T16:44:35.798+0000] {processor.py:830} INFO - Processing file /home/airflow/.local/lib/python3.12/site-packages/airflow/example_dags/example_sensor_decorator.py for tasks to queue
[2024-07-09T16:44:35.799+0000] {logging_mixin.py:188} INFO - [2024-07-09T16:44:35.799+0000] {dagbag.py:545} INFO - Filling up the DagBag from /home/airflow/.local/lib/python3.12/site-packages/airflow/example_dags/example_sensor_decorator.py
[2024-07-09T16:44:35.803+0000] {processor.py:840} INFO - DAG(s) 'example_sensor_decorator' retrieved from /home/airflow/.local/lib/python3.12/site-packages/airflow/example_dags/example_sensor_decorator.py
[2024-07-09T16:44:35.818+0000] {logging_mixin.py:188} INFO - [2024-07-09T16:44:35.818+0000] {dag.py:3096} INFO - Sync 1 DAGs
[2024-07-09T16:44:35.826+0000] {logging_mixin.py:188} INFO - [2024-07-09T16:44:35.826+0000] {dag.py:3954} INFO - Setting next_dagrun for example_sensor_decorator to None, run_after=None
[2024-07-09T16:44:35.839+0000] {processor.py:183} INFO - Processing /home/airflow/.local/lib/python3.12/site-packages/airflow/example_dags/example_sensor_decorator.py took 0.045 seconds
[2024-07-09T16:45:06.055+0000] {processor.py:161} INFO - Started process (PID=779) to work on /home/airflow/.local/lib/python3.12/site-packages/airflow/example_dags/example_sensor_decorator.py
[2024-07-09T16:45:06.055+0000] {processor.py:830} INFO - Processing file /home/airflow/.local/lib/python3.12/site-packages/airflow/example_dags/example_sensor_decorator.py for tasks to queue
[2024-07-09T16:45:06.056+0000] {logging_mixin.py:188} INFO - [2024-07-09T16:45:06.056+0000] {dagbag.py:545} INFO - Filling up the DagBag from /home/airflow/.local/lib/python3.12/site-packages/airflow/example_dags/example_sensor_decorator.py
[2024-07-09T16:45:06.060+0000] {processor.py:840} INFO - DAG(s) 'example_sensor_decorator' retrieved from /home/airflow/.local/lib/python3.12/site-packages/airflow/example_dags/example_sensor_decorator.py
[2024-07-09T16:45:06.075+0000] {logging_mixin.py:188} INFO - [2024-07-09T16:45:06.075+0000] {dag.py:3096} INFO - Sync 1 DAGs
[2024-07-09T16:45:06.084+0000] {logging_mixin.py:188} INFO - [2024-07-09T16:45:06.084+0000] {dag.py:3954} INFO - Setting next_dagrun for example_sensor_decorator to None, run_after=None
[2024-07-09T16:45:06.096+0000] {processor.py:183} INFO - Processing /home/airflow/.local/lib/python3.12/site-packages/airflow/example_dags/example_sensor_decorator.py took 0.045 seconds
[2024-07-09T16:45:36.424+0000] {processor.py:161} INFO - Started process (PID=1042) to work on /home/airflow/.local/lib/python3.12/site-packages/airflow/example_dags/example_sensor_decorator.py
[2024-07-09T16:45:36.425+0000] {processor.py:830} INFO - Processing file /home/airflow/.local/lib/python3.12/site-packages/airflow/example_dags/example_sensor_decorator.py for tasks to queue
[2024-07-09T16:45:36.426+0000] {logging_mixin.py:188} INFO - [2024-07-09T16:45:36.425+0000] {dagbag.py:545} INFO - Filling up the DagBag from /home/airflow/.local/lib/python3.12/site-packages/airflow/example_dags/example_sensor_decorator.py
[2024-07-09T16:45:36.430+0000] {processor.py:840} INFO - DAG(s) 'example_sensor_decorator' retrieved from /home/airflow/.local/lib/python3.12/site-packages/airflow/example_dags/example_sensor_decorator.py
[2024-07-09T16:45:36.445+0000] {logging_mixin.py:188} INFO - [2024-07-09T16:45:36.445+0000] {dag.py:3096} INFO - Sync 1 DAGs
[2024-07-09T16:45:36.455+0000] {logging_mixin.py:188} INFO - [2024-07-09T16:45:36.455+0000] {dag.py:3954} INFO - Setting next_dagrun for example_sensor_decorator to None, run_after=None
[2024-07-09T16:45:36.469+0000] {processor.py:183} INFO - Processing /home/airflow/.local/lib/python3.12/site-packages/airflow/example_dags/example_sensor_decorator.py took 0.049 seconds
[2024-07-09T16:46:06.873+0000] {processor.py:161} INFO - Started process (PID=1301) to work on /home/airflow/.local/lib/python3.12/site-packages/airflow/example_dags/example_sensor_decorator.py
[2024-07-09T16:46:06.874+0000] {processor.py:830} INFO - Processing file /home/airflow/.local/lib/python3.12/site-packages/airflow/example_dags/example_sensor_decorator.py for tasks to queue
[2024-07-09T16:46:06.875+0000] {logging_mixin.py:188} INFO - [2024-07-09T16:46:06.875+0000] {dagbag.py:545} INFO - Filling up the DagBag from /home/airflow/.local/lib/python3.12/site-packages/airflow/example_dags/example_sensor_decorator.py
[2024-07-09T16:46:06.881+0000] {processor.py:840} INFO - DAG(s) 'example_sensor_decorator' retrieved from /home/airflow/.local/lib/python3.12/site-packages/airflow/example_dags/example_sensor_decorator.py
[2024-07-09T16:46:06.905+0000] {logging_mixin.py:188} INFO - [2024-07-09T16:46:06.905+0000] {dag.py:3096} INFO - Sync 1 DAGs
[2024-07-09T16:46:06.921+0000] {logging_mixin.py:188} INFO - [2024-07-09T16:46:06.921+0000] {dag.py:3954} INFO - Setting next_dagrun for example_sensor_decorator to None, run_after=None
[2024-07-09T16:46:06.946+0000] {processor.py:183} INFO - Processing /home/airflow/.local/lib/python3.12/site-packages/airflow/example_dags/example_sensor_decorator.py took 0.079 seconds
[2024-07-09T16:46:37.219+0000] {processor.py:161} INFO - Started process (PID=1562) to work on /home/airflow/.local/lib/python3.12/site-packages/airflow/example_dags/example_sensor_decorator.py
[2024-07-09T16:46:37.219+0000] {processor.py:830} INFO - Processing file /home/airflow/.local/lib/python3.12/site-packages/airflow/example_dags/example_sensor_decorator.py for tasks to queue
[2024-07-09T16:46:37.220+0000] {logging_mixin.py:188} INFO - [2024-07-09T16:46:37.220+0000] {dagbag.py:545} INFO - Filling up the DagBag from /home/airflow/.local/lib/python3.12/site-packages/airflow/example_dags/example_sensor_decorator.py
[2024-07-09T16:46:37.224+0000] {processor.py:840} INFO - DAG(s) 'example_sensor_decorator' retrieved from /home/airflow/.local/lib/python3.12/site-packages/airflow/example_dags/example_sensor_decorator.py
[2024-07-09T16:46:37.240+0000] {logging_mixin.py:188} INFO - [2024-07-09T16:46:37.240+0000] {dag.py:3096} INFO - Sync 1 DAGs
[2024-07-09T16:46:37.251+0000] {logging_mixin.py:188} INFO - [2024-07-09T16:46:37.250+0000] {dag.py:3954} INFO - Setting next_dagrun for example_sensor_decorator to None, run_after=None
[2024-07-09T16:46:37.264+0000] {processor.py:183} INFO - Processing /home/airflow/.local/lib/python3.12/site-packages/airflow/example_dags/example_sensor_decorator.py took 0.049 seconds
[2024-07-09T16:47:07.646+0000] {processor.py:161} INFO - Started process (PID=1823) to work on /home/airflow/.local/lib/python3.12/site-packages/airflow/example_dags/example_sensor_decorator.py
[2024-07-09T16:47:07.647+0000] {processor.py:830} INFO - Processing file /home/airflow/.local/lib/python3.12/site-packages/airflow/example_dags/example_sensor_decorator.py for tasks to queue
[2024-07-09T16:47:07.648+0000] {logging_mixin.py:188} INFO - [2024-07-09T16:47:07.648+0000] {dagbag.py:545} INFO - Filling up the DagBag from /home/airflow/.local/lib/python3.12/site-packages/airflow/example_dags/example_sensor_decorator.py
[2024-07-09T16:47:07.652+0000] {processor.py:840} INFO - DAG(s) 'example_sensor_decorator' retrieved from /home/airflow/.local/lib/python3.12/site-packages/airflow/example_dags/example_sensor_decorator.py
[2024-07-09T16:47:07.667+0000] {logging_mixin.py:188} INFO - [2024-07-09T16:47:07.667+0000] {dag.py:3096} INFO - Sync 1 DAGs
[2024-07-09T16:47:07.676+0000] {logging_mixin.py:188} INFO - [2024-07-09T16:47:07.676+0000] {dag.py:3954} INFO - Setting next_dagrun for example_sensor_decorator to None, run_after=None
[2024-07-09T16:47:07.689+0000] {processor.py:183} INFO - Processing /home/airflow/.local/lib/python3.12/site-packages/airflow/example_dags/example_sensor_decorator.py took 0.047 seconds
[2024-07-09T16:47:37.783+0000] {processor.py:161} INFO - Started process (PID=2084) to work on /home/airflow/.local/lib/python3.12/site-packages/airflow/example_dags/example_sensor_decorator.py
[2024-07-09T16:47:37.783+0000] {processor.py:830} INFO - Processing file /home/airflow/.local/lib/python3.12/site-packages/airflow/example_dags/example_sensor_decorator.py for tasks to queue
[2024-07-09T16:47:37.784+0000] {logging_mixin.py:188} INFO - [2024-07-09T16:47:37.784+0000] {dagbag.py:545} INFO - Filling up the DagBag from /home/airflow/.local/lib/python3.12/site-packages/airflow/example_dags/example_sensor_decorator.py
[2024-07-09T16:47:37.788+0000] {processor.py:840} INFO - DAG(s) 'example_sensor_decorator' retrieved from /home/airflow/.local/lib/python3.12/site-packages/airflow/example_dags/example_sensor_decorator.py
[2024-07-09T16:47:37.803+0000] {logging_mixin.py:188} INFO - [2024-07-09T16:47:37.803+0000] {dag.py:3096} INFO - Sync 1 DAGs
[2024-07-09T16:47:37.812+0000] {logging_mixin.py:188} INFO - [2024-07-09T16:47:37.811+0000] {dag.py:3954} INFO - Setting next_dagrun for example_sensor_decorator to None, run_after=None
[2024-07-09T16:47:37.826+0000] {processor.py:183} INFO - Processing /home/airflow/.local/lib/python3.12/site-packages/airflow/example_dags/example_sensor_decorator.py took 0.047 seconds
[2024-07-09T16:48:07.929+0000] {processor.py:161} INFO - Started process (PID=2345) to work on /home/airflow/.local/lib/python3.12/site-packages/airflow/example_dags/example_sensor_decorator.py
[2024-07-09T16:48:07.930+0000] {processor.py:830} INFO - Processing file /home/airflow/.local/lib/python3.12/site-packages/airflow/example_dags/example_sensor_decorator.py for tasks to queue
[2024-07-09T16:48:07.931+0000] {logging_mixin.py:188} INFO - [2024-07-09T16:48:07.931+0000] {dagbag.py:545} INFO - Filling up the DagBag from /home/airflow/.local/lib/python3.12/site-packages/airflow/example_dags/example_sensor_decorator.py
[2024-07-09T16:48:07.935+0000] {processor.py:840} INFO - DAG(s) 'example_sensor_decorator' retrieved from /home/airflow/.local/lib/python3.12/site-packages/airflow/example_dags/example_sensor_decorator.py
[2024-07-09T16:48:07.950+0000] {logging_mixin.py:188} INFO - [2024-07-09T16:48:07.950+0000] {dag.py:3096} INFO - Sync 1 DAGs
[2024-07-09T16:48:07.959+0000] {logging_mixin.py:188} INFO - [2024-07-09T16:48:07.959+0000] {dag.py:3954} INFO - Setting next_dagrun for example_sensor_decorator to None, run_after=None
[2024-07-09T16:48:07.973+0000] {processor.py:183} INFO - Processing /home/airflow/.local/lib/python3.12/site-packages/airflow/example_dags/example_sensor_decorator.py took 0.047 seconds
[2024-07-09T16:48:38.347+0000] {processor.py:161} INFO - Started process (PID=2606) to work on /home/airflow/.local/lib/python3.12/site-packages/airflow/example_dags/example_sensor_decorator.py
[2024-07-09T16:48:38.348+0000] {processor.py:830} INFO - Processing file /home/airflow/.local/lib/python3.12/site-packages/airflow/example_dags/example_sensor_decorator.py for tasks to queue
[2024-07-09T16:48:38.349+0000] {logging_mixin.py:188} INFO - [2024-07-09T16:48:38.349+0000] {dagbag.py:545} INFO - Filling up the DagBag from /home/airflow/.local/lib/python3.12/site-packages/airflow/example_dags/example_sensor_decorator.py
[2024-07-09T16:48:38.354+0000] {processor.py:840} INFO - DAG(s) 'example_sensor_decorator' retrieved from /home/airflow/.local/lib/python3.12/site-packages/airflow/example_dags/example_sensor_decorator.py
[2024-07-09T16:48:38.374+0000] {logging_mixin.py:188} INFO - [2024-07-09T16:48:38.374+0000] {dag.py:3096} INFO - Sync 1 DAGs
[2024-07-09T16:48:38.385+0000] {logging_mixin.py:188} INFO - [2024-07-09T16:48:38.384+0000] {dag.py:3954} INFO - Setting next_dagrun for example_sensor_decorator to None, run_after=None
[2024-07-09T16:48:38.399+0000] {processor.py:183} INFO - Processing /home/airflow/.local/lib/python3.12/site-packages/airflow/example_dags/example_sensor_decorator.py took 0.057 seconds
[2024-07-09T16:49:08.781+0000] {processor.py:161} INFO - Started process (PID=2869) to work on /home/airflow/.local/lib/python3.12/site-packages/airflow/example_dags/example_sensor_decorator.py
[2024-07-09T16:49:08.781+0000] {processor.py:830} INFO - Processing file /home/airflow/.local/lib/python3.12/site-packages/airflow/example_dags/example_sensor_decorator.py for tasks to queue
[2024-07-09T16:49:08.782+0000] {logging_mixin.py:188} INFO - [2024-07-09T16:49:08.782+0000] {dagbag.py:545} INFO - Filling up the DagBag from /home/airflow/.local/lib/python3.12/site-packages/airflow/example_dags/example_sensor_decorator.py
[2024-07-09T16:49:08.786+0000] {processor.py:840} INFO - DAG(s) 'example_sensor_decorator' retrieved from /home/airflow/.local/lib/python3.12/site-packages/airflow/example_dags/example_sensor_decorator.py
[2024-07-09T16:49:08.802+0000] {logging_mixin.py:188} INFO - [2024-07-09T16:49:08.801+0000] {dag.py:3096} INFO - Sync 1 DAGs
[2024-07-09T16:49:08.810+0000] {logging_mixin.py:188} INFO - [2024-07-09T16:49:08.810+0000] {dag.py:3954} INFO - Setting next_dagrun for example_sensor_decorator to None, run_after=None
[2024-07-09T16:49:08.823+0000] {processor.py:183} INFO - Processing /home/airflow/.local/lib/python3.12/site-packages/airflow/example_dags/example_sensor_decorator.py took 0.046 seconds
[2024-07-09T16:49:39.007+0000] {processor.py:161} INFO - Started process (PID=3128) to work on /home/airflow/.local/lib/python3.12/site-packages/airflow/example_dags/example_sensor_decorator.py
[2024-07-09T16:49:39.007+0000] {processor.py:830} INFO - Processing file /home/airflow/.local/lib/python3.12/site-packages/airflow/example_dags/example_sensor_decorator.py for tasks to queue
[2024-07-09T16:49:39.008+0000] {logging_mixin.py:188} INFO - [2024-07-09T16:49:39.008+0000] {dagbag.py:545} INFO - Filling up the DagBag from /home/airflow/.local/lib/python3.12/site-packages/airflow/example_dags/example_sensor_decorator.py
[2024-07-09T16:49:39.012+0000] {processor.py:840} INFO - DAG(s) 'example_sensor_decorator' retrieved from /home/airflow/.local/lib/python3.12/site-packages/airflow/example_dags/example_sensor_decorator.py
[2024-07-09T16:49:39.028+0000] {logging_mixin.py:188} INFO - [2024-07-09T16:49:39.027+0000] {dag.py:3096} INFO - Sync 1 DAGs
[2024-07-09T16:49:39.037+0000] {logging_mixin.py:188} INFO - [2024-07-09T16:49:39.036+0000] {dag.py:3954} INFO - Setting next_dagrun for example_sensor_decorator to None, run_after=None
[2024-07-09T16:49:39.049+0000] {processor.py:183} INFO - Processing /home/airflow/.local/lib/python3.12/site-packages/airflow/example_dags/example_sensor_decorator.py took 0.047 seconds
[2024-07-09T16:50:09.340+0000] {processor.py:161} INFO - Started process (PID=3389) to work on /home/airflow/.local/lib/python3.12/site-packages/airflow/example_dags/example_sensor_decorator.py
[2024-07-09T16:50:09.340+0000] {processor.py:830} INFO - Processing file /home/airflow/.local/lib/python3.12/site-packages/airflow/example_dags/example_sensor_decorator.py for tasks to queue
[2024-07-09T16:50:09.341+0000] {logging_mixin.py:188} INFO - [2024-07-09T16:50:09.341+0000] {dagbag.py:545} INFO - Filling up the DagBag from /home/airflow/.local/lib/python3.12/site-packages/airflow/example_dags/example_sensor_decorator.py
[2024-07-09T16:50:09.345+0000] {processor.py:840} INFO - DAG(s) 'example_sensor_decorator' retrieved from /home/airflow/.local/lib/python3.12/site-packages/airflow/example_dags/example_sensor_decorator.py
[2024-07-09T16:50:09.362+0000] {logging_mixin.py:188} INFO - [2024-07-09T16:50:09.362+0000] {dag.py:3096} INFO - Sync 1 DAGs
[2024-07-09T16:50:09.372+0000] {logging_mixin.py:188} INFO - [2024-07-09T16:50:09.372+0000] {dag.py:3954} INFO - Setting next_dagrun for example_sensor_decorator to None, run_after=None
[2024-07-09T16:50:09.385+0000] {processor.py:183} INFO - Processing /home/airflow/.local/lib/python3.12/site-packages/airflow/example_dags/example_sensor_decorator.py took 0.049 seconds
[2024-07-09T16:50:39.611+0000] {processor.py:161} INFO - Started process (PID=3652) to work on /home/airflow/.local/lib/python3.12/site-packages/airflow/example_dags/example_sensor_decorator.py
[2024-07-09T16:50:39.611+0000] {processor.py:830} INFO - Processing file /home/airflow/.local/lib/python3.12/site-packages/airflow/example_dags/example_sensor_decorator.py for tasks to queue
[2024-07-09T16:50:39.613+0000] {logging_mixin.py:188} INFO - [2024-07-09T16:50:39.612+0000] {dagbag.py:545} INFO - Filling up the DagBag from /home/airflow/.local/lib/python3.12/site-packages/airflow/example_dags/example_sensor_decorator.py
[2024-07-09T16:50:39.617+0000] {processor.py:840} INFO - DAG(s) 'example_sensor_decorator' retrieved from /home/airflow/.local/lib/python3.12/site-packages/airflow/example_dags/example_sensor_decorator.py
[2024-07-09T16:50:39.632+0000] {logging_mixin.py:188} INFO - [2024-07-09T16:50:39.632+0000] {dag.py:3096} INFO - Sync 1 DAGs
[2024-07-09T16:50:39.641+0000] {logging_mixin.py:188} INFO - [2024-07-09T16:50:39.641+0000] {dag.py:3954} INFO - Setting next_dagrun for example_sensor_decorator to None, run_after=None
[2024-07-09T16:50:39.653+0000] {processor.py:183} INFO - Processing /home/airflow/.local/lib/python3.12/site-packages/airflow/example_dags/example_sensor_decorator.py took 0.047 seconds
[2024-07-09T16:51:09.926+0000] {processor.py:161} INFO - Started process (PID=3913) to work on /home/airflow/.local/lib/python3.12/site-packages/airflow/example_dags/example_sensor_decorator.py
[2024-07-09T16:51:09.926+0000] {processor.py:830} INFO - Processing file /home/airflow/.local/lib/python3.12/site-packages/airflow/example_dags/example_sensor_decorator.py for tasks to queue
[2024-07-09T16:51:09.927+0000] {logging_mixin.py:188} INFO - [2024-07-09T16:51:09.927+0000] {dagbag.py:545} INFO - Filling up the DagBag from /home/airflow/.local/lib/python3.12/site-packages/airflow/example_dags/example_sensor_decorator.py
[2024-07-09T16:51:09.931+0000] {processor.py:840} INFO - DAG(s) 'example_sensor_decorator' retrieved from /home/airflow/.local/lib/python3.12/site-packages/airflow/example_dags/example_sensor_decorator.py
[2024-07-09T16:51:09.946+0000] {logging_mixin.py:188} INFO - [2024-07-09T16:51:09.946+0000] {dag.py:3096} INFO - Sync 1 DAGs
[2024-07-09T16:51:09.955+0000] {logging_mixin.py:188} INFO - [2024-07-09T16:51:09.955+0000] {dag.py:3954} INFO - Setting next_dagrun for example_sensor_decorator to None, run_after=None
[2024-07-09T16:51:09.967+0000] {processor.py:183} INFO - Processing /home/airflow/.local/lib/python3.12/site-packages/airflow/example_dags/example_sensor_decorator.py took 0.046 seconds
[2024-07-09T16:51:40.117+0000] {processor.py:161} INFO - Started process (PID=4174) to work on /home/airflow/.local/lib/python3.12/site-packages/airflow/example_dags/example_sensor_decorator.py
[2024-07-09T16:51:40.118+0000] {processor.py:830} INFO - Processing file /home/airflow/.local/lib/python3.12/site-packages/airflow/example_dags/example_sensor_decorator.py for tasks to queue
[2024-07-09T16:51:40.119+0000] {logging_mixin.py:188} INFO - [2024-07-09T16:51:40.119+0000] {dagbag.py:545} INFO - Filling up the DagBag from /home/airflow/.local/lib/python3.12/site-packages/airflow/example_dags/example_sensor_decorator.py
[2024-07-09T16:51:40.124+0000] {processor.py:840} INFO - DAG(s) 'example_sensor_decorator' retrieved from /home/airflow/.local/lib/python3.12/site-packages/airflow/example_dags/example_sensor_decorator.py
[2024-07-09T16:51:40.143+0000] {logging_mixin.py:188} INFO - [2024-07-09T16:51:40.142+0000] {dag.py:3096} INFO - Sync 1 DAGs
[2024-07-09T16:51:40.153+0000] {logging_mixin.py:188} INFO - [2024-07-09T16:51:40.152+0000] {dag.py:3954} INFO - Setting next_dagrun for example_sensor_decorator to None, run_after=None
[2024-07-09T16:51:40.168+0000] {processor.py:183} INFO - Processing /home/airflow/.local/lib/python3.12/site-packages/airflow/example_dags/example_sensor_decorator.py took 0.056 seconds
[2024-07-09T16:52:10.484+0000] {processor.py:161} INFO - Started process (PID=4433) to work on /home/airflow/.local/lib/python3.12/site-packages/airflow/example_dags/example_sensor_decorator.py
[2024-07-09T16:52:10.485+0000] {processor.py:830} INFO - Processing file /home/airflow/.local/lib/python3.12/site-packages/airflow/example_dags/example_sensor_decorator.py for tasks to queue
[2024-07-09T16:52:10.486+0000] {logging_mixin.py:188} INFO - [2024-07-09T16:52:10.486+0000] {dagbag.py:545} INFO - Filling up the DagBag from /home/airflow/.local/lib/python3.12/site-packages/airflow/example_dags/example_sensor_decorator.py
[2024-07-09T16:52:10.490+0000] {processor.py:840} INFO - DAG(s) 'example_sensor_decorator' retrieved from /home/airflow/.local/lib/python3.12/site-packages/airflow/example_dags/example_sensor_decorator.py
[2024-07-09T16:52:10.505+0000] {logging_mixin.py:188} INFO - [2024-07-09T16:52:10.505+0000] {dag.py:3096} INFO - Sync 1 DAGs
[2024-07-09T16:52:10.514+0000] {logging_mixin.py:188} INFO - [2024-07-09T16:52:10.514+0000] {dag.py:3954} INFO - Setting next_dagrun for example_sensor_decorator to None, run_after=None
[2024-07-09T16:52:10.528+0000] {processor.py:183} INFO - Processing /home/airflow/.local/lib/python3.12/site-packages/airflow/example_dags/example_sensor_decorator.py took 0.047 seconds
[2024-07-09T16:52:40.781+0000] {processor.py:161} INFO - Started process (PID=4694) to work on /home/airflow/.local/lib/python3.12/site-packages/airflow/example_dags/example_sensor_decorator.py
[2024-07-09T16:52:40.781+0000] {processor.py:830} INFO - Processing file /home/airflow/.local/lib/python3.12/site-packages/airflow/example_dags/example_sensor_decorator.py for tasks to queue
[2024-07-09T16:52:40.782+0000] {logging_mixin.py:188} INFO - [2024-07-09T16:52:40.782+0000] {dagbag.py:545} INFO - Filling up the DagBag from /home/airflow/.local/lib/python3.12/site-packages/airflow/example_dags/example_sensor_decorator.py
[2024-07-09T16:52:40.786+0000] {processor.py:840} INFO - DAG(s) 'example_sensor_decorator' retrieved from /home/airflow/.local/lib/python3.12/site-packages/airflow/example_dags/example_sensor_decorator.py
[2024-07-09T16:52:40.802+0000] {logging_mixin.py:188} INFO - [2024-07-09T16:52:40.802+0000] {dag.py:3096} INFO - Sync 1 DAGs
[2024-07-09T16:52:40.813+0000] {logging_mixin.py:188} INFO - [2024-07-09T16:52:40.812+0000] {dag.py:3954} INFO - Setting next_dagrun for example_sensor_decorator to None, run_after=None
[2024-07-09T16:52:40.826+0000] {processor.py:183} INFO - Processing /home/airflow/.local/lib/python3.12/site-packages/airflow/example_dags/example_sensor_decorator.py took 0.049 seconds
[2024-07-09T16:53:11.149+0000] {processor.py:161} INFO - Started process (PID=4955) to work on /home/airflow/.local/lib/python3.12/site-packages/airflow/example_dags/example_sensor_decorator.py
[2024-07-09T16:53:11.149+0000] {processor.py:830} INFO - Processing file /home/airflow/.local/lib/python3.12/site-packages/airflow/example_dags/example_sensor_decorator.py for tasks to queue
[2024-07-09T16:53:11.150+0000] {logging_mixin.py:188} INFO - [2024-07-09T16:53:11.150+0000] {dagbag.py:545} INFO - Filling up the DagBag from /home/airflow/.local/lib/python3.12/site-packages/airflow/example_dags/example_sensor_decorator.py
[2024-07-09T16:53:11.154+0000] {processor.py:840} INFO - DAG(s) 'example_sensor_decorator' retrieved from /home/airflow/.local/lib/python3.12/site-packages/airflow/example_dags/example_sensor_decorator.py
[2024-07-09T16:53:11.171+0000] {logging_mixin.py:188} INFO - [2024-07-09T16:53:11.170+0000] {dag.py:3096} INFO - Sync 1 DAGs
[2024-07-09T16:53:11.180+0000] {logging_mixin.py:188} INFO - [2024-07-09T16:53:11.180+0000] {dag.py:3954} INFO - Setting next_dagrun for example_sensor_decorator to None, run_after=None
[2024-07-09T16:53:11.194+0000] {processor.py:183} INFO - Processing /home/airflow/.local/lib/python3.12/site-packages/airflow/example_dags/example_sensor_decorator.py took 0.049 seconds
[2024-07-09T16:53:41.392+0000] {processor.py:161} INFO - Started process (PID=5216) to work on /home/airflow/.local/lib/python3.12/site-packages/airflow/example_dags/example_sensor_decorator.py
[2024-07-09T16:53:41.392+0000] {processor.py:830} INFO - Processing file /home/airflow/.local/lib/python3.12/site-packages/airflow/example_dags/example_sensor_decorator.py for tasks to queue
[2024-07-09T16:53:41.393+0000] {logging_mixin.py:188} INFO - [2024-07-09T16:53:41.393+0000] {dagbag.py:545} INFO - Filling up the DagBag from /home/airflow/.local/lib/python3.12/site-packages/airflow/example_dags/example_sensor_decorator.py
[2024-07-09T16:53:41.397+0000] {processor.py:840} INFO - DAG(s) 'example_sensor_decorator' retrieved from /home/airflow/.local/lib/python3.12/site-packages/airflow/example_dags/example_sensor_decorator.py
[2024-07-09T16:53:41.414+0000] {logging_mixin.py:188} INFO - [2024-07-09T16:53:41.414+0000] {dag.py:3096} INFO - Sync 1 DAGs
[2024-07-09T16:53:41.426+0000] {logging_mixin.py:188} INFO - [2024-07-09T16:53:41.425+0000] {dag.py:3954} INFO - Setting next_dagrun for example_sensor_decorator to None, run_after=None
[2024-07-09T16:53:41.442+0000] {processor.py:183} INFO - Processing /home/airflow/.local/lib/python3.12/site-packages/airflow/example_dags/example_sensor_decorator.py took 0.055 seconds
[2024-07-09T16:54:11.806+0000] {processor.py:161} INFO - Started process (PID=5477) to work on /home/airflow/.local/lib/python3.12/site-packages/airflow/example_dags/example_sensor_decorator.py
[2024-07-09T16:54:11.807+0000] {processor.py:830} INFO - Processing file /home/airflow/.local/lib/python3.12/site-packages/airflow/example_dags/example_sensor_decorator.py for tasks to queue
[2024-07-09T16:54:11.808+0000] {logging_mixin.py:188} INFO - [2024-07-09T16:54:11.808+0000] {dagbag.py:545} INFO - Filling up the DagBag from /home/airflow/.local/lib/python3.12/site-packages/airflow/example_dags/example_sensor_decorator.py
[2024-07-09T16:54:11.811+0000] {processor.py:840} INFO - DAG(s) 'example_sensor_decorator' retrieved from /home/airflow/.local/lib/python3.12/site-packages/airflow/example_dags/example_sensor_decorator.py
[2024-07-09T16:54:11.827+0000] {logging_mixin.py:188} INFO - [2024-07-09T16:54:11.827+0000] {dag.py:3096} INFO - Sync 1 DAGs
[2024-07-09T16:54:11.837+0000] {logging_mixin.py:188} INFO - [2024-07-09T16:54:11.837+0000] {dag.py:3954} INFO - Setting next_dagrun for example_sensor_decorator to None, run_after=None
[2024-07-09T16:54:11.852+0000] {processor.py:183} INFO - Processing /home/airflow/.local/lib/python3.12/site-packages/airflow/example_dags/example_sensor_decorator.py took 0.049 seconds
[2024-07-09T16:54:42.231+0000] {processor.py:161} INFO - Started process (PID=5738) to work on /home/airflow/.local/lib/python3.12/site-packages/airflow/example_dags/example_sensor_decorator.py
[2024-07-09T16:54:42.232+0000] {processor.py:830} INFO - Processing file /home/airflow/.local/lib/python3.12/site-packages/airflow/example_dags/example_sensor_decorator.py for tasks to queue
[2024-07-09T16:54:42.233+0000] {logging_mixin.py:188} INFO - [2024-07-09T16:54:42.232+0000] {dagbag.py:545} INFO - Filling up the DagBag from /home/airflow/.local/lib/python3.12/site-packages/airflow/example_dags/example_sensor_decorator.py
[2024-07-09T16:54:42.237+0000] {processor.py:840} INFO - DAG(s) 'example_sensor_decorator' retrieved from /home/airflow/.local/lib/python3.12/site-packages/airflow/example_dags/example_sensor_decorator.py
[2024-07-09T16:54:42.253+0000] {logging_mixin.py:188} INFO - [2024-07-09T16:54:42.253+0000] {dag.py:3096} INFO - Sync 1 DAGs
[2024-07-09T16:54:42.262+0000] {logging_mixin.py:188} INFO - [2024-07-09T16:54:42.262+0000] {dag.py:3954} INFO - Setting next_dagrun for example_sensor_decorator to None, run_after=None
[2024-07-09T16:54:42.277+0000] {processor.py:183} INFO - Processing /home/airflow/.local/lib/python3.12/site-packages/airflow/example_dags/example_sensor_decorator.py took 0.050 seconds
[2024-07-09T16:55:12.568+0000] {processor.py:161} INFO - Started process (PID=5999) to work on /home/airflow/.local/lib/python3.12/site-packages/airflow/example_dags/example_sensor_decorator.py
[2024-07-09T16:55:12.568+0000] {processor.py:830} INFO - Processing file /home/airflow/.local/lib/python3.12/site-packages/airflow/example_dags/example_sensor_decorator.py for tasks to queue
[2024-07-09T16:55:12.569+0000] {logging_mixin.py:188} INFO - [2024-07-09T16:55:12.569+0000] {dagbag.py:545} INFO - Filling up the DagBag from /home/airflow/.local/lib/python3.12/site-packages/airflow/example_dags/example_sensor_decorator.py
[2024-07-09T16:55:12.574+0000] {processor.py:840} INFO - DAG(s) 'example_sensor_decorator' retrieved from /home/airflow/.local/lib/python3.12/site-packages/airflow/example_dags/example_sensor_decorator.py
[2024-07-09T16:55:12.589+0000] {logging_mixin.py:188} INFO - [2024-07-09T16:55:12.589+0000] {dag.py:3096} INFO - Sync 1 DAGs
[2024-07-09T16:55:12.598+0000] {logging_mixin.py:188} INFO - [2024-07-09T16:55:12.598+0000] {dag.py:3954} INFO - Setting next_dagrun for example_sensor_decorator to None, run_after=None
[2024-07-09T16:55:12.611+0000] {processor.py:183} INFO - Processing /home/airflow/.local/lib/python3.12/site-packages/airflow/example_dags/example_sensor_decorator.py took 0.048 seconds
