[2024-07-09T16:44:07.273+0000] {processor.py:161} INFO - Started process (PID=372) to work on /home/airflow/.local/lib/python3.12/site-packages/airflow/example_dags/example_xcom.py
[2024-07-09T16:44:07.273+0000] {processor.py:830} INFO - Processing file /home/airflow/.local/lib/python3.12/site-packages/airflow/example_dags/example_xcom.py for tasks to queue
[2024-07-09T16:44:07.274+0000] {logging_mixin.py:188} INFO - [2024-07-09T16:44:07.274+0000] {dagbag.py:545} INFO - Filling up the DagBag from /home/airflow/.local/lib/python3.12/site-packages/airflow/example_dags/example_xcom.py
[2024-07-09T16:44:07.280+0000] {processor.py:840} INFO - DAG(s) 'example_xcom' retrieved from /home/airflow/.local/lib/python3.12/site-packages/airflow/example_dags/example_xcom.py
[2024-07-09T16:44:07.354+0000] {logging_mixin.py:188} INFO - [2024-07-09T16:44:07.353+0000] {override.py:1829} INFO - Created Permission View: can delete on DAG:example_xcom
[2024-07-09T16:44:07.362+0000] {logging_mixin.py:188} INFO - [2024-07-09T16:44:07.362+0000] {override.py:1829} INFO - Created Permission View: can edit on DAG:example_xcom
[2024-07-09T16:44:07.366+0000] {logging_mixin.py:188} INFO - [2024-07-09T16:44:07.366+0000] {override.py:1829} INFO - Created Permission View: can read on DAG:example_xcom
[2024-07-09T16:44:07.366+0000] {logging_mixin.py:188} INFO - [2024-07-09T16:44:07.366+0000] {dag.py:3096} INFO - Sync 1 DAGs
[2024-07-09T16:44:07.375+0000] {logging_mixin.py:188} INFO - [2024-07-09T16:44:07.375+0000] {dag.py:3118} INFO - Creating ORM DAG for example_xcom
[2024-07-09T16:44:07.383+0000] {logging_mixin.py:188} INFO - [2024-07-09T16:44:07.382+0000] {dag.py:3954} INFO - Setting next_dagrun for example_xcom to 2021-01-01 00:00:00+00:00, run_after=2021-01-01 00:00:00+00:00
[2024-07-09T16:44:07.396+0000] {processor.py:183} INFO - Processing /home/airflow/.local/lib/python3.12/site-packages/airflow/example_dags/example_xcom.py took 0.127 seconds
[2024-07-09T16:44:37.815+0000] {processor.py:161} INFO - Started process (PID=633) to work on /home/airflow/.local/lib/python3.12/site-packages/airflow/example_dags/example_xcom.py
[2024-07-09T16:44:37.816+0000] {processor.py:830} INFO - Processing file /home/airflow/.local/lib/python3.12/site-packages/airflow/example_dags/example_xcom.py for tasks to queue
[2024-07-09T16:44:37.817+0000] {logging_mixin.py:188} INFO - [2024-07-09T16:44:37.817+0000] {dagbag.py:545} INFO - Filling up the DagBag from /home/airflow/.local/lib/python3.12/site-packages/airflow/example_dags/example_xcom.py
[2024-07-09T16:44:37.821+0000] {processor.py:840} INFO - DAG(s) 'example_xcom' retrieved from /home/airflow/.local/lib/python3.12/site-packages/airflow/example_dags/example_xcom.py
[2024-07-09T16:44:37.837+0000] {logging_mixin.py:188} INFO - [2024-07-09T16:44:37.837+0000] {dag.py:3096} INFO - Sync 1 DAGs
[2024-07-09T16:44:37.853+0000] {logging_mixin.py:188} INFO - [2024-07-09T16:44:37.852+0000] {dag.py:3954} INFO - Setting next_dagrun for example_xcom to 2021-01-01 00:00:00+00:00, run_after=2021-01-01 00:00:00+00:00
[2024-07-09T16:44:37.865+0000] {processor.py:183} INFO - Processing /home/airflow/.local/lib/python3.12/site-packages/airflow/example_dags/example_xcom.py took 0.054 seconds
[2024-07-09T16:45:08.040+0000] {processor.py:161} INFO - Started process (PID=894) to work on /home/airflow/.local/lib/python3.12/site-packages/airflow/example_dags/example_xcom.py
[2024-07-09T16:45:08.040+0000] {processor.py:830} INFO - Processing file /home/airflow/.local/lib/python3.12/site-packages/airflow/example_dags/example_xcom.py for tasks to queue
[2024-07-09T16:45:08.041+0000] {logging_mixin.py:188} INFO - [2024-07-09T16:45:08.041+0000] {dagbag.py:545} INFO - Filling up the DagBag from /home/airflow/.local/lib/python3.12/site-packages/airflow/example_dags/example_xcom.py
[2024-07-09T16:45:08.046+0000] {processor.py:840} INFO - DAG(s) 'example_xcom' retrieved from /home/airflow/.local/lib/python3.12/site-packages/airflow/example_dags/example_xcom.py
[2024-07-09T16:45:08.063+0000] {logging_mixin.py:188} INFO - [2024-07-09T16:45:08.063+0000] {dag.py:3096} INFO - Sync 1 DAGs
[2024-07-09T16:45:08.079+0000] {logging_mixin.py:188} INFO - [2024-07-09T16:45:08.078+0000] {dag.py:3954} INFO - Setting next_dagrun for example_xcom to 2021-01-01 00:00:00+00:00, run_after=2021-01-01 00:00:00+00:00
[2024-07-09T16:45:08.091+0000] {processor.py:183} INFO - Processing /home/airflow/.local/lib/python3.12/site-packages/airflow/example_dags/example_xcom.py took 0.056 seconds
[2024-07-09T16:45:38.448+0000] {processor.py:161} INFO - Started process (PID=1155) to work on /home/airflow/.local/lib/python3.12/site-packages/airflow/example_dags/example_xcom.py
[2024-07-09T16:45:38.449+0000] {processor.py:830} INFO - Processing file /home/airflow/.local/lib/python3.12/site-packages/airflow/example_dags/example_xcom.py for tasks to queue
[2024-07-09T16:45:38.450+0000] {logging_mixin.py:188} INFO - [2024-07-09T16:45:38.449+0000] {dagbag.py:545} INFO - Filling up the DagBag from /home/airflow/.local/lib/python3.12/site-packages/airflow/example_dags/example_xcom.py
[2024-07-09T16:45:38.455+0000] {processor.py:840} INFO - DAG(s) 'example_xcom' retrieved from /home/airflow/.local/lib/python3.12/site-packages/airflow/example_dags/example_xcom.py
[2024-07-09T16:45:38.471+0000] {logging_mixin.py:188} INFO - [2024-07-09T16:45:38.471+0000] {dag.py:3096} INFO - Sync 1 DAGs
[2024-07-09T16:45:38.487+0000] {logging_mixin.py:188} INFO - [2024-07-09T16:45:38.487+0000] {dag.py:3954} INFO - Setting next_dagrun for example_xcom to 2021-01-01 00:00:00+00:00, run_after=2021-01-01 00:00:00+00:00
[2024-07-09T16:45:38.500+0000] {processor.py:183} INFO - Processing /home/airflow/.local/lib/python3.12/site-packages/airflow/example_dags/example_xcom.py took 0.056 seconds
[2024-07-09T16:46:09.045+0000] {processor.py:161} INFO - Started process (PID=1416) to work on /home/airflow/.local/lib/python3.12/site-packages/airflow/example_dags/example_xcom.py
[2024-07-09T16:46:09.046+0000] {processor.py:830} INFO - Processing file /home/airflow/.local/lib/python3.12/site-packages/airflow/example_dags/example_xcom.py for tasks to queue
[2024-07-09T16:46:09.047+0000] {logging_mixin.py:188} INFO - [2024-07-09T16:46:09.047+0000] {dagbag.py:545} INFO - Filling up the DagBag from /home/airflow/.local/lib/python3.12/site-packages/airflow/example_dags/example_xcom.py
[2024-07-09T16:46:09.052+0000] {processor.py:840} INFO - DAG(s) 'example_xcom' retrieved from /home/airflow/.local/lib/python3.12/site-packages/airflow/example_dags/example_xcom.py
[2024-07-09T16:46:09.068+0000] {logging_mixin.py:188} INFO - [2024-07-09T16:46:09.068+0000] {dag.py:3096} INFO - Sync 1 DAGs
[2024-07-09T16:46:09.087+0000] {logging_mixin.py:188} INFO - [2024-07-09T16:46:09.087+0000] {dag.py:3954} INFO - Setting next_dagrun for example_xcom to 2021-01-01 00:00:00+00:00, run_after=2021-01-01 00:00:00+00:00
[2024-07-09T16:46:09.100+0000] {processor.py:183} INFO - Processing /home/airflow/.local/lib/python3.12/site-packages/airflow/example_dags/example_xcom.py took 0.059 seconds
[2024-07-09T16:46:39.305+0000] {processor.py:161} INFO - Started process (PID=1677) to work on /home/airflow/.local/lib/python3.12/site-packages/airflow/example_dags/example_xcom.py
[2024-07-09T16:46:39.305+0000] {processor.py:830} INFO - Processing file /home/airflow/.local/lib/python3.12/site-packages/airflow/example_dags/example_xcom.py for tasks to queue
[2024-07-09T16:46:39.306+0000] {logging_mixin.py:188} INFO - [2024-07-09T16:46:39.306+0000] {dagbag.py:545} INFO - Filling up the DagBag from /home/airflow/.local/lib/python3.12/site-packages/airflow/example_dags/example_xcom.py
[2024-07-09T16:46:39.311+0000] {processor.py:840} INFO - DAG(s) 'example_xcom' retrieved from /home/airflow/.local/lib/python3.12/site-packages/airflow/example_dags/example_xcom.py
[2024-07-09T16:46:39.327+0000] {logging_mixin.py:188} INFO - [2024-07-09T16:46:39.327+0000] {dag.py:3096} INFO - Sync 1 DAGs
[2024-07-09T16:46:39.342+0000] {logging_mixin.py:188} INFO - [2024-07-09T16:46:39.341+0000] {dag.py:3954} INFO - Setting next_dagrun for example_xcom to 2021-01-01 00:00:00+00:00, run_after=2021-01-01 00:00:00+00:00
[2024-07-09T16:46:39.355+0000] {processor.py:183} INFO - Processing /home/airflow/.local/lib/python3.12/site-packages/airflow/example_dags/example_xcom.py took 0.054 seconds
[2024-07-09T16:47:09.595+0000] {processor.py:161} INFO - Started process (PID=1938) to work on /home/airflow/.local/lib/python3.12/site-packages/airflow/example_dags/example_xcom.py
[2024-07-09T16:47:09.596+0000] {processor.py:830} INFO - Processing file /home/airflow/.local/lib/python3.12/site-packages/airflow/example_dags/example_xcom.py for tasks to queue
[2024-07-09T16:47:09.597+0000] {logging_mixin.py:188} INFO - [2024-07-09T16:47:09.597+0000] {dagbag.py:545} INFO - Filling up the DagBag from /home/airflow/.local/lib/python3.12/site-packages/airflow/example_dags/example_xcom.py
[2024-07-09T16:47:09.602+0000] {processor.py:840} INFO - DAG(s) 'example_xcom' retrieved from /home/airflow/.local/lib/python3.12/site-packages/airflow/example_dags/example_xcom.py
[2024-07-09T16:47:09.618+0000] {logging_mixin.py:188} INFO - [2024-07-09T16:47:09.618+0000] {dag.py:3096} INFO - Sync 1 DAGs
[2024-07-09T16:47:09.633+0000] {logging_mixin.py:188} INFO - [2024-07-09T16:47:09.632+0000] {dag.py:3954} INFO - Setting next_dagrun for example_xcom to 2021-01-01 00:00:00+00:00, run_after=2021-01-01 00:00:00+00:00
[2024-07-09T16:47:09.647+0000] {processor.py:183} INFO - Processing /home/airflow/.local/lib/python3.12/site-packages/airflow/example_dags/example_xcom.py took 0.055 seconds
[2024-07-09T16:47:39.758+0000] {processor.py:161} INFO - Started process (PID=2199) to work on /home/airflow/.local/lib/python3.12/site-packages/airflow/example_dags/example_xcom.py
[2024-07-09T16:47:39.759+0000] {processor.py:830} INFO - Processing file /home/airflow/.local/lib/python3.12/site-packages/airflow/example_dags/example_xcom.py for tasks to queue
[2024-07-09T16:47:39.760+0000] {logging_mixin.py:188} INFO - [2024-07-09T16:47:39.760+0000] {dagbag.py:545} INFO - Filling up the DagBag from /home/airflow/.local/lib/python3.12/site-packages/airflow/example_dags/example_xcom.py
[2024-07-09T16:47:39.764+0000] {processor.py:840} INFO - DAG(s) 'example_xcom' retrieved from /home/airflow/.local/lib/python3.12/site-packages/airflow/example_dags/example_xcom.py
[2024-07-09T16:47:39.786+0000] {logging_mixin.py:188} INFO - [2024-07-09T16:47:39.786+0000] {dag.py:3096} INFO - Sync 1 DAGs
[2024-07-09T16:47:39.807+0000] {logging_mixin.py:188} INFO - [2024-07-09T16:47:39.806+0000] {dag.py:3954} INFO - Setting next_dagrun for example_xcom to 2021-01-01 00:00:00+00:00, run_after=2021-01-01 00:00:00+00:00
[2024-07-09T16:47:39.824+0000] {processor.py:183} INFO - Processing /home/airflow/.local/lib/python3.12/site-packages/airflow/example_dags/example_xcom.py took 0.070 seconds
[2024-07-09T16:48:10.061+0000] {processor.py:161} INFO - Started process (PID=2462) to work on /home/airflow/.local/lib/python3.12/site-packages/airflow/example_dags/example_xcom.py
[2024-07-09T16:48:10.061+0000] {processor.py:830} INFO - Processing file /home/airflow/.local/lib/python3.12/site-packages/airflow/example_dags/example_xcom.py for tasks to queue
[2024-07-09T16:48:10.062+0000] {logging_mixin.py:188} INFO - [2024-07-09T16:48:10.062+0000] {dagbag.py:545} INFO - Filling up the DagBag from /home/airflow/.local/lib/python3.12/site-packages/airflow/example_dags/example_xcom.py
[2024-07-09T16:48:10.067+0000] {processor.py:840} INFO - DAG(s) 'example_xcom' retrieved from /home/airflow/.local/lib/python3.12/site-packages/airflow/example_dags/example_xcom.py
[2024-07-09T16:48:10.083+0000] {logging_mixin.py:188} INFO - [2024-07-09T16:48:10.083+0000] {dag.py:3096} INFO - Sync 1 DAGs
[2024-07-09T16:48:10.098+0000] {logging_mixin.py:188} INFO - [2024-07-09T16:48:10.098+0000] {dag.py:3954} INFO - Setting next_dagrun for example_xcom to 2021-01-01 00:00:00+00:00, run_after=2021-01-01 00:00:00+00:00
[2024-07-09T16:48:10.111+0000] {processor.py:183} INFO - Processing /home/airflow/.local/lib/python3.12/site-packages/airflow/example_dags/example_xcom.py took 0.054 seconds
[2024-07-09T16:48:40.481+0000] {processor.py:161} INFO - Started process (PID=2721) to work on /home/airflow/.local/lib/python3.12/site-packages/airflow/example_dags/example_xcom.py
[2024-07-09T16:48:40.481+0000] {processor.py:830} INFO - Processing file /home/airflow/.local/lib/python3.12/site-packages/airflow/example_dags/example_xcom.py for tasks to queue
[2024-07-09T16:48:40.483+0000] {logging_mixin.py:188} INFO - [2024-07-09T16:48:40.482+0000] {dagbag.py:545} INFO - Filling up the DagBag from /home/airflow/.local/lib/python3.12/site-packages/airflow/example_dags/example_xcom.py
[2024-07-09T16:48:40.488+0000] {processor.py:840} INFO - DAG(s) 'example_xcom' retrieved from /home/airflow/.local/lib/python3.12/site-packages/airflow/example_dags/example_xcom.py
[2024-07-09T16:48:40.505+0000] {logging_mixin.py:188} INFO - [2024-07-09T16:48:40.505+0000] {dag.py:3096} INFO - Sync 1 DAGs
[2024-07-09T16:48:40.520+0000] {logging_mixin.py:188} INFO - [2024-07-09T16:48:40.520+0000] {dag.py:3954} INFO - Setting next_dagrun for example_xcom to 2021-01-01 00:00:00+00:00, run_after=2021-01-01 00:00:00+00:00
[2024-07-09T16:48:40.533+0000] {processor.py:183} INFO - Processing /home/airflow/.local/lib/python3.12/site-packages/airflow/example_dags/example_xcom.py took 0.056 seconds
[2024-07-09T16:49:10.751+0000] {processor.py:161} INFO - Started process (PID=2982) to work on /home/airflow/.local/lib/python3.12/site-packages/airflow/example_dags/example_xcom.py
[2024-07-09T16:49:10.752+0000] {processor.py:830} INFO - Processing file /home/airflow/.local/lib/python3.12/site-packages/airflow/example_dags/example_xcom.py for tasks to queue
[2024-07-09T16:49:10.753+0000] {logging_mixin.py:188} INFO - [2024-07-09T16:49:10.753+0000] {dagbag.py:545} INFO - Filling up the DagBag from /home/airflow/.local/lib/python3.12/site-packages/airflow/example_dags/example_xcom.py
[2024-07-09T16:49:10.758+0000] {processor.py:840} INFO - DAG(s) 'example_xcom' retrieved from /home/airflow/.local/lib/python3.12/site-packages/airflow/example_dags/example_xcom.py
[2024-07-09T16:49:10.775+0000] {logging_mixin.py:188} INFO - [2024-07-09T16:49:10.775+0000] {dag.py:3096} INFO - Sync 1 DAGs
[2024-07-09T16:49:10.791+0000] {logging_mixin.py:188} INFO - [2024-07-09T16:49:10.791+0000] {dag.py:3954} INFO - Setting next_dagrun for example_xcom to 2021-01-01 00:00:00+00:00, run_after=2021-01-01 00:00:00+00:00
[2024-07-09T16:49:10.804+0000] {processor.py:183} INFO - Processing /home/airflow/.local/lib/python3.12/site-packages/airflow/example_dags/example_xcom.py took 0.057 seconds
[2024-07-09T16:49:40.999+0000] {processor.py:161} INFO - Started process (PID=3243) to work on /home/airflow/.local/lib/python3.12/site-packages/airflow/example_dags/example_xcom.py
[2024-07-09T16:49:41.000+0000] {processor.py:830} INFO - Processing file /home/airflow/.local/lib/python3.12/site-packages/airflow/example_dags/example_xcom.py for tasks to queue
[2024-07-09T16:49:41.001+0000] {logging_mixin.py:188} INFO - [2024-07-09T16:49:41.001+0000] {dagbag.py:545} INFO - Filling up the DagBag from /home/airflow/.local/lib/python3.12/site-packages/airflow/example_dags/example_xcom.py
[2024-07-09T16:49:41.006+0000] {processor.py:840} INFO - DAG(s) 'example_xcom' retrieved from /home/airflow/.local/lib/python3.12/site-packages/airflow/example_dags/example_xcom.py
[2024-07-09T16:49:41.025+0000] {logging_mixin.py:188} INFO - [2024-07-09T16:49:41.025+0000] {dag.py:3096} INFO - Sync 1 DAGs
[2024-07-09T16:49:41.043+0000] {logging_mixin.py:188} INFO - [2024-07-09T16:49:41.043+0000] {dag.py:3954} INFO - Setting next_dagrun for example_xcom to 2021-01-01 00:00:00+00:00, run_after=2021-01-01 00:00:00+00:00
[2024-07-09T16:49:41.058+0000] {processor.py:183} INFO - Processing /home/airflow/.local/lib/python3.12/site-packages/airflow/example_dags/example_xcom.py took 0.062 seconds
[2024-07-09T16:50:11.338+0000] {processor.py:161} INFO - Started process (PID=3504) to work on /home/airflow/.local/lib/python3.12/site-packages/airflow/example_dags/example_xcom.py
[2024-07-09T16:50:11.338+0000] {processor.py:830} INFO - Processing file /home/airflow/.local/lib/python3.12/site-packages/airflow/example_dags/example_xcom.py for tasks to queue
[2024-07-09T16:50:11.339+0000] {logging_mixin.py:188} INFO - [2024-07-09T16:50:11.339+0000] {dagbag.py:545} INFO - Filling up the DagBag from /home/airflow/.local/lib/python3.12/site-packages/airflow/example_dags/example_xcom.py
[2024-07-09T16:50:11.344+0000] {processor.py:840} INFO - DAG(s) 'example_xcom' retrieved from /home/airflow/.local/lib/python3.12/site-packages/airflow/example_dags/example_xcom.py
[2024-07-09T16:50:11.362+0000] {logging_mixin.py:188} INFO - [2024-07-09T16:50:11.362+0000] {dag.py:3096} INFO - Sync 1 DAGs
[2024-07-09T16:50:11.378+0000] {logging_mixin.py:188} INFO - [2024-07-09T16:50:11.378+0000] {dag.py:3954} INFO - Setting next_dagrun for example_xcom to 2021-01-01 00:00:00+00:00, run_after=2021-01-01 00:00:00+00:00
[2024-07-09T16:50:11.394+0000] {processor.py:183} INFO - Processing /home/airflow/.local/lib/python3.12/site-packages/airflow/example_dags/example_xcom.py took 0.060 seconds
[2024-07-09T16:50:41.674+0000] {processor.py:161} INFO - Started process (PID=3765) to work on /home/airflow/.local/lib/python3.12/site-packages/airflow/example_dags/example_xcom.py
[2024-07-09T16:50:41.674+0000] {processor.py:830} INFO - Processing file /home/airflow/.local/lib/python3.12/site-packages/airflow/example_dags/example_xcom.py for tasks to queue
[2024-07-09T16:50:41.675+0000] {logging_mixin.py:188} INFO - [2024-07-09T16:50:41.675+0000] {dagbag.py:545} INFO - Filling up the DagBag from /home/airflow/.local/lib/python3.12/site-packages/airflow/example_dags/example_xcom.py
[2024-07-09T16:50:41.680+0000] {processor.py:840} INFO - DAG(s) 'example_xcom' retrieved from /home/airflow/.local/lib/python3.12/site-packages/airflow/example_dags/example_xcom.py
[2024-07-09T16:50:41.698+0000] {logging_mixin.py:188} INFO - [2024-07-09T16:50:41.698+0000] {dag.py:3096} INFO - Sync 1 DAGs
[2024-07-09T16:50:41.715+0000] {logging_mixin.py:188} INFO - [2024-07-09T16:50:41.714+0000] {dag.py:3954} INFO - Setting next_dagrun for example_xcom to 2021-01-01 00:00:00+00:00, run_after=2021-01-01 00:00:00+00:00
[2024-07-09T16:50:41.728+0000] {processor.py:183} INFO - Processing /home/airflow/.local/lib/python3.12/site-packages/airflow/example_dags/example_xcom.py took 0.058 seconds
[2024-07-09T16:51:11.835+0000] {processor.py:161} INFO - Started process (PID=4026) to work on /home/airflow/.local/lib/python3.12/site-packages/airflow/example_dags/example_xcom.py
[2024-07-09T16:51:11.835+0000] {processor.py:830} INFO - Processing file /home/airflow/.local/lib/python3.12/site-packages/airflow/example_dags/example_xcom.py for tasks to queue
[2024-07-09T16:51:11.836+0000] {logging_mixin.py:188} INFO - [2024-07-09T16:51:11.836+0000] {dagbag.py:545} INFO - Filling up the DagBag from /home/airflow/.local/lib/python3.12/site-packages/airflow/example_dags/example_xcom.py
[2024-07-09T16:51:11.840+0000] {processor.py:840} INFO - DAG(s) 'example_xcom' retrieved from /home/airflow/.local/lib/python3.12/site-packages/airflow/example_dags/example_xcom.py
[2024-07-09T16:51:11.857+0000] {logging_mixin.py:188} INFO - [2024-07-09T16:51:11.857+0000] {dag.py:3096} INFO - Sync 1 DAGs
[2024-07-09T16:51:11.874+0000] {logging_mixin.py:188} INFO - [2024-07-09T16:51:11.874+0000] {dag.py:3954} INFO - Setting next_dagrun for example_xcom to 2021-01-01 00:00:00+00:00, run_after=2021-01-01 00:00:00+00:00
[2024-07-09T16:51:11.891+0000] {processor.py:183} INFO - Processing /home/airflow/.local/lib/python3.12/site-packages/airflow/example_dags/example_xcom.py took 0.061 seconds
[2024-07-09T16:51:42.282+0000] {processor.py:161} INFO - Started process (PID=4287) to work on /home/airflow/.local/lib/python3.12/site-packages/airflow/example_dags/example_xcom.py
[2024-07-09T16:51:42.283+0000] {processor.py:830} INFO - Processing file /home/airflow/.local/lib/python3.12/site-packages/airflow/example_dags/example_xcom.py for tasks to queue
[2024-07-09T16:51:42.284+0000] {logging_mixin.py:188} INFO - [2024-07-09T16:51:42.283+0000] {dagbag.py:545} INFO - Filling up the DagBag from /home/airflow/.local/lib/python3.12/site-packages/airflow/example_dags/example_xcom.py
[2024-07-09T16:51:42.288+0000] {processor.py:840} INFO - DAG(s) 'example_xcom' retrieved from /home/airflow/.local/lib/python3.12/site-packages/airflow/example_dags/example_xcom.py
[2024-07-09T16:51:42.304+0000] {logging_mixin.py:188} INFO - [2024-07-09T16:51:42.304+0000] {dag.py:3096} INFO - Sync 1 DAGs
[2024-07-09T16:51:42.320+0000] {logging_mixin.py:188} INFO - [2024-07-09T16:51:42.320+0000] {dag.py:3954} INFO - Setting next_dagrun for example_xcom to 2021-01-01 00:00:00+00:00, run_after=2021-01-01 00:00:00+00:00
[2024-07-09T16:51:42.333+0000] {processor.py:183} INFO - Processing /home/airflow/.local/lib/python3.12/site-packages/airflow/example_dags/example_xcom.py took 0.055 seconds
[2024-07-09T16:52:12.524+0000] {processor.py:161} INFO - Started process (PID=4548) to work on /home/airflow/.local/lib/python3.12/site-packages/airflow/example_dags/example_xcom.py
[2024-07-09T16:52:12.524+0000] {processor.py:830} INFO - Processing file /home/airflow/.local/lib/python3.12/site-packages/airflow/example_dags/example_xcom.py for tasks to queue
[2024-07-09T16:52:12.525+0000] {logging_mixin.py:188} INFO - [2024-07-09T16:52:12.525+0000] {dagbag.py:545} INFO - Filling up the DagBag from /home/airflow/.local/lib/python3.12/site-packages/airflow/example_dags/example_xcom.py
[2024-07-09T16:52:12.530+0000] {processor.py:840} INFO - DAG(s) 'example_xcom' retrieved from /home/airflow/.local/lib/python3.12/site-packages/airflow/example_dags/example_xcom.py
[2024-07-09T16:52:12.550+0000] {logging_mixin.py:188} INFO - [2024-07-09T16:52:12.550+0000] {dag.py:3096} INFO - Sync 1 DAGs
[2024-07-09T16:52:12.570+0000] {logging_mixin.py:188} INFO - [2024-07-09T16:52:12.570+0000] {dag.py:3954} INFO - Setting next_dagrun for example_xcom to 2021-01-01 00:00:00+00:00, run_after=2021-01-01 00:00:00+00:00
[2024-07-09T16:52:12.583+0000] {processor.py:183} INFO - Processing /home/airflow/.local/lib/python3.12/site-packages/airflow/example_dags/example_xcom.py took 0.064 seconds
[2024-07-09T16:52:42.718+0000] {processor.py:161} INFO - Started process (PID=4809) to work on /home/airflow/.local/lib/python3.12/site-packages/airflow/example_dags/example_xcom.py
[2024-07-09T16:52:42.719+0000] {processor.py:830} INFO - Processing file /home/airflow/.local/lib/python3.12/site-packages/airflow/example_dags/example_xcom.py for tasks to queue
[2024-07-09T16:52:42.720+0000] {logging_mixin.py:188} INFO - [2024-07-09T16:52:42.720+0000] {dagbag.py:545} INFO - Filling up the DagBag from /home/airflow/.local/lib/python3.12/site-packages/airflow/example_dags/example_xcom.py
[2024-07-09T16:52:42.727+0000] {processor.py:840} INFO - DAG(s) 'example_xcom' retrieved from /home/airflow/.local/lib/python3.12/site-packages/airflow/example_dags/example_xcom.py
[2024-07-09T16:52:42.749+0000] {logging_mixin.py:188} INFO - [2024-07-09T16:52:42.748+0000] {dag.py:3096} INFO - Sync 1 DAGs
[2024-07-09T16:52:42.769+0000] {logging_mixin.py:188} INFO - [2024-07-09T16:52:42.769+0000] {dag.py:3954} INFO - Setting next_dagrun for example_xcom to 2021-01-01 00:00:00+00:00, run_after=2021-01-01 00:00:00+00:00
[2024-07-09T16:52:42.783+0000] {processor.py:183} INFO - Processing /home/airflow/.local/lib/python3.12/site-packages/airflow/example_dags/example_xcom.py took 0.070 seconds
[2024-07-09T16:53:13.242+0000] {processor.py:161} INFO - Started process (PID=5070) to work on /home/airflow/.local/lib/python3.12/site-packages/airflow/example_dags/example_xcom.py
[2024-07-09T16:53:13.243+0000] {processor.py:830} INFO - Processing file /home/airflow/.local/lib/python3.12/site-packages/airflow/example_dags/example_xcom.py for tasks to queue
[2024-07-09T16:53:13.244+0000] {logging_mixin.py:188} INFO - [2024-07-09T16:53:13.243+0000] {dagbag.py:545} INFO - Filling up the DagBag from /home/airflow/.local/lib/python3.12/site-packages/airflow/example_dags/example_xcom.py
[2024-07-09T16:53:13.248+0000] {processor.py:840} INFO - DAG(s) 'example_xcom' retrieved from /home/airflow/.local/lib/python3.12/site-packages/airflow/example_dags/example_xcom.py
[2024-07-09T16:53:13.266+0000] {logging_mixin.py:188} INFO - [2024-07-09T16:53:13.266+0000] {dag.py:3096} INFO - Sync 1 DAGs
[2024-07-09T16:53:13.283+0000] {logging_mixin.py:188} INFO - [2024-07-09T16:53:13.283+0000] {dag.py:3954} INFO - Setting next_dagrun for example_xcom to 2021-01-01 00:00:00+00:00, run_after=2021-01-01 00:00:00+00:00
[2024-07-09T16:53:13.297+0000] {processor.py:183} INFO - Processing /home/airflow/.local/lib/python3.12/site-packages/airflow/example_dags/example_xcom.py took 0.059 seconds
[2024-07-09T16:53:43.490+0000] {processor.py:161} INFO - Started process (PID=5331) to work on /home/airflow/.local/lib/python3.12/site-packages/airflow/example_dags/example_xcom.py
[2024-07-09T16:53:43.491+0000] {processor.py:830} INFO - Processing file /home/airflow/.local/lib/python3.12/site-packages/airflow/example_dags/example_xcom.py for tasks to queue
[2024-07-09T16:53:43.492+0000] {logging_mixin.py:188} INFO - [2024-07-09T16:53:43.492+0000] {dagbag.py:545} INFO - Filling up the DagBag from /home/airflow/.local/lib/python3.12/site-packages/airflow/example_dags/example_xcom.py
[2024-07-09T16:53:43.496+0000] {processor.py:840} INFO - DAG(s) 'example_xcom' retrieved from /home/airflow/.local/lib/python3.12/site-packages/airflow/example_dags/example_xcom.py
[2024-07-09T16:53:43.514+0000] {logging_mixin.py:188} INFO - [2024-07-09T16:53:43.514+0000] {dag.py:3096} INFO - Sync 1 DAGs
[2024-07-09T16:53:43.532+0000] {logging_mixin.py:188} INFO - [2024-07-09T16:53:43.531+0000] {dag.py:3954} INFO - Setting next_dagrun for example_xcom to 2021-01-01 00:00:00+00:00, run_after=2021-01-01 00:00:00+00:00
[2024-07-09T16:53:43.546+0000] {processor.py:183} INFO - Processing /home/airflow/.local/lib/python3.12/site-packages/airflow/example_dags/example_xcom.py took 0.060 seconds
[2024-07-09T16:54:13.988+0000] {processor.py:161} INFO - Started process (PID=5592) to work on /home/airflow/.local/lib/python3.12/site-packages/airflow/example_dags/example_xcom.py
[2024-07-09T16:54:13.989+0000] {processor.py:830} INFO - Processing file /home/airflow/.local/lib/python3.12/site-packages/airflow/example_dags/example_xcom.py for tasks to queue
[2024-07-09T16:54:13.990+0000] {logging_mixin.py:188} INFO - [2024-07-09T16:54:13.990+0000] {dagbag.py:545} INFO - Filling up the DagBag from /home/airflow/.local/lib/python3.12/site-packages/airflow/example_dags/example_xcom.py
[2024-07-09T16:54:13.995+0000] {processor.py:840} INFO - DAG(s) 'example_xcom' retrieved from /home/airflow/.local/lib/python3.12/site-packages/airflow/example_dags/example_xcom.py
[2024-07-09T16:54:14.013+0000] {logging_mixin.py:188} INFO - [2024-07-09T16:54:14.013+0000] {dag.py:3096} INFO - Sync 1 DAGs
[2024-07-09T16:54:14.030+0000] {logging_mixin.py:188} INFO - [2024-07-09T16:54:14.030+0000] {dag.py:3954} INFO - Setting next_dagrun for example_xcom to 2021-01-01 00:00:00+00:00, run_after=2021-01-01 00:00:00+00:00
[2024-07-09T16:54:14.047+0000] {processor.py:183} INFO - Processing /home/airflow/.local/lib/python3.12/site-packages/airflow/example_dags/example_xcom.py took 0.063 seconds
[2024-07-09T16:54:44.262+0000] {processor.py:161} INFO - Started process (PID=5853) to work on /home/airflow/.local/lib/python3.12/site-packages/airflow/example_dags/example_xcom.py
[2024-07-09T16:54:44.262+0000] {processor.py:830} INFO - Processing file /home/airflow/.local/lib/python3.12/site-packages/airflow/example_dags/example_xcom.py for tasks to queue
[2024-07-09T16:54:44.264+0000] {logging_mixin.py:188} INFO - [2024-07-09T16:54:44.263+0000] {dagbag.py:545} INFO - Filling up the DagBag from /home/airflow/.local/lib/python3.12/site-packages/airflow/example_dags/example_xcom.py
[2024-07-09T16:54:44.269+0000] {processor.py:840} INFO - DAG(s) 'example_xcom' retrieved from /home/airflow/.local/lib/python3.12/site-packages/airflow/example_dags/example_xcom.py
[2024-07-09T16:54:44.286+0000] {logging_mixin.py:188} INFO - [2024-07-09T16:54:44.286+0000] {dag.py:3096} INFO - Sync 1 DAGs
[2024-07-09T16:54:44.302+0000] {logging_mixin.py:188} INFO - [2024-07-09T16:54:44.301+0000] {dag.py:3954} INFO - Setting next_dagrun for example_xcom to 2021-01-01 00:00:00+00:00, run_after=2021-01-01 00:00:00+00:00
[2024-07-09T16:54:44.315+0000] {processor.py:183} INFO - Processing /home/airflow/.local/lib/python3.12/site-packages/airflow/example_dags/example_xcom.py took 0.057 seconds
[2024-07-09T16:55:14.603+0000] {processor.py:161} INFO - Started process (PID=6114) to work on /home/airflow/.local/lib/python3.12/site-packages/airflow/example_dags/example_xcom.py
[2024-07-09T16:55:14.604+0000] {processor.py:830} INFO - Processing file /home/airflow/.local/lib/python3.12/site-packages/airflow/example_dags/example_xcom.py for tasks to queue
[2024-07-09T16:55:14.605+0000] {logging_mixin.py:188} INFO - [2024-07-09T16:55:14.605+0000] {dagbag.py:545} INFO - Filling up the DagBag from /home/airflow/.local/lib/python3.12/site-packages/airflow/example_dags/example_xcom.py
[2024-07-09T16:55:14.609+0000] {processor.py:840} INFO - DAG(s) 'example_xcom' retrieved from /home/airflow/.local/lib/python3.12/site-packages/airflow/example_dags/example_xcom.py
[2024-07-09T16:55:14.626+0000] {logging_mixin.py:188} INFO - [2024-07-09T16:55:14.626+0000] {dag.py:3096} INFO - Sync 1 DAGs
[2024-07-09T16:55:14.641+0000] {logging_mixin.py:188} INFO - [2024-07-09T16:55:14.641+0000] {dag.py:3954} INFO - Setting next_dagrun for example_xcom to 2021-01-01 00:00:00+00:00, run_after=2021-01-01 00:00:00+00:00
[2024-07-09T16:55:14.653+0000] {processor.py:183} INFO - Processing /home/airflow/.local/lib/python3.12/site-packages/airflow/example_dags/example_xcom.py took 0.054 seconds
