[2024-07-09T16:44:04.934+0000] {processor.py:161} INFO - Started process (PID=243) to work on /home/airflow/.local/lib/python3.12/site-packages/airflow/example_dags/example_task_group_decorator.py
[2024-07-09T16:44:04.935+0000] {processor.py:830} INFO - Processing file /home/airflow/.local/lib/python3.12/site-packages/airflow/example_dags/example_task_group_decorator.py for tasks to queue
[2024-07-09T16:44:04.936+0000] {logging_mixin.py:188} INFO - [2024-07-09T16:44:04.936+0000] {dagbag.py:545} INFO - Filling up the DagBag from /home/airflow/.local/lib/python3.12/site-packages/airflow/example_dags/example_task_group_decorator.py
[2024-07-09T16:44:04.946+0000] {processor.py:840} INFO - DAG(s) 'example_task_group_decorator' retrieved from /home/airflow/.local/lib/python3.12/site-packages/airflow/example_dags/example_task_group_decorator.py
[2024-07-09T16:44:05.028+0000] {logging_mixin.py:188} INFO - [2024-07-09T16:44:05.027+0000] {override.py:1829} INFO - Created Permission View: can delete on DAG:example_task_group_decorator
[2024-07-09T16:44:05.034+0000] {logging_mixin.py:188} INFO - [2024-07-09T16:44:05.034+0000] {override.py:1829} INFO - Created Permission View: can edit on DAG:example_task_group_decorator
[2024-07-09T16:44:05.040+0000] {logging_mixin.py:188} INFO - [2024-07-09T16:44:05.039+0000] {override.py:1829} INFO - Created Permission View: can read on DAG:example_task_group_decorator
[2024-07-09T16:44:05.040+0000] {logging_mixin.py:188} INFO - [2024-07-09T16:44:05.040+0000] {dag.py:3096} INFO - Sync 1 DAGs
[2024-07-09T16:44:05.048+0000] {logging_mixin.py:188} INFO - [2024-07-09T16:44:05.048+0000] {dag.py:3118} INFO - Creating ORM DAG for example_task_group_decorator
[2024-07-09T16:44:05.058+0000] {logging_mixin.py:188} INFO - [2024-07-09T16:44:05.058+0000] {dag.py:3954} INFO - Setting next_dagrun for example_task_group_decorator to 2024-07-08 00:00:00+00:00, run_after=2024-07-09 00:00:00+00:00
[2024-07-09T16:44:05.072+0000] {processor.py:183} INFO - Processing /home/airflow/.local/lib/python3.12/site-packages/airflow/example_dags/example_task_group_decorator.py took 0.141 seconds
[2024-07-09T16:44:35.659+0000] {processor.py:161} INFO - Started process (PID=505) to work on /home/airflow/.local/lib/python3.12/site-packages/airflow/example_dags/example_task_group_decorator.py
[2024-07-09T16:44:35.660+0000] {processor.py:830} INFO - Processing file /home/airflow/.local/lib/python3.12/site-packages/airflow/example_dags/example_task_group_decorator.py for tasks to queue
[2024-07-09T16:44:35.660+0000] {logging_mixin.py:188} INFO - [2024-07-09T16:44:35.660+0000] {dagbag.py:545} INFO - Filling up the DagBag from /home/airflow/.local/lib/python3.12/site-packages/airflow/example_dags/example_task_group_decorator.py
[2024-07-09T16:44:35.669+0000] {processor.py:840} INFO - DAG(s) 'example_task_group_decorator' retrieved from /home/airflow/.local/lib/python3.12/site-packages/airflow/example_dags/example_task_group_decorator.py
[2024-07-09T16:44:35.687+0000] {logging_mixin.py:188} INFO - [2024-07-09T16:44:35.687+0000] {dag.py:3096} INFO - Sync 1 DAGs
[2024-07-09T16:44:35.703+0000] {logging_mixin.py:188} INFO - [2024-07-09T16:44:35.703+0000] {dag.py:3954} INFO - Setting next_dagrun for example_task_group_decorator to 2024-07-08 00:00:00+00:00, run_after=2024-07-09 00:00:00+00:00
[2024-07-09T16:44:35.715+0000] {processor.py:183} INFO - Processing /home/airflow/.local/lib/python3.12/site-packages/airflow/example_dags/example_task_group_decorator.py took 0.060 seconds
[2024-07-09T16:45:05.966+0000] {processor.py:161} INFO - Started process (PID=766) to work on /home/airflow/.local/lib/python3.12/site-packages/airflow/example_dags/example_task_group_decorator.py
[2024-07-09T16:45:05.967+0000] {processor.py:830} INFO - Processing file /home/airflow/.local/lib/python3.12/site-packages/airflow/example_dags/example_task_group_decorator.py for tasks to queue
[2024-07-09T16:45:05.968+0000] {logging_mixin.py:188} INFO - [2024-07-09T16:45:05.968+0000] {dagbag.py:545} INFO - Filling up the DagBag from /home/airflow/.local/lib/python3.12/site-packages/airflow/example_dags/example_task_group_decorator.py
[2024-07-09T16:45:05.977+0000] {processor.py:840} INFO - DAG(s) 'example_task_group_decorator' retrieved from /home/airflow/.local/lib/python3.12/site-packages/airflow/example_dags/example_task_group_decorator.py
[2024-07-09T16:45:06.002+0000] {logging_mixin.py:188} INFO - [2024-07-09T16:45:06.002+0000] {dag.py:3096} INFO - Sync 1 DAGs
[2024-07-09T16:45:06.022+0000] {logging_mixin.py:188} INFO - [2024-07-09T16:45:06.022+0000] {dag.py:3954} INFO - Setting next_dagrun for example_task_group_decorator to 2024-07-08 00:00:00+00:00, run_after=2024-07-09 00:00:00+00:00
[2024-07-09T16:45:06.037+0000] {processor.py:183} INFO - Processing /home/airflow/.local/lib/python3.12/site-packages/airflow/example_dags/example_task_group_decorator.py took 0.074 seconds
[2024-07-09T16:45:36.268+0000] {processor.py:161} INFO - Started process (PID=1027) to work on /home/airflow/.local/lib/python3.12/site-packages/airflow/example_dags/example_task_group_decorator.py
[2024-07-09T16:45:36.269+0000] {processor.py:830} INFO - Processing file /home/airflow/.local/lib/python3.12/site-packages/airflow/example_dags/example_task_group_decorator.py for tasks to queue
[2024-07-09T16:45:36.270+0000] {logging_mixin.py:188} INFO - [2024-07-09T16:45:36.270+0000] {dagbag.py:545} INFO - Filling up the DagBag from /home/airflow/.local/lib/python3.12/site-packages/airflow/example_dags/example_task_group_decorator.py
[2024-07-09T16:45:36.280+0000] {processor.py:840} INFO - DAG(s) 'example_task_group_decorator' retrieved from /home/airflow/.local/lib/python3.12/site-packages/airflow/example_dags/example_task_group_decorator.py
[2024-07-09T16:45:36.300+0000] {logging_mixin.py:188} INFO - [2024-07-09T16:45:36.299+0000] {dag.py:3096} INFO - Sync 1 DAGs
[2024-07-09T16:45:36.315+0000] {logging_mixin.py:188} INFO - [2024-07-09T16:45:36.315+0000] {dag.py:3954} INFO - Setting next_dagrun for example_task_group_decorator to 2024-07-08 00:00:00+00:00, run_after=2024-07-09 00:00:00+00:00
[2024-07-09T16:45:36.328+0000] {processor.py:183} INFO - Processing /home/airflow/.local/lib/python3.12/site-packages/airflow/example_dags/example_task_group_decorator.py took 0.063 seconds
[2024-07-09T16:46:06.718+0000] {processor.py:161} INFO - Started process (PID=1286) to work on /home/airflow/.local/lib/python3.12/site-packages/airflow/example_dags/example_task_group_decorator.py
[2024-07-09T16:46:06.723+0000] {processor.py:830} INFO - Processing file /home/airflow/.local/lib/python3.12/site-packages/airflow/example_dags/example_task_group_decorator.py for tasks to queue
[2024-07-09T16:46:06.724+0000] {logging_mixin.py:188} INFO - [2024-07-09T16:46:06.724+0000] {dagbag.py:545} INFO - Filling up the DagBag from /home/airflow/.local/lib/python3.12/site-packages/airflow/example_dags/example_task_group_decorator.py
[2024-07-09T16:46:06.740+0000] {processor.py:840} INFO - DAG(s) 'example_task_group_decorator' retrieved from /home/airflow/.local/lib/python3.12/site-packages/airflow/example_dags/example_task_group_decorator.py
[2024-07-09T16:46:06.773+0000] {logging_mixin.py:188} INFO - [2024-07-09T16:46:06.772+0000] {dag.py:3096} INFO - Sync 1 DAGs
[2024-07-09T16:46:06.800+0000] {logging_mixin.py:188} INFO - [2024-07-09T16:46:06.800+0000] {dag.py:3954} INFO - Setting next_dagrun for example_task_group_decorator to 2024-07-08 00:00:00+00:00, run_after=2024-07-09 00:00:00+00:00
[2024-07-09T16:46:06.817+0000] {processor.py:183} INFO - Processing /home/airflow/.local/lib/python3.12/site-packages/airflow/example_dags/example_task_group_decorator.py took 0.104 seconds
[2024-07-09T16:46:37.102+0000] {processor.py:161} INFO - Started process (PID=1547) to work on /home/airflow/.local/lib/python3.12/site-packages/airflow/example_dags/example_task_group_decorator.py
[2024-07-09T16:46:37.103+0000] {processor.py:830} INFO - Processing file /home/airflow/.local/lib/python3.12/site-packages/airflow/example_dags/example_task_group_decorator.py for tasks to queue
[2024-07-09T16:46:37.104+0000] {logging_mixin.py:188} INFO - [2024-07-09T16:46:37.104+0000] {dagbag.py:545} INFO - Filling up the DagBag from /home/airflow/.local/lib/python3.12/site-packages/airflow/example_dags/example_task_group_decorator.py
[2024-07-09T16:46:37.114+0000] {processor.py:840} INFO - DAG(s) 'example_task_group_decorator' retrieved from /home/airflow/.local/lib/python3.12/site-packages/airflow/example_dags/example_task_group_decorator.py
[2024-07-09T16:46:37.134+0000] {logging_mixin.py:188} INFO - [2024-07-09T16:46:37.134+0000] {dag.py:3096} INFO - Sync 1 DAGs
[2024-07-09T16:46:37.151+0000] {logging_mixin.py:188} INFO - [2024-07-09T16:46:37.151+0000] {dag.py:3954} INFO - Setting next_dagrun for example_task_group_decorator to 2024-07-08 00:00:00+00:00, run_after=2024-07-09 00:00:00+00:00
[2024-07-09T16:46:37.164+0000] {processor.py:183} INFO - Processing /home/airflow/.local/lib/python3.12/site-packages/airflow/example_dags/example_task_group_decorator.py took 0.066 seconds
[2024-07-09T16:47:07.506+0000] {processor.py:161} INFO - Started process (PID=1810) to work on /home/airflow/.local/lib/python3.12/site-packages/airflow/example_dags/example_task_group_decorator.py
[2024-07-09T16:47:07.507+0000] {processor.py:830} INFO - Processing file /home/airflow/.local/lib/python3.12/site-packages/airflow/example_dags/example_task_group_decorator.py for tasks to queue
[2024-07-09T16:47:07.508+0000] {logging_mixin.py:188} INFO - [2024-07-09T16:47:07.507+0000] {dagbag.py:545} INFO - Filling up the DagBag from /home/airflow/.local/lib/python3.12/site-packages/airflow/example_dags/example_task_group_decorator.py
[2024-07-09T16:47:07.516+0000] {processor.py:840} INFO - DAG(s) 'example_task_group_decorator' retrieved from /home/airflow/.local/lib/python3.12/site-packages/airflow/example_dags/example_task_group_decorator.py
[2024-07-09T16:47:07.536+0000] {logging_mixin.py:188} INFO - [2024-07-09T16:47:07.535+0000] {dag.py:3096} INFO - Sync 1 DAGs
[2024-07-09T16:47:07.550+0000] {logging_mixin.py:188} INFO - [2024-07-09T16:47:07.550+0000] {dag.py:3954} INFO - Setting next_dagrun for example_task_group_decorator to 2024-07-08 00:00:00+00:00, run_after=2024-07-09 00:00:00+00:00
[2024-07-09T16:47:07.562+0000] {processor.py:183} INFO - Processing /home/airflow/.local/lib/python3.12/site-packages/airflow/example_dags/example_task_group_decorator.py took 0.060 seconds
[2024-07-09T16:47:37.683+0000] {processor.py:161} INFO - Started process (PID=2069) to work on /home/airflow/.local/lib/python3.12/site-packages/airflow/example_dags/example_task_group_decorator.py
[2024-07-09T16:47:37.683+0000] {processor.py:830} INFO - Processing file /home/airflow/.local/lib/python3.12/site-packages/airflow/example_dags/example_task_group_decorator.py for tasks to queue
[2024-07-09T16:47:37.684+0000] {logging_mixin.py:188} INFO - [2024-07-09T16:47:37.684+0000] {dagbag.py:545} INFO - Filling up the DagBag from /home/airflow/.local/lib/python3.12/site-packages/airflow/example_dags/example_task_group_decorator.py
[2024-07-09T16:47:37.694+0000] {processor.py:840} INFO - DAG(s) 'example_task_group_decorator' retrieved from /home/airflow/.local/lib/python3.12/site-packages/airflow/example_dags/example_task_group_decorator.py
[2024-07-09T16:47:37.715+0000] {logging_mixin.py:188} INFO - [2024-07-09T16:47:37.715+0000] {dag.py:3096} INFO - Sync 1 DAGs
[2024-07-09T16:47:37.730+0000] {logging_mixin.py:188} INFO - [2024-07-09T16:47:37.730+0000] {dag.py:3954} INFO - Setting next_dagrun for example_task_group_decorator to 2024-07-08 00:00:00+00:00, run_after=2024-07-09 00:00:00+00:00
[2024-07-09T16:47:37.742+0000] {processor.py:183} INFO - Processing /home/airflow/.local/lib/python3.12/site-packages/airflow/example_dags/example_task_group_decorator.py took 0.064 seconds
[2024-07-09T16:48:07.829+0000] {processor.py:161} INFO - Started process (PID=2330) to work on /home/airflow/.local/lib/python3.12/site-packages/airflow/example_dags/example_task_group_decorator.py
[2024-07-09T16:48:07.830+0000] {processor.py:830} INFO - Processing file /home/airflow/.local/lib/python3.12/site-packages/airflow/example_dags/example_task_group_decorator.py for tasks to queue
[2024-07-09T16:48:07.831+0000] {logging_mixin.py:188} INFO - [2024-07-09T16:48:07.830+0000] {dagbag.py:545} INFO - Filling up the DagBag from /home/airflow/.local/lib/python3.12/site-packages/airflow/example_dags/example_task_group_decorator.py
[2024-07-09T16:48:07.840+0000] {processor.py:840} INFO - DAG(s) 'example_task_group_decorator' retrieved from /home/airflow/.local/lib/python3.12/site-packages/airflow/example_dags/example_task_group_decorator.py
[2024-07-09T16:48:07.860+0000] {logging_mixin.py:188} INFO - [2024-07-09T16:48:07.860+0000] {dag.py:3096} INFO - Sync 1 DAGs
[2024-07-09T16:48:07.875+0000] {logging_mixin.py:188} INFO - [2024-07-09T16:48:07.875+0000] {dag.py:3954} INFO - Setting next_dagrun for example_task_group_decorator to 2024-07-08 00:00:00+00:00, run_after=2024-07-09 00:00:00+00:00
[2024-07-09T16:48:07.887+0000] {processor.py:183} INFO - Processing /home/airflow/.local/lib/python3.12/site-packages/airflow/example_dags/example_task_group_decorator.py took 0.062 seconds
[2024-07-09T16:48:38.167+0000] {processor.py:161} INFO - Started process (PID=2593) to work on /home/airflow/.local/lib/python3.12/site-packages/airflow/example_dags/example_task_group_decorator.py
[2024-07-09T16:48:38.167+0000] {processor.py:830} INFO - Processing file /home/airflow/.local/lib/python3.12/site-packages/airflow/example_dags/example_task_group_decorator.py for tasks to queue
[2024-07-09T16:48:38.168+0000] {logging_mixin.py:188} INFO - [2024-07-09T16:48:38.168+0000] {dagbag.py:545} INFO - Filling up the DagBag from /home/airflow/.local/lib/python3.12/site-packages/airflow/example_dags/example_task_group_decorator.py
[2024-07-09T16:48:38.178+0000] {processor.py:840} INFO - DAG(s) 'example_task_group_decorator' retrieved from /home/airflow/.local/lib/python3.12/site-packages/airflow/example_dags/example_task_group_decorator.py
[2024-07-09T16:48:38.196+0000] {logging_mixin.py:188} INFO - [2024-07-09T16:48:38.196+0000] {dag.py:3096} INFO - Sync 1 DAGs
[2024-07-09T16:48:38.217+0000] {logging_mixin.py:188} INFO - [2024-07-09T16:48:38.216+0000] {dag.py:3954} INFO - Setting next_dagrun for example_task_group_decorator to 2024-07-08 00:00:00+00:00, run_after=2024-07-09 00:00:00+00:00
[2024-07-09T16:48:38.240+0000] {processor.py:183} INFO - Processing /home/airflow/.local/lib/python3.12/site-packages/airflow/example_dags/example_task_group_decorator.py took 0.077 seconds
[2024-07-09T16:49:08.637+0000] {processor.py:161} INFO - Started process (PID=2854) to work on /home/airflow/.local/lib/python3.12/site-packages/airflow/example_dags/example_task_group_decorator.py
[2024-07-09T16:49:08.637+0000] {processor.py:830} INFO - Processing file /home/airflow/.local/lib/python3.12/site-packages/airflow/example_dags/example_task_group_decorator.py for tasks to queue
[2024-07-09T16:49:08.639+0000] {logging_mixin.py:188} INFO - [2024-07-09T16:49:08.638+0000] {dagbag.py:545} INFO - Filling up the DagBag from /home/airflow/.local/lib/python3.12/site-packages/airflow/example_dags/example_task_group_decorator.py
[2024-07-09T16:49:08.648+0000] {processor.py:840} INFO - DAG(s) 'example_task_group_decorator' retrieved from /home/airflow/.local/lib/python3.12/site-packages/airflow/example_dags/example_task_group_decorator.py
[2024-07-09T16:49:08.666+0000] {logging_mixin.py:188} INFO - [2024-07-09T16:49:08.666+0000] {dag.py:3096} INFO - Sync 1 DAGs
[2024-07-09T16:49:08.681+0000] {logging_mixin.py:188} INFO - [2024-07-09T16:49:08.680+0000] {dag.py:3954} INFO - Setting next_dagrun for example_task_group_decorator to 2024-07-08 00:00:00+00:00, run_after=2024-07-09 00:00:00+00:00
[2024-07-09T16:49:08.693+0000] {processor.py:183} INFO - Processing /home/airflow/.local/lib/python3.12/site-packages/airflow/example_dags/example_task_group_decorator.py took 0.060 seconds
[2024-07-09T16:49:38.862+0000] {processor.py:161} INFO - Started process (PID=3115) to work on /home/airflow/.local/lib/python3.12/site-packages/airflow/example_dags/example_task_group_decorator.py
[2024-07-09T16:49:38.862+0000] {processor.py:830} INFO - Processing file /home/airflow/.local/lib/python3.12/site-packages/airflow/example_dags/example_task_group_decorator.py for tasks to queue
[2024-07-09T16:49:38.864+0000] {logging_mixin.py:188} INFO - [2024-07-09T16:49:38.863+0000] {dagbag.py:545} INFO - Filling up the DagBag from /home/airflow/.local/lib/python3.12/site-packages/airflow/example_dags/example_task_group_decorator.py
[2024-07-09T16:49:38.873+0000] {processor.py:840} INFO - DAG(s) 'example_task_group_decorator' retrieved from /home/airflow/.local/lib/python3.12/site-packages/airflow/example_dags/example_task_group_decorator.py
[2024-07-09T16:49:38.891+0000] {logging_mixin.py:188} INFO - [2024-07-09T16:49:38.891+0000] {dag.py:3096} INFO - Sync 1 DAGs
[2024-07-09T16:49:38.905+0000] {logging_mixin.py:188} INFO - [2024-07-09T16:49:38.905+0000] {dag.py:3954} INFO - Setting next_dagrun for example_task_group_decorator to 2024-07-08 00:00:00+00:00, run_after=2024-07-09 00:00:00+00:00
[2024-07-09T16:49:38.918+0000] {processor.py:183} INFO - Processing /home/airflow/.local/lib/python3.12/site-packages/airflow/example_dags/example_task_group_decorator.py took 0.060 seconds
[2024-07-09T16:50:09.202+0000] {processor.py:161} INFO - Started process (PID=3376) to work on /home/airflow/.local/lib/python3.12/site-packages/airflow/example_dags/example_task_group_decorator.py
[2024-07-09T16:50:09.202+0000] {processor.py:830} INFO - Processing file /home/airflow/.local/lib/python3.12/site-packages/airflow/example_dags/example_task_group_decorator.py for tasks to queue
[2024-07-09T16:50:09.203+0000] {logging_mixin.py:188} INFO - [2024-07-09T16:50:09.203+0000] {dagbag.py:545} INFO - Filling up the DagBag from /home/airflow/.local/lib/python3.12/site-packages/airflow/example_dags/example_task_group_decorator.py
[2024-07-09T16:50:09.212+0000] {processor.py:840} INFO - DAG(s) 'example_task_group_decorator' retrieved from /home/airflow/.local/lib/python3.12/site-packages/airflow/example_dags/example_task_group_decorator.py
[2024-07-09T16:50:09.231+0000] {logging_mixin.py:188} INFO - [2024-07-09T16:50:09.231+0000] {dag.py:3096} INFO - Sync 1 DAGs
[2024-07-09T16:50:09.245+0000] {logging_mixin.py:188} INFO - [2024-07-09T16:50:09.245+0000] {dag.py:3954} INFO - Setting next_dagrun for example_task_group_decorator to 2024-07-08 00:00:00+00:00, run_after=2024-07-09 00:00:00+00:00
[2024-07-09T16:50:09.257+0000] {processor.py:183} INFO - Processing /home/airflow/.local/lib/python3.12/site-packages/airflow/example_dags/example_task_group_decorator.py took 0.060 seconds
[2024-07-09T16:50:39.469+0000] {processor.py:161} INFO - Started process (PID=3637) to work on /home/airflow/.local/lib/python3.12/site-packages/airflow/example_dags/example_task_group_decorator.py
[2024-07-09T16:50:39.470+0000] {processor.py:830} INFO - Processing file /home/airflow/.local/lib/python3.12/site-packages/airflow/example_dags/example_task_group_decorator.py for tasks to queue
[2024-07-09T16:50:39.471+0000] {logging_mixin.py:188} INFO - [2024-07-09T16:50:39.470+0000] {dagbag.py:545} INFO - Filling up the DagBag from /home/airflow/.local/lib/python3.12/site-packages/airflow/example_dags/example_task_group_decorator.py
[2024-07-09T16:50:39.479+0000] {processor.py:840} INFO - DAG(s) 'example_task_group_decorator' retrieved from /home/airflow/.local/lib/python3.12/site-packages/airflow/example_dags/example_task_group_decorator.py
[2024-07-09T16:50:39.498+0000] {logging_mixin.py:188} INFO - [2024-07-09T16:50:39.498+0000] {dag.py:3096} INFO - Sync 1 DAGs
[2024-07-09T16:50:39.513+0000] {logging_mixin.py:188} INFO - [2024-07-09T16:50:39.513+0000] {dag.py:3954} INFO - Setting next_dagrun for example_task_group_decorator to 2024-07-08 00:00:00+00:00, run_after=2024-07-09 00:00:00+00:00
[2024-07-09T16:50:39.525+0000] {processor.py:183} INFO - Processing /home/airflow/.local/lib/python3.12/site-packages/airflow/example_dags/example_task_group_decorator.py took 0.060 seconds
[2024-07-09T16:51:09.783+0000] {processor.py:161} INFO - Started process (PID=3898) to work on /home/airflow/.local/lib/python3.12/site-packages/airflow/example_dags/example_task_group_decorator.py
[2024-07-09T16:51:09.783+0000] {processor.py:830} INFO - Processing file /home/airflow/.local/lib/python3.12/site-packages/airflow/example_dags/example_task_group_decorator.py for tasks to queue
[2024-07-09T16:51:09.784+0000] {logging_mixin.py:188} INFO - [2024-07-09T16:51:09.784+0000] {dagbag.py:545} INFO - Filling up the DagBag from /home/airflow/.local/lib/python3.12/site-packages/airflow/example_dags/example_task_group_decorator.py
[2024-07-09T16:51:09.794+0000] {processor.py:840} INFO - DAG(s) 'example_task_group_decorator' retrieved from /home/airflow/.local/lib/python3.12/site-packages/airflow/example_dags/example_task_group_decorator.py
[2024-07-09T16:51:09.813+0000] {logging_mixin.py:188} INFO - [2024-07-09T16:51:09.813+0000] {dag.py:3096} INFO - Sync 1 DAGs
[2024-07-09T16:51:09.828+0000] {logging_mixin.py:188} INFO - [2024-07-09T16:51:09.827+0000] {dag.py:3954} INFO - Setting next_dagrun for example_task_group_decorator to 2024-07-08 00:00:00+00:00, run_after=2024-07-09 00:00:00+00:00
[2024-07-09T16:51:09.839+0000] {processor.py:183} INFO - Processing /home/airflow/.local/lib/python3.12/site-packages/airflow/example_dags/example_task_group_decorator.py took 0.060 seconds
[2024-07-09T16:51:39.957+0000] {processor.py:161} INFO - Started process (PID=4159) to work on /home/airflow/.local/lib/python3.12/site-packages/airflow/example_dags/example_task_group_decorator.py
[2024-07-09T16:51:39.958+0000] {processor.py:830} INFO - Processing file /home/airflow/.local/lib/python3.12/site-packages/airflow/example_dags/example_task_group_decorator.py for tasks to queue
[2024-07-09T16:51:39.959+0000] {logging_mixin.py:188} INFO - [2024-07-09T16:51:39.958+0000] {dagbag.py:545} INFO - Filling up the DagBag from /home/airflow/.local/lib/python3.12/site-packages/airflow/example_dags/example_task_group_decorator.py
[2024-07-09T16:51:39.969+0000] {processor.py:840} INFO - DAG(s) 'example_task_group_decorator' retrieved from /home/airflow/.local/lib/python3.12/site-packages/airflow/example_dags/example_task_group_decorator.py
[2024-07-09T16:51:39.989+0000] {logging_mixin.py:188} INFO - [2024-07-09T16:51:39.989+0000] {dag.py:3096} INFO - Sync 1 DAGs
[2024-07-09T16:51:40.004+0000] {logging_mixin.py:188} INFO - [2024-07-09T16:51:40.004+0000] {dag.py:3954} INFO - Setting next_dagrun for example_task_group_decorator to 2024-07-08 00:00:00+00:00, run_after=2024-07-09 00:00:00+00:00
[2024-07-09T16:51:40.017+0000] {processor.py:183} INFO - Processing /home/airflow/.local/lib/python3.12/site-packages/airflow/example_dags/example_task_group_decorator.py took 0.064 seconds
[2024-07-09T16:52:10.376+0000] {processor.py:161} INFO - Started process (PID=4418) to work on /home/airflow/.local/lib/python3.12/site-packages/airflow/example_dags/example_task_group_decorator.py
[2024-07-09T16:52:10.376+0000] {processor.py:830} INFO - Processing file /home/airflow/.local/lib/python3.12/site-packages/airflow/example_dags/example_task_group_decorator.py for tasks to queue
[2024-07-09T16:52:10.377+0000] {logging_mixin.py:188} INFO - [2024-07-09T16:52:10.377+0000] {dagbag.py:545} INFO - Filling up the DagBag from /home/airflow/.local/lib/python3.12/site-packages/airflow/example_dags/example_task_group_decorator.py
[2024-07-09T16:52:10.387+0000] {processor.py:840} INFO - DAG(s) 'example_task_group_decorator' retrieved from /home/airflow/.local/lib/python3.12/site-packages/airflow/example_dags/example_task_group_decorator.py
[2024-07-09T16:52:10.409+0000] {logging_mixin.py:188} INFO - [2024-07-09T16:52:10.409+0000] {dag.py:3096} INFO - Sync 1 DAGs
[2024-07-09T16:52:10.425+0000] {logging_mixin.py:188} INFO - [2024-07-09T16:52:10.425+0000] {dag.py:3954} INFO - Setting next_dagrun for example_task_group_decorator to 2024-07-08 00:00:00+00:00, run_after=2024-07-09 00:00:00+00:00
[2024-07-09T16:52:10.438+0000] {processor.py:183} INFO - Processing /home/airflow/.local/lib/python3.12/site-packages/airflow/example_dags/example_task_group_decorator.py took 0.067 seconds
[2024-07-09T16:52:40.677+0000] {processor.py:161} INFO - Started process (PID=4679) to work on /home/airflow/.local/lib/python3.12/site-packages/airflow/example_dags/example_task_group_decorator.py
[2024-07-09T16:52:40.677+0000] {processor.py:830} INFO - Processing file /home/airflow/.local/lib/python3.12/site-packages/airflow/example_dags/example_task_group_decorator.py for tasks to queue
[2024-07-09T16:52:40.678+0000] {logging_mixin.py:188} INFO - [2024-07-09T16:52:40.678+0000] {dagbag.py:545} INFO - Filling up the DagBag from /home/airflow/.local/lib/python3.12/site-packages/airflow/example_dags/example_task_group_decorator.py
[2024-07-09T16:52:40.688+0000] {processor.py:840} INFO - DAG(s) 'example_task_group_decorator' retrieved from /home/airflow/.local/lib/python3.12/site-packages/airflow/example_dags/example_task_group_decorator.py
[2024-07-09T16:52:40.709+0000] {logging_mixin.py:188} INFO - [2024-07-09T16:52:40.708+0000] {dag.py:3096} INFO - Sync 1 DAGs
[2024-07-09T16:52:40.724+0000] {logging_mixin.py:188} INFO - [2024-07-09T16:52:40.724+0000] {dag.py:3954} INFO - Setting next_dagrun for example_task_group_decorator to 2024-07-08 00:00:00+00:00, run_after=2024-07-09 00:00:00+00:00
[2024-07-09T16:52:40.737+0000] {processor.py:183} INFO - Processing /home/airflow/.local/lib/python3.12/site-packages/airflow/example_dags/example_task_group_decorator.py took 0.064 seconds
[2024-07-09T16:53:11.010+0000] {processor.py:161} INFO - Started process (PID=4940) to work on /home/airflow/.local/lib/python3.12/site-packages/airflow/example_dags/example_task_group_decorator.py
[2024-07-09T16:53:11.011+0000] {processor.py:830} INFO - Processing file /home/airflow/.local/lib/python3.12/site-packages/airflow/example_dags/example_task_group_decorator.py for tasks to queue
[2024-07-09T16:53:11.012+0000] {logging_mixin.py:188} INFO - [2024-07-09T16:53:11.012+0000] {dagbag.py:545} INFO - Filling up the DagBag from /home/airflow/.local/lib/python3.12/site-packages/airflow/example_dags/example_task_group_decorator.py
[2024-07-09T16:53:11.024+0000] {processor.py:840} INFO - DAG(s) 'example_task_group_decorator' retrieved from /home/airflow/.local/lib/python3.12/site-packages/airflow/example_dags/example_task_group_decorator.py
[2024-07-09T16:53:11.046+0000] {logging_mixin.py:188} INFO - [2024-07-09T16:53:11.045+0000] {dag.py:3096} INFO - Sync 1 DAGs
[2024-07-09T16:53:11.063+0000] {logging_mixin.py:188} INFO - [2024-07-09T16:53:11.063+0000] {dag.py:3954} INFO - Setting next_dagrun for example_task_group_decorator to 2024-07-08 00:00:00+00:00, run_after=2024-07-09 00:00:00+00:00
[2024-07-09T16:53:11.077+0000] {processor.py:183} INFO - Processing /home/airflow/.local/lib/python3.12/site-packages/airflow/example_dags/example_task_group_decorator.py took 0.071 seconds
[2024-07-09T16:53:41.280+0000] {processor.py:161} INFO - Started process (PID=5201) to work on /home/airflow/.local/lib/python3.12/site-packages/airflow/example_dags/example_task_group_decorator.py
[2024-07-09T16:53:41.281+0000] {processor.py:830} INFO - Processing file /home/airflow/.local/lib/python3.12/site-packages/airflow/example_dags/example_task_group_decorator.py for tasks to queue
[2024-07-09T16:53:41.282+0000] {logging_mixin.py:188} INFO - [2024-07-09T16:53:41.281+0000] {dagbag.py:545} INFO - Filling up the DagBag from /home/airflow/.local/lib/python3.12/site-packages/airflow/example_dags/example_task_group_decorator.py
[2024-07-09T16:53:41.291+0000] {processor.py:840} INFO - DAG(s) 'example_task_group_decorator' retrieved from /home/airflow/.local/lib/python3.12/site-packages/airflow/example_dags/example_task_group_decorator.py
[2024-07-09T16:53:41.312+0000] {logging_mixin.py:188} INFO - [2024-07-09T16:53:41.312+0000] {dag.py:3096} INFO - Sync 1 DAGs
[2024-07-09T16:53:41.329+0000] {logging_mixin.py:188} INFO - [2024-07-09T16:53:41.329+0000] {dag.py:3954} INFO - Setting next_dagrun for example_task_group_decorator to 2024-07-08 00:00:00+00:00, run_after=2024-07-09 00:00:00+00:00
[2024-07-09T16:53:41.340+0000] {processor.py:183} INFO - Processing /home/airflow/.local/lib/python3.12/site-packages/airflow/example_dags/example_task_group_decorator.py took 0.064 seconds
[2024-07-09T16:54:11.706+0000] {processor.py:161} INFO - Started process (PID=5462) to work on /home/airflow/.local/lib/python3.12/site-packages/airflow/example_dags/example_task_group_decorator.py
[2024-07-09T16:54:11.707+0000] {processor.py:830} INFO - Processing file /home/airflow/.local/lib/python3.12/site-packages/airflow/example_dags/example_task_group_decorator.py for tasks to queue
[2024-07-09T16:54:11.708+0000] {logging_mixin.py:188} INFO - [2024-07-09T16:54:11.708+0000] {dagbag.py:545} INFO - Filling up the DagBag from /home/airflow/.local/lib/python3.12/site-packages/airflow/example_dags/example_task_group_decorator.py
[2024-07-09T16:54:11.719+0000] {processor.py:840} INFO - DAG(s) 'example_task_group_decorator' retrieved from /home/airflow/.local/lib/python3.12/site-packages/airflow/example_dags/example_task_group_decorator.py
[2024-07-09T16:54:11.740+0000] {logging_mixin.py:188} INFO - [2024-07-09T16:54:11.740+0000] {dag.py:3096} INFO - Sync 1 DAGs
[2024-07-09T16:54:11.756+0000] {logging_mixin.py:188} INFO - [2024-07-09T16:54:11.756+0000] {dag.py:3954} INFO - Setting next_dagrun for example_task_group_decorator to 2024-07-08 00:00:00+00:00, run_after=2024-07-09 00:00:00+00:00
[2024-07-09T16:54:11.768+0000] {processor.py:183} INFO - Processing /home/airflow/.local/lib/python3.12/site-packages/airflow/example_dags/example_task_group_decorator.py took 0.066 seconds
[2024-07-09T16:54:42.130+0000] {processor.py:161} INFO - Started process (PID=5723) to work on /home/airflow/.local/lib/python3.12/site-packages/airflow/example_dags/example_task_group_decorator.py
[2024-07-09T16:54:42.130+0000] {processor.py:830} INFO - Processing file /home/airflow/.local/lib/python3.12/site-packages/airflow/example_dags/example_task_group_decorator.py for tasks to queue
[2024-07-09T16:54:42.131+0000] {logging_mixin.py:188} INFO - [2024-07-09T16:54:42.131+0000] {dagbag.py:545} INFO - Filling up the DagBag from /home/airflow/.local/lib/python3.12/site-packages/airflow/example_dags/example_task_group_decorator.py
[2024-07-09T16:54:42.141+0000] {processor.py:840} INFO - DAG(s) 'example_task_group_decorator' retrieved from /home/airflow/.local/lib/python3.12/site-packages/airflow/example_dags/example_task_group_decorator.py
[2024-07-09T16:54:42.162+0000] {logging_mixin.py:188} INFO - [2024-07-09T16:54:42.161+0000] {dag.py:3096} INFO - Sync 1 DAGs
[2024-07-09T16:54:42.177+0000] {logging_mixin.py:188} INFO - [2024-07-09T16:54:42.176+0000] {dag.py:3954} INFO - Setting next_dagrun for example_task_group_decorator to 2024-07-08 00:00:00+00:00, run_after=2024-07-09 00:00:00+00:00
[2024-07-09T16:54:42.191+0000] {processor.py:183} INFO - Processing /home/airflow/.local/lib/python3.12/site-packages/airflow/example_dags/example_task_group_decorator.py took 0.066 seconds
[2024-07-09T16:55:12.425+0000] {processor.py:161} INFO - Started process (PID=5984) to work on /home/airflow/.local/lib/python3.12/site-packages/airflow/example_dags/example_task_group_decorator.py
[2024-07-09T16:55:12.425+0000] {processor.py:830} INFO - Processing file /home/airflow/.local/lib/python3.12/site-packages/airflow/example_dags/example_task_group_decorator.py for tasks to queue
[2024-07-09T16:55:12.426+0000] {logging_mixin.py:188} INFO - [2024-07-09T16:55:12.426+0000] {dagbag.py:545} INFO - Filling up the DagBag from /home/airflow/.local/lib/python3.12/site-packages/airflow/example_dags/example_task_group_decorator.py
[2024-07-09T16:55:12.436+0000] {processor.py:840} INFO - DAG(s) 'example_task_group_decorator' retrieved from /home/airflow/.local/lib/python3.12/site-packages/airflow/example_dags/example_task_group_decorator.py
[2024-07-09T16:55:12.456+0000] {logging_mixin.py:188} INFO - [2024-07-09T16:55:12.456+0000] {dag.py:3096} INFO - Sync 1 DAGs
[2024-07-09T16:55:12.472+0000] {logging_mixin.py:188} INFO - [2024-07-09T16:55:12.472+0000] {dag.py:3954} INFO - Setting next_dagrun for example_task_group_decorator to 2024-07-08 00:00:00+00:00, run_after=2024-07-09 00:00:00+00:00
[2024-07-09T16:55:12.486+0000] {processor.py:183} INFO - Processing /home/airflow/.local/lib/python3.12/site-packages/airflow/example_dags/example_task_group_decorator.py took 0.065 seconds
