[2024-07-09T16:44:03.886+0000] {processor.py:161} INFO - Started process (PID=184) to work on /home/airflow/.local/lib/python3.12/site-packages/airflow/example_dags/example_external_task_marker_dag.py
[2024-07-09T16:44:03.887+0000] {processor.py:830} INFO - Processing file /home/airflow/.local/lib/python3.12/site-packages/airflow/example_dags/example_external_task_marker_dag.py for tasks to queue
[2024-07-09T16:44:03.888+0000] {logging_mixin.py:188} INFO - [2024-07-09T16:44:03.887+0000] {dagbag.py:545} INFO - Filling up the DagBag from /home/airflow/.local/lib/python3.12/site-packages/airflow/example_dags/example_external_task_marker_dag.py
[2024-07-09T16:44:03.893+0000] {processor.py:840} INFO - DAG(s) 'example_external_task_marker_child', 'example_external_task_marker_parent' retrieved from /home/airflow/.local/lib/python3.12/site-packages/airflow/example_dags/example_external_task_marker_dag.py
[2024-07-09T16:44:03.994+0000] {logging_mixin.py:188} INFO - [2024-07-09T16:44:03.993+0000] {override.py:1829} INFO - Created Permission View: can delete on DAG:example_external_task_marker_child
[2024-07-09T16:44:04.001+0000] {logging_mixin.py:188} INFO - [2024-07-09T16:44:04.000+0000] {override.py:1829} INFO - Created Permission View: can edit on DAG:example_external_task_marker_child
[2024-07-09T16:44:04.005+0000] {logging_mixin.py:188} INFO - [2024-07-09T16:44:04.005+0000] {override.py:1829} INFO - Created Permission View: can read on DAG:example_external_task_marker_child
[2024-07-09T16:44:04.013+0000] {logging_mixin.py:188} INFO - [2024-07-09T16:44:04.013+0000] {override.py:1829} INFO - Created Permission View: can delete on DAG:example_external_task_marker_parent
[2024-07-09T16:44:04.018+0000] {logging_mixin.py:188} INFO - [2024-07-09T16:44:04.017+0000] {override.py:1829} INFO - Created Permission View: can edit on DAG:example_external_task_marker_parent
[2024-07-09T16:44:04.023+0000] {logging_mixin.py:188} INFO - [2024-07-09T16:44:04.022+0000] {override.py:1829} INFO - Created Permission View: can read on DAG:example_external_task_marker_parent
[2024-07-09T16:44:04.023+0000] {logging_mixin.py:188} INFO - [2024-07-09T16:44:04.023+0000] {dag.py:3096} INFO - Sync 2 DAGs
[2024-07-09T16:44:04.035+0000] {logging_mixin.py:188} INFO - [2024-07-09T16:44:04.035+0000] {dag.py:3118} INFO - Creating ORM DAG for example_external_task_marker_child
[2024-07-09T16:44:04.036+0000] {logging_mixin.py:188} INFO - [2024-07-09T16:44:04.035+0000] {dag.py:3118} INFO - Creating ORM DAG for example_external_task_marker_parent
[2024-07-09T16:44:04.036+0000] {logging_mixin.py:188} INFO - [2024-07-09T16:44:04.036+0000] {dag.py:3954} INFO - Setting next_dagrun for example_external_task_marker_child to None, run_after=None
[2024-07-09T16:44:04.037+0000] {logging_mixin.py:188} INFO - [2024-07-09T16:44:04.037+0000] {dag.py:3954} INFO - Setting next_dagrun for example_external_task_marker_parent to None, run_after=None
[2024-07-09T16:44:04.052+0000] {processor.py:183} INFO - Processing /home/airflow/.local/lib/python3.12/site-packages/airflow/example_dags/example_external_task_marker_dag.py took 0.170 seconds
[2024-07-09T16:44:34.078+0000] {processor.py:161} INFO - Started process (PID=443) to work on /home/airflow/.local/lib/python3.12/site-packages/airflow/example_dags/example_external_task_marker_dag.py
[2024-07-09T16:44:34.078+0000] {processor.py:830} INFO - Processing file /home/airflow/.local/lib/python3.12/site-packages/airflow/example_dags/example_external_task_marker_dag.py for tasks to queue
[2024-07-09T16:44:34.079+0000] {logging_mixin.py:188} INFO - [2024-07-09T16:44:34.079+0000] {dagbag.py:545} INFO - Filling up the DagBag from /home/airflow/.local/lib/python3.12/site-packages/airflow/example_dags/example_external_task_marker_dag.py
[2024-07-09T16:44:34.083+0000] {processor.py:840} INFO - DAG(s) 'example_external_task_marker_parent', 'example_external_task_marker_child' retrieved from /home/airflow/.local/lib/python3.12/site-packages/airflow/example_dags/example_external_task_marker_dag.py
[2024-07-09T16:44:34.100+0000] {logging_mixin.py:188} INFO - [2024-07-09T16:44:34.100+0000] {dag.py:3096} INFO - Sync 2 DAGs
[2024-07-09T16:44:34.110+0000] {logging_mixin.py:188} INFO - [2024-07-09T16:44:34.110+0000] {dag.py:3954} INFO - Setting next_dagrun for example_external_task_marker_child to None, run_after=None
[2024-07-09T16:44:34.113+0000] {logging_mixin.py:188} INFO - [2024-07-09T16:44:34.113+0000] {dag.py:3954} INFO - Setting next_dagrun for example_external_task_marker_parent to None, run_after=None
[2024-07-09T16:44:34.123+0000] {processor.py:183} INFO - Processing /home/airflow/.local/lib/python3.12/site-packages/airflow/example_dags/example_external_task_marker_dag.py took 0.049 seconds
[2024-07-09T16:45:04.403+0000] {processor.py:161} INFO - Started process (PID=704) to work on /home/airflow/.local/lib/python3.12/site-packages/airflow/example_dags/example_external_task_marker_dag.py
[2024-07-09T16:45:04.403+0000] {processor.py:830} INFO - Processing file /home/airflow/.local/lib/python3.12/site-packages/airflow/example_dags/example_external_task_marker_dag.py for tasks to queue
[2024-07-09T16:45:04.404+0000] {logging_mixin.py:188} INFO - [2024-07-09T16:45:04.404+0000] {dagbag.py:545} INFO - Filling up the DagBag from /home/airflow/.local/lib/python3.12/site-packages/airflow/example_dags/example_external_task_marker_dag.py
[2024-07-09T16:45:04.408+0000] {processor.py:840} INFO - DAG(s) 'example_external_task_marker_child', 'example_external_task_marker_parent' retrieved from /home/airflow/.local/lib/python3.12/site-packages/airflow/example_dags/example_external_task_marker_dag.py
[2024-07-09T16:45:04.426+0000] {logging_mixin.py:188} INFO - [2024-07-09T16:45:04.426+0000] {dag.py:3096} INFO - Sync 2 DAGs
[2024-07-09T16:45:04.435+0000] {logging_mixin.py:188} INFO - [2024-07-09T16:45:04.435+0000] {dag.py:3954} INFO - Setting next_dagrun for example_external_task_marker_child to None, run_after=None
[2024-07-09T16:45:04.438+0000] {logging_mixin.py:188} INFO - [2024-07-09T16:45:04.437+0000] {dag.py:3954} INFO - Setting next_dagrun for example_external_task_marker_parent to None, run_after=None
[2024-07-09T16:45:04.447+0000] {processor.py:183} INFO - Processing /home/airflow/.local/lib/python3.12/site-packages/airflow/example_dags/example_external_task_marker_dag.py took 0.048 seconds
[2024-07-09T16:45:34.642+0000] {processor.py:161} INFO - Started process (PID=965) to work on /home/airflow/.local/lib/python3.12/site-packages/airflow/example_dags/example_external_task_marker_dag.py
[2024-07-09T16:45:34.643+0000] {processor.py:830} INFO - Processing file /home/airflow/.local/lib/python3.12/site-packages/airflow/example_dags/example_external_task_marker_dag.py for tasks to queue
[2024-07-09T16:45:34.644+0000] {logging_mixin.py:188} INFO - [2024-07-09T16:45:34.644+0000] {dagbag.py:545} INFO - Filling up the DagBag from /home/airflow/.local/lib/python3.12/site-packages/airflow/example_dags/example_external_task_marker_dag.py
[2024-07-09T16:45:34.648+0000] {processor.py:840} INFO - DAG(s) 'example_external_task_marker_child', 'example_external_task_marker_parent' retrieved from /home/airflow/.local/lib/python3.12/site-packages/airflow/example_dags/example_external_task_marker_dag.py
[2024-07-09T16:45:34.673+0000] {logging_mixin.py:188} INFO - [2024-07-09T16:45:34.673+0000] {dag.py:3096} INFO - Sync 2 DAGs
[2024-07-09T16:45:34.686+0000] {logging_mixin.py:188} INFO - [2024-07-09T16:45:34.685+0000] {dag.py:3954} INFO - Setting next_dagrun for example_external_task_marker_child to None, run_after=None
[2024-07-09T16:45:34.689+0000] {logging_mixin.py:188} INFO - [2024-07-09T16:45:34.689+0000] {dag.py:3954} INFO - Setting next_dagrun for example_external_task_marker_parent to None, run_after=None
[2024-07-09T16:45:34.701+0000] {processor.py:183} INFO - Processing /home/airflow/.local/lib/python3.12/site-packages/airflow/example_dags/example_external_task_marker_dag.py took 0.065 seconds
[2024-07-09T16:46:05.018+0000] {processor.py:161} INFO - Started process (PID=1226) to work on /home/airflow/.local/lib/python3.12/site-packages/airflow/example_dags/example_external_task_marker_dag.py
[2024-07-09T16:46:05.018+0000] {processor.py:830} INFO - Processing file /home/airflow/.local/lib/python3.12/site-packages/airflow/example_dags/example_external_task_marker_dag.py for tasks to queue
[2024-07-09T16:46:05.019+0000] {logging_mixin.py:188} INFO - [2024-07-09T16:46:05.019+0000] {dagbag.py:545} INFO - Filling up the DagBag from /home/airflow/.local/lib/python3.12/site-packages/airflow/example_dags/example_external_task_marker_dag.py
[2024-07-09T16:46:05.023+0000] {processor.py:840} INFO - DAG(s) 'example_external_task_marker_parent', 'example_external_task_marker_child' retrieved from /home/airflow/.local/lib/python3.12/site-packages/airflow/example_dags/example_external_task_marker_dag.py
[2024-07-09T16:46:05.041+0000] {logging_mixin.py:188} INFO - [2024-07-09T16:46:05.041+0000] {dag.py:3096} INFO - Sync 2 DAGs
[2024-07-09T16:46:05.050+0000] {logging_mixin.py:188} INFO - [2024-07-09T16:46:05.050+0000] {dag.py:3954} INFO - Setting next_dagrun for example_external_task_marker_child to None, run_after=None
[2024-07-09T16:46:05.053+0000] {logging_mixin.py:188} INFO - [2024-07-09T16:46:05.053+0000] {dag.py:3954} INFO - Setting next_dagrun for example_external_task_marker_parent to None, run_after=None
[2024-07-09T16:46:05.063+0000] {processor.py:183} INFO - Processing /home/airflow/.local/lib/python3.12/site-packages/airflow/example_dags/example_external_task_marker_dag.py took 0.049 seconds
[2024-07-09T16:46:35.591+0000] {processor.py:161} INFO - Started process (PID=1487) to work on /home/airflow/.local/lib/python3.12/site-packages/airflow/example_dags/example_external_task_marker_dag.py
[2024-07-09T16:46:35.592+0000] {processor.py:830} INFO - Processing file /home/airflow/.local/lib/python3.12/site-packages/airflow/example_dags/example_external_task_marker_dag.py for tasks to queue
[2024-07-09T16:46:35.593+0000] {logging_mixin.py:188} INFO - [2024-07-09T16:46:35.592+0000] {dagbag.py:545} INFO - Filling up the DagBag from /home/airflow/.local/lib/python3.12/site-packages/airflow/example_dags/example_external_task_marker_dag.py
[2024-07-09T16:46:35.597+0000] {processor.py:840} INFO - DAG(s) 'example_external_task_marker_child', 'example_external_task_marker_parent' retrieved from /home/airflow/.local/lib/python3.12/site-packages/airflow/example_dags/example_external_task_marker_dag.py
[2024-07-09T16:46:35.617+0000] {logging_mixin.py:188} INFO - [2024-07-09T16:46:35.617+0000] {dag.py:3096} INFO - Sync 2 DAGs
[2024-07-09T16:46:35.628+0000] {logging_mixin.py:188} INFO - [2024-07-09T16:46:35.627+0000] {dag.py:3954} INFO - Setting next_dagrun for example_external_task_marker_child to None, run_after=None
[2024-07-09T16:46:35.630+0000] {logging_mixin.py:188} INFO - [2024-07-09T16:46:35.630+0000] {dag.py:3954} INFO - Setting next_dagrun for example_external_task_marker_parent to None, run_after=None
[2024-07-09T16:46:35.642+0000] {processor.py:183} INFO - Processing /home/airflow/.local/lib/python3.12/site-packages/airflow/example_dags/example_external_task_marker_dag.py took 0.056 seconds
[2024-07-09T16:47:05.890+0000] {processor.py:161} INFO - Started process (PID=1748) to work on /home/airflow/.local/lib/python3.12/site-packages/airflow/example_dags/example_external_task_marker_dag.py
[2024-07-09T16:47:05.890+0000] {processor.py:830} INFO - Processing file /home/airflow/.local/lib/python3.12/site-packages/airflow/example_dags/example_external_task_marker_dag.py for tasks to queue
[2024-07-09T16:47:05.892+0000] {logging_mixin.py:188} INFO - [2024-07-09T16:47:05.892+0000] {dagbag.py:545} INFO - Filling up the DagBag from /home/airflow/.local/lib/python3.12/site-packages/airflow/example_dags/example_external_task_marker_dag.py
[2024-07-09T16:47:05.897+0000] {processor.py:840} INFO - DAG(s) 'example_external_task_marker_parent', 'example_external_task_marker_child' retrieved from /home/airflow/.local/lib/python3.12/site-packages/airflow/example_dags/example_external_task_marker_dag.py
[2024-07-09T16:47:05.916+0000] {logging_mixin.py:188} INFO - [2024-07-09T16:47:05.916+0000] {dag.py:3096} INFO - Sync 2 DAGs
[2024-07-09T16:47:05.925+0000] {logging_mixin.py:188} INFO - [2024-07-09T16:47:05.925+0000] {dag.py:3954} INFO - Setting next_dagrun for example_external_task_marker_child to None, run_after=None
[2024-07-09T16:47:05.928+0000] {logging_mixin.py:188} INFO - [2024-07-09T16:47:05.928+0000] {dag.py:3954} INFO - Setting next_dagrun for example_external_task_marker_parent to None, run_after=None
[2024-07-09T16:47:05.939+0000] {processor.py:183} INFO - Processing /home/airflow/.local/lib/python3.12/site-packages/airflow/example_dags/example_external_task_marker_dag.py took 0.055 seconds
[2024-07-09T16:47:36.133+0000] {processor.py:161} INFO - Started process (PID=2009) to work on /home/airflow/.local/lib/python3.12/site-packages/airflow/example_dags/example_external_task_marker_dag.py
[2024-07-09T16:47:36.133+0000] {processor.py:830} INFO - Processing file /home/airflow/.local/lib/python3.12/site-packages/airflow/example_dags/example_external_task_marker_dag.py for tasks to queue
[2024-07-09T16:47:36.134+0000] {logging_mixin.py:188} INFO - [2024-07-09T16:47:36.134+0000] {dagbag.py:545} INFO - Filling up the DagBag from /home/airflow/.local/lib/python3.12/site-packages/airflow/example_dags/example_external_task_marker_dag.py
[2024-07-09T16:47:36.138+0000] {processor.py:840} INFO - DAG(s) 'example_external_task_marker_child', 'example_external_task_marker_parent' retrieved from /home/airflow/.local/lib/python3.12/site-packages/airflow/example_dags/example_external_task_marker_dag.py
[2024-07-09T16:47:36.156+0000] {logging_mixin.py:188} INFO - [2024-07-09T16:47:36.156+0000] {dag.py:3096} INFO - Sync 2 DAGs
[2024-07-09T16:47:36.165+0000] {logging_mixin.py:188} INFO - [2024-07-09T16:47:36.165+0000] {dag.py:3954} INFO - Setting next_dagrun for example_external_task_marker_child to None, run_after=None
[2024-07-09T16:47:36.168+0000] {logging_mixin.py:188} INFO - [2024-07-09T16:47:36.168+0000] {dag.py:3954} INFO - Setting next_dagrun for example_external_task_marker_parent to None, run_after=None
[2024-07-09T16:47:36.178+0000] {processor.py:183} INFO - Processing /home/airflow/.local/lib/python3.12/site-packages/airflow/example_dags/example_external_task_marker_dag.py took 0.049 seconds
[2024-07-09T16:48:06.297+0000] {processor.py:161} INFO - Started process (PID=2270) to work on /home/airflow/.local/lib/python3.12/site-packages/airflow/example_dags/example_external_task_marker_dag.py
[2024-07-09T16:48:06.297+0000] {processor.py:830} INFO - Processing file /home/airflow/.local/lib/python3.12/site-packages/airflow/example_dags/example_external_task_marker_dag.py for tasks to queue
[2024-07-09T16:48:06.298+0000] {logging_mixin.py:188} INFO - [2024-07-09T16:48:06.298+0000] {dagbag.py:545} INFO - Filling up the DagBag from /home/airflow/.local/lib/python3.12/site-packages/airflow/example_dags/example_external_task_marker_dag.py
[2024-07-09T16:48:06.302+0000] {processor.py:840} INFO - DAG(s) 'example_external_task_marker_parent', 'example_external_task_marker_child' retrieved from /home/airflow/.local/lib/python3.12/site-packages/airflow/example_dags/example_external_task_marker_dag.py
[2024-07-09T16:48:06.320+0000] {logging_mixin.py:188} INFO - [2024-07-09T16:48:06.320+0000] {dag.py:3096} INFO - Sync 2 DAGs
[2024-07-09T16:48:06.330+0000] {logging_mixin.py:188} INFO - [2024-07-09T16:48:06.330+0000] {dag.py:3954} INFO - Setting next_dagrun for example_external_task_marker_child to None, run_after=None
[2024-07-09T16:48:06.333+0000] {logging_mixin.py:188} INFO - [2024-07-09T16:48:06.332+0000] {dag.py:3954} INFO - Setting next_dagrun for example_external_task_marker_parent to None, run_after=None
[2024-07-09T16:48:06.343+0000] {processor.py:183} INFO - Processing /home/airflow/.local/lib/python3.12/site-packages/airflow/example_dags/example_external_task_marker_dag.py took 0.050 seconds
[2024-07-09T16:48:36.597+0000] {processor.py:161} INFO - Started process (PID=2531) to work on /home/airflow/.local/lib/python3.12/site-packages/airflow/example_dags/example_external_task_marker_dag.py
[2024-07-09T16:48:36.598+0000] {processor.py:830} INFO - Processing file /home/airflow/.local/lib/python3.12/site-packages/airflow/example_dags/example_external_task_marker_dag.py for tasks to queue
[2024-07-09T16:48:36.599+0000] {logging_mixin.py:188} INFO - [2024-07-09T16:48:36.599+0000] {dagbag.py:545} INFO - Filling up the DagBag from /home/airflow/.local/lib/python3.12/site-packages/airflow/example_dags/example_external_task_marker_dag.py
[2024-07-09T16:48:36.603+0000] {processor.py:840} INFO - DAG(s) 'example_external_task_marker_child', 'example_external_task_marker_parent' retrieved from /home/airflow/.local/lib/python3.12/site-packages/airflow/example_dags/example_external_task_marker_dag.py
[2024-07-09T16:48:36.622+0000] {logging_mixin.py:188} INFO - [2024-07-09T16:48:36.621+0000] {dag.py:3096} INFO - Sync 2 DAGs
[2024-07-09T16:48:36.632+0000] {logging_mixin.py:188} INFO - [2024-07-09T16:48:36.632+0000] {dag.py:3954} INFO - Setting next_dagrun for example_external_task_marker_child to None, run_after=None
[2024-07-09T16:48:36.635+0000] {logging_mixin.py:188} INFO - [2024-07-09T16:48:36.635+0000] {dag.py:3954} INFO - Setting next_dagrun for example_external_task_marker_parent to None, run_after=None
[2024-07-09T16:48:36.646+0000] {processor.py:183} INFO - Processing /home/airflow/.local/lib/python3.12/site-packages/airflow/example_dags/example_external_task_marker_dag.py took 0.052 seconds
[2024-07-09T16:49:07.065+0000] {processor.py:161} INFO - Started process (PID=2792) to work on /home/airflow/.local/lib/python3.12/site-packages/airflow/example_dags/example_external_task_marker_dag.py
[2024-07-09T16:49:07.066+0000] {processor.py:830} INFO - Processing file /home/airflow/.local/lib/python3.12/site-packages/airflow/example_dags/example_external_task_marker_dag.py for tasks to queue
[2024-07-09T16:49:07.067+0000] {logging_mixin.py:188} INFO - [2024-07-09T16:49:07.066+0000] {dagbag.py:545} INFO - Filling up the DagBag from /home/airflow/.local/lib/python3.12/site-packages/airflow/example_dags/example_external_task_marker_dag.py
[2024-07-09T16:49:07.070+0000] {processor.py:840} INFO - DAG(s) 'example_external_task_marker_child', 'example_external_task_marker_parent' retrieved from /home/airflow/.local/lib/python3.12/site-packages/airflow/example_dags/example_external_task_marker_dag.py
[2024-07-09T16:49:07.089+0000] {logging_mixin.py:188} INFO - [2024-07-09T16:49:07.089+0000] {dag.py:3096} INFO - Sync 2 DAGs
[2024-07-09T16:49:07.099+0000] {logging_mixin.py:188} INFO - [2024-07-09T16:49:07.098+0000] {dag.py:3954} INFO - Setting next_dagrun for example_external_task_marker_child to None, run_after=None
[2024-07-09T16:49:07.101+0000] {logging_mixin.py:188} INFO - [2024-07-09T16:49:07.101+0000] {dag.py:3954} INFO - Setting next_dagrun for example_external_task_marker_parent to None, run_after=None
[2024-07-09T16:49:07.112+0000] {processor.py:183} INFO - Processing /home/airflow/.local/lib/python3.12/site-packages/airflow/example_dags/example_external_task_marker_dag.py took 0.051 seconds
[2024-07-09T16:49:37.278+0000] {processor.py:161} INFO - Started process (PID=3053) to work on /home/airflow/.local/lib/python3.12/site-packages/airflow/example_dags/example_external_task_marker_dag.py
[2024-07-09T16:49:37.279+0000] {processor.py:830} INFO - Processing file /home/airflow/.local/lib/python3.12/site-packages/airflow/example_dags/example_external_task_marker_dag.py for tasks to queue
[2024-07-09T16:49:37.280+0000] {logging_mixin.py:188} INFO - [2024-07-09T16:49:37.280+0000] {dagbag.py:545} INFO - Filling up the DagBag from /home/airflow/.local/lib/python3.12/site-packages/airflow/example_dags/example_external_task_marker_dag.py
[2024-07-09T16:49:37.284+0000] {processor.py:840} INFO - DAG(s) 'example_external_task_marker_parent', 'example_external_task_marker_child' retrieved from /home/airflow/.local/lib/python3.12/site-packages/airflow/example_dags/example_external_task_marker_dag.py
[2024-07-09T16:49:37.304+0000] {logging_mixin.py:188} INFO - [2024-07-09T16:49:37.303+0000] {dag.py:3096} INFO - Sync 2 DAGs
[2024-07-09T16:49:37.314+0000] {logging_mixin.py:188} INFO - [2024-07-09T16:49:37.314+0000] {dag.py:3954} INFO - Setting next_dagrun for example_external_task_marker_child to None, run_after=None
[2024-07-09T16:49:37.317+0000] {logging_mixin.py:188} INFO - [2024-07-09T16:49:37.316+0000] {dag.py:3954} INFO - Setting next_dagrun for example_external_task_marker_parent to None, run_after=None
[2024-07-09T16:49:37.328+0000] {processor.py:183} INFO - Processing /home/airflow/.local/lib/python3.12/site-packages/airflow/example_dags/example_external_task_marker_dag.py took 0.054 seconds
[2024-07-09T16:50:07.548+0000] {processor.py:161} INFO - Started process (PID=3314) to work on /home/airflow/.local/lib/python3.12/site-packages/airflow/example_dags/example_external_task_marker_dag.py
[2024-07-09T16:50:07.549+0000] {processor.py:830} INFO - Processing file /home/airflow/.local/lib/python3.12/site-packages/airflow/example_dags/example_external_task_marker_dag.py for tasks to queue
[2024-07-09T16:50:07.550+0000] {logging_mixin.py:188} INFO - [2024-07-09T16:50:07.550+0000] {dagbag.py:545} INFO - Filling up the DagBag from /home/airflow/.local/lib/python3.12/site-packages/airflow/example_dags/example_external_task_marker_dag.py
[2024-07-09T16:50:07.555+0000] {processor.py:840} INFO - DAG(s) 'example_external_task_marker_child', 'example_external_task_marker_parent' retrieved from /home/airflow/.local/lib/python3.12/site-packages/airflow/example_dags/example_external_task_marker_dag.py
[2024-07-09T16:50:07.576+0000] {logging_mixin.py:188} INFO - [2024-07-09T16:50:07.576+0000] {dag.py:3096} INFO - Sync 2 DAGs
[2024-07-09T16:50:07.585+0000] {logging_mixin.py:188} INFO - [2024-07-09T16:50:07.585+0000] {dag.py:3954} INFO - Setting next_dagrun for example_external_task_marker_child to None, run_after=None
[2024-07-09T16:50:07.589+0000] {logging_mixin.py:188} INFO - [2024-07-09T16:50:07.588+0000] {dag.py:3954} INFO - Setting next_dagrun for example_external_task_marker_parent to None, run_after=None
[2024-07-09T16:50:07.599+0000] {processor.py:183} INFO - Processing /home/airflow/.local/lib/python3.12/site-packages/airflow/example_dags/example_external_task_marker_dag.py took 0.056 seconds
[2024-07-09T16:50:37.877+0000] {processor.py:161} INFO - Started process (PID=3575) to work on /home/airflow/.local/lib/python3.12/site-packages/airflow/example_dags/example_external_task_marker_dag.py
[2024-07-09T16:50:37.878+0000] {processor.py:830} INFO - Processing file /home/airflow/.local/lib/python3.12/site-packages/airflow/example_dags/example_external_task_marker_dag.py for tasks to queue
[2024-07-09T16:50:37.879+0000] {logging_mixin.py:188} INFO - [2024-07-09T16:50:37.878+0000] {dagbag.py:545} INFO - Filling up the DagBag from /home/airflow/.local/lib/python3.12/site-packages/airflow/example_dags/example_external_task_marker_dag.py
[2024-07-09T16:50:37.883+0000] {processor.py:840} INFO - DAG(s) 'example_external_task_marker_child', 'example_external_task_marker_parent' retrieved from /home/airflow/.local/lib/python3.12/site-packages/airflow/example_dags/example_external_task_marker_dag.py
[2024-07-09T16:50:37.901+0000] {logging_mixin.py:188} INFO - [2024-07-09T16:50:37.901+0000] {dag.py:3096} INFO - Sync 2 DAGs
[2024-07-09T16:50:37.911+0000] {logging_mixin.py:188} INFO - [2024-07-09T16:50:37.910+0000] {dag.py:3954} INFO - Setting next_dagrun for example_external_task_marker_child to None, run_after=None
[2024-07-09T16:50:37.913+0000] {logging_mixin.py:188} INFO - [2024-07-09T16:50:37.913+0000] {dag.py:3954} INFO - Setting next_dagrun for example_external_task_marker_parent to None, run_after=None
[2024-07-09T16:50:37.925+0000] {processor.py:183} INFO - Processing /home/airflow/.local/lib/python3.12/site-packages/airflow/example_dags/example_external_task_marker_dag.py took 0.052 seconds
[2024-07-09T16:51:08.220+0000] {processor.py:161} INFO - Started process (PID=3836) to work on /home/airflow/.local/lib/python3.12/site-packages/airflow/example_dags/example_external_task_marker_dag.py
[2024-07-09T16:51:08.221+0000] {processor.py:830} INFO - Processing file /home/airflow/.local/lib/python3.12/site-packages/airflow/example_dags/example_external_task_marker_dag.py for tasks to queue
[2024-07-09T16:51:08.222+0000] {logging_mixin.py:188} INFO - [2024-07-09T16:51:08.222+0000] {dagbag.py:545} INFO - Filling up the DagBag from /home/airflow/.local/lib/python3.12/site-packages/airflow/example_dags/example_external_task_marker_dag.py
[2024-07-09T16:51:08.227+0000] {processor.py:840} INFO - DAG(s) 'example_external_task_marker_parent', 'example_external_task_marker_child' retrieved from /home/airflow/.local/lib/python3.12/site-packages/airflow/example_dags/example_external_task_marker_dag.py
[2024-07-09T16:51:08.246+0000] {logging_mixin.py:188} INFO - [2024-07-09T16:51:08.246+0000] {dag.py:3096} INFO - Sync 2 DAGs
[2024-07-09T16:51:08.257+0000] {logging_mixin.py:188} INFO - [2024-07-09T16:51:08.256+0000] {dag.py:3954} INFO - Setting next_dagrun for example_external_task_marker_child to None, run_after=None
[2024-07-09T16:51:08.260+0000] {logging_mixin.py:188} INFO - [2024-07-09T16:51:08.260+0000] {dag.py:3954} INFO - Setting next_dagrun for example_external_task_marker_parent to None, run_after=None
[2024-07-09T16:51:08.271+0000] {processor.py:183} INFO - Processing /home/airflow/.local/lib/python3.12/site-packages/airflow/example_dags/example_external_task_marker_dag.py took 0.056 seconds
[2024-07-09T16:51:38.385+0000] {processor.py:161} INFO - Started process (PID=4097) to work on /home/airflow/.local/lib/python3.12/site-packages/airflow/example_dags/example_external_task_marker_dag.py
[2024-07-09T16:51:38.386+0000] {processor.py:830} INFO - Processing file /home/airflow/.local/lib/python3.12/site-packages/airflow/example_dags/example_external_task_marker_dag.py for tasks to queue
[2024-07-09T16:51:38.387+0000] {logging_mixin.py:188} INFO - [2024-07-09T16:51:38.387+0000] {dagbag.py:545} INFO - Filling up the DagBag from /home/airflow/.local/lib/python3.12/site-packages/airflow/example_dags/example_external_task_marker_dag.py
[2024-07-09T16:51:38.391+0000] {processor.py:840} INFO - DAG(s) 'example_external_task_marker_child', 'example_external_task_marker_parent' retrieved from /home/airflow/.local/lib/python3.12/site-packages/airflow/example_dags/example_external_task_marker_dag.py
[2024-07-09T16:51:38.409+0000] {logging_mixin.py:188} INFO - [2024-07-09T16:51:38.409+0000] {dag.py:3096} INFO - Sync 2 DAGs
[2024-07-09T16:51:38.419+0000] {logging_mixin.py:188} INFO - [2024-07-09T16:51:38.418+0000] {dag.py:3954} INFO - Setting next_dagrun for example_external_task_marker_child to None, run_after=None
[2024-07-09T16:51:38.421+0000] {logging_mixin.py:188} INFO - [2024-07-09T16:51:38.421+0000] {dag.py:3954} INFO - Setting next_dagrun for example_external_task_marker_parent to None, run_after=None
[2024-07-09T16:51:38.431+0000] {processor.py:183} INFO - Processing /home/airflow/.local/lib/python3.12/site-packages/airflow/example_dags/example_external_task_marker_dag.py took 0.050 seconds
[2024-07-09T16:52:08.898+0000] {processor.py:161} INFO - Started process (PID=4358) to work on /home/airflow/.local/lib/python3.12/site-packages/airflow/example_dags/example_external_task_marker_dag.py
[2024-07-09T16:52:08.899+0000] {processor.py:830} INFO - Processing file /home/airflow/.local/lib/python3.12/site-packages/airflow/example_dags/example_external_task_marker_dag.py for tasks to queue
[2024-07-09T16:52:08.900+0000] {logging_mixin.py:188} INFO - [2024-07-09T16:52:08.899+0000] {dagbag.py:545} INFO - Filling up the DagBag from /home/airflow/.local/lib/python3.12/site-packages/airflow/example_dags/example_external_task_marker_dag.py
[2024-07-09T16:52:08.904+0000] {processor.py:840} INFO - DAG(s) 'example_external_task_marker_child', 'example_external_task_marker_parent' retrieved from /home/airflow/.local/lib/python3.12/site-packages/airflow/example_dags/example_external_task_marker_dag.py
[2024-07-09T16:52:08.926+0000] {logging_mixin.py:188} INFO - [2024-07-09T16:52:08.926+0000] {dag.py:3096} INFO - Sync 2 DAGs
[2024-07-09T16:52:08.936+0000] {logging_mixin.py:188} INFO - [2024-07-09T16:52:08.936+0000] {dag.py:3954} INFO - Setting next_dagrun for example_external_task_marker_child to None, run_after=None
[2024-07-09T16:52:08.939+0000] {logging_mixin.py:188} INFO - [2024-07-09T16:52:08.939+0000] {dag.py:3954} INFO - Setting next_dagrun for example_external_task_marker_parent to None, run_after=None
[2024-07-09T16:52:08.950+0000] {processor.py:183} INFO - Processing /home/airflow/.local/lib/python3.12/site-packages/airflow/example_dags/example_external_task_marker_dag.py took 0.056 seconds
[2024-07-09T16:52:39.088+0000] {processor.py:161} INFO - Started process (PID=4619) to work on /home/airflow/.local/lib/python3.12/site-packages/airflow/example_dags/example_external_task_marker_dag.py
[2024-07-09T16:52:39.088+0000] {processor.py:830} INFO - Processing file /home/airflow/.local/lib/python3.12/site-packages/airflow/example_dags/example_external_task_marker_dag.py for tasks to queue
[2024-07-09T16:52:39.090+0000] {logging_mixin.py:188} INFO - [2024-07-09T16:52:39.089+0000] {dagbag.py:545} INFO - Filling up the DagBag from /home/airflow/.local/lib/python3.12/site-packages/airflow/example_dags/example_external_task_marker_dag.py
[2024-07-09T16:52:39.095+0000] {processor.py:840} INFO - DAG(s) 'example_external_task_marker_child', 'example_external_task_marker_parent' retrieved from /home/airflow/.local/lib/python3.12/site-packages/airflow/example_dags/example_external_task_marker_dag.py
[2024-07-09T16:52:39.117+0000] {logging_mixin.py:188} INFO - [2024-07-09T16:52:39.117+0000] {dag.py:3096} INFO - Sync 2 DAGs
[2024-07-09T16:52:39.129+0000] {logging_mixin.py:188} INFO - [2024-07-09T16:52:39.129+0000] {dag.py:3954} INFO - Setting next_dagrun for example_external_task_marker_child to None, run_after=None
[2024-07-09T16:52:39.132+0000] {logging_mixin.py:188} INFO - [2024-07-09T16:52:39.132+0000] {dag.py:3954} INFO - Setting next_dagrun for example_external_task_marker_parent to None, run_after=None
[2024-07-09T16:52:39.145+0000] {processor.py:183} INFO - Processing /home/airflow/.local/lib/python3.12/site-packages/airflow/example_dags/example_external_task_marker_dag.py took 0.062 seconds
[2024-07-09T16:53:09.303+0000] {processor.py:161} INFO - Started process (PID=4880) to work on /home/airflow/.local/lib/python3.12/site-packages/airflow/example_dags/example_external_task_marker_dag.py
[2024-07-09T16:53:09.304+0000] {processor.py:830} INFO - Processing file /home/airflow/.local/lib/python3.12/site-packages/airflow/example_dags/example_external_task_marker_dag.py for tasks to queue
[2024-07-09T16:53:09.305+0000] {logging_mixin.py:188} INFO - [2024-07-09T16:53:09.305+0000] {dagbag.py:545} INFO - Filling up the DagBag from /home/airflow/.local/lib/python3.12/site-packages/airflow/example_dags/example_external_task_marker_dag.py
[2024-07-09T16:53:09.310+0000] {processor.py:840} INFO - DAG(s) 'example_external_task_marker_parent', 'example_external_task_marker_child' retrieved from /home/airflow/.local/lib/python3.12/site-packages/airflow/example_dags/example_external_task_marker_dag.py
[2024-07-09T16:53:09.333+0000] {logging_mixin.py:188} INFO - [2024-07-09T16:53:09.332+0000] {dag.py:3096} INFO - Sync 2 DAGs
[2024-07-09T16:53:09.346+0000] {logging_mixin.py:188} INFO - [2024-07-09T16:53:09.345+0000] {dag.py:3954} INFO - Setting next_dagrun for example_external_task_marker_child to None, run_after=None
[2024-07-09T16:53:09.350+0000] {logging_mixin.py:188} INFO - [2024-07-09T16:53:09.349+0000] {dag.py:3954} INFO - Setting next_dagrun for example_external_task_marker_parent to None, run_after=None
[2024-07-09T16:53:09.361+0000] {processor.py:183} INFO - Processing /home/airflow/.local/lib/python3.12/site-packages/airflow/example_dags/example_external_task_marker_dag.py took 0.062 seconds
[2024-07-09T16:53:39.797+0000] {processor.py:161} INFO - Started process (PID=5141) to work on /home/airflow/.local/lib/python3.12/site-packages/airflow/example_dags/example_external_task_marker_dag.py
[2024-07-09T16:53:39.797+0000] {processor.py:830} INFO - Processing file /home/airflow/.local/lib/python3.12/site-packages/airflow/example_dags/example_external_task_marker_dag.py for tasks to queue
[2024-07-09T16:53:39.798+0000] {logging_mixin.py:188} INFO - [2024-07-09T16:53:39.798+0000] {dagbag.py:545} INFO - Filling up the DagBag from /home/airflow/.local/lib/python3.12/site-packages/airflow/example_dags/example_external_task_marker_dag.py
[2024-07-09T16:53:39.802+0000] {processor.py:840} INFO - DAG(s) 'example_external_task_marker_parent', 'example_external_task_marker_child' retrieved from /home/airflow/.local/lib/python3.12/site-packages/airflow/example_dags/example_external_task_marker_dag.py
[2024-07-09T16:53:39.822+0000] {logging_mixin.py:188} INFO - [2024-07-09T16:53:39.822+0000] {dag.py:3096} INFO - Sync 2 DAGs
[2024-07-09T16:53:39.831+0000] {logging_mixin.py:188} INFO - [2024-07-09T16:53:39.831+0000] {dag.py:3954} INFO - Setting next_dagrun for example_external_task_marker_child to None, run_after=None
[2024-07-09T16:53:39.834+0000] {logging_mixin.py:188} INFO - [2024-07-09T16:53:39.834+0000] {dag.py:3954} INFO - Setting next_dagrun for example_external_task_marker_parent to None, run_after=None
[2024-07-09T16:53:39.844+0000] {processor.py:183} INFO - Processing /home/airflow/.local/lib/python3.12/site-packages/airflow/example_dags/example_external_task_marker_dag.py took 0.051 seconds
[2024-07-09T16:54:10.131+0000] {processor.py:161} INFO - Started process (PID=5402) to work on /home/airflow/.local/lib/python3.12/site-packages/airflow/example_dags/example_external_task_marker_dag.py
[2024-07-09T16:54:10.131+0000] {processor.py:830} INFO - Processing file /home/airflow/.local/lib/python3.12/site-packages/airflow/example_dags/example_external_task_marker_dag.py for tasks to queue
[2024-07-09T16:54:10.132+0000] {logging_mixin.py:188} INFO - [2024-07-09T16:54:10.132+0000] {dagbag.py:545} INFO - Filling up the DagBag from /home/airflow/.local/lib/python3.12/site-packages/airflow/example_dags/example_external_task_marker_dag.py
[2024-07-09T16:54:10.137+0000] {processor.py:840} INFO - DAG(s) 'example_external_task_marker_parent', 'example_external_task_marker_child' retrieved from /home/airflow/.local/lib/python3.12/site-packages/airflow/example_dags/example_external_task_marker_dag.py
[2024-07-09T16:54:10.156+0000] {logging_mixin.py:188} INFO - [2024-07-09T16:54:10.155+0000] {dag.py:3096} INFO - Sync 2 DAGs
[2024-07-09T16:54:10.167+0000] {logging_mixin.py:188} INFO - [2024-07-09T16:54:10.167+0000] {dag.py:3954} INFO - Setting next_dagrun for example_external_task_marker_child to None, run_after=None
[2024-07-09T16:54:10.170+0000] {logging_mixin.py:188} INFO - [2024-07-09T16:54:10.169+0000] {dag.py:3954} INFO - Setting next_dagrun for example_external_task_marker_parent to None, run_after=None
[2024-07-09T16:54:10.179+0000] {processor.py:183} INFO - Processing /home/airflow/.local/lib/python3.12/site-packages/airflow/example_dags/example_external_task_marker_dag.py took 0.053 seconds
[2024-07-09T16:54:40.561+0000] {processor.py:161} INFO - Started process (PID=5663) to work on /home/airflow/.local/lib/python3.12/site-packages/airflow/example_dags/example_external_task_marker_dag.py
[2024-07-09T16:54:40.562+0000] {processor.py:830} INFO - Processing file /home/airflow/.local/lib/python3.12/site-packages/airflow/example_dags/example_external_task_marker_dag.py for tasks to queue
[2024-07-09T16:54:40.563+0000] {logging_mixin.py:188} INFO - [2024-07-09T16:54:40.563+0000] {dagbag.py:545} INFO - Filling up the DagBag from /home/airflow/.local/lib/python3.12/site-packages/airflow/example_dags/example_external_task_marker_dag.py
[2024-07-09T16:54:40.567+0000] {processor.py:840} INFO - DAG(s) 'example_external_task_marker_child', 'example_external_task_marker_parent' retrieved from /home/airflow/.local/lib/python3.12/site-packages/airflow/example_dags/example_external_task_marker_dag.py
[2024-07-09T16:54:40.586+0000] {logging_mixin.py:188} INFO - [2024-07-09T16:54:40.586+0000] {dag.py:3096} INFO - Sync 2 DAGs
[2024-07-09T16:54:40.595+0000] {logging_mixin.py:188} INFO - [2024-07-09T16:54:40.595+0000] {dag.py:3954} INFO - Setting next_dagrun for example_external_task_marker_child to None, run_after=None
[2024-07-09T16:54:40.598+0000] {logging_mixin.py:188} INFO - [2024-07-09T16:54:40.598+0000] {dag.py:3954} INFO - Setting next_dagrun for example_external_task_marker_parent to None, run_after=None
[2024-07-09T16:54:40.608+0000] {processor.py:183} INFO - Processing /home/airflow/.local/lib/python3.12/site-packages/airflow/example_dags/example_external_task_marker_dag.py took 0.051 seconds
[2024-07-09T16:55:10.857+0000] {processor.py:161} INFO - Started process (PID=5924) to work on /home/airflow/.local/lib/python3.12/site-packages/airflow/example_dags/example_external_task_marker_dag.py
[2024-07-09T16:55:10.857+0000] {processor.py:830} INFO - Processing file /home/airflow/.local/lib/python3.12/site-packages/airflow/example_dags/example_external_task_marker_dag.py for tasks to queue
[2024-07-09T16:55:10.858+0000] {logging_mixin.py:188} INFO - [2024-07-09T16:55:10.858+0000] {dagbag.py:545} INFO - Filling up the DagBag from /home/airflow/.local/lib/python3.12/site-packages/airflow/example_dags/example_external_task_marker_dag.py
[2024-07-09T16:55:10.862+0000] {processor.py:840} INFO - DAG(s) 'example_external_task_marker_child', 'example_external_task_marker_parent' retrieved from /home/airflow/.local/lib/python3.12/site-packages/airflow/example_dags/example_external_task_marker_dag.py
[2024-07-09T16:55:10.880+0000] {logging_mixin.py:188} INFO - [2024-07-09T16:55:10.880+0000] {dag.py:3096} INFO - Sync 2 DAGs
[2024-07-09T16:55:10.890+0000] {logging_mixin.py:188} INFO - [2024-07-09T16:55:10.890+0000] {dag.py:3954} INFO - Setting next_dagrun for example_external_task_marker_child to None, run_after=None
[2024-07-09T16:55:10.893+0000] {logging_mixin.py:188} INFO - [2024-07-09T16:55:10.893+0000] {dag.py:3954} INFO - Setting next_dagrun for example_external_task_marker_parent to None, run_after=None
[2024-07-09T16:55:10.903+0000] {processor.py:183} INFO - Processing /home/airflow/.local/lib/python3.12/site-packages/airflow/example_dags/example_external_task_marker_dag.py took 0.050 seconds
