[2024-07-09T16:44:04.261+0000] {processor.py:161} INFO - Started process (PID=202) to work on /home/airflow/.local/lib/python3.12/site-packages/airflow/example_dags/example_subdag_operator.py
[2024-07-09T16:44:04.261+0000] {processor.py:830} INFO - Processing file /home/airflow/.local/lib/python3.12/site-packages/airflow/example_dags/example_subdag_operator.py for tasks to queue
[2024-07-09T16:44:04.263+0000] {logging_mixin.py:188} INFO - [2024-07-09T16:44:04.263+0000] {dagbag.py:545} INFO - Filling up the DagBag from /home/airflow/.local/lib/python3.12/site-packages/airflow/example_dags/example_subdag_operator.py
[2024-07-09T16:44:04.287+0000] {processor.py:840} INFO - DAG(s) 'example_subdag_operator.section-1', 'example_subdag_operator.section-2', 'example_subdag_operator' retrieved from /home/airflow/.local/lib/python3.12/site-packages/airflow/example_dags/example_subdag_operator.py
[2024-07-09T16:44:04.358+0000] {logging_mixin.py:188} INFO - [2024-07-09T16:44:04.357+0000] {override.py:1829} INFO - Created Permission View: can delete on DAG:example_subdag_operator
[2024-07-09T16:44:04.365+0000] {logging_mixin.py:188} INFO - [2024-07-09T16:44:04.365+0000] {override.py:1829} INFO - Created Permission View: can edit on DAG:example_subdag_operator
[2024-07-09T16:44:04.370+0000] {logging_mixin.py:188} INFO - [2024-07-09T16:44:04.370+0000] {override.py:1829} INFO - Created Permission View: can read on DAG:example_subdag_operator
[2024-07-09T16:44:04.370+0000] {logging_mixin.py:188} INFO - [2024-07-09T16:44:04.370+0000] {dag.py:3096} INFO - Sync 3 DAGs
[2024-07-09T16:44:04.379+0000] {logging_mixin.py:188} INFO - [2024-07-09T16:44:04.378+0000] {dag.py:3118} INFO - Creating ORM DAG for example_subdag_operator.section-2
[2024-07-09T16:44:04.379+0000] {logging_mixin.py:188} INFO - [2024-07-09T16:44:04.379+0000] {dag.py:3118} INFO - Creating ORM DAG for example_subdag_operator.section-1
[2024-07-09T16:44:04.379+0000] {logging_mixin.py:188} INFO - [2024-07-09T16:44:04.379+0000] {dag.py:3118} INFO - Creating ORM DAG for example_subdag_operator
[2024-07-09T16:44:04.387+0000] {logging_mixin.py:188} INFO - [2024-07-09T16:44:04.387+0000] {dag.py:3954} INFO - Setting next_dagrun for example_subdag_operator to 2022-01-01 00:00:00+00:00, run_after=2022-01-01 00:00:00+00:00
[2024-07-09T16:44:04.387+0000] {logging_mixin.py:188} INFO - [2024-07-09T16:44:04.387+0000] {dag.py:3954} INFO - Setting next_dagrun for example_subdag_operator.section-1 to None, run_after=None
[2024-07-09T16:44:04.388+0000] {logging_mixin.py:188} INFO - [2024-07-09T16:44:04.387+0000] {dag.py:3954} INFO - Setting next_dagrun for example_subdag_operator.section-2 to None, run_after=None
[2024-07-09T16:44:04.395+0000] {logging_mixin.py:188} INFO - [2024-07-09T16:44:04.394+0000] {dag.py:3096} INFO - Sync 2 DAGs
[2024-07-09T16:44:04.399+0000] {logging_mixin.py:188} INFO - [2024-07-09T16:44:04.399+0000] {dag.py:3954} INFO - Setting next_dagrun for example_subdag_operator.section-1 to None, run_after=None
[2024-07-09T16:44:04.401+0000] {logging_mixin.py:188} INFO - [2024-07-09T16:44:04.401+0000] {dag.py:3954} INFO - Setting next_dagrun for example_subdag_operator.section-2 to None, run_after=None
[2024-07-09T16:44:04.410+0000] {processor.py:183} INFO - Processing /home/airflow/.local/lib/python3.12/site-packages/airflow/example_dags/example_subdag_operator.py took 0.154 seconds
[2024-07-09T16:44:35.280+0000] {processor.py:161} INFO - Started process (PID=463) to work on /home/airflow/.local/lib/python3.12/site-packages/airflow/example_dags/example_subdag_operator.py
[2024-07-09T16:44:35.281+0000] {processor.py:830} INFO - Processing file /home/airflow/.local/lib/python3.12/site-packages/airflow/example_dags/example_subdag_operator.py for tasks to queue
[2024-07-09T16:44:35.282+0000] {logging_mixin.py:188} INFO - [2024-07-09T16:44:35.282+0000] {dagbag.py:545} INFO - Filling up the DagBag from /home/airflow/.local/lib/python3.12/site-packages/airflow/example_dags/example_subdag_operator.py
[2024-07-09T16:44:35.299+0000] {processor.py:840} INFO - DAG(s) 'example_subdag_operator.section-1', 'example_subdag_operator.section-2', 'example_subdag_operator' retrieved from /home/airflow/.local/lib/python3.12/site-packages/airflow/example_dags/example_subdag_operator.py
[2024-07-09T16:44:35.311+0000] {logging_mixin.py:188} INFO - [2024-07-09T16:44:35.310+0000] {dag.py:3096} INFO - Sync 3 DAGs
[2024-07-09T16:44:35.326+0000] {logging_mixin.py:188} INFO - [2024-07-09T16:44:35.326+0000] {dag.py:3954} INFO - Setting next_dagrun for example_subdag_operator to 2022-01-01 00:00:00+00:00, run_after=2022-01-01 00:00:00+00:00
[2024-07-09T16:44:35.329+0000] {logging_mixin.py:188} INFO - [2024-07-09T16:44:35.329+0000] {dag.py:3954} INFO - Setting next_dagrun for example_subdag_operator.section-1 to None, run_after=None
[2024-07-09T16:44:35.330+0000] {logging_mixin.py:188} INFO - [2024-07-09T16:44:35.330+0000] {dag.py:3954} INFO - Setting next_dagrun for example_subdag_operator.section-2 to None, run_after=None
[2024-07-09T16:44:35.335+0000] {logging_mixin.py:188} INFO - [2024-07-09T16:44:35.335+0000] {dag.py:3096} INFO - Sync 2 DAGs
[2024-07-09T16:44:35.339+0000] {logging_mixin.py:188} INFO - [2024-07-09T16:44:35.338+0000] {dag.py:3954} INFO - Setting next_dagrun for example_subdag_operator.section-1 to None, run_after=None
[2024-07-09T16:44:35.339+0000] {logging_mixin.py:188} INFO - [2024-07-09T16:44:35.339+0000] {dag.py:3954} INFO - Setting next_dagrun for example_subdag_operator.section-2 to None, run_after=None
[2024-07-09T16:44:35.346+0000] {processor.py:183} INFO - Processing /home/airflow/.local/lib/python3.12/site-packages/airflow/example_dags/example_subdag_operator.py took 0.071 seconds
[2024-07-09T16:45:05.598+0000] {processor.py:161} INFO - Started process (PID=724) to work on /home/airflow/.local/lib/python3.12/site-packages/airflow/example_dags/example_subdag_operator.py
[2024-07-09T16:45:05.599+0000] {processor.py:830} INFO - Processing file /home/airflow/.local/lib/python3.12/site-packages/airflow/example_dags/example_subdag_operator.py for tasks to queue
[2024-07-09T16:45:05.600+0000] {logging_mixin.py:188} INFO - [2024-07-09T16:45:05.600+0000] {dagbag.py:545} INFO - Filling up the DagBag from /home/airflow/.local/lib/python3.12/site-packages/airflow/example_dags/example_subdag_operator.py
[2024-07-09T16:45:05.617+0000] {processor.py:840} INFO - DAG(s) 'example_subdag_operator.section-1', 'example_subdag_operator.section-2', 'example_subdag_operator' retrieved from /home/airflow/.local/lib/python3.12/site-packages/airflow/example_dags/example_subdag_operator.py
[2024-07-09T16:45:05.628+0000] {logging_mixin.py:188} INFO - [2024-07-09T16:45:05.627+0000] {dag.py:3096} INFO - Sync 3 DAGs
[2024-07-09T16:45:05.642+0000] {logging_mixin.py:188} INFO - [2024-07-09T16:45:05.642+0000] {dag.py:3954} INFO - Setting next_dagrun for example_subdag_operator to 2022-01-01 00:00:00+00:00, run_after=2022-01-01 00:00:00+00:00
[2024-07-09T16:45:05.645+0000] {logging_mixin.py:188} INFO - [2024-07-09T16:45:05.645+0000] {dag.py:3954} INFO - Setting next_dagrun for example_subdag_operator.section-1 to None, run_after=None
[2024-07-09T16:45:05.646+0000] {logging_mixin.py:188} INFO - [2024-07-09T16:45:05.646+0000] {dag.py:3954} INFO - Setting next_dagrun for example_subdag_operator.section-2 to None, run_after=None
[2024-07-09T16:45:05.651+0000] {logging_mixin.py:188} INFO - [2024-07-09T16:45:05.650+0000] {dag.py:3096} INFO - Sync 2 DAGs
[2024-07-09T16:45:05.654+0000] {logging_mixin.py:188} INFO - [2024-07-09T16:45:05.654+0000] {dag.py:3954} INFO - Setting next_dagrun for example_subdag_operator.section-1 to None, run_after=None
[2024-07-09T16:45:05.655+0000] {logging_mixin.py:188} INFO - [2024-07-09T16:45:05.654+0000] {dag.py:3954} INFO - Setting next_dagrun for example_subdag_operator.section-2 to None, run_after=None
[2024-07-09T16:45:05.661+0000] {processor.py:183} INFO - Processing /home/airflow/.local/lib/python3.12/site-packages/airflow/example_dags/example_subdag_operator.py took 0.067 seconds
[2024-07-09T16:45:35.850+0000] {processor.py:161} INFO - Started process (PID=985) to work on /home/airflow/.local/lib/python3.12/site-packages/airflow/example_dags/example_subdag_operator.py
[2024-07-09T16:45:35.851+0000] {processor.py:830} INFO - Processing file /home/airflow/.local/lib/python3.12/site-packages/airflow/example_dags/example_subdag_operator.py for tasks to queue
[2024-07-09T16:45:35.852+0000] {logging_mixin.py:188} INFO - [2024-07-09T16:45:35.852+0000] {dagbag.py:545} INFO - Filling up the DagBag from /home/airflow/.local/lib/python3.12/site-packages/airflow/example_dags/example_subdag_operator.py
[2024-07-09T16:45:35.872+0000] {processor.py:840} INFO - DAG(s) 'example_subdag_operator.section-1', 'example_subdag_operator.section-2', 'example_subdag_operator' retrieved from /home/airflow/.local/lib/python3.12/site-packages/airflow/example_dags/example_subdag_operator.py
[2024-07-09T16:45:35.885+0000] {logging_mixin.py:188} INFO - [2024-07-09T16:45:35.885+0000] {dag.py:3096} INFO - Sync 3 DAGs
[2024-07-09T16:45:35.906+0000] {logging_mixin.py:188} INFO - [2024-07-09T16:45:35.906+0000] {dag.py:3954} INFO - Setting next_dagrun for example_subdag_operator to 2022-01-01 00:00:00+00:00, run_after=2022-01-01 00:00:00+00:00
[2024-07-09T16:45:35.909+0000] {logging_mixin.py:188} INFO - [2024-07-09T16:45:35.909+0000] {dag.py:3954} INFO - Setting next_dagrun for example_subdag_operator.section-1 to None, run_after=None
[2024-07-09T16:45:35.910+0000] {logging_mixin.py:188} INFO - [2024-07-09T16:45:35.910+0000] {dag.py:3954} INFO - Setting next_dagrun for example_subdag_operator.section-2 to None, run_after=None
[2024-07-09T16:45:35.916+0000] {logging_mixin.py:188} INFO - [2024-07-09T16:45:35.916+0000] {dag.py:3096} INFO - Sync 2 DAGs
[2024-07-09T16:45:35.920+0000] {logging_mixin.py:188} INFO - [2024-07-09T16:45:35.920+0000] {dag.py:3954} INFO - Setting next_dagrun for example_subdag_operator.section-1 to None, run_after=None
[2024-07-09T16:45:35.921+0000] {logging_mixin.py:188} INFO - [2024-07-09T16:45:35.920+0000] {dag.py:3954} INFO - Setting next_dagrun for example_subdag_operator.section-2 to None, run_after=None
[2024-07-09T16:45:35.927+0000] {processor.py:183} INFO - Processing /home/airflow/.local/lib/python3.12/site-packages/airflow/example_dags/example_subdag_operator.py took 0.082 seconds
[2024-07-09T16:46:06.267+0000] {processor.py:161} INFO - Started process (PID=1248) to work on /home/airflow/.local/lib/python3.12/site-packages/airflow/example_dags/example_subdag_operator.py
[2024-07-09T16:46:06.268+0000] {processor.py:830} INFO - Processing file /home/airflow/.local/lib/python3.12/site-packages/airflow/example_dags/example_subdag_operator.py for tasks to queue
[2024-07-09T16:46:06.269+0000] {logging_mixin.py:188} INFO - [2024-07-09T16:46:06.269+0000] {dagbag.py:545} INFO - Filling up the DagBag from /home/airflow/.local/lib/python3.12/site-packages/airflow/example_dags/example_subdag_operator.py
[2024-07-09T16:46:06.296+0000] {processor.py:840} INFO - DAG(s) 'example_subdag_operator.section-1', 'example_subdag_operator.section-2', 'example_subdag_operator' retrieved from /home/airflow/.local/lib/python3.12/site-packages/airflow/example_dags/example_subdag_operator.py
[2024-07-09T16:46:06.315+0000] {logging_mixin.py:188} INFO - [2024-07-09T16:46:06.315+0000] {dag.py:3096} INFO - Sync 3 DAGs
[2024-07-09T16:46:06.340+0000] {logging_mixin.py:188} INFO - [2024-07-09T16:46:06.340+0000] {dag.py:3954} INFO - Setting next_dagrun for example_subdag_operator to 2022-01-01 00:00:00+00:00, run_after=2022-01-01 00:00:00+00:00
[2024-07-09T16:46:06.345+0000] {logging_mixin.py:188} INFO - [2024-07-09T16:46:06.345+0000] {dag.py:3954} INFO - Setting next_dagrun for example_subdag_operator.section-1 to None, run_after=None
[2024-07-09T16:46:06.347+0000] {logging_mixin.py:188} INFO - [2024-07-09T16:46:06.347+0000] {dag.py:3954} INFO - Setting next_dagrun for example_subdag_operator.section-2 to None, run_after=None
[2024-07-09T16:46:06.356+0000] {logging_mixin.py:188} INFO - [2024-07-09T16:46:06.356+0000] {dag.py:3096} INFO - Sync 2 DAGs
[2024-07-09T16:46:06.362+0000] {logging_mixin.py:188} INFO - [2024-07-09T16:46:06.361+0000] {dag.py:3954} INFO - Setting next_dagrun for example_subdag_operator.section-1 to None, run_after=None
[2024-07-09T16:46:06.362+0000] {logging_mixin.py:188} INFO - [2024-07-09T16:46:06.362+0000] {dag.py:3954} INFO - Setting next_dagrun for example_subdag_operator.section-2 to None, run_after=None
[2024-07-09T16:46:06.372+0000] {processor.py:183} INFO - Processing /home/airflow/.local/lib/python3.12/site-packages/airflow/example_dags/example_subdag_operator.py took 0.111 seconds
[2024-07-09T16:46:36.787+0000] {processor.py:161} INFO - Started process (PID=1509) to work on /home/airflow/.local/lib/python3.12/site-packages/airflow/example_dags/example_subdag_operator.py
[2024-07-09T16:46:36.787+0000] {processor.py:830} INFO - Processing file /home/airflow/.local/lib/python3.12/site-packages/airflow/example_dags/example_subdag_operator.py for tasks to queue
[2024-07-09T16:46:36.789+0000] {logging_mixin.py:188} INFO - [2024-07-09T16:46:36.788+0000] {dagbag.py:545} INFO - Filling up the DagBag from /home/airflow/.local/lib/python3.12/site-packages/airflow/example_dags/example_subdag_operator.py
[2024-07-09T16:46:36.809+0000] {processor.py:840} INFO - DAG(s) 'example_subdag_operator.section-1', 'example_subdag_operator.section-2', 'example_subdag_operator' retrieved from /home/airflow/.local/lib/python3.12/site-packages/airflow/example_dags/example_subdag_operator.py
[2024-07-09T16:46:36.826+0000] {logging_mixin.py:188} INFO - [2024-07-09T16:46:36.825+0000] {dag.py:3096} INFO - Sync 3 DAGs
[2024-07-09T16:46:36.847+0000] {logging_mixin.py:188} INFO - [2024-07-09T16:46:36.847+0000] {dag.py:3954} INFO - Setting next_dagrun for example_subdag_operator to 2022-01-01 00:00:00+00:00, run_after=2022-01-01 00:00:00+00:00
[2024-07-09T16:46:36.851+0000] {logging_mixin.py:188} INFO - [2024-07-09T16:46:36.850+0000] {dag.py:3954} INFO - Setting next_dagrun for example_subdag_operator.section-1 to None, run_after=None
[2024-07-09T16:46:36.852+0000] {logging_mixin.py:188} INFO - [2024-07-09T16:46:36.852+0000] {dag.py:3954} INFO - Setting next_dagrun for example_subdag_operator.section-2 to None, run_after=None
[2024-07-09T16:46:36.857+0000] {logging_mixin.py:188} INFO - [2024-07-09T16:46:36.857+0000] {dag.py:3096} INFO - Sync 2 DAGs
[2024-07-09T16:46:36.863+0000] {logging_mixin.py:188} INFO - [2024-07-09T16:46:36.863+0000] {dag.py:3954} INFO - Setting next_dagrun for example_subdag_operator.section-1 to None, run_after=None
[2024-07-09T16:46:36.863+0000] {logging_mixin.py:188} INFO - [2024-07-09T16:46:36.863+0000] {dag.py:3954} INFO - Setting next_dagrun for example_subdag_operator.section-2 to None, run_after=None
[2024-07-09T16:46:36.873+0000] {processor.py:183} INFO - Processing /home/airflow/.local/lib/python3.12/site-packages/airflow/example_dags/example_subdag_operator.py took 0.091 seconds
[2024-07-09T16:47:07.085+0000] {processor.py:161} INFO - Started process (PID=1768) to work on /home/airflow/.local/lib/python3.12/site-packages/airflow/example_dags/example_subdag_operator.py
[2024-07-09T16:47:07.086+0000] {processor.py:830} INFO - Processing file /home/airflow/.local/lib/python3.12/site-packages/airflow/example_dags/example_subdag_operator.py for tasks to queue
[2024-07-09T16:47:07.088+0000] {logging_mixin.py:188} INFO - [2024-07-09T16:47:07.087+0000] {dagbag.py:545} INFO - Filling up the DagBag from /home/airflow/.local/lib/python3.12/site-packages/airflow/example_dags/example_subdag_operator.py
[2024-07-09T16:47:07.109+0000] {processor.py:840} INFO - DAG(s) 'example_subdag_operator.section-1', 'example_subdag_operator.section-2', 'example_subdag_operator' retrieved from /home/airflow/.local/lib/python3.12/site-packages/airflow/example_dags/example_subdag_operator.py
[2024-07-09T16:47:07.121+0000] {logging_mixin.py:188} INFO - [2024-07-09T16:47:07.121+0000] {dag.py:3096} INFO - Sync 3 DAGs
[2024-07-09T16:47:07.138+0000] {logging_mixin.py:188} INFO - [2024-07-09T16:47:07.138+0000] {dag.py:3954} INFO - Setting next_dagrun for example_subdag_operator to 2022-01-01 00:00:00+00:00, run_after=2022-01-01 00:00:00+00:00
[2024-07-09T16:47:07.141+0000] {logging_mixin.py:188} INFO - [2024-07-09T16:47:07.141+0000] {dag.py:3954} INFO - Setting next_dagrun for example_subdag_operator.section-1 to None, run_after=None
[2024-07-09T16:47:07.142+0000] {logging_mixin.py:188} INFO - [2024-07-09T16:47:07.142+0000] {dag.py:3954} INFO - Setting next_dagrun for example_subdag_operator.section-2 to None, run_after=None
[2024-07-09T16:47:07.148+0000] {logging_mixin.py:188} INFO - [2024-07-09T16:47:07.148+0000] {dag.py:3096} INFO - Sync 2 DAGs
[2024-07-09T16:47:07.153+0000] {logging_mixin.py:188} INFO - [2024-07-09T16:47:07.152+0000] {dag.py:3954} INFO - Setting next_dagrun for example_subdag_operator.section-1 to None, run_after=None
[2024-07-09T16:47:07.153+0000] {logging_mixin.py:188} INFO - [2024-07-09T16:47:07.153+0000] {dag.py:3954} INFO - Setting next_dagrun for example_subdag_operator.section-2 to None, run_after=None
[2024-07-09T16:47:07.161+0000] {processor.py:183} INFO - Processing /home/airflow/.local/lib/python3.12/site-packages/airflow/example_dags/example_subdag_operator.py took 0.080 seconds
[2024-07-09T16:47:37.321+0000] {processor.py:161} INFO - Started process (PID=2029) to work on /home/airflow/.local/lib/python3.12/site-packages/airflow/example_dags/example_subdag_operator.py
[2024-07-09T16:47:37.321+0000] {processor.py:830} INFO - Processing file /home/airflow/.local/lib/python3.12/site-packages/airflow/example_dags/example_subdag_operator.py for tasks to queue
[2024-07-09T16:47:37.322+0000] {logging_mixin.py:188} INFO - [2024-07-09T16:47:37.322+0000] {dagbag.py:545} INFO - Filling up the DagBag from /home/airflow/.local/lib/python3.12/site-packages/airflow/example_dags/example_subdag_operator.py
[2024-07-09T16:47:37.344+0000] {processor.py:840} INFO - DAG(s) 'example_subdag_operator.section-1', 'example_subdag_operator.section-2', 'example_subdag_operator' retrieved from /home/airflow/.local/lib/python3.12/site-packages/airflow/example_dags/example_subdag_operator.py
[2024-07-09T16:47:37.357+0000] {logging_mixin.py:188} INFO - [2024-07-09T16:47:37.356+0000] {dag.py:3096} INFO - Sync 3 DAGs
[2024-07-09T16:47:37.373+0000] {logging_mixin.py:188} INFO - [2024-07-09T16:47:37.372+0000] {dag.py:3954} INFO - Setting next_dagrun for example_subdag_operator to 2022-01-01 00:00:00+00:00, run_after=2022-01-01 00:00:00+00:00
[2024-07-09T16:47:37.376+0000] {logging_mixin.py:188} INFO - [2024-07-09T16:47:37.375+0000] {dag.py:3954} INFO - Setting next_dagrun for example_subdag_operator.section-1 to None, run_after=None
[2024-07-09T16:47:37.377+0000] {logging_mixin.py:188} INFO - [2024-07-09T16:47:37.376+0000] {dag.py:3954} INFO - Setting next_dagrun for example_subdag_operator.section-2 to None, run_after=None
[2024-07-09T16:47:37.381+0000] {logging_mixin.py:188} INFO - [2024-07-09T16:47:37.381+0000] {dag.py:3096} INFO - Sync 2 DAGs
[2024-07-09T16:47:37.385+0000] {logging_mixin.py:188} INFO - [2024-07-09T16:47:37.385+0000] {dag.py:3954} INFO - Setting next_dagrun for example_subdag_operator.section-1 to None, run_after=None
[2024-07-09T16:47:37.386+0000] {logging_mixin.py:188} INFO - [2024-07-09T16:47:37.386+0000] {dag.py:3954} INFO - Setting next_dagrun for example_subdag_operator.section-2 to None, run_after=None
[2024-07-09T16:47:37.394+0000] {processor.py:183} INFO - Processing /home/airflow/.local/lib/python3.12/site-packages/airflow/example_dags/example_subdag_operator.py took 0.078 seconds
[2024-07-09T16:48:07.484+0000] {processor.py:161} INFO - Started process (PID=2290) to work on /home/airflow/.local/lib/python3.12/site-packages/airflow/example_dags/example_subdag_operator.py
[2024-07-09T16:48:07.484+0000] {processor.py:830} INFO - Processing file /home/airflow/.local/lib/python3.12/site-packages/airflow/example_dags/example_subdag_operator.py for tasks to queue
[2024-07-09T16:48:07.485+0000] {logging_mixin.py:188} INFO - [2024-07-09T16:48:07.485+0000] {dagbag.py:545} INFO - Filling up the DagBag from /home/airflow/.local/lib/python3.12/site-packages/airflow/example_dags/example_subdag_operator.py
[2024-07-09T16:48:07.502+0000] {processor.py:840} INFO - DAG(s) 'example_subdag_operator.section-1', 'example_subdag_operator.section-2', 'example_subdag_operator' retrieved from /home/airflow/.local/lib/python3.12/site-packages/airflow/example_dags/example_subdag_operator.py
[2024-07-09T16:48:07.513+0000] {logging_mixin.py:188} INFO - [2024-07-09T16:48:07.513+0000] {dag.py:3096} INFO - Sync 3 DAGs
[2024-07-09T16:48:07.530+0000] {logging_mixin.py:188} INFO - [2024-07-09T16:48:07.530+0000] {dag.py:3954} INFO - Setting next_dagrun for example_subdag_operator to 2022-01-01 00:00:00+00:00, run_after=2022-01-01 00:00:00+00:00
[2024-07-09T16:48:07.534+0000] {logging_mixin.py:188} INFO - [2024-07-09T16:48:07.533+0000] {dag.py:3954} INFO - Setting next_dagrun for example_subdag_operator.section-1 to None, run_after=None
[2024-07-09T16:48:07.534+0000] {logging_mixin.py:188} INFO - [2024-07-09T16:48:07.534+0000] {dag.py:3954} INFO - Setting next_dagrun for example_subdag_operator.section-2 to None, run_after=None
[2024-07-09T16:48:07.539+0000] {logging_mixin.py:188} INFO - [2024-07-09T16:48:07.539+0000] {dag.py:3096} INFO - Sync 2 DAGs
[2024-07-09T16:48:07.543+0000] {logging_mixin.py:188} INFO - [2024-07-09T16:48:07.543+0000] {dag.py:3954} INFO - Setting next_dagrun for example_subdag_operator.section-1 to None, run_after=None
[2024-07-09T16:48:07.543+0000] {logging_mixin.py:188} INFO - [2024-07-09T16:48:07.543+0000] {dag.py:3954} INFO - Setting next_dagrun for example_subdag_operator.section-2 to None, run_after=None
[2024-07-09T16:48:07.550+0000] {processor.py:183} INFO - Processing /home/airflow/.local/lib/python3.12/site-packages/airflow/example_dags/example_subdag_operator.py took 0.070 seconds
[2024-07-09T16:48:37.793+0000] {processor.py:161} INFO - Started process (PID=2551) to work on /home/airflow/.local/lib/python3.12/site-packages/airflow/example_dags/example_subdag_operator.py
[2024-07-09T16:48:37.794+0000] {processor.py:830} INFO - Processing file /home/airflow/.local/lib/python3.12/site-packages/airflow/example_dags/example_subdag_operator.py for tasks to queue
[2024-07-09T16:48:37.795+0000] {logging_mixin.py:188} INFO - [2024-07-09T16:48:37.795+0000] {dagbag.py:545} INFO - Filling up the DagBag from /home/airflow/.local/lib/python3.12/site-packages/airflow/example_dags/example_subdag_operator.py
[2024-07-09T16:48:37.812+0000] {processor.py:840} INFO - DAG(s) 'example_subdag_operator.section-1', 'example_subdag_operator.section-2', 'example_subdag_operator' retrieved from /home/airflow/.local/lib/python3.12/site-packages/airflow/example_dags/example_subdag_operator.py
[2024-07-09T16:48:37.823+0000] {logging_mixin.py:188} INFO - [2024-07-09T16:48:37.823+0000] {dag.py:3096} INFO - Sync 3 DAGs
[2024-07-09T16:48:37.839+0000] {logging_mixin.py:188} INFO - [2024-07-09T16:48:37.838+0000] {dag.py:3954} INFO - Setting next_dagrun for example_subdag_operator to 2022-01-01 00:00:00+00:00, run_after=2022-01-01 00:00:00+00:00
[2024-07-09T16:48:37.842+0000] {logging_mixin.py:188} INFO - [2024-07-09T16:48:37.842+0000] {dag.py:3954} INFO - Setting next_dagrun for example_subdag_operator.section-1 to None, run_after=None
[2024-07-09T16:48:37.843+0000] {logging_mixin.py:188} INFO - [2024-07-09T16:48:37.843+0000] {dag.py:3954} INFO - Setting next_dagrun for example_subdag_operator.section-2 to None, run_after=None
[2024-07-09T16:48:37.848+0000] {logging_mixin.py:188} INFO - [2024-07-09T16:48:37.847+0000] {dag.py:3096} INFO - Sync 2 DAGs
[2024-07-09T16:48:37.852+0000] {logging_mixin.py:188} INFO - [2024-07-09T16:48:37.851+0000] {dag.py:3954} INFO - Setting next_dagrun for example_subdag_operator.section-1 to None, run_after=None
[2024-07-09T16:48:37.852+0000] {logging_mixin.py:188} INFO - [2024-07-09T16:48:37.852+0000] {dag.py:3954} INFO - Setting next_dagrun for example_subdag_operator.section-2 to None, run_after=None
[2024-07-09T16:48:37.860+0000] {processor.py:183} INFO - Processing /home/airflow/.local/lib/python3.12/site-packages/airflow/example_dags/example_subdag_operator.py took 0.070 seconds
[2024-07-09T16:49:08.255+0000] {processor.py:161} INFO - Started process (PID=2812) to work on /home/airflow/.local/lib/python3.12/site-packages/airflow/example_dags/example_subdag_operator.py
[2024-07-09T16:49:08.256+0000] {processor.py:830} INFO - Processing file /home/airflow/.local/lib/python3.12/site-packages/airflow/example_dags/example_subdag_operator.py for tasks to queue
[2024-07-09T16:49:08.257+0000] {logging_mixin.py:188} INFO - [2024-07-09T16:49:08.257+0000] {dagbag.py:545} INFO - Filling up the DagBag from /home/airflow/.local/lib/python3.12/site-packages/airflow/example_dags/example_subdag_operator.py
[2024-07-09T16:49:08.274+0000] {processor.py:840} INFO - DAG(s) 'example_subdag_operator.section-1', 'example_subdag_operator.section-2', 'example_subdag_operator' retrieved from /home/airflow/.local/lib/python3.12/site-packages/airflow/example_dags/example_subdag_operator.py
[2024-07-09T16:49:08.285+0000] {logging_mixin.py:188} INFO - [2024-07-09T16:49:08.285+0000] {dag.py:3096} INFO - Sync 3 DAGs
[2024-07-09T16:49:08.303+0000] {logging_mixin.py:188} INFO - [2024-07-09T16:49:08.302+0000] {dag.py:3954} INFO - Setting next_dagrun for example_subdag_operator to 2022-01-01 00:00:00+00:00, run_after=2022-01-01 00:00:00+00:00
[2024-07-09T16:49:08.307+0000] {logging_mixin.py:188} INFO - [2024-07-09T16:49:08.307+0000] {dag.py:3954} INFO - Setting next_dagrun for example_subdag_operator.section-1 to None, run_after=None
[2024-07-09T16:49:08.308+0000] {logging_mixin.py:188} INFO - [2024-07-09T16:49:08.308+0000] {dag.py:3954} INFO - Setting next_dagrun for example_subdag_operator.section-2 to None, run_after=None
[2024-07-09T16:49:08.313+0000] {logging_mixin.py:188} INFO - [2024-07-09T16:49:08.313+0000] {dag.py:3096} INFO - Sync 2 DAGs
[2024-07-09T16:49:08.317+0000] {logging_mixin.py:188} INFO - [2024-07-09T16:49:08.317+0000] {dag.py:3954} INFO - Setting next_dagrun for example_subdag_operator.section-1 to None, run_after=None
[2024-07-09T16:49:08.318+0000] {logging_mixin.py:188} INFO - [2024-07-09T16:49:08.317+0000] {dag.py:3954} INFO - Setting next_dagrun for example_subdag_operator.section-2 to None, run_after=None
[2024-07-09T16:49:08.325+0000] {processor.py:183} INFO - Processing /home/airflow/.local/lib/python3.12/site-packages/airflow/example_dags/example_subdag_operator.py took 0.073 seconds
[2024-07-09T16:49:38.465+0000] {processor.py:161} INFO - Started process (PID=3073) to work on /home/airflow/.local/lib/python3.12/site-packages/airflow/example_dags/example_subdag_operator.py
[2024-07-09T16:49:38.465+0000] {processor.py:830} INFO - Processing file /home/airflow/.local/lib/python3.12/site-packages/airflow/example_dags/example_subdag_operator.py for tasks to queue
[2024-07-09T16:49:38.466+0000] {logging_mixin.py:188} INFO - [2024-07-09T16:49:38.466+0000] {dagbag.py:545} INFO - Filling up the DagBag from /home/airflow/.local/lib/python3.12/site-packages/airflow/example_dags/example_subdag_operator.py
[2024-07-09T16:49:38.483+0000] {processor.py:840} INFO - DAG(s) 'example_subdag_operator.section-1', 'example_subdag_operator.section-2', 'example_subdag_operator' retrieved from /home/airflow/.local/lib/python3.12/site-packages/airflow/example_dags/example_subdag_operator.py
[2024-07-09T16:49:38.494+0000] {logging_mixin.py:188} INFO - [2024-07-09T16:49:38.494+0000] {dag.py:3096} INFO - Sync 3 DAGs
[2024-07-09T16:49:38.509+0000] {logging_mixin.py:188} INFO - [2024-07-09T16:49:38.509+0000] {dag.py:3954} INFO - Setting next_dagrun for example_subdag_operator to 2022-01-01 00:00:00+00:00, run_after=2022-01-01 00:00:00+00:00
[2024-07-09T16:49:38.512+0000] {logging_mixin.py:188} INFO - [2024-07-09T16:49:38.512+0000] {dag.py:3954} INFO - Setting next_dagrun for example_subdag_operator.section-1 to None, run_after=None
[2024-07-09T16:49:38.513+0000] {logging_mixin.py:188} INFO - [2024-07-09T16:49:38.513+0000] {dag.py:3954} INFO - Setting next_dagrun for example_subdag_operator.section-2 to None, run_after=None
[2024-07-09T16:49:38.518+0000] {logging_mixin.py:188} INFO - [2024-07-09T16:49:38.518+0000] {dag.py:3096} INFO - Sync 2 DAGs
[2024-07-09T16:49:38.521+0000] {logging_mixin.py:188} INFO - [2024-07-09T16:49:38.521+0000] {dag.py:3954} INFO - Setting next_dagrun for example_subdag_operator.section-1 to None, run_after=None
[2024-07-09T16:49:38.522+0000] {logging_mixin.py:188} INFO - [2024-07-09T16:49:38.522+0000] {dag.py:3954} INFO - Setting next_dagrun for example_subdag_operator.section-2 to None, run_after=None
[2024-07-09T16:49:38.529+0000] {processor.py:183} INFO - Processing /home/airflow/.local/lib/python3.12/site-packages/airflow/example_dags/example_subdag_operator.py took 0.069 seconds
[2024-07-09T16:50:08.730+0000] {processor.py:161} INFO - Started process (PID=3334) to work on /home/airflow/.local/lib/python3.12/site-packages/airflow/example_dags/example_subdag_operator.py
[2024-07-09T16:50:08.731+0000] {processor.py:830} INFO - Processing file /home/airflow/.local/lib/python3.12/site-packages/airflow/example_dags/example_subdag_operator.py for tasks to queue
[2024-07-09T16:50:08.732+0000] {logging_mixin.py:188} INFO - [2024-07-09T16:50:08.732+0000] {dagbag.py:545} INFO - Filling up the DagBag from /home/airflow/.local/lib/python3.12/site-packages/airflow/example_dags/example_subdag_operator.py
[2024-07-09T16:50:08.749+0000] {processor.py:840} INFO - DAG(s) 'example_subdag_operator.section-1', 'example_subdag_operator.section-2', 'example_subdag_operator' retrieved from /home/airflow/.local/lib/python3.12/site-packages/airflow/example_dags/example_subdag_operator.py
[2024-07-09T16:50:08.762+0000] {logging_mixin.py:188} INFO - [2024-07-09T16:50:08.762+0000] {dag.py:3096} INFO - Sync 3 DAGs
[2024-07-09T16:50:08.778+0000] {logging_mixin.py:188} INFO - [2024-07-09T16:50:08.778+0000] {dag.py:3954} INFO - Setting next_dagrun for example_subdag_operator to 2022-01-01 00:00:00+00:00, run_after=2022-01-01 00:00:00+00:00
[2024-07-09T16:50:08.781+0000] {logging_mixin.py:188} INFO - [2024-07-09T16:50:08.781+0000] {dag.py:3954} INFO - Setting next_dagrun for example_subdag_operator.section-1 to None, run_after=None
[2024-07-09T16:50:08.782+0000] {logging_mixin.py:188} INFO - [2024-07-09T16:50:08.782+0000] {dag.py:3954} INFO - Setting next_dagrun for example_subdag_operator.section-2 to None, run_after=None
[2024-07-09T16:50:08.787+0000] {logging_mixin.py:188} INFO - [2024-07-09T16:50:08.787+0000] {dag.py:3096} INFO - Sync 2 DAGs
[2024-07-09T16:50:08.791+0000] {logging_mixin.py:188} INFO - [2024-07-09T16:50:08.791+0000] {dag.py:3954} INFO - Setting next_dagrun for example_subdag_operator.section-1 to None, run_after=None
[2024-07-09T16:50:08.792+0000] {logging_mixin.py:188} INFO - [2024-07-09T16:50:08.791+0000] {dag.py:3954} INFO - Setting next_dagrun for example_subdag_operator.section-2 to None, run_after=None
[2024-07-09T16:50:08.803+0000] {processor.py:183} INFO - Processing /home/airflow/.local/lib/python3.12/site-packages/airflow/example_dags/example_subdag_operator.py took 0.076 seconds
[2024-07-09T16:50:39.077+0000] {processor.py:161} INFO - Started process (PID=3595) to work on /home/airflow/.local/lib/python3.12/site-packages/airflow/example_dags/example_subdag_operator.py
[2024-07-09T16:50:39.078+0000] {processor.py:830} INFO - Processing file /home/airflow/.local/lib/python3.12/site-packages/airflow/example_dags/example_subdag_operator.py for tasks to queue
[2024-07-09T16:50:39.079+0000] {logging_mixin.py:188} INFO - [2024-07-09T16:50:39.079+0000] {dagbag.py:545} INFO - Filling up the DagBag from /home/airflow/.local/lib/python3.12/site-packages/airflow/example_dags/example_subdag_operator.py
[2024-07-09T16:50:39.096+0000] {processor.py:840} INFO - DAG(s) 'example_subdag_operator.section-1', 'example_subdag_operator.section-2', 'example_subdag_operator' retrieved from /home/airflow/.local/lib/python3.12/site-packages/airflow/example_dags/example_subdag_operator.py
[2024-07-09T16:50:39.107+0000] {logging_mixin.py:188} INFO - [2024-07-09T16:50:39.107+0000] {dag.py:3096} INFO - Sync 3 DAGs
[2024-07-09T16:50:39.124+0000] {logging_mixin.py:188} INFO - [2024-07-09T16:50:39.124+0000] {dag.py:3954} INFO - Setting next_dagrun for example_subdag_operator to 2022-01-01 00:00:00+00:00, run_after=2022-01-01 00:00:00+00:00
[2024-07-09T16:50:39.127+0000] {logging_mixin.py:188} INFO - [2024-07-09T16:50:39.127+0000] {dag.py:3954} INFO - Setting next_dagrun for example_subdag_operator.section-1 to None, run_after=None
[2024-07-09T16:50:39.129+0000] {logging_mixin.py:188} INFO - [2024-07-09T16:50:39.128+0000] {dag.py:3954} INFO - Setting next_dagrun for example_subdag_operator.section-2 to None, run_after=None
[2024-07-09T16:50:39.133+0000] {logging_mixin.py:188} INFO - [2024-07-09T16:50:39.133+0000] {dag.py:3096} INFO - Sync 2 DAGs
[2024-07-09T16:50:39.138+0000] {logging_mixin.py:188} INFO - [2024-07-09T16:50:39.137+0000] {dag.py:3954} INFO - Setting next_dagrun for example_subdag_operator.section-1 to None, run_after=None
[2024-07-09T16:50:39.138+0000] {logging_mixin.py:188} INFO - [2024-07-09T16:50:39.138+0000] {dag.py:3954} INFO - Setting next_dagrun for example_subdag_operator.section-2 to None, run_after=None
[2024-07-09T16:50:39.147+0000] {processor.py:183} INFO - Processing /home/airflow/.local/lib/python3.12/site-packages/airflow/example_dags/example_subdag_operator.py took 0.074 seconds
[2024-07-09T16:51:09.394+0000] {processor.py:161} INFO - Started process (PID=3856) to work on /home/airflow/.local/lib/python3.12/site-packages/airflow/example_dags/example_subdag_operator.py
[2024-07-09T16:51:09.395+0000] {processor.py:830} INFO - Processing file /home/airflow/.local/lib/python3.12/site-packages/airflow/example_dags/example_subdag_operator.py for tasks to queue
[2024-07-09T16:51:09.396+0000] {logging_mixin.py:188} INFO - [2024-07-09T16:51:09.396+0000] {dagbag.py:545} INFO - Filling up the DagBag from /home/airflow/.local/lib/python3.12/site-packages/airflow/example_dags/example_subdag_operator.py
[2024-07-09T16:51:09.413+0000] {processor.py:840} INFO - DAG(s) 'example_subdag_operator.section-1', 'example_subdag_operator.section-2', 'example_subdag_operator' retrieved from /home/airflow/.local/lib/python3.12/site-packages/airflow/example_dags/example_subdag_operator.py
[2024-07-09T16:51:09.424+0000] {logging_mixin.py:188} INFO - [2024-07-09T16:51:09.423+0000] {dag.py:3096} INFO - Sync 3 DAGs
[2024-07-09T16:51:09.440+0000] {logging_mixin.py:188} INFO - [2024-07-09T16:51:09.440+0000] {dag.py:3954} INFO - Setting next_dagrun for example_subdag_operator to 2022-01-01 00:00:00+00:00, run_after=2022-01-01 00:00:00+00:00
[2024-07-09T16:51:09.443+0000] {logging_mixin.py:188} INFO - [2024-07-09T16:51:09.443+0000] {dag.py:3954} INFO - Setting next_dagrun for example_subdag_operator.section-1 to None, run_after=None
[2024-07-09T16:51:09.444+0000] {logging_mixin.py:188} INFO - [2024-07-09T16:51:09.444+0000] {dag.py:3954} INFO - Setting next_dagrun for example_subdag_operator.section-2 to None, run_after=None
[2024-07-09T16:51:09.449+0000] {logging_mixin.py:188} INFO - [2024-07-09T16:51:09.449+0000] {dag.py:3096} INFO - Sync 2 DAGs
[2024-07-09T16:51:09.454+0000] {logging_mixin.py:188} INFO - [2024-07-09T16:51:09.453+0000] {dag.py:3954} INFO - Setting next_dagrun for example_subdag_operator.section-1 to None, run_after=None
[2024-07-09T16:51:09.454+0000] {logging_mixin.py:188} INFO - [2024-07-09T16:51:09.454+0000] {dag.py:3954} INFO - Setting next_dagrun for example_subdag_operator.section-2 to None, run_after=None
[2024-07-09T16:51:09.462+0000] {processor.py:183} INFO - Processing /home/airflow/.local/lib/python3.12/site-packages/airflow/example_dags/example_subdag_operator.py took 0.072 seconds
[2024-07-09T16:51:39.563+0000] {processor.py:161} INFO - Started process (PID=4117) to work on /home/airflow/.local/lib/python3.12/site-packages/airflow/example_dags/example_subdag_operator.py
[2024-07-09T16:51:39.564+0000] {processor.py:830} INFO - Processing file /home/airflow/.local/lib/python3.12/site-packages/airflow/example_dags/example_subdag_operator.py for tasks to queue
[2024-07-09T16:51:39.565+0000] {logging_mixin.py:188} INFO - [2024-07-09T16:51:39.565+0000] {dagbag.py:545} INFO - Filling up the DagBag from /home/airflow/.local/lib/python3.12/site-packages/airflow/example_dags/example_subdag_operator.py
[2024-07-09T16:51:39.582+0000] {processor.py:840} INFO - DAG(s) 'example_subdag_operator.section-1', 'example_subdag_operator.section-2', 'example_subdag_operator' retrieved from /home/airflow/.local/lib/python3.12/site-packages/airflow/example_dags/example_subdag_operator.py
[2024-07-09T16:51:39.593+0000] {logging_mixin.py:188} INFO - [2024-07-09T16:51:39.593+0000] {dag.py:3096} INFO - Sync 3 DAGs
[2024-07-09T16:51:39.609+0000] {logging_mixin.py:188} INFO - [2024-07-09T16:51:39.609+0000] {dag.py:3954} INFO - Setting next_dagrun for example_subdag_operator to 2022-01-01 00:00:00+00:00, run_after=2022-01-01 00:00:00+00:00
[2024-07-09T16:51:39.612+0000] {logging_mixin.py:188} INFO - [2024-07-09T16:51:39.612+0000] {dag.py:3954} INFO - Setting next_dagrun for example_subdag_operator.section-1 to None, run_after=None
[2024-07-09T16:51:39.613+0000] {logging_mixin.py:188} INFO - [2024-07-09T16:51:39.613+0000] {dag.py:3954} INFO - Setting next_dagrun for example_subdag_operator.section-2 to None, run_after=None
[2024-07-09T16:51:39.619+0000] {logging_mixin.py:188} INFO - [2024-07-09T16:51:39.619+0000] {dag.py:3096} INFO - Sync 2 DAGs
[2024-07-09T16:51:39.623+0000] {logging_mixin.py:188} INFO - [2024-07-09T16:51:39.623+0000] {dag.py:3954} INFO - Setting next_dagrun for example_subdag_operator.section-1 to None, run_after=None
[2024-07-09T16:51:39.624+0000] {logging_mixin.py:188} INFO - [2024-07-09T16:51:39.623+0000] {dag.py:3954} INFO - Setting next_dagrun for example_subdag_operator.section-2 to None, run_after=None
[2024-07-09T16:51:39.632+0000] {processor.py:183} INFO - Processing /home/airflow/.local/lib/python3.12/site-packages/airflow/example_dags/example_subdag_operator.py took 0.073 seconds
[2024-07-09T16:52:10.073+0000] {processor.py:161} INFO - Started process (PID=4378) to work on /home/airflow/.local/lib/python3.12/site-packages/airflow/example_dags/example_subdag_operator.py
[2024-07-09T16:52:10.073+0000] {processor.py:830} INFO - Processing file /home/airflow/.local/lib/python3.12/site-packages/airflow/example_dags/example_subdag_operator.py for tasks to queue
[2024-07-09T16:52:10.075+0000] {logging_mixin.py:188} INFO - [2024-07-09T16:52:10.074+0000] {dagbag.py:545} INFO - Filling up the DagBag from /home/airflow/.local/lib/python3.12/site-packages/airflow/example_dags/example_subdag_operator.py
[2024-07-09T16:52:10.093+0000] {processor.py:840} INFO - DAG(s) 'example_subdag_operator.section-1', 'example_subdag_operator.section-2', 'example_subdag_operator' retrieved from /home/airflow/.local/lib/python3.12/site-packages/airflow/example_dags/example_subdag_operator.py
[2024-07-09T16:52:10.104+0000] {logging_mixin.py:188} INFO - [2024-07-09T16:52:10.104+0000] {dag.py:3096} INFO - Sync 3 DAGs
[2024-07-09T16:52:10.121+0000] {logging_mixin.py:188} INFO - [2024-07-09T16:52:10.121+0000] {dag.py:3954} INFO - Setting next_dagrun for example_subdag_operator to 2022-01-01 00:00:00+00:00, run_after=2022-01-01 00:00:00+00:00
[2024-07-09T16:52:10.124+0000] {logging_mixin.py:188} INFO - [2024-07-09T16:52:10.124+0000] {dag.py:3954} INFO - Setting next_dagrun for example_subdag_operator.section-1 to None, run_after=None
[2024-07-09T16:52:10.125+0000] {logging_mixin.py:188} INFO - [2024-07-09T16:52:10.125+0000] {dag.py:3954} INFO - Setting next_dagrun for example_subdag_operator.section-2 to None, run_after=None
[2024-07-09T16:52:10.130+0000] {logging_mixin.py:188} INFO - [2024-07-09T16:52:10.130+0000] {dag.py:3096} INFO - Sync 2 DAGs
[2024-07-09T16:52:10.135+0000] {logging_mixin.py:188} INFO - [2024-07-09T16:52:10.134+0000] {dag.py:3954} INFO - Setting next_dagrun for example_subdag_operator.section-1 to None, run_after=None
[2024-07-09T16:52:10.135+0000] {logging_mixin.py:188} INFO - [2024-07-09T16:52:10.135+0000] {dag.py:3954} INFO - Setting next_dagrun for example_subdag_operator.section-2 to None, run_after=None
[2024-07-09T16:52:10.143+0000] {processor.py:183} INFO - Processing /home/airflow/.local/lib/python3.12/site-packages/airflow/example_dags/example_subdag_operator.py took 0.074 seconds
[2024-07-09T16:52:40.282+0000] {processor.py:161} INFO - Started process (PID=4639) to work on /home/airflow/.local/lib/python3.12/site-packages/airflow/example_dags/example_subdag_operator.py
[2024-07-09T16:52:40.283+0000] {processor.py:830} INFO - Processing file /home/airflow/.local/lib/python3.12/site-packages/airflow/example_dags/example_subdag_operator.py for tasks to queue
[2024-07-09T16:52:40.284+0000] {logging_mixin.py:188} INFO - [2024-07-09T16:52:40.284+0000] {dagbag.py:545} INFO - Filling up the DagBag from /home/airflow/.local/lib/python3.12/site-packages/airflow/example_dags/example_subdag_operator.py
[2024-07-09T16:52:40.303+0000] {processor.py:840} INFO - DAG(s) 'example_subdag_operator.section-1', 'example_subdag_operator.section-2', 'example_subdag_operator' retrieved from /home/airflow/.local/lib/python3.12/site-packages/airflow/example_dags/example_subdag_operator.py
[2024-07-09T16:52:40.317+0000] {logging_mixin.py:188} INFO - [2024-07-09T16:52:40.317+0000] {dag.py:3096} INFO - Sync 3 DAGs
[2024-07-09T16:52:40.334+0000] {logging_mixin.py:188} INFO - [2024-07-09T16:52:40.334+0000] {dag.py:3954} INFO - Setting next_dagrun for example_subdag_operator to 2022-01-01 00:00:00+00:00, run_after=2022-01-01 00:00:00+00:00
[2024-07-09T16:52:40.338+0000] {logging_mixin.py:188} INFO - [2024-07-09T16:52:40.337+0000] {dag.py:3954} INFO - Setting next_dagrun for example_subdag_operator.section-1 to None, run_after=None
[2024-07-09T16:52:40.339+0000] {logging_mixin.py:188} INFO - [2024-07-09T16:52:40.338+0000] {dag.py:3954} INFO - Setting next_dagrun for example_subdag_operator.section-2 to None, run_after=None
[2024-07-09T16:52:40.344+0000] {logging_mixin.py:188} INFO - [2024-07-09T16:52:40.344+0000] {dag.py:3096} INFO - Sync 2 DAGs
[2024-07-09T16:52:40.348+0000] {logging_mixin.py:188} INFO - [2024-07-09T16:52:40.348+0000] {dag.py:3954} INFO - Setting next_dagrun for example_subdag_operator.section-1 to None, run_after=None
[2024-07-09T16:52:40.349+0000] {logging_mixin.py:188} INFO - [2024-07-09T16:52:40.349+0000] {dag.py:3954} INFO - Setting next_dagrun for example_subdag_operator.section-2 to None, run_after=None
[2024-07-09T16:52:40.357+0000] {processor.py:183} INFO - Processing /home/airflow/.local/lib/python3.12/site-packages/airflow/example_dags/example_subdag_operator.py took 0.079 seconds
[2024-07-09T16:53:10.511+0000] {processor.py:161} INFO - Started process (PID=4900) to work on /home/airflow/.local/lib/python3.12/site-packages/airflow/example_dags/example_subdag_operator.py
[2024-07-09T16:53:10.512+0000] {processor.py:830} INFO - Processing file /home/airflow/.local/lib/python3.12/site-packages/airflow/example_dags/example_subdag_operator.py for tasks to queue
[2024-07-09T16:53:10.513+0000] {logging_mixin.py:188} INFO - [2024-07-09T16:53:10.513+0000] {dagbag.py:545} INFO - Filling up the DagBag from /home/airflow/.local/lib/python3.12/site-packages/airflow/example_dags/example_subdag_operator.py
[2024-07-09T16:53:10.532+0000] {processor.py:840} INFO - DAG(s) 'example_subdag_operator.section-1', 'example_subdag_operator.section-2', 'example_subdag_operator' retrieved from /home/airflow/.local/lib/python3.12/site-packages/airflow/example_dags/example_subdag_operator.py
[2024-07-09T16:53:10.543+0000] {logging_mixin.py:188} INFO - [2024-07-09T16:53:10.543+0000] {dag.py:3096} INFO - Sync 3 DAGs
[2024-07-09T16:53:10.560+0000] {logging_mixin.py:188} INFO - [2024-07-09T16:53:10.559+0000] {dag.py:3954} INFO - Setting next_dagrun for example_subdag_operator to 2022-01-01 00:00:00+00:00, run_after=2022-01-01 00:00:00+00:00
[2024-07-09T16:53:10.563+0000] {logging_mixin.py:188} INFO - [2024-07-09T16:53:10.563+0000] {dag.py:3954} INFO - Setting next_dagrun for example_subdag_operator.section-1 to None, run_after=None
[2024-07-09T16:53:10.564+0000] {logging_mixin.py:188} INFO - [2024-07-09T16:53:10.564+0000] {dag.py:3954} INFO - Setting next_dagrun for example_subdag_operator.section-2 to None, run_after=None
[2024-07-09T16:53:10.569+0000] {logging_mixin.py:188} INFO - [2024-07-09T16:53:10.569+0000] {dag.py:3096} INFO - Sync 2 DAGs
[2024-07-09T16:53:10.574+0000] {logging_mixin.py:188} INFO - [2024-07-09T16:53:10.574+0000] {dag.py:3954} INFO - Setting next_dagrun for example_subdag_operator.section-1 to None, run_after=None
[2024-07-09T16:53:10.574+0000] {logging_mixin.py:188} INFO - [2024-07-09T16:53:10.574+0000] {dag.py:3954} INFO - Setting next_dagrun for example_subdag_operator.section-2 to None, run_after=None
[2024-07-09T16:53:10.583+0000] {processor.py:183} INFO - Processing /home/airflow/.local/lib/python3.12/site-packages/airflow/example_dags/example_subdag_operator.py took 0.076 seconds
[2024-07-09T16:53:40.978+0000] {processor.py:161} INFO - Started process (PID=5161) to work on /home/airflow/.local/lib/python3.12/site-packages/airflow/example_dags/example_subdag_operator.py
[2024-07-09T16:53:40.978+0000] {processor.py:830} INFO - Processing file /home/airflow/.local/lib/python3.12/site-packages/airflow/example_dags/example_subdag_operator.py for tasks to queue
[2024-07-09T16:53:40.979+0000] {logging_mixin.py:188} INFO - [2024-07-09T16:53:40.979+0000] {dagbag.py:545} INFO - Filling up the DagBag from /home/airflow/.local/lib/python3.12/site-packages/airflow/example_dags/example_subdag_operator.py
[2024-07-09T16:53:40.999+0000] {processor.py:840} INFO - DAG(s) 'example_subdag_operator.section-1', 'example_subdag_operator.section-2', 'example_subdag_operator' retrieved from /home/airflow/.local/lib/python3.12/site-packages/airflow/example_dags/example_subdag_operator.py
[2024-07-09T16:53:41.010+0000] {logging_mixin.py:188} INFO - [2024-07-09T16:53:41.010+0000] {dag.py:3096} INFO - Sync 3 DAGs
[2024-07-09T16:53:41.029+0000] {logging_mixin.py:188} INFO - [2024-07-09T16:53:41.028+0000] {dag.py:3954} INFO - Setting next_dagrun for example_subdag_operator to 2022-01-01 00:00:00+00:00, run_after=2022-01-01 00:00:00+00:00
[2024-07-09T16:53:41.032+0000] {logging_mixin.py:188} INFO - [2024-07-09T16:53:41.032+0000] {dag.py:3954} INFO - Setting next_dagrun for example_subdag_operator.section-1 to None, run_after=None
[2024-07-09T16:53:41.033+0000] {logging_mixin.py:188} INFO - [2024-07-09T16:53:41.033+0000] {dag.py:3954} INFO - Setting next_dagrun for example_subdag_operator.section-2 to None, run_after=None
[2024-07-09T16:53:41.040+0000] {logging_mixin.py:188} INFO - [2024-07-09T16:53:41.039+0000] {dag.py:3096} INFO - Sync 2 DAGs
[2024-07-09T16:53:41.044+0000] {logging_mixin.py:188} INFO - [2024-07-09T16:53:41.044+0000] {dag.py:3954} INFO - Setting next_dagrun for example_subdag_operator.section-1 to None, run_after=None
[2024-07-09T16:53:41.045+0000] {logging_mixin.py:188} INFO - [2024-07-09T16:53:41.045+0000] {dag.py:3954} INFO - Setting next_dagrun for example_subdag_operator.section-2 to None, run_after=None
[2024-07-09T16:53:41.053+0000] {processor.py:183} INFO - Processing /home/airflow/.local/lib/python3.12/site-packages/airflow/example_dags/example_subdag_operator.py took 0.079 seconds
[2024-07-09T16:54:11.334+0000] {processor.py:161} INFO - Started process (PID=5422) to work on /home/airflow/.local/lib/python3.12/site-packages/airflow/example_dags/example_subdag_operator.py
[2024-07-09T16:54:11.334+0000] {processor.py:830} INFO - Processing file /home/airflow/.local/lib/python3.12/site-packages/airflow/example_dags/example_subdag_operator.py for tasks to queue
[2024-07-09T16:54:11.337+0000] {logging_mixin.py:188} INFO - [2024-07-09T16:54:11.336+0000] {dagbag.py:545} INFO - Filling up the DagBag from /home/airflow/.local/lib/python3.12/site-packages/airflow/example_dags/example_subdag_operator.py
[2024-07-09T16:54:11.354+0000] {processor.py:840} INFO - DAG(s) 'example_subdag_operator.section-1', 'example_subdag_operator.section-2', 'example_subdag_operator' retrieved from /home/airflow/.local/lib/python3.12/site-packages/airflow/example_dags/example_subdag_operator.py
[2024-07-09T16:54:11.366+0000] {logging_mixin.py:188} INFO - [2024-07-09T16:54:11.365+0000] {dag.py:3096} INFO - Sync 3 DAGs
[2024-07-09T16:54:11.382+0000] {logging_mixin.py:188} INFO - [2024-07-09T16:54:11.382+0000] {dag.py:3954} INFO - Setting next_dagrun for example_subdag_operator to 2022-01-01 00:00:00+00:00, run_after=2022-01-01 00:00:00+00:00
[2024-07-09T16:54:11.386+0000] {logging_mixin.py:188} INFO - [2024-07-09T16:54:11.385+0000] {dag.py:3954} INFO - Setting next_dagrun for example_subdag_operator.section-1 to None, run_after=None
[2024-07-09T16:54:11.387+0000] {logging_mixin.py:188} INFO - [2024-07-09T16:54:11.387+0000] {dag.py:3954} INFO - Setting next_dagrun for example_subdag_operator.section-2 to None, run_after=None
[2024-07-09T16:54:11.392+0000] {logging_mixin.py:188} INFO - [2024-07-09T16:54:11.392+0000] {dag.py:3096} INFO - Sync 2 DAGs
[2024-07-09T16:54:11.396+0000] {logging_mixin.py:188} INFO - [2024-07-09T16:54:11.395+0000] {dag.py:3954} INFO - Setting next_dagrun for example_subdag_operator.section-1 to None, run_after=None
[2024-07-09T16:54:11.396+0000] {logging_mixin.py:188} INFO - [2024-07-09T16:54:11.396+0000] {dag.py:3954} INFO - Setting next_dagrun for example_subdag_operator.section-2 to None, run_after=None
[2024-07-09T16:54:11.404+0000] {processor.py:183} INFO - Processing /home/airflow/.local/lib/python3.12/site-packages/airflow/example_dags/example_subdag_operator.py took 0.075 seconds
[2024-07-09T16:54:41.771+0000] {processor.py:161} INFO - Started process (PID=5683) to work on /home/airflow/.local/lib/python3.12/site-packages/airflow/example_dags/example_subdag_operator.py
[2024-07-09T16:54:41.772+0000] {processor.py:830} INFO - Processing file /home/airflow/.local/lib/python3.12/site-packages/airflow/example_dags/example_subdag_operator.py for tasks to queue
[2024-07-09T16:54:41.773+0000] {logging_mixin.py:188} INFO - [2024-07-09T16:54:41.773+0000] {dagbag.py:545} INFO - Filling up the DagBag from /home/airflow/.local/lib/python3.12/site-packages/airflow/example_dags/example_subdag_operator.py
[2024-07-09T16:54:41.790+0000] {processor.py:840} INFO - DAG(s) 'example_subdag_operator.section-1', 'example_subdag_operator.section-2', 'example_subdag_operator' retrieved from /home/airflow/.local/lib/python3.12/site-packages/airflow/example_dags/example_subdag_operator.py
[2024-07-09T16:54:41.800+0000] {logging_mixin.py:188} INFO - [2024-07-09T16:54:41.800+0000] {dag.py:3096} INFO - Sync 3 DAGs
[2024-07-09T16:54:41.816+0000] {logging_mixin.py:188} INFO - [2024-07-09T16:54:41.816+0000] {dag.py:3954} INFO - Setting next_dagrun for example_subdag_operator to 2022-01-01 00:00:00+00:00, run_after=2022-01-01 00:00:00+00:00
[2024-07-09T16:54:41.819+0000] {logging_mixin.py:188} INFO - [2024-07-09T16:54:41.819+0000] {dag.py:3954} INFO - Setting next_dagrun for example_subdag_operator.section-1 to None, run_after=None
[2024-07-09T16:54:41.820+0000] {logging_mixin.py:188} INFO - [2024-07-09T16:54:41.820+0000] {dag.py:3954} INFO - Setting next_dagrun for example_subdag_operator.section-2 to None, run_after=None
[2024-07-09T16:54:41.826+0000] {logging_mixin.py:188} INFO - [2024-07-09T16:54:41.826+0000] {dag.py:3096} INFO - Sync 2 DAGs
[2024-07-09T16:54:41.830+0000] {logging_mixin.py:188} INFO - [2024-07-09T16:54:41.830+0000] {dag.py:3954} INFO - Setting next_dagrun for example_subdag_operator.section-1 to None, run_after=None
[2024-07-09T16:54:41.830+0000] {logging_mixin.py:188} INFO - [2024-07-09T16:54:41.830+0000] {dag.py:3954} INFO - Setting next_dagrun for example_subdag_operator.section-2 to None, run_after=None
[2024-07-09T16:54:41.838+0000] {processor.py:183} INFO - Processing /home/airflow/.local/lib/python3.12/site-packages/airflow/example_dags/example_subdag_operator.py took 0.072 seconds
[2024-07-09T16:55:12.044+0000] {processor.py:161} INFO - Started process (PID=5944) to work on /home/airflow/.local/lib/python3.12/site-packages/airflow/example_dags/example_subdag_operator.py
[2024-07-09T16:55:12.045+0000] {processor.py:830} INFO - Processing file /home/airflow/.local/lib/python3.12/site-packages/airflow/example_dags/example_subdag_operator.py for tasks to queue
[2024-07-09T16:55:12.046+0000] {logging_mixin.py:188} INFO - [2024-07-09T16:55:12.046+0000] {dagbag.py:545} INFO - Filling up the DagBag from /home/airflow/.local/lib/python3.12/site-packages/airflow/example_dags/example_subdag_operator.py
[2024-07-09T16:55:12.065+0000] {processor.py:840} INFO - DAG(s) 'example_subdag_operator.section-1', 'example_subdag_operator.section-2', 'example_subdag_operator' retrieved from /home/airflow/.local/lib/python3.12/site-packages/airflow/example_dags/example_subdag_operator.py
[2024-07-09T16:55:12.077+0000] {logging_mixin.py:188} INFO - [2024-07-09T16:55:12.077+0000] {dag.py:3096} INFO - Sync 3 DAGs
[2024-07-09T16:55:12.092+0000] {logging_mixin.py:188} INFO - [2024-07-09T16:55:12.092+0000] {dag.py:3954} INFO - Setting next_dagrun for example_subdag_operator to 2022-01-01 00:00:00+00:00, run_after=2022-01-01 00:00:00+00:00
[2024-07-09T16:55:12.095+0000] {logging_mixin.py:188} INFO - [2024-07-09T16:55:12.094+0000] {dag.py:3954} INFO - Setting next_dagrun for example_subdag_operator.section-1 to None, run_after=None
[2024-07-09T16:55:12.095+0000] {logging_mixin.py:188} INFO - [2024-07-09T16:55:12.095+0000] {dag.py:3954} INFO - Setting next_dagrun for example_subdag_operator.section-2 to None, run_after=None
[2024-07-09T16:55:12.100+0000] {logging_mixin.py:188} INFO - [2024-07-09T16:55:12.100+0000] {dag.py:3096} INFO - Sync 2 DAGs
[2024-07-09T16:55:12.104+0000] {logging_mixin.py:188} INFO - [2024-07-09T16:55:12.104+0000] {dag.py:3954} INFO - Setting next_dagrun for example_subdag_operator.section-1 to None, run_after=None
[2024-07-09T16:55:12.104+0000] {logging_mixin.py:188} INFO - [2024-07-09T16:55:12.104+0000] {dag.py:3954} INFO - Setting next_dagrun for example_subdag_operator.section-2 to None, run_after=None
[2024-07-09T16:55:12.111+0000] {processor.py:183} INFO - Processing /home/airflow/.local/lib/python3.12/site-packages/airflow/example_dags/example_subdag_operator.py took 0.070 seconds
