[2024-07-09T16:44:06.406+0000] {processor.py:161} INFO - Started process (PID=327) to work on /home/airflow/.local/lib/python3.12/site-packages/airflow/example_dags/example_branch_python_dop_operator_3.py
[2024-07-09T16:44:06.407+0000] {processor.py:830} INFO - Processing file /home/airflow/.local/lib/python3.12/site-packages/airflow/example_dags/example_branch_python_dop_operator_3.py for tasks to queue
[2024-07-09T16:44:06.408+0000] {logging_mixin.py:188} INFO - [2024-07-09T16:44:06.408+0000] {dagbag.py:545} INFO - Filling up the DagBag from /home/airflow/.local/lib/python3.12/site-packages/airflow/example_dags/example_branch_python_dop_operator_3.py
[2024-07-09T16:44:06.416+0000] {processor.py:840} INFO - DAG(s) 'example_branch_dop_operator_v3' retrieved from /home/airflow/.local/lib/python3.12/site-packages/airflow/example_dags/example_branch_python_dop_operator_3.py
[2024-07-09T16:44:06.511+0000] {logging_mixin.py:188} INFO - [2024-07-09T16:44:06.510+0000] {override.py:1829} INFO - Created Permission View: can delete on DAG:example_branch_dop_operator_v3
[2024-07-09T16:44:06.520+0000] {logging_mixin.py:188} INFO - [2024-07-09T16:44:06.520+0000] {override.py:1829} INFO - Created Permission View: can edit on DAG:example_branch_dop_operator_v3
[2024-07-09T16:44:06.526+0000] {logging_mixin.py:188} INFO - [2024-07-09T16:44:06.525+0000] {override.py:1829} INFO - Created Permission View: can read on DAG:example_branch_dop_operator_v3
[2024-07-09T16:44:06.526+0000] {logging_mixin.py:188} INFO - [2024-07-09T16:44:06.526+0000] {dag.py:3096} INFO - Sync 1 DAGs
[2024-07-09T16:44:06.538+0000] {logging_mixin.py:188} INFO - [2024-07-09T16:44:06.538+0000] {dag.py:3118} INFO - Creating ORM DAG for example_branch_dop_operator_v3
[2024-07-09T16:44:06.555+0000] {logging_mixin.py:188} INFO - [2024-07-09T16:44:06.554+0000] {dag.py:3954} INFO - Setting next_dagrun for example_branch_dop_operator_v3 to 2024-07-09 16:43:00+00:00, run_after=2024-07-09 16:44:00+00:00
[2024-07-09T16:44:06.570+0000] {processor.py:183} INFO - Processing /home/airflow/.local/lib/python3.12/site-packages/airflow/example_dags/example_branch_python_dop_operator_3.py took 0.169 seconds
[2024-07-09T16:44:37.369+0000] {processor.py:161} INFO - Started process (PID=588) to work on /home/airflow/.local/lib/python3.12/site-packages/airflow/example_dags/example_branch_python_dop_operator_3.py
[2024-07-09T16:44:37.369+0000] {processor.py:830} INFO - Processing file /home/airflow/.local/lib/python3.12/site-packages/airflow/example_dags/example_branch_python_dop_operator_3.py for tasks to queue
[2024-07-09T16:44:37.370+0000] {logging_mixin.py:188} INFO - [2024-07-09T16:44:37.370+0000] {dagbag.py:545} INFO - Filling up the DagBag from /home/airflow/.local/lib/python3.12/site-packages/airflow/example_dags/example_branch_python_dop_operator_3.py
[2024-07-09T16:44:37.376+0000] {processor.py:840} INFO - DAG(s) 'example_branch_dop_operator_v3' retrieved from /home/airflow/.local/lib/python3.12/site-packages/airflow/example_dags/example_branch_python_dop_operator_3.py
[2024-07-09T16:44:37.390+0000] {logging_mixin.py:188} INFO - [2024-07-09T16:44:37.390+0000] {dag.py:3096} INFO - Sync 1 DAGs
[2024-07-09T16:44:37.408+0000] {logging_mixin.py:188} INFO - [2024-07-09T16:44:37.408+0000] {dag.py:3954} INFO - Setting next_dagrun for example_branch_dop_operator_v3 to 2024-07-09 16:43:00+00:00, run_after=2024-07-09 16:44:00+00:00
[2024-07-09T16:44:37.420+0000] {processor.py:183} INFO - Processing /home/airflow/.local/lib/python3.12/site-packages/airflow/example_dags/example_branch_python_dop_operator_3.py took 0.055 seconds
[2024-07-09T16:45:07.667+0000] {processor.py:161} INFO - Started process (PID=849) to work on /home/airflow/.local/lib/python3.12/site-packages/airflow/example_dags/example_branch_python_dop_operator_3.py
[2024-07-09T16:45:07.668+0000] {processor.py:830} INFO - Processing file /home/airflow/.local/lib/python3.12/site-packages/airflow/example_dags/example_branch_python_dop_operator_3.py for tasks to queue
[2024-07-09T16:45:07.669+0000] {logging_mixin.py:188} INFO - [2024-07-09T16:45:07.669+0000] {dagbag.py:545} INFO - Filling up the DagBag from /home/airflow/.local/lib/python3.12/site-packages/airflow/example_dags/example_branch_python_dop_operator_3.py
[2024-07-09T16:45:07.675+0000] {processor.py:840} INFO - DAG(s) 'example_branch_dop_operator_v3' retrieved from /home/airflow/.local/lib/python3.12/site-packages/airflow/example_dags/example_branch_python_dop_operator_3.py
[2024-07-09T16:45:07.690+0000] {logging_mixin.py:188} INFO - [2024-07-09T16:45:07.690+0000] {dag.py:3096} INFO - Sync 1 DAGs
[2024-07-09T16:45:07.708+0000] {logging_mixin.py:188} INFO - [2024-07-09T16:45:07.708+0000] {dag.py:3954} INFO - Setting next_dagrun for example_branch_dop_operator_v3 to 2024-07-09 16:44:00+00:00, run_after=2024-07-09 16:45:00+00:00
[2024-07-09T16:45:07.721+0000] {processor.py:183} INFO - Processing /home/airflow/.local/lib/python3.12/site-packages/airflow/example_dags/example_branch_python_dop_operator_3.py took 0.058 seconds
[2024-07-09T16:45:37.979+0000] {processor.py:161} INFO - Started process (PID=1110) to work on /home/airflow/.local/lib/python3.12/site-packages/airflow/example_dags/example_branch_python_dop_operator_3.py
[2024-07-09T16:45:37.980+0000] {processor.py:830} INFO - Processing file /home/airflow/.local/lib/python3.12/site-packages/airflow/example_dags/example_branch_python_dop_operator_3.py for tasks to queue
[2024-07-09T16:45:37.981+0000] {logging_mixin.py:188} INFO - [2024-07-09T16:45:37.981+0000] {dagbag.py:545} INFO - Filling up the DagBag from /home/airflow/.local/lib/python3.12/site-packages/airflow/example_dags/example_branch_python_dop_operator_3.py
[2024-07-09T16:45:37.987+0000] {processor.py:840} INFO - DAG(s) 'example_branch_dop_operator_v3' retrieved from /home/airflow/.local/lib/python3.12/site-packages/airflow/example_dags/example_branch_python_dop_operator_3.py
[2024-07-09T16:45:38.007+0000] {logging_mixin.py:188} INFO - [2024-07-09T16:45:38.006+0000] {dag.py:3096} INFO - Sync 1 DAGs
[2024-07-09T16:45:38.029+0000] {logging_mixin.py:188} INFO - [2024-07-09T16:45:38.029+0000] {dag.py:3954} INFO - Setting next_dagrun for example_branch_dop_operator_v3 to 2024-07-09 16:44:00+00:00, run_after=2024-07-09 16:45:00+00:00
[2024-07-09T16:45:38.042+0000] {processor.py:183} INFO - Processing /home/airflow/.local/lib/python3.12/site-packages/airflow/example_dags/example_branch_python_dop_operator_3.py took 0.067 seconds
[2024-07-09T16:46:08.673+0000] {processor.py:161} INFO - Started process (PID=1371) to work on /home/airflow/.local/lib/python3.12/site-packages/airflow/example_dags/example_branch_python_dop_operator_3.py
[2024-07-09T16:46:08.674+0000] {processor.py:830} INFO - Processing file /home/airflow/.local/lib/python3.12/site-packages/airflow/example_dags/example_branch_python_dop_operator_3.py for tasks to queue
[2024-07-09T16:46:08.675+0000] {logging_mixin.py:188} INFO - [2024-07-09T16:46:08.675+0000] {dagbag.py:545} INFO - Filling up the DagBag from /home/airflow/.local/lib/python3.12/site-packages/airflow/example_dags/example_branch_python_dop_operator_3.py
[2024-07-09T16:46:08.683+0000] {processor.py:840} INFO - DAG(s) 'example_branch_dop_operator_v3' retrieved from /home/airflow/.local/lib/python3.12/site-packages/airflow/example_dags/example_branch_python_dop_operator_3.py
[2024-07-09T16:46:08.702+0000] {logging_mixin.py:188} INFO - [2024-07-09T16:46:08.701+0000] {dag.py:3096} INFO - Sync 1 DAGs
[2024-07-09T16:46:08.721+0000] {logging_mixin.py:188} INFO - [2024-07-09T16:46:08.721+0000] {dag.py:3954} INFO - Setting next_dagrun for example_branch_dop_operator_v3 to 2024-07-09 16:45:00+00:00, run_after=2024-07-09 16:46:00+00:00
[2024-07-09T16:46:08.734+0000] {processor.py:183} INFO - Processing /home/airflow/.local/lib/python3.12/site-packages/airflow/example_dags/example_branch_python_dop_operator_3.py took 0.067 seconds
[2024-07-09T16:46:38.851+0000] {processor.py:161} INFO - Started process (PID=1632) to work on /home/airflow/.local/lib/python3.12/site-packages/airflow/example_dags/example_branch_python_dop_operator_3.py
[2024-07-09T16:46:38.851+0000] {processor.py:830} INFO - Processing file /home/airflow/.local/lib/python3.12/site-packages/airflow/example_dags/example_branch_python_dop_operator_3.py for tasks to queue
[2024-07-09T16:46:38.852+0000] {logging_mixin.py:188} INFO - [2024-07-09T16:46:38.852+0000] {dagbag.py:545} INFO - Filling up the DagBag from /home/airflow/.local/lib/python3.12/site-packages/airflow/example_dags/example_branch_python_dop_operator_3.py
[2024-07-09T16:46:38.859+0000] {processor.py:840} INFO - DAG(s) 'example_branch_dop_operator_v3' retrieved from /home/airflow/.local/lib/python3.12/site-packages/airflow/example_dags/example_branch_python_dop_operator_3.py
[2024-07-09T16:46:38.879+0000] {logging_mixin.py:188} INFO - [2024-07-09T16:46:38.879+0000] {dag.py:3096} INFO - Sync 1 DAGs
[2024-07-09T16:46:38.906+0000] {logging_mixin.py:188} INFO - [2024-07-09T16:46:38.905+0000] {dag.py:3954} INFO - Setting next_dagrun for example_branch_dop_operator_v3 to 2024-07-09 16:45:00+00:00, run_after=2024-07-09 16:46:00+00:00
[2024-07-09T16:46:38.924+0000] {processor.py:183} INFO - Processing /home/airflow/.local/lib/python3.12/site-packages/airflow/example_dags/example_branch_python_dop_operator_3.py took 0.077 seconds
[2024-07-09T16:47:09.216+0000] {processor.py:161} INFO - Started process (PID=1893) to work on /home/airflow/.local/lib/python3.12/site-packages/airflow/example_dags/example_branch_python_dop_operator_3.py
[2024-07-09T16:47:09.216+0000] {processor.py:830} INFO - Processing file /home/airflow/.local/lib/python3.12/site-packages/airflow/example_dags/example_branch_python_dop_operator_3.py for tasks to queue
[2024-07-09T16:47:09.218+0000] {logging_mixin.py:188} INFO - [2024-07-09T16:47:09.217+0000] {dagbag.py:545} INFO - Filling up the DagBag from /home/airflow/.local/lib/python3.12/site-packages/airflow/example_dags/example_branch_python_dop_operator_3.py
[2024-07-09T16:47:09.223+0000] {processor.py:840} INFO - DAG(s) 'example_branch_dop_operator_v3' retrieved from /home/airflow/.local/lib/python3.12/site-packages/airflow/example_dags/example_branch_python_dop_operator_3.py
[2024-07-09T16:47:09.238+0000] {logging_mixin.py:188} INFO - [2024-07-09T16:47:09.238+0000] {dag.py:3096} INFO - Sync 1 DAGs
[2024-07-09T16:47:09.256+0000] {logging_mixin.py:188} INFO - [2024-07-09T16:47:09.255+0000] {dag.py:3954} INFO - Setting next_dagrun for example_branch_dop_operator_v3 to 2024-07-09 16:46:00+00:00, run_after=2024-07-09 16:47:00+00:00
[2024-07-09T16:47:09.268+0000] {processor.py:183} INFO - Processing /home/airflow/.local/lib/python3.12/site-packages/airflow/example_dags/example_branch_python_dop_operator_3.py took 0.057 seconds
[2024-07-09T16:47:39.325+0000] {processor.py:161} INFO - Started process (PID=2151) to work on /home/airflow/.local/lib/python3.12/site-packages/airflow/example_dags/example_branch_python_dop_operator_3.py
[2024-07-09T16:47:39.326+0000] {processor.py:830} INFO - Processing file /home/airflow/.local/lib/python3.12/site-packages/airflow/example_dags/example_branch_python_dop_operator_3.py for tasks to queue
[2024-07-09T16:47:39.327+0000] {logging_mixin.py:188} INFO - [2024-07-09T16:47:39.327+0000] {dagbag.py:545} INFO - Filling up the DagBag from /home/airflow/.local/lib/python3.12/site-packages/airflow/example_dags/example_branch_python_dop_operator_3.py
[2024-07-09T16:47:39.332+0000] {processor.py:840} INFO - DAG(s) 'example_branch_dop_operator_v3' retrieved from /home/airflow/.local/lib/python3.12/site-packages/airflow/example_dags/example_branch_python_dop_operator_3.py
[2024-07-09T16:47:39.347+0000] {logging_mixin.py:188} INFO - [2024-07-09T16:47:39.346+0000] {dag.py:3096} INFO - Sync 1 DAGs
[2024-07-09T16:47:39.363+0000] {logging_mixin.py:188} INFO - [2024-07-09T16:47:39.363+0000] {dag.py:3954} INFO - Setting next_dagrun for example_branch_dop_operator_v3 to 2024-07-09 16:46:00+00:00, run_after=2024-07-09 16:47:00+00:00
[2024-07-09T16:47:39.375+0000] {processor.py:183} INFO - Processing /home/airflow/.local/lib/python3.12/site-packages/airflow/example_dags/example_branch_python_dop_operator_3.py took 0.053 seconds
[2024-07-09T16:48:09.496+0000] {processor.py:161} INFO - Started process (PID=2412) to work on /home/airflow/.local/lib/python3.12/site-packages/airflow/example_dags/example_branch_python_dop_operator_3.py
[2024-07-09T16:48:09.496+0000] {processor.py:830} INFO - Processing file /home/airflow/.local/lib/python3.12/site-packages/airflow/example_dags/example_branch_python_dop_operator_3.py for tasks to queue
[2024-07-09T16:48:09.497+0000] {logging_mixin.py:188} INFO - [2024-07-09T16:48:09.497+0000] {dagbag.py:545} INFO - Filling up the DagBag from /home/airflow/.local/lib/python3.12/site-packages/airflow/example_dags/example_branch_python_dop_operator_3.py
[2024-07-09T16:48:09.503+0000] {processor.py:840} INFO - DAG(s) 'example_branch_dop_operator_v3' retrieved from /home/airflow/.local/lib/python3.12/site-packages/airflow/example_dags/example_branch_python_dop_operator_3.py
[2024-07-09T16:48:09.518+0000] {logging_mixin.py:188} INFO - [2024-07-09T16:48:09.518+0000] {dag.py:3096} INFO - Sync 1 DAGs
[2024-07-09T16:48:09.536+0000] {logging_mixin.py:188} INFO - [2024-07-09T16:48:09.535+0000] {dag.py:3954} INFO - Setting next_dagrun for example_branch_dop_operator_v3 to 2024-07-09 16:47:00+00:00, run_after=2024-07-09 16:48:00+00:00
[2024-07-09T16:48:09.548+0000] {processor.py:183} INFO - Processing /home/airflow/.local/lib/python3.12/site-packages/airflow/example_dags/example_branch_python_dop_operator_3.py took 0.056 seconds
[2024-07-09T16:48:39.958+0000] {processor.py:161} INFO - Started process (PID=2673) to work on /home/airflow/.local/lib/python3.12/site-packages/airflow/example_dags/example_branch_python_dop_operator_3.py
[2024-07-09T16:48:39.959+0000] {processor.py:830} INFO - Processing file /home/airflow/.local/lib/python3.12/site-packages/airflow/example_dags/example_branch_python_dop_operator_3.py for tasks to queue
[2024-07-09T16:48:39.960+0000] {logging_mixin.py:188} INFO - [2024-07-09T16:48:39.959+0000] {dagbag.py:545} INFO - Filling up the DagBag from /home/airflow/.local/lib/python3.12/site-packages/airflow/example_dags/example_branch_python_dop_operator_3.py
[2024-07-09T16:48:39.965+0000] {processor.py:840} INFO - DAG(s) 'example_branch_dop_operator_v3' retrieved from /home/airflow/.local/lib/python3.12/site-packages/airflow/example_dags/example_branch_python_dop_operator_3.py
[2024-07-09T16:48:39.984+0000] {logging_mixin.py:188} INFO - [2024-07-09T16:48:39.984+0000] {dag.py:3096} INFO - Sync 1 DAGs
[2024-07-09T16:48:40.008+0000] {logging_mixin.py:188} INFO - [2024-07-09T16:48:40.008+0000] {dag.py:3954} INFO - Setting next_dagrun for example_branch_dop_operator_v3 to 2024-07-09 16:47:00+00:00, run_after=2024-07-09 16:48:00+00:00
[2024-07-09T16:48:40.024+0000] {processor.py:183} INFO - Processing /home/airflow/.local/lib/python3.12/site-packages/airflow/example_dags/example_branch_python_dop_operator_3.py took 0.069 seconds
[2024-07-09T16:49:10.322+0000] {processor.py:161} INFO - Started process (PID=2937) to work on /home/airflow/.local/lib/python3.12/site-packages/airflow/example_dags/example_branch_python_dop_operator_3.py
[2024-07-09T16:49:10.323+0000] {processor.py:830} INFO - Processing file /home/airflow/.local/lib/python3.12/site-packages/airflow/example_dags/example_branch_python_dop_operator_3.py for tasks to queue
[2024-07-09T16:49:10.324+0000] {logging_mixin.py:188} INFO - [2024-07-09T16:49:10.324+0000] {dagbag.py:545} INFO - Filling up the DagBag from /home/airflow/.local/lib/python3.12/site-packages/airflow/example_dags/example_branch_python_dop_operator_3.py
[2024-07-09T16:49:10.330+0000] {processor.py:840} INFO - DAG(s) 'example_branch_dop_operator_v3' retrieved from /home/airflow/.local/lib/python3.12/site-packages/airflow/example_dags/example_branch_python_dop_operator_3.py
[2024-07-09T16:49:10.345+0000] {logging_mixin.py:188} INFO - [2024-07-09T16:49:10.345+0000] {dag.py:3096} INFO - Sync 1 DAGs
[2024-07-09T16:49:10.362+0000] {logging_mixin.py:188} INFO - [2024-07-09T16:49:10.362+0000] {dag.py:3954} INFO - Setting next_dagrun for example_branch_dop_operator_v3 to 2024-07-09 16:48:00+00:00, run_after=2024-07-09 16:49:00+00:00
[2024-07-09T16:49:10.374+0000] {processor.py:183} INFO - Processing /home/airflow/.local/lib/python3.12/site-packages/airflow/example_dags/example_branch_python_dop_operator_3.py took 0.056 seconds
[2024-07-09T16:49:40.520+0000] {processor.py:161} INFO - Started process (PID=3193) to work on /home/airflow/.local/lib/python3.12/site-packages/airflow/example_dags/example_branch_python_dop_operator_3.py
[2024-07-09T16:49:40.520+0000] {processor.py:830} INFO - Processing file /home/airflow/.local/lib/python3.12/site-packages/airflow/example_dags/example_branch_python_dop_operator_3.py for tasks to queue
[2024-07-09T16:49:40.522+0000] {logging_mixin.py:188} INFO - [2024-07-09T16:49:40.521+0000] {dagbag.py:545} INFO - Filling up the DagBag from /home/airflow/.local/lib/python3.12/site-packages/airflow/example_dags/example_branch_python_dop_operator_3.py
[2024-07-09T16:49:40.529+0000] {processor.py:840} INFO - DAG(s) 'example_branch_dop_operator_v3' retrieved from /home/airflow/.local/lib/python3.12/site-packages/airflow/example_dags/example_branch_python_dop_operator_3.py
[2024-07-09T16:49:40.546+0000] {logging_mixin.py:188} INFO - [2024-07-09T16:49:40.545+0000] {dag.py:3096} INFO - Sync 1 DAGs
[2024-07-09T16:49:40.566+0000] {logging_mixin.py:188} INFO - [2024-07-09T16:49:40.566+0000] {dag.py:3954} INFO - Setting next_dagrun for example_branch_dop_operator_v3 to 2024-07-09 16:48:00+00:00, run_after=2024-07-09 16:49:00+00:00
[2024-07-09T16:49:40.580+0000] {processor.py:183} INFO - Processing /home/airflow/.local/lib/python3.12/site-packages/airflow/example_dags/example_branch_python_dop_operator_3.py took 0.065 seconds
[2024-07-09T16:50:10.884+0000] {processor.py:161} INFO - Started process (PID=3459) to work on /home/airflow/.local/lib/python3.12/site-packages/airflow/example_dags/example_branch_python_dop_operator_3.py
[2024-07-09T16:50:10.884+0000] {processor.py:830} INFO - Processing file /home/airflow/.local/lib/python3.12/site-packages/airflow/example_dags/example_branch_python_dop_operator_3.py for tasks to queue
[2024-07-09T16:50:10.885+0000] {logging_mixin.py:188} INFO - [2024-07-09T16:50:10.885+0000] {dagbag.py:545} INFO - Filling up the DagBag from /home/airflow/.local/lib/python3.12/site-packages/airflow/example_dags/example_branch_python_dop_operator_3.py
[2024-07-09T16:50:10.891+0000] {processor.py:840} INFO - DAG(s) 'example_branch_dop_operator_v3' retrieved from /home/airflow/.local/lib/python3.12/site-packages/airflow/example_dags/example_branch_python_dop_operator_3.py
[2024-07-09T16:50:10.906+0000] {logging_mixin.py:188} INFO - [2024-07-09T16:50:10.906+0000] {dag.py:3096} INFO - Sync 1 DAGs
[2024-07-09T16:50:10.924+0000] {logging_mixin.py:188} INFO - [2024-07-09T16:50:10.923+0000] {dag.py:3954} INFO - Setting next_dagrun for example_branch_dop_operator_v3 to 2024-07-09 16:49:00+00:00, run_after=2024-07-09 16:50:00+00:00
[2024-07-09T16:50:10.937+0000] {processor.py:183} INFO - Processing /home/airflow/.local/lib/python3.12/site-packages/airflow/example_dags/example_branch_python_dop_operator_3.py took 0.057 seconds
[2024-07-09T16:50:41.161+0000] {processor.py:161} INFO - Started process (PID=3717) to work on /home/airflow/.local/lib/python3.12/site-packages/airflow/example_dags/example_branch_python_dop_operator_3.py
[2024-07-09T16:50:41.162+0000] {processor.py:830} INFO - Processing file /home/airflow/.local/lib/python3.12/site-packages/airflow/example_dags/example_branch_python_dop_operator_3.py for tasks to queue
[2024-07-09T16:50:41.163+0000] {logging_mixin.py:188} INFO - [2024-07-09T16:50:41.163+0000] {dagbag.py:545} INFO - Filling up the DagBag from /home/airflow/.local/lib/python3.12/site-packages/airflow/example_dags/example_branch_python_dop_operator_3.py
[2024-07-09T16:50:41.168+0000] {processor.py:840} INFO - DAG(s) 'example_branch_dop_operator_v3' retrieved from /home/airflow/.local/lib/python3.12/site-packages/airflow/example_dags/example_branch_python_dop_operator_3.py
[2024-07-09T16:50:41.185+0000] {logging_mixin.py:188} INFO - [2024-07-09T16:50:41.185+0000] {dag.py:3096} INFO - Sync 1 DAGs
[2024-07-09T16:50:41.203+0000] {logging_mixin.py:188} INFO - [2024-07-09T16:50:41.203+0000] {dag.py:3954} INFO - Setting next_dagrun for example_branch_dop_operator_v3 to 2024-07-09 16:49:00+00:00, run_after=2024-07-09 16:50:00+00:00
[2024-07-09T16:50:41.216+0000] {processor.py:183} INFO - Processing /home/airflow/.local/lib/python3.12/site-packages/airflow/example_dags/example_branch_python_dop_operator_3.py took 0.059 seconds
[2024-07-09T16:51:11.384+0000] {processor.py:161} INFO - Started process (PID=3976) to work on /home/airflow/.local/lib/python3.12/site-packages/airflow/example_dags/example_branch_python_dop_operator_3.py
[2024-07-09T16:51:11.384+0000] {processor.py:830} INFO - Processing file /home/airflow/.local/lib/python3.12/site-packages/airflow/example_dags/example_branch_python_dop_operator_3.py for tasks to queue
[2024-07-09T16:51:11.385+0000] {logging_mixin.py:188} INFO - [2024-07-09T16:51:11.385+0000] {dagbag.py:545} INFO - Filling up the DagBag from /home/airflow/.local/lib/python3.12/site-packages/airflow/example_dags/example_branch_python_dop_operator_3.py
[2024-07-09T16:51:11.391+0000] {processor.py:840} INFO - DAG(s) 'example_branch_dop_operator_v3' retrieved from /home/airflow/.local/lib/python3.12/site-packages/airflow/example_dags/example_branch_python_dop_operator_3.py
[2024-07-09T16:51:11.406+0000] {logging_mixin.py:188} INFO - [2024-07-09T16:51:11.406+0000] {dag.py:3096} INFO - Sync 1 DAGs
[2024-07-09T16:51:11.424+0000] {logging_mixin.py:188} INFO - [2024-07-09T16:51:11.424+0000] {dag.py:3954} INFO - Setting next_dagrun for example_branch_dop_operator_v3 to 2024-07-09 16:50:00+00:00, run_after=2024-07-09 16:51:00+00:00
[2024-07-09T16:51:11.438+0000] {processor.py:183} INFO - Processing /home/airflow/.local/lib/python3.12/site-packages/airflow/example_dags/example_branch_python_dop_operator_3.py took 0.059 seconds
[2024-07-09T16:51:41.941+0000] {processor.py:161} INFO - Started process (PID=4244) to work on /home/airflow/.local/lib/python3.12/site-packages/airflow/example_dags/example_branch_python_dop_operator_3.py
[2024-07-09T16:51:41.951+0000] {processor.py:830} INFO - Processing file /home/airflow/.local/lib/python3.12/site-packages/airflow/example_dags/example_branch_python_dop_operator_3.py for tasks to queue
[2024-07-09T16:51:41.952+0000] {logging_mixin.py:188} INFO - [2024-07-09T16:51:41.952+0000] {dagbag.py:545} INFO - Filling up the DagBag from /home/airflow/.local/lib/python3.12/site-packages/airflow/example_dags/example_branch_python_dop_operator_3.py
[2024-07-09T16:51:41.958+0000] {processor.py:840} INFO - DAG(s) 'example_branch_dop_operator_v3' retrieved from /home/airflow/.local/lib/python3.12/site-packages/airflow/example_dags/example_branch_python_dop_operator_3.py
[2024-07-09T16:51:41.976+0000] {logging_mixin.py:188} INFO - [2024-07-09T16:51:41.976+0000] {dag.py:3096} INFO - Sync 1 DAGs
[2024-07-09T16:51:42.000+0000] {logging_mixin.py:188} INFO - [2024-07-09T16:51:41.999+0000] {dag.py:3954} INFO - Setting next_dagrun for example_branch_dop_operator_v3 to 2024-07-09 16:50:00+00:00, run_after=2024-07-09 16:51:00+00:00
[2024-07-09T16:51:42.013+0000] {processor.py:183} INFO - Processing /home/airflow/.local/lib/python3.12/site-packages/airflow/example_dags/example_branch_python_dop_operator_3.py took 0.076 seconds
[2024-07-09T16:52:12.102+0000] {processor.py:161} INFO - Started process (PID=4508) to work on /home/airflow/.local/lib/python3.12/site-packages/airflow/example_dags/example_branch_python_dop_operator_3.py
[2024-07-09T16:52:12.103+0000] {processor.py:830} INFO - Processing file /home/airflow/.local/lib/python3.12/site-packages/airflow/example_dags/example_branch_python_dop_operator_3.py for tasks to queue
[2024-07-09T16:52:12.104+0000] {logging_mixin.py:188} INFO - [2024-07-09T16:52:12.103+0000] {dagbag.py:545} INFO - Filling up the DagBag from /home/airflow/.local/lib/python3.12/site-packages/airflow/example_dags/example_branch_python_dop_operator_3.py
[2024-07-09T16:52:12.109+0000] {processor.py:840} INFO - DAG(s) 'example_branch_dop_operator_v3' retrieved from /home/airflow/.local/lib/python3.12/site-packages/airflow/example_dags/example_branch_python_dop_operator_3.py
[2024-07-09T16:52:12.125+0000] {logging_mixin.py:188} INFO - [2024-07-09T16:52:12.124+0000] {dag.py:3096} INFO - Sync 1 DAGs
[2024-07-09T16:52:12.142+0000] {logging_mixin.py:188} INFO - [2024-07-09T16:52:12.142+0000] {dag.py:3954} INFO - Setting next_dagrun for example_branch_dop_operator_v3 to 2024-07-09 16:51:00+00:00, run_after=2024-07-09 16:52:00+00:00
[2024-07-09T16:52:12.155+0000] {processor.py:183} INFO - Processing /home/airflow/.local/lib/python3.12/site-packages/airflow/example_dags/example_branch_python_dop_operator_3.py took 0.057 seconds
[2024-07-09T16:52:42.294+0000] {processor.py:161} INFO - Started process (PID=4761) to work on /home/airflow/.local/lib/python3.12/site-packages/airflow/example_dags/example_branch_python_dop_operator_3.py
[2024-07-09T16:52:42.295+0000] {processor.py:830} INFO - Processing file /home/airflow/.local/lib/python3.12/site-packages/airflow/example_dags/example_branch_python_dop_operator_3.py for tasks to queue
[2024-07-09T16:52:42.296+0000] {logging_mixin.py:188} INFO - [2024-07-09T16:52:42.295+0000] {dagbag.py:545} INFO - Filling up the DagBag from /home/airflow/.local/lib/python3.12/site-packages/airflow/example_dags/example_branch_python_dop_operator_3.py
[2024-07-09T16:52:42.301+0000] {processor.py:840} INFO - DAG(s) 'example_branch_dop_operator_v3' retrieved from /home/airflow/.local/lib/python3.12/site-packages/airflow/example_dags/example_branch_python_dop_operator_3.py
[2024-07-09T16:52:42.317+0000] {logging_mixin.py:188} INFO - [2024-07-09T16:52:42.317+0000] {dag.py:3096} INFO - Sync 1 DAGs
[2024-07-09T16:52:42.338+0000] {logging_mixin.py:188} INFO - [2024-07-09T16:52:42.338+0000] {dag.py:3954} INFO - Setting next_dagrun for example_branch_dop_operator_v3 to 2024-07-09 16:51:00+00:00, run_after=2024-07-09 16:52:00+00:00
[2024-07-09T16:52:42.351+0000] {processor.py:183} INFO - Processing /home/airflow/.local/lib/python3.12/site-packages/airflow/example_dags/example_branch_python_dop_operator_3.py took 0.061 seconds
[2024-07-09T16:53:12.772+0000] {processor.py:161} INFO - Started process (PID=5022) to work on /home/airflow/.local/lib/python3.12/site-packages/airflow/example_dags/example_branch_python_dop_operator_3.py
[2024-07-09T16:53:12.773+0000] {processor.py:830} INFO - Processing file /home/airflow/.local/lib/python3.12/site-packages/airflow/example_dags/example_branch_python_dop_operator_3.py for tasks to queue
[2024-07-09T16:53:12.775+0000] {logging_mixin.py:188} INFO - [2024-07-09T16:53:12.774+0000] {dagbag.py:545} INFO - Filling up the DagBag from /home/airflow/.local/lib/python3.12/site-packages/airflow/example_dags/example_branch_python_dop_operator_3.py
[2024-07-09T16:53:12.783+0000] {processor.py:840} INFO - DAG(s) 'example_branch_dop_operator_v3' retrieved from /home/airflow/.local/lib/python3.12/site-packages/airflow/example_dags/example_branch_python_dop_operator_3.py
[2024-07-09T16:53:12.803+0000] {logging_mixin.py:188} INFO - [2024-07-09T16:53:12.803+0000] {dag.py:3096} INFO - Sync 1 DAGs
[2024-07-09T16:53:12.822+0000] {logging_mixin.py:188} INFO - [2024-07-09T16:53:12.822+0000] {dag.py:3954} INFO - Setting next_dagrun for example_branch_dop_operator_v3 to 2024-07-09 16:52:00+00:00, run_after=2024-07-09 16:53:00+00:00
[2024-07-09T16:53:12.837+0000] {processor.py:183} INFO - Processing /home/airflow/.local/lib/python3.12/site-packages/airflow/example_dags/example_branch_python_dop_operator_3.py took 0.070 seconds
[2024-07-09T16:53:43.015+0000] {processor.py:161} INFO - Started process (PID=5283) to work on /home/airflow/.local/lib/python3.12/site-packages/airflow/example_dags/example_branch_python_dop_operator_3.py
[2024-07-09T16:53:43.016+0000] {processor.py:830} INFO - Processing file /home/airflow/.local/lib/python3.12/site-packages/airflow/example_dags/example_branch_python_dop_operator_3.py for tasks to queue
[2024-07-09T16:53:43.017+0000] {logging_mixin.py:188} INFO - [2024-07-09T16:53:43.017+0000] {dagbag.py:545} INFO - Filling up the DagBag from /home/airflow/.local/lib/python3.12/site-packages/airflow/example_dags/example_branch_python_dop_operator_3.py
[2024-07-09T16:53:43.023+0000] {processor.py:840} INFO - DAG(s) 'example_branch_dop_operator_v3' retrieved from /home/airflow/.local/lib/python3.12/site-packages/airflow/example_dags/example_branch_python_dop_operator_3.py
[2024-07-09T16:53:43.043+0000] {logging_mixin.py:188} INFO - [2024-07-09T16:53:43.043+0000] {dag.py:3096} INFO - Sync 1 DAGs
[2024-07-09T16:53:43.068+0000] {logging_mixin.py:188} INFO - [2024-07-09T16:53:43.067+0000] {dag.py:3954} INFO - Setting next_dagrun for example_branch_dop_operator_v3 to 2024-07-09 16:52:00+00:00, run_after=2024-07-09 16:53:00+00:00
[2024-07-09T16:53:43.084+0000] {processor.py:183} INFO - Processing /home/airflow/.local/lib/python3.12/site-packages/airflow/example_dags/example_branch_python_dop_operator_3.py took 0.073 seconds
[2024-07-09T16:54:13.393+0000] {processor.py:161} INFO - Started process (PID=5542) to work on /home/airflow/.local/lib/python3.12/site-packages/airflow/example_dags/example_branch_python_dop_operator_3.py
[2024-07-09T16:54:13.394+0000] {processor.py:830} INFO - Processing file /home/airflow/.local/lib/python3.12/site-packages/airflow/example_dags/example_branch_python_dop_operator_3.py for tasks to queue
[2024-07-09T16:54:13.395+0000] {logging_mixin.py:188} INFO - [2024-07-09T16:54:13.395+0000] {dagbag.py:545} INFO - Filling up the DagBag from /home/airflow/.local/lib/python3.12/site-packages/airflow/example_dags/example_branch_python_dop_operator_3.py
[2024-07-09T16:54:13.404+0000] {processor.py:840} INFO - DAG(s) 'example_branch_dop_operator_v3' retrieved from /home/airflow/.local/lib/python3.12/site-packages/airflow/example_dags/example_branch_python_dop_operator_3.py
[2024-07-09T16:54:13.425+0000] {logging_mixin.py:188} INFO - [2024-07-09T16:54:13.425+0000] {dag.py:3096} INFO - Sync 1 DAGs
[2024-07-09T16:54:13.447+0000] {logging_mixin.py:188} INFO - [2024-07-09T16:54:13.447+0000] {dag.py:3954} INFO - Setting next_dagrun for example_branch_dop_operator_v3 to 2024-07-09 16:53:00+00:00, run_after=2024-07-09 16:54:00+00:00
[2024-07-09T16:54:13.461+0000] {processor.py:183} INFO - Processing /home/airflow/.local/lib/python3.12/site-packages/airflow/example_dags/example_branch_python_dop_operator_3.py took 0.073 seconds
[2024-07-09T16:54:43.797+0000] {processor.py:161} INFO - Started process (PID=5805) to work on /home/airflow/.local/lib/python3.12/site-packages/airflow/example_dags/example_branch_python_dop_operator_3.py
[2024-07-09T16:54:43.798+0000] {processor.py:830} INFO - Processing file /home/airflow/.local/lib/python3.12/site-packages/airflow/example_dags/example_branch_python_dop_operator_3.py for tasks to queue
[2024-07-09T16:54:43.799+0000] {logging_mixin.py:188} INFO - [2024-07-09T16:54:43.798+0000] {dagbag.py:545} INFO - Filling up the DagBag from /home/airflow/.local/lib/python3.12/site-packages/airflow/example_dags/example_branch_python_dop_operator_3.py
[2024-07-09T16:54:43.805+0000] {processor.py:840} INFO - DAG(s) 'example_branch_dop_operator_v3' retrieved from /home/airflow/.local/lib/python3.12/site-packages/airflow/example_dags/example_branch_python_dop_operator_3.py
[2024-07-09T16:54:43.820+0000] {logging_mixin.py:188} INFO - [2024-07-09T16:54:43.819+0000] {dag.py:3096} INFO - Sync 1 DAGs
[2024-07-09T16:54:43.836+0000] {logging_mixin.py:188} INFO - [2024-07-09T16:54:43.835+0000] {dag.py:3954} INFO - Setting next_dagrun for example_branch_dop_operator_v3 to 2024-07-09 16:53:00+00:00, run_after=2024-07-09 16:54:00+00:00
[2024-07-09T16:54:43.847+0000] {processor.py:183} INFO - Processing /home/airflow/.local/lib/python3.12/site-packages/airflow/example_dags/example_branch_python_dop_operator_3.py took 0.053 seconds
[2024-07-09T16:55:14.141+0000] {processor.py:161} INFO - Started process (PID=6069) to work on /home/airflow/.local/lib/python3.12/site-packages/airflow/example_dags/example_branch_python_dop_operator_3.py
[2024-07-09T16:55:14.141+0000] {processor.py:830} INFO - Processing file /home/airflow/.local/lib/python3.12/site-packages/airflow/example_dags/example_branch_python_dop_operator_3.py for tasks to queue
[2024-07-09T16:55:14.142+0000] {logging_mixin.py:188} INFO - [2024-07-09T16:55:14.142+0000] {dagbag.py:545} INFO - Filling up the DagBag from /home/airflow/.local/lib/python3.12/site-packages/airflow/example_dags/example_branch_python_dop_operator_3.py
[2024-07-09T16:55:14.147+0000] {processor.py:840} INFO - DAG(s) 'example_branch_dop_operator_v3' retrieved from /home/airflow/.local/lib/python3.12/site-packages/airflow/example_dags/example_branch_python_dop_operator_3.py
[2024-07-09T16:55:14.164+0000] {logging_mixin.py:188} INFO - [2024-07-09T16:55:14.164+0000] {dag.py:3096} INFO - Sync 1 DAGs
[2024-07-09T16:55:14.180+0000] {logging_mixin.py:188} INFO - [2024-07-09T16:55:14.180+0000] {dag.py:3954} INFO - Setting next_dagrun for example_branch_dop_operator_v3 to 2024-07-09 16:54:00+00:00, run_after=2024-07-09 16:55:00+00:00
[2024-07-09T16:55:14.192+0000] {processor.py:183} INFO - Processing /home/airflow/.local/lib/python3.12/site-packages/airflow/example_dags/example_branch_python_dop_operator_3.py took 0.055 seconds
