[2024-07-09T16:44:06.240+0000] {processor.py:161} INFO - Started process (PID=313) to work on /home/airflow/.local/lib/python3.12/site-packages/airflow/example_dags/example_latest_only.py
[2024-07-09T16:44:06.241+0000] {processor.py:830} INFO - Processing file /home/airflow/.local/lib/python3.12/site-packages/airflow/example_dags/example_latest_only.py for tasks to queue
[2024-07-09T16:44:06.242+0000] {logging_mixin.py:188} INFO - [2024-07-09T16:44:06.242+0000] {dagbag.py:545} INFO - Filling up the DagBag from /home/airflow/.local/lib/python3.12/site-packages/airflow/example_dags/example_latest_only.py
[2024-07-09T16:44:06.245+0000] {processor.py:840} INFO - DAG(s) 'latest_only' retrieved from /home/airflow/.local/lib/python3.12/site-packages/airflow/example_dags/example_latest_only.py
[2024-07-09T16:44:06.331+0000] {logging_mixin.py:188} INFO - [2024-07-09T16:44:06.331+0000] {override.py:1829} INFO - Created Permission View: can delete on DAG:latest_only
[2024-07-09T16:44:06.338+0000] {logging_mixin.py:188} INFO - [2024-07-09T16:44:06.338+0000] {override.py:1829} INFO - Created Permission View: can edit on DAG:latest_only
[2024-07-09T16:44:06.343+0000] {logging_mixin.py:188} INFO - [2024-07-09T16:44:06.342+0000] {override.py:1829} INFO - Created Permission View: can read on DAG:latest_only
[2024-07-09T16:44:06.343+0000] {logging_mixin.py:188} INFO - [2024-07-09T16:44:06.343+0000] {dag.py:3096} INFO - Sync 1 DAGs
[2024-07-09T16:44:06.351+0000] {logging_mixin.py:188} INFO - [2024-07-09T16:44:06.351+0000] {dag.py:3118} INFO - Creating ORM DAG for latest_only
[2024-07-09T16:44:06.360+0000] {logging_mixin.py:188} INFO - [2024-07-09T16:44:06.359+0000] {dag.py:3954} INFO - Setting next_dagrun for latest_only to 2024-07-09 12:00:00+00:00, run_after=2024-07-09 16:00:00+00:00
[2024-07-09T16:44:06.374+0000] {processor.py:183} INFO - Processing /home/airflow/.local/lib/python3.12/site-packages/airflow/example_dags/example_latest_only.py took 0.138 seconds
[2024-07-09T16:44:37.231+0000] {processor.py:161} INFO - Started process (PID=573) to work on /home/airflow/.local/lib/python3.12/site-packages/airflow/example_dags/example_latest_only.py
[2024-07-09T16:44:37.232+0000] {processor.py:830} INFO - Processing file /home/airflow/.local/lib/python3.12/site-packages/airflow/example_dags/example_latest_only.py for tasks to queue
[2024-07-09T16:44:37.233+0000] {logging_mixin.py:188} INFO - [2024-07-09T16:44:37.233+0000] {dagbag.py:545} INFO - Filling up the DagBag from /home/airflow/.local/lib/python3.12/site-packages/airflow/example_dags/example_latest_only.py
[2024-07-09T16:44:37.238+0000] {processor.py:840} INFO - DAG(s) 'latest_only' retrieved from /home/airflow/.local/lib/python3.12/site-packages/airflow/example_dags/example_latest_only.py
[2024-07-09T16:44:37.253+0000] {logging_mixin.py:188} INFO - [2024-07-09T16:44:37.253+0000] {dag.py:3096} INFO - Sync 1 DAGs
[2024-07-09T16:44:37.268+0000] {logging_mixin.py:188} INFO - [2024-07-09T16:44:37.268+0000] {dag.py:3954} INFO - Setting next_dagrun for latest_only to 2024-07-09 12:00:00+00:00, run_after=2024-07-09 16:00:00+00:00
[2024-07-09T16:44:37.281+0000] {processor.py:183} INFO - Processing /home/airflow/.local/lib/python3.12/site-packages/airflow/example_dags/example_latest_only.py took 0.055 seconds
[2024-07-09T16:45:07.536+0000] {processor.py:161} INFO - Started process (PID=834) to work on /home/airflow/.local/lib/python3.12/site-packages/airflow/example_dags/example_latest_only.py
[2024-07-09T16:45:07.537+0000] {processor.py:830} INFO - Processing file /home/airflow/.local/lib/python3.12/site-packages/airflow/example_dags/example_latest_only.py for tasks to queue
[2024-07-09T16:45:07.538+0000] {logging_mixin.py:188} INFO - [2024-07-09T16:45:07.538+0000] {dagbag.py:545} INFO - Filling up the DagBag from /home/airflow/.local/lib/python3.12/site-packages/airflow/example_dags/example_latest_only.py
[2024-07-09T16:45:07.541+0000] {processor.py:840} INFO - DAG(s) 'latest_only' retrieved from /home/airflow/.local/lib/python3.12/site-packages/airflow/example_dags/example_latest_only.py
[2024-07-09T16:45:07.555+0000] {logging_mixin.py:188} INFO - [2024-07-09T16:45:07.555+0000] {dag.py:3096} INFO - Sync 1 DAGs
[2024-07-09T16:45:07.571+0000] {logging_mixin.py:188} INFO - [2024-07-09T16:45:07.571+0000] {dag.py:3954} INFO - Setting next_dagrun for latest_only to 2024-07-09 12:00:00+00:00, run_after=2024-07-09 16:00:00+00:00
[2024-07-09T16:45:07.584+0000] {processor.py:183} INFO - Processing /home/airflow/.local/lib/python3.12/site-packages/airflow/example_dags/example_latest_only.py took 0.051 seconds
[2024-07-09T16:45:37.836+0000] {processor.py:161} INFO - Started process (PID=1095) to work on /home/airflow/.local/lib/python3.12/site-packages/airflow/example_dags/example_latest_only.py
[2024-07-09T16:45:37.836+0000] {processor.py:830} INFO - Processing file /home/airflow/.local/lib/python3.12/site-packages/airflow/example_dags/example_latest_only.py for tasks to queue
[2024-07-09T16:45:37.838+0000] {logging_mixin.py:188} INFO - [2024-07-09T16:45:37.837+0000] {dagbag.py:545} INFO - Filling up the DagBag from /home/airflow/.local/lib/python3.12/site-packages/airflow/example_dags/example_latest_only.py
[2024-07-09T16:45:37.841+0000] {processor.py:840} INFO - DAG(s) 'latest_only' retrieved from /home/airflow/.local/lib/python3.12/site-packages/airflow/example_dags/example_latest_only.py
[2024-07-09T16:45:37.856+0000] {logging_mixin.py:188} INFO - [2024-07-09T16:45:37.856+0000] {dag.py:3096} INFO - Sync 1 DAGs
[2024-07-09T16:45:37.872+0000] {logging_mixin.py:188} INFO - [2024-07-09T16:45:37.872+0000] {dag.py:3954} INFO - Setting next_dagrun for latest_only to 2024-07-09 12:00:00+00:00, run_after=2024-07-09 16:00:00+00:00
[2024-07-09T16:45:37.884+0000] {processor.py:183} INFO - Processing /home/airflow/.local/lib/python3.12/site-packages/airflow/example_dags/example_latest_only.py took 0.053 seconds
[2024-07-09T16:46:08.503+0000] {processor.py:161} INFO - Started process (PID=1358) to work on /home/airflow/.local/lib/python3.12/site-packages/airflow/example_dags/example_latest_only.py
[2024-07-09T16:46:08.504+0000] {processor.py:830} INFO - Processing file /home/airflow/.local/lib/python3.12/site-packages/airflow/example_dags/example_latest_only.py for tasks to queue
[2024-07-09T16:46:08.505+0000] {logging_mixin.py:188} INFO - [2024-07-09T16:46:08.505+0000] {dagbag.py:545} INFO - Filling up the DagBag from /home/airflow/.local/lib/python3.12/site-packages/airflow/example_dags/example_latest_only.py
[2024-07-09T16:46:08.509+0000] {processor.py:840} INFO - DAG(s) 'latest_only' retrieved from /home/airflow/.local/lib/python3.12/site-packages/airflow/example_dags/example_latest_only.py
[2024-07-09T16:46:08.527+0000] {logging_mixin.py:188} INFO - [2024-07-09T16:46:08.527+0000] {dag.py:3096} INFO - Sync 1 DAGs
[2024-07-09T16:46:08.542+0000] {logging_mixin.py:188} INFO - [2024-07-09T16:46:08.542+0000] {dag.py:3954} INFO - Setting next_dagrun for latest_only to 2024-07-09 12:00:00+00:00, run_after=2024-07-09 16:00:00+00:00
[2024-07-09T16:46:08.556+0000] {processor.py:183} INFO - Processing /home/airflow/.local/lib/python3.12/site-packages/airflow/example_dags/example_latest_only.py took 0.058 seconds
[2024-07-09T16:46:38.772+0000] {processor.py:161} INFO - Started process (PID=1619) to work on /home/airflow/.local/lib/python3.12/site-packages/airflow/example_dags/example_latest_only.py
[2024-07-09T16:46:38.773+0000] {processor.py:830} INFO - Processing file /home/airflow/.local/lib/python3.12/site-packages/airflow/example_dags/example_latest_only.py for tasks to queue
[2024-07-09T16:46:38.774+0000] {logging_mixin.py:188} INFO - [2024-07-09T16:46:38.774+0000] {dagbag.py:545} INFO - Filling up the DagBag from /home/airflow/.local/lib/python3.12/site-packages/airflow/example_dags/example_latest_only.py
[2024-07-09T16:46:38.777+0000] {processor.py:840} INFO - DAG(s) 'latest_only' retrieved from /home/airflow/.local/lib/python3.12/site-packages/airflow/example_dags/example_latest_only.py
[2024-07-09T16:46:38.792+0000] {logging_mixin.py:188} INFO - [2024-07-09T16:46:38.792+0000] {dag.py:3096} INFO - Sync 1 DAGs
[2024-07-09T16:46:38.809+0000] {logging_mixin.py:188} INFO - [2024-07-09T16:46:38.809+0000] {dag.py:3954} INFO - Setting next_dagrun for latest_only to 2024-07-09 12:00:00+00:00, run_after=2024-07-09 16:00:00+00:00
[2024-07-09T16:46:38.821+0000] {processor.py:183} INFO - Processing /home/airflow/.local/lib/python3.12/site-packages/airflow/example_dags/example_latest_only.py took 0.053 seconds
[2024-07-09T16:47:09.078+0000] {processor.py:161} INFO - Started process (PID=1880) to work on /home/airflow/.local/lib/python3.12/site-packages/airflow/example_dags/example_latest_only.py
[2024-07-09T16:47:09.079+0000] {processor.py:830} INFO - Processing file /home/airflow/.local/lib/python3.12/site-packages/airflow/example_dags/example_latest_only.py for tasks to queue
[2024-07-09T16:47:09.080+0000] {logging_mixin.py:188} INFO - [2024-07-09T16:47:09.080+0000] {dagbag.py:545} INFO - Filling up the DagBag from /home/airflow/.local/lib/python3.12/site-packages/airflow/example_dags/example_latest_only.py
[2024-07-09T16:47:09.083+0000] {processor.py:840} INFO - DAG(s) 'latest_only' retrieved from /home/airflow/.local/lib/python3.12/site-packages/airflow/example_dags/example_latest_only.py
[2024-07-09T16:47:09.097+0000] {logging_mixin.py:188} INFO - [2024-07-09T16:47:09.097+0000] {dag.py:3096} INFO - Sync 1 DAGs
[2024-07-09T16:47:09.112+0000] {logging_mixin.py:188} INFO - [2024-07-09T16:47:09.112+0000] {dag.py:3954} INFO - Setting next_dagrun for latest_only to 2024-07-09 12:00:00+00:00, run_after=2024-07-09 16:00:00+00:00
[2024-07-09T16:47:09.124+0000] {processor.py:183} INFO - Processing /home/airflow/.local/lib/python3.12/site-packages/airflow/example_dags/example_latest_only.py took 0.049 seconds
[2024-07-09T16:47:39.194+0000] {processor.py:161} INFO - Started process (PID=2141) to work on /home/airflow/.local/lib/python3.12/site-packages/airflow/example_dags/example_latest_only.py
[2024-07-09T16:47:39.195+0000] {processor.py:830} INFO - Processing file /home/airflow/.local/lib/python3.12/site-packages/airflow/example_dags/example_latest_only.py for tasks to queue
[2024-07-09T16:47:39.196+0000] {logging_mixin.py:188} INFO - [2024-07-09T16:47:39.196+0000] {dagbag.py:545} INFO - Filling up the DagBag from /home/airflow/.local/lib/python3.12/site-packages/airflow/example_dags/example_latest_only.py
[2024-07-09T16:47:39.199+0000] {processor.py:840} INFO - DAG(s) 'latest_only' retrieved from /home/airflow/.local/lib/python3.12/site-packages/airflow/example_dags/example_latest_only.py
[2024-07-09T16:47:39.214+0000] {logging_mixin.py:188} INFO - [2024-07-09T16:47:39.214+0000] {dag.py:3096} INFO - Sync 1 DAGs
[2024-07-09T16:47:39.229+0000] {logging_mixin.py:188} INFO - [2024-07-09T16:47:39.229+0000] {dag.py:3954} INFO - Setting next_dagrun for latest_only to 2024-07-09 12:00:00+00:00, run_after=2024-07-09 16:00:00+00:00
[2024-07-09T16:47:39.240+0000] {processor.py:183} INFO - Processing /home/airflow/.local/lib/python3.12/site-packages/airflow/example_dags/example_latest_only.py took 0.050 seconds
[2024-07-09T16:48:09.361+0000] {processor.py:161} INFO - Started process (PID=2400) to work on /home/airflow/.local/lib/python3.12/site-packages/airflow/example_dags/example_latest_only.py
[2024-07-09T16:48:09.362+0000] {processor.py:830} INFO - Processing file /home/airflow/.local/lib/python3.12/site-packages/airflow/example_dags/example_latest_only.py for tasks to queue
[2024-07-09T16:48:09.363+0000] {logging_mixin.py:188} INFO - [2024-07-09T16:48:09.363+0000] {dagbag.py:545} INFO - Filling up the DagBag from /home/airflow/.local/lib/python3.12/site-packages/airflow/example_dags/example_latest_only.py
[2024-07-09T16:48:09.366+0000] {processor.py:840} INFO - DAG(s) 'latest_only' retrieved from /home/airflow/.local/lib/python3.12/site-packages/airflow/example_dags/example_latest_only.py
[2024-07-09T16:48:09.381+0000] {logging_mixin.py:188} INFO - [2024-07-09T16:48:09.380+0000] {dag.py:3096} INFO - Sync 1 DAGs
[2024-07-09T16:48:09.396+0000] {logging_mixin.py:188} INFO - [2024-07-09T16:48:09.396+0000] {dag.py:3954} INFO - Setting next_dagrun for latest_only to 2024-07-09 12:00:00+00:00, run_after=2024-07-09 16:00:00+00:00
[2024-07-09T16:48:09.409+0000] {processor.py:183} INFO - Processing /home/airflow/.local/lib/python3.12/site-packages/airflow/example_dags/example_latest_only.py took 0.052 seconds
[2024-07-09T16:48:39.816+0000] {processor.py:161} INFO - Started process (PID=2661) to work on /home/airflow/.local/lib/python3.12/site-packages/airflow/example_dags/example_latest_only.py
[2024-07-09T16:48:39.816+0000] {processor.py:830} INFO - Processing file /home/airflow/.local/lib/python3.12/site-packages/airflow/example_dags/example_latest_only.py for tasks to queue
[2024-07-09T16:48:39.817+0000] {logging_mixin.py:188} INFO - [2024-07-09T16:48:39.817+0000] {dagbag.py:545} INFO - Filling up the DagBag from /home/airflow/.local/lib/python3.12/site-packages/airflow/example_dags/example_latest_only.py
[2024-07-09T16:48:39.820+0000] {processor.py:840} INFO - DAG(s) 'latest_only' retrieved from /home/airflow/.local/lib/python3.12/site-packages/airflow/example_dags/example_latest_only.py
[2024-07-09T16:48:39.835+0000] {logging_mixin.py:188} INFO - [2024-07-09T16:48:39.835+0000] {dag.py:3096} INFO - Sync 1 DAGs
[2024-07-09T16:48:39.851+0000] {logging_mixin.py:188} INFO - [2024-07-09T16:48:39.850+0000] {dag.py:3954} INFO - Setting next_dagrun for latest_only to 2024-07-09 12:00:00+00:00, run_after=2024-07-09 16:00:00+00:00
[2024-07-09T16:48:39.868+0000] {processor.py:183} INFO - Processing /home/airflow/.local/lib/python3.12/site-packages/airflow/example_dags/example_latest_only.py took 0.055 seconds
[2024-07-09T16:49:10.183+0000] {processor.py:161} INFO - Started process (PID=2924) to work on /home/airflow/.local/lib/python3.12/site-packages/airflow/example_dags/example_latest_only.py
[2024-07-09T16:49:10.183+0000] {processor.py:830} INFO - Processing file /home/airflow/.local/lib/python3.12/site-packages/airflow/example_dags/example_latest_only.py for tasks to queue
[2024-07-09T16:49:10.184+0000] {logging_mixin.py:188} INFO - [2024-07-09T16:49:10.184+0000] {dagbag.py:545} INFO - Filling up the DagBag from /home/airflow/.local/lib/python3.12/site-packages/airflow/example_dags/example_latest_only.py
[2024-07-09T16:49:10.187+0000] {processor.py:840} INFO - DAG(s) 'latest_only' retrieved from /home/airflow/.local/lib/python3.12/site-packages/airflow/example_dags/example_latest_only.py
[2024-07-09T16:49:10.202+0000] {logging_mixin.py:188} INFO - [2024-07-09T16:49:10.202+0000] {dag.py:3096} INFO - Sync 1 DAGs
[2024-07-09T16:49:10.218+0000] {logging_mixin.py:188} INFO - [2024-07-09T16:49:10.218+0000] {dag.py:3954} INFO - Setting next_dagrun for latest_only to 2024-07-09 12:00:00+00:00, run_after=2024-07-09 16:00:00+00:00
[2024-07-09T16:49:10.231+0000] {processor.py:183} INFO - Processing /home/airflow/.local/lib/python3.12/site-packages/airflow/example_dags/example_latest_only.py took 0.052 seconds
[2024-07-09T16:49:40.449+0000] {processor.py:161} INFO - Started process (PID=3185) to work on /home/airflow/.local/lib/python3.12/site-packages/airflow/example_dags/example_latest_only.py
[2024-07-09T16:49:40.450+0000] {processor.py:830} INFO - Processing file /home/airflow/.local/lib/python3.12/site-packages/airflow/example_dags/example_latest_only.py for tasks to queue
[2024-07-09T16:49:40.451+0000] {logging_mixin.py:188} INFO - [2024-07-09T16:49:40.450+0000] {dagbag.py:545} INFO - Filling up the DagBag from /home/airflow/.local/lib/python3.12/site-packages/airflow/example_dags/example_latest_only.py
[2024-07-09T16:49:40.454+0000] {processor.py:840} INFO - DAG(s) 'latest_only' retrieved from /home/airflow/.local/lib/python3.12/site-packages/airflow/example_dags/example_latest_only.py
[2024-07-09T16:49:40.469+0000] {logging_mixin.py:188} INFO - [2024-07-09T16:49:40.469+0000] {dag.py:3096} INFO - Sync 1 DAGs
[2024-07-09T16:49:40.486+0000] {logging_mixin.py:188} INFO - [2024-07-09T16:49:40.486+0000] {dag.py:3954} INFO - Setting next_dagrun for latest_only to 2024-07-09 12:00:00+00:00, run_after=2024-07-09 16:00:00+00:00
[2024-07-09T16:49:40.500+0000] {processor.py:183} INFO - Processing /home/airflow/.local/lib/python3.12/site-packages/airflow/example_dags/example_latest_only.py took 0.055 seconds
[2024-07-09T16:50:10.745+0000] {processor.py:161} INFO - Started process (PID=3444) to work on /home/airflow/.local/lib/python3.12/site-packages/airflow/example_dags/example_latest_only.py
[2024-07-09T16:50:10.746+0000] {processor.py:830} INFO - Processing file /home/airflow/.local/lib/python3.12/site-packages/airflow/example_dags/example_latest_only.py for tasks to queue
[2024-07-09T16:50:10.747+0000] {logging_mixin.py:188} INFO - [2024-07-09T16:50:10.747+0000] {dagbag.py:545} INFO - Filling up the DagBag from /home/airflow/.local/lib/python3.12/site-packages/airflow/example_dags/example_latest_only.py
[2024-07-09T16:50:10.750+0000] {processor.py:840} INFO - DAG(s) 'latest_only' retrieved from /home/airflow/.local/lib/python3.12/site-packages/airflow/example_dags/example_latest_only.py
[2024-07-09T16:50:10.764+0000] {logging_mixin.py:188} INFO - [2024-07-09T16:50:10.764+0000] {dag.py:3096} INFO - Sync 1 DAGs
[2024-07-09T16:50:10.780+0000] {logging_mixin.py:188} INFO - [2024-07-09T16:50:10.780+0000] {dag.py:3954} INFO - Setting next_dagrun for latest_only to 2024-07-09 12:00:00+00:00, run_after=2024-07-09 16:00:00+00:00
[2024-07-09T16:50:10.793+0000] {processor.py:183} INFO - Processing /home/airflow/.local/lib/python3.12/site-packages/airflow/example_dags/example_latest_only.py took 0.052 seconds
[2024-07-09T16:50:41.016+0000] {processor.py:161} INFO - Started process (PID=3705) to work on /home/airflow/.local/lib/python3.12/site-packages/airflow/example_dags/example_latest_only.py
[2024-07-09T16:50:41.017+0000] {processor.py:830} INFO - Processing file /home/airflow/.local/lib/python3.12/site-packages/airflow/example_dags/example_latest_only.py for tasks to queue
[2024-07-09T16:50:41.018+0000] {logging_mixin.py:188} INFO - [2024-07-09T16:50:41.018+0000] {dagbag.py:545} INFO - Filling up the DagBag from /home/airflow/.local/lib/python3.12/site-packages/airflow/example_dags/example_latest_only.py
[2024-07-09T16:50:41.021+0000] {processor.py:840} INFO - DAG(s) 'latest_only' retrieved from /home/airflow/.local/lib/python3.12/site-packages/airflow/example_dags/example_latest_only.py
[2024-07-09T16:50:41.039+0000] {logging_mixin.py:188} INFO - [2024-07-09T16:50:41.039+0000] {dag.py:3096} INFO - Sync 1 DAGs
[2024-07-09T16:50:41.060+0000] {logging_mixin.py:188} INFO - [2024-07-09T16:50:41.059+0000] {dag.py:3954} INFO - Setting next_dagrun for latest_only to 2024-07-09 12:00:00+00:00, run_after=2024-07-09 16:00:00+00:00
[2024-07-09T16:50:41.074+0000] {processor.py:183} INFO - Processing /home/airflow/.local/lib/python3.12/site-packages/airflow/example_dags/example_latest_only.py took 0.061 seconds
[2024-07-09T16:51:11.315+0000] {processor.py:161} INFO - Started process (PID=3968) to work on /home/airflow/.local/lib/python3.12/site-packages/airflow/example_dags/example_latest_only.py
[2024-07-09T16:51:11.316+0000] {processor.py:830} INFO - Processing file /home/airflow/.local/lib/python3.12/site-packages/airflow/example_dags/example_latest_only.py for tasks to queue
[2024-07-09T16:51:11.317+0000] {logging_mixin.py:188} INFO - [2024-07-09T16:51:11.317+0000] {dagbag.py:545} INFO - Filling up the DagBag from /home/airflow/.local/lib/python3.12/site-packages/airflow/example_dags/example_latest_only.py
[2024-07-09T16:51:11.320+0000] {processor.py:840} INFO - DAG(s) 'latest_only' retrieved from /home/airflow/.local/lib/python3.12/site-packages/airflow/example_dags/example_latest_only.py
[2024-07-09T16:51:11.335+0000] {logging_mixin.py:188} INFO - [2024-07-09T16:51:11.335+0000] {dag.py:3096} INFO - Sync 1 DAGs
[2024-07-09T16:51:11.351+0000] {logging_mixin.py:188} INFO - [2024-07-09T16:51:11.351+0000] {dag.py:3954} INFO - Setting next_dagrun for latest_only to 2024-07-09 12:00:00+00:00, run_after=2024-07-09 16:00:00+00:00
[2024-07-09T16:51:11.364+0000] {processor.py:183} INFO - Processing /home/airflow/.local/lib/python3.12/site-packages/airflow/example_dags/example_latest_only.py took 0.052 seconds
[2024-07-09T16:51:41.598+0000] {processor.py:161} INFO - Started process (PID=4229) to work on /home/airflow/.local/lib/python3.12/site-packages/airflow/example_dags/example_latest_only.py
[2024-07-09T16:51:41.599+0000] {processor.py:830} INFO - Processing file /home/airflow/.local/lib/python3.12/site-packages/airflow/example_dags/example_latest_only.py for tasks to queue
[2024-07-09T16:51:41.600+0000] {logging_mixin.py:188} INFO - [2024-07-09T16:51:41.600+0000] {dagbag.py:545} INFO - Filling up the DagBag from /home/airflow/.local/lib/python3.12/site-packages/airflow/example_dags/example_latest_only.py
[2024-07-09T16:51:41.603+0000] {processor.py:840} INFO - DAG(s) 'latest_only' retrieved from /home/airflow/.local/lib/python3.12/site-packages/airflow/example_dags/example_latest_only.py
[2024-07-09T16:51:41.619+0000] {logging_mixin.py:188} INFO - [2024-07-09T16:51:41.619+0000] {dag.py:3096} INFO - Sync 1 DAGs
[2024-07-09T16:51:41.634+0000] {logging_mixin.py:188} INFO - [2024-07-09T16:51:41.634+0000] {dag.py:3954} INFO - Setting next_dagrun for latest_only to 2024-07-09 12:00:00+00:00, run_after=2024-07-09 16:00:00+00:00
[2024-07-09T16:51:41.647+0000] {processor.py:183} INFO - Processing /home/airflow/.local/lib/python3.12/site-packages/airflow/example_dags/example_latest_only.py took 0.053 seconds
[2024-07-09T16:52:11.897+0000] {processor.py:161} INFO - Started process (PID=4490) to work on /home/airflow/.local/lib/python3.12/site-packages/airflow/example_dags/example_latest_only.py
[2024-07-09T16:52:11.898+0000] {processor.py:830} INFO - Processing file /home/airflow/.local/lib/python3.12/site-packages/airflow/example_dags/example_latest_only.py for tasks to queue
[2024-07-09T16:52:11.899+0000] {logging_mixin.py:188} INFO - [2024-07-09T16:52:11.898+0000] {dagbag.py:545} INFO - Filling up the DagBag from /home/airflow/.local/lib/python3.12/site-packages/airflow/example_dags/example_latest_only.py
[2024-07-09T16:52:11.901+0000] {processor.py:840} INFO - DAG(s) 'latest_only' retrieved from /home/airflow/.local/lib/python3.12/site-packages/airflow/example_dags/example_latest_only.py
[2024-07-09T16:52:11.916+0000] {logging_mixin.py:188} INFO - [2024-07-09T16:52:11.916+0000] {dag.py:3096} INFO - Sync 1 DAGs
[2024-07-09T16:52:11.930+0000] {logging_mixin.py:188} INFO - [2024-07-09T16:52:11.930+0000] {dag.py:3954} INFO - Setting next_dagrun for latest_only to 2024-07-09 12:00:00+00:00, run_after=2024-07-09 16:00:00+00:00
[2024-07-09T16:52:11.942+0000] {processor.py:183} INFO - Processing /home/airflow/.local/lib/python3.12/site-packages/airflow/example_dags/example_latest_only.py took 0.049 seconds
[2024-07-09T16:52:42.226+0000] {processor.py:161} INFO - Started process (PID=4751) to work on /home/airflow/.local/lib/python3.12/site-packages/airflow/example_dags/example_latest_only.py
[2024-07-09T16:52:42.227+0000] {processor.py:830} INFO - Processing file /home/airflow/.local/lib/python3.12/site-packages/airflow/example_dags/example_latest_only.py for tasks to queue
[2024-07-09T16:52:42.228+0000] {logging_mixin.py:188} INFO - [2024-07-09T16:52:42.227+0000] {dagbag.py:545} INFO - Filling up the DagBag from /home/airflow/.local/lib/python3.12/site-packages/airflow/example_dags/example_latest_only.py
[2024-07-09T16:52:42.231+0000] {processor.py:840} INFO - DAG(s) 'latest_only' retrieved from /home/airflow/.local/lib/python3.12/site-packages/airflow/example_dags/example_latest_only.py
[2024-07-09T16:52:42.246+0000] {logging_mixin.py:188} INFO - [2024-07-09T16:52:42.246+0000] {dag.py:3096} INFO - Sync 1 DAGs
[2024-07-09T16:52:42.262+0000] {logging_mixin.py:188} INFO - [2024-07-09T16:52:42.261+0000] {dag.py:3954} INFO - Setting next_dagrun for latest_only to 2024-07-09 12:00:00+00:00, run_after=2024-07-09 16:00:00+00:00
[2024-07-09T16:52:42.275+0000] {processor.py:183} INFO - Processing /home/airflow/.local/lib/python3.12/site-packages/airflow/example_dags/example_latest_only.py took 0.053 seconds
[2024-07-09T16:53:12.604+0000] {processor.py:161} INFO - Started process (PID=5010) to work on /home/airflow/.local/lib/python3.12/site-packages/airflow/example_dags/example_latest_only.py
[2024-07-09T16:53:12.605+0000] {processor.py:830} INFO - Processing file /home/airflow/.local/lib/python3.12/site-packages/airflow/example_dags/example_latest_only.py for tasks to queue
[2024-07-09T16:53:12.606+0000] {logging_mixin.py:188} INFO - [2024-07-09T16:53:12.606+0000] {dagbag.py:545} INFO - Filling up the DagBag from /home/airflow/.local/lib/python3.12/site-packages/airflow/example_dags/example_latest_only.py
[2024-07-09T16:53:12.609+0000] {processor.py:840} INFO - DAG(s) 'latest_only' retrieved from /home/airflow/.local/lib/python3.12/site-packages/airflow/example_dags/example_latest_only.py
[2024-07-09T16:53:12.629+0000] {logging_mixin.py:188} INFO - [2024-07-09T16:53:12.629+0000] {dag.py:3096} INFO - Sync 1 DAGs
[2024-07-09T16:53:12.650+0000] {logging_mixin.py:188} INFO - [2024-07-09T16:53:12.649+0000] {dag.py:3954} INFO - Setting next_dagrun for latest_only to 2024-07-09 12:00:00+00:00, run_after=2024-07-09 16:00:00+00:00
[2024-07-09T16:53:12.667+0000] {processor.py:183} INFO - Processing /home/airflow/.local/lib/python3.12/site-packages/airflow/example_dags/example_latest_only.py took 0.067 seconds
[2024-07-09T16:53:42.873+0000] {processor.py:161} INFO - Started process (PID=5271) to work on /home/airflow/.local/lib/python3.12/site-packages/airflow/example_dags/example_latest_only.py
[2024-07-09T16:53:42.873+0000] {processor.py:830} INFO - Processing file /home/airflow/.local/lib/python3.12/site-packages/airflow/example_dags/example_latest_only.py for tasks to queue
[2024-07-09T16:53:42.874+0000] {logging_mixin.py:188} INFO - [2024-07-09T16:53:42.874+0000] {dagbag.py:545} INFO - Filling up the DagBag from /home/airflow/.local/lib/python3.12/site-packages/airflow/example_dags/example_latest_only.py
[2024-07-09T16:53:42.878+0000] {processor.py:840} INFO - DAG(s) 'latest_only' retrieved from /home/airflow/.local/lib/python3.12/site-packages/airflow/example_dags/example_latest_only.py
[2024-07-09T16:53:42.893+0000] {logging_mixin.py:188} INFO - [2024-07-09T16:53:42.893+0000] {dag.py:3096} INFO - Sync 1 DAGs
[2024-07-09T16:53:42.910+0000] {logging_mixin.py:188} INFO - [2024-07-09T16:53:42.910+0000] {dag.py:3954} INFO - Setting next_dagrun for latest_only to 2024-07-09 12:00:00+00:00, run_after=2024-07-09 16:00:00+00:00
[2024-07-09T16:53:42.923+0000] {processor.py:183} INFO - Processing /home/airflow/.local/lib/python3.12/site-packages/airflow/example_dags/example_latest_only.py took 0.054 seconds
[2024-07-09T16:54:13.305+0000] {processor.py:161} INFO - Started process (PID=5532) to work on /home/airflow/.local/lib/python3.12/site-packages/airflow/example_dags/example_latest_only.py
[2024-07-09T16:54:13.306+0000] {processor.py:830} INFO - Processing file /home/airflow/.local/lib/python3.12/site-packages/airflow/example_dags/example_latest_only.py for tasks to queue
[2024-07-09T16:54:13.307+0000] {logging_mixin.py:188} INFO - [2024-07-09T16:54:13.306+0000] {dagbag.py:545} INFO - Filling up the DagBag from /home/airflow/.local/lib/python3.12/site-packages/airflow/example_dags/example_latest_only.py
[2024-07-09T16:54:13.310+0000] {processor.py:840} INFO - DAG(s) 'latest_only' retrieved from /home/airflow/.local/lib/python3.12/site-packages/airflow/example_dags/example_latest_only.py
[2024-07-09T16:54:13.330+0000] {logging_mixin.py:188} INFO - [2024-07-09T16:54:13.329+0000] {dag.py:3096} INFO - Sync 1 DAGs
[2024-07-09T16:54:13.352+0000] {logging_mixin.py:188} INFO - [2024-07-09T16:54:13.352+0000] {dag.py:3954} INFO - Setting next_dagrun for latest_only to 2024-07-09 12:00:00+00:00, run_after=2024-07-09 16:00:00+00:00
[2024-07-09T16:54:13.370+0000] {processor.py:183} INFO - Processing /home/airflow/.local/lib/python3.12/site-packages/airflow/example_dags/example_latest_only.py took 0.070 seconds
[2024-07-09T16:54:43.663+0000] {processor.py:161} INFO - Started process (PID=5793) to work on /home/airflow/.local/lib/python3.12/site-packages/airflow/example_dags/example_latest_only.py
[2024-07-09T16:54:43.663+0000] {processor.py:830} INFO - Processing file /home/airflow/.local/lib/python3.12/site-packages/airflow/example_dags/example_latest_only.py for tasks to queue
[2024-07-09T16:54:43.664+0000] {logging_mixin.py:188} INFO - [2024-07-09T16:54:43.664+0000] {dagbag.py:545} INFO - Filling up the DagBag from /home/airflow/.local/lib/python3.12/site-packages/airflow/example_dags/example_latest_only.py
[2024-07-09T16:54:43.667+0000] {processor.py:840} INFO - DAG(s) 'latest_only' retrieved from /home/airflow/.local/lib/python3.12/site-packages/airflow/example_dags/example_latest_only.py
[2024-07-09T16:54:43.682+0000] {logging_mixin.py:188} INFO - [2024-07-09T16:54:43.682+0000] {dag.py:3096} INFO - Sync 1 DAGs
[2024-07-09T16:54:43.698+0000] {logging_mixin.py:188} INFO - [2024-07-09T16:54:43.698+0000] {dag.py:3954} INFO - Setting next_dagrun for latest_only to 2024-07-09 12:00:00+00:00, run_after=2024-07-09 16:00:00+00:00
[2024-07-09T16:54:43.711+0000] {processor.py:183} INFO - Processing /home/airflow/.local/lib/python3.12/site-packages/airflow/example_dags/example_latest_only.py took 0.052 seconds
[2024-07-09T16:55:14.002+0000] {processor.py:161} INFO - Started process (PID=6054) to work on /home/airflow/.local/lib/python3.12/site-packages/airflow/example_dags/example_latest_only.py
[2024-07-09T16:55:14.002+0000] {processor.py:830} INFO - Processing file /home/airflow/.local/lib/python3.12/site-packages/airflow/example_dags/example_latest_only.py for tasks to queue
[2024-07-09T16:55:14.003+0000] {logging_mixin.py:188} INFO - [2024-07-09T16:55:14.003+0000] {dagbag.py:545} INFO - Filling up the DagBag from /home/airflow/.local/lib/python3.12/site-packages/airflow/example_dags/example_latest_only.py
[2024-07-09T16:55:14.006+0000] {processor.py:840} INFO - DAG(s) 'latest_only' retrieved from /home/airflow/.local/lib/python3.12/site-packages/airflow/example_dags/example_latest_only.py
[2024-07-09T16:55:14.022+0000] {logging_mixin.py:188} INFO - [2024-07-09T16:55:14.022+0000] {dag.py:3096} INFO - Sync 1 DAGs
[2024-07-09T16:55:14.038+0000] {logging_mixin.py:188} INFO - [2024-07-09T16:55:14.038+0000] {dag.py:3954} INFO - Setting next_dagrun for latest_only to 2024-07-09 12:00:00+00:00, run_after=2024-07-09 16:00:00+00:00
[2024-07-09T16:55:14.052+0000] {processor.py:183} INFO - Processing /home/airflow/.local/lib/python3.12/site-packages/airflow/example_dags/example_latest_only.py took 0.054 seconds
