[2024-07-09T16:44:06.591+0000] {processor.py:161} INFO - Started process (PID=332) to work on /home/airflow/.local/lib/python3.12/site-packages/airflow/example_dags/example_latest_only_with_trigger.py
[2024-07-09T16:44:06.592+0000] {processor.py:830} INFO - Processing file /home/airflow/.local/lib/python3.12/site-packages/airflow/example_dags/example_latest_only_with_trigger.py for tasks to queue
[2024-07-09T16:44:06.593+0000] {logging_mixin.py:188} INFO - [2024-07-09T16:44:06.593+0000] {dagbag.py:545} INFO - Filling up the DagBag from /home/airflow/.local/lib/python3.12/site-packages/airflow/example_dags/example_latest_only_with_trigger.py
[2024-07-09T16:44:06.597+0000] {processor.py:840} INFO - DAG(s) 'latest_only_with_trigger' retrieved from /home/airflow/.local/lib/python3.12/site-packages/airflow/example_dags/example_latest_only_with_trigger.py
[2024-07-09T16:44:06.708+0000] {logging_mixin.py:188} INFO - [2024-07-09T16:44:06.707+0000] {override.py:1829} INFO - Created Permission View: can delete on DAG:latest_only_with_trigger
[2024-07-09T16:44:06.714+0000] {logging_mixin.py:188} INFO - [2024-07-09T16:44:06.714+0000] {override.py:1829} INFO - Created Permission View: can edit on DAG:latest_only_with_trigger
[2024-07-09T16:44:06.718+0000] {logging_mixin.py:188} INFO - [2024-07-09T16:44:06.718+0000] {override.py:1829} INFO - Created Permission View: can read on DAG:latest_only_with_trigger
[2024-07-09T16:44:06.718+0000] {logging_mixin.py:188} INFO - [2024-07-09T16:44:06.718+0000] {dag.py:3096} INFO - Sync 1 DAGs
[2024-07-09T16:44:06.726+0000] {logging_mixin.py:188} INFO - [2024-07-09T16:44:06.726+0000] {dag.py:3118} INFO - Creating ORM DAG for latest_only_with_trigger
[2024-07-09T16:44:06.734+0000] {logging_mixin.py:188} INFO - [2024-07-09T16:44:06.734+0000] {dag.py:3954} INFO - Setting next_dagrun for latest_only_with_trigger to 2024-07-09 12:00:00+00:00, run_after=2024-07-09 16:00:00+00:00
[2024-07-09T16:44:06.744+0000] {processor.py:183} INFO - Processing /home/airflow/.local/lib/python3.12/site-packages/airflow/example_dags/example_latest_only_with_trigger.py took 0.157 seconds
[2024-07-09T16:44:37.438+0000] {processor.py:161} INFO - Started process (PID=593) to work on /home/airflow/.local/lib/python3.12/site-packages/airflow/example_dags/example_latest_only_with_trigger.py
[2024-07-09T16:44:37.438+0000] {processor.py:830} INFO - Processing file /home/airflow/.local/lib/python3.12/site-packages/airflow/example_dags/example_latest_only_with_trigger.py for tasks to queue
[2024-07-09T16:44:37.439+0000] {logging_mixin.py:188} INFO - [2024-07-09T16:44:37.439+0000] {dagbag.py:545} INFO - Filling up the DagBag from /home/airflow/.local/lib/python3.12/site-packages/airflow/example_dags/example_latest_only_with_trigger.py
[2024-07-09T16:44:37.442+0000] {processor.py:840} INFO - DAG(s) 'latest_only_with_trigger' retrieved from /home/airflow/.local/lib/python3.12/site-packages/airflow/example_dags/example_latest_only_with_trigger.py
[2024-07-09T16:44:37.462+0000] {logging_mixin.py:188} INFO - [2024-07-09T16:44:37.461+0000] {dag.py:3096} INFO - Sync 1 DAGs
[2024-07-09T16:44:37.481+0000] {logging_mixin.py:188} INFO - [2024-07-09T16:44:37.481+0000] {dag.py:3954} INFO - Setting next_dagrun for latest_only_with_trigger to 2024-07-09 12:00:00+00:00, run_after=2024-07-09 16:00:00+00:00
[2024-07-09T16:44:37.497+0000] {processor.py:183} INFO - Processing /home/airflow/.local/lib/python3.12/site-packages/airflow/example_dags/example_latest_only_with_trigger.py took 0.063 seconds
[2024-07-09T16:45:07.739+0000] {processor.py:161} INFO - Started process (PID=854) to work on /home/airflow/.local/lib/python3.12/site-packages/airflow/example_dags/example_latest_only_with_trigger.py
[2024-07-09T16:45:07.739+0000] {processor.py:830} INFO - Processing file /home/airflow/.local/lib/python3.12/site-packages/airflow/example_dags/example_latest_only_with_trigger.py for tasks to queue
[2024-07-09T16:45:07.740+0000] {logging_mixin.py:188} INFO - [2024-07-09T16:45:07.740+0000] {dagbag.py:545} INFO - Filling up the DagBag from /home/airflow/.local/lib/python3.12/site-packages/airflow/example_dags/example_latest_only_with_trigger.py
[2024-07-09T16:45:07.744+0000] {processor.py:840} INFO - DAG(s) 'latest_only_with_trigger' retrieved from /home/airflow/.local/lib/python3.12/site-packages/airflow/example_dags/example_latest_only_with_trigger.py
[2024-07-09T16:45:07.760+0000] {logging_mixin.py:188} INFO - [2024-07-09T16:45:07.759+0000] {dag.py:3096} INFO - Sync 1 DAGs
[2024-07-09T16:45:07.775+0000] {logging_mixin.py:188} INFO - [2024-07-09T16:45:07.775+0000] {dag.py:3954} INFO - Setting next_dagrun for latest_only_with_trigger to 2024-07-09 12:00:00+00:00, run_after=2024-07-09 16:00:00+00:00
[2024-07-09T16:45:07.789+0000] {processor.py:183} INFO - Processing /home/airflow/.local/lib/python3.12/site-packages/airflow/example_dags/example_latest_only_with_trigger.py took 0.054 seconds
[2024-07-09T16:45:38.060+0000] {processor.py:161} INFO - Started process (PID=1115) to work on /home/airflow/.local/lib/python3.12/site-packages/airflow/example_dags/example_latest_only_with_trigger.py
[2024-07-09T16:45:38.061+0000] {processor.py:830} INFO - Processing file /home/airflow/.local/lib/python3.12/site-packages/airflow/example_dags/example_latest_only_with_trigger.py for tasks to queue
[2024-07-09T16:45:38.063+0000] {logging_mixin.py:188} INFO - [2024-07-09T16:45:38.062+0000] {dagbag.py:545} INFO - Filling up the DagBag from /home/airflow/.local/lib/python3.12/site-packages/airflow/example_dags/example_latest_only_with_trigger.py
[2024-07-09T16:45:38.067+0000] {processor.py:840} INFO - DAG(s) 'latest_only_with_trigger' retrieved from /home/airflow/.local/lib/python3.12/site-packages/airflow/example_dags/example_latest_only_with_trigger.py
[2024-07-09T16:45:38.087+0000] {logging_mixin.py:188} INFO - [2024-07-09T16:45:38.087+0000] {dag.py:3096} INFO - Sync 1 DAGs
[2024-07-09T16:45:38.109+0000] {logging_mixin.py:188} INFO - [2024-07-09T16:45:38.109+0000] {dag.py:3954} INFO - Setting next_dagrun for latest_only_with_trigger to 2024-07-09 12:00:00+00:00, run_after=2024-07-09 16:00:00+00:00
[2024-07-09T16:45:38.126+0000] {processor.py:183} INFO - Processing /home/airflow/.local/lib/python3.12/site-packages/airflow/example_dags/example_latest_only_with_trigger.py took 0.070 seconds
[2024-07-09T16:46:08.746+0000] {processor.py:161} INFO - Started process (PID=1378) to work on /home/airflow/.local/lib/python3.12/site-packages/airflow/example_dags/example_latest_only_with_trigger.py
[2024-07-09T16:46:08.747+0000] {processor.py:830} INFO - Processing file /home/airflow/.local/lib/python3.12/site-packages/airflow/example_dags/example_latest_only_with_trigger.py for tasks to queue
[2024-07-09T16:46:08.748+0000] {logging_mixin.py:188} INFO - [2024-07-09T16:46:08.748+0000] {dagbag.py:545} INFO - Filling up the DagBag from /home/airflow/.local/lib/python3.12/site-packages/airflow/example_dags/example_latest_only_with_trigger.py
[2024-07-09T16:46:08.751+0000] {processor.py:840} INFO - DAG(s) 'latest_only_with_trigger' retrieved from /home/airflow/.local/lib/python3.12/site-packages/airflow/example_dags/example_latest_only_with_trigger.py
[2024-07-09T16:46:08.766+0000] {logging_mixin.py:188} INFO - [2024-07-09T16:46:08.766+0000] {dag.py:3096} INFO - Sync 1 DAGs
[2024-07-09T16:46:08.781+0000] {logging_mixin.py:188} INFO - [2024-07-09T16:46:08.781+0000] {dag.py:3954} INFO - Setting next_dagrun for latest_only_with_trigger to 2024-07-09 12:00:00+00:00, run_after=2024-07-09 16:00:00+00:00
[2024-07-09T16:46:08.793+0000] {processor.py:183} INFO - Processing /home/airflow/.local/lib/python3.12/site-packages/airflow/example_dags/example_latest_only_with_trigger.py took 0.050 seconds
[2024-07-09T16:46:38.944+0000] {processor.py:161} INFO - Started process (PID=1637) to work on /home/airflow/.local/lib/python3.12/site-packages/airflow/example_dags/example_latest_only_with_trigger.py
[2024-07-09T16:46:38.945+0000] {processor.py:830} INFO - Processing file /home/airflow/.local/lib/python3.12/site-packages/airflow/example_dags/example_latest_only_with_trigger.py for tasks to queue
[2024-07-09T16:46:38.946+0000] {logging_mixin.py:188} INFO - [2024-07-09T16:46:38.946+0000] {dagbag.py:545} INFO - Filling up the DagBag from /home/airflow/.local/lib/python3.12/site-packages/airflow/example_dags/example_latest_only_with_trigger.py
[2024-07-09T16:46:38.949+0000] {processor.py:840} INFO - DAG(s) 'latest_only_with_trigger' retrieved from /home/airflow/.local/lib/python3.12/site-packages/airflow/example_dags/example_latest_only_with_trigger.py
[2024-07-09T16:46:38.965+0000] {logging_mixin.py:188} INFO - [2024-07-09T16:46:38.965+0000] {dag.py:3096} INFO - Sync 1 DAGs
[2024-07-09T16:46:38.982+0000] {logging_mixin.py:188} INFO - [2024-07-09T16:46:38.982+0000] {dag.py:3954} INFO - Setting next_dagrun for latest_only_with_trigger to 2024-07-09 12:00:00+00:00, run_after=2024-07-09 16:00:00+00:00
[2024-07-09T16:46:38.995+0000] {processor.py:183} INFO - Processing /home/airflow/.local/lib/python3.12/site-packages/airflow/example_dags/example_latest_only_with_trigger.py took 0.054 seconds
[2024-07-09T16:47:09.289+0000] {processor.py:161} INFO - Started process (PID=1898) to work on /home/airflow/.local/lib/python3.12/site-packages/airflow/example_dags/example_latest_only_with_trigger.py
[2024-07-09T16:47:09.290+0000] {processor.py:830} INFO - Processing file /home/airflow/.local/lib/python3.12/site-packages/airflow/example_dags/example_latest_only_with_trigger.py for tasks to queue
[2024-07-09T16:47:09.291+0000] {logging_mixin.py:188} INFO - [2024-07-09T16:47:09.290+0000] {dagbag.py:545} INFO - Filling up the DagBag from /home/airflow/.local/lib/python3.12/site-packages/airflow/example_dags/example_latest_only_with_trigger.py
[2024-07-09T16:47:09.294+0000] {processor.py:840} INFO - DAG(s) 'latest_only_with_trigger' retrieved from /home/airflow/.local/lib/python3.12/site-packages/airflow/example_dags/example_latest_only_with_trigger.py
[2024-07-09T16:47:09.310+0000] {logging_mixin.py:188} INFO - [2024-07-09T16:47:09.310+0000] {dag.py:3096} INFO - Sync 1 DAGs
[2024-07-09T16:47:09.325+0000] {logging_mixin.py:188} INFO - [2024-07-09T16:47:09.325+0000] {dag.py:3954} INFO - Setting next_dagrun for latest_only_with_trigger to 2024-07-09 12:00:00+00:00, run_after=2024-07-09 16:00:00+00:00
[2024-07-09T16:47:09.339+0000] {processor.py:183} INFO - Processing /home/airflow/.local/lib/python3.12/site-packages/airflow/example_dags/example_latest_only_with_trigger.py took 0.054 seconds
[2024-07-09T16:47:39.397+0000] {processor.py:161} INFO - Started process (PID=2159) to work on /home/airflow/.local/lib/python3.12/site-packages/airflow/example_dags/example_latest_only_with_trigger.py
[2024-07-09T16:47:39.398+0000] {processor.py:830} INFO - Processing file /home/airflow/.local/lib/python3.12/site-packages/airflow/example_dags/example_latest_only_with_trigger.py for tasks to queue
[2024-07-09T16:47:39.399+0000] {logging_mixin.py:188} INFO - [2024-07-09T16:47:39.399+0000] {dagbag.py:545} INFO - Filling up the DagBag from /home/airflow/.local/lib/python3.12/site-packages/airflow/example_dags/example_latest_only_with_trigger.py
[2024-07-09T16:47:39.402+0000] {processor.py:840} INFO - DAG(s) 'latest_only_with_trigger' retrieved from /home/airflow/.local/lib/python3.12/site-packages/airflow/example_dags/example_latest_only_with_trigger.py
[2024-07-09T16:47:39.418+0000] {logging_mixin.py:188} INFO - [2024-07-09T16:47:39.418+0000] {dag.py:3096} INFO - Sync 1 DAGs
[2024-07-09T16:47:39.434+0000] {logging_mixin.py:188} INFO - [2024-07-09T16:47:39.434+0000] {dag.py:3954} INFO - Setting next_dagrun for latest_only_with_trigger to 2024-07-09 12:00:00+00:00, run_after=2024-07-09 16:00:00+00:00
[2024-07-09T16:47:39.446+0000] {processor.py:183} INFO - Processing /home/airflow/.local/lib/python3.12/site-packages/airflow/example_dags/example_latest_only_with_trigger.py took 0.053 seconds
[2024-07-09T16:48:09.500+0000] {processor.py:161} INFO - Started process (PID=2415) to work on /home/airflow/.local/lib/python3.12/site-packages/airflow/example_dags/example_latest_only_with_trigger.py
[2024-07-09T16:48:09.500+0000] {processor.py:830} INFO - Processing file /home/airflow/.local/lib/python3.12/site-packages/airflow/example_dags/example_latest_only_with_trigger.py for tasks to queue
[2024-07-09T16:48:09.501+0000] {logging_mixin.py:188} INFO - [2024-07-09T16:48:09.501+0000] {dagbag.py:545} INFO - Filling up the DagBag from /home/airflow/.local/lib/python3.12/site-packages/airflow/example_dags/example_latest_only_with_trigger.py
[2024-07-09T16:48:09.505+0000] {processor.py:840} INFO - DAG(s) 'latest_only_with_trigger' retrieved from /home/airflow/.local/lib/python3.12/site-packages/airflow/example_dags/example_latest_only_with_trigger.py
[2024-07-09T16:48:09.520+0000] {logging_mixin.py:188} INFO - [2024-07-09T16:48:09.520+0000] {dag.py:3096} INFO - Sync 1 DAGs
[2024-07-09T16:48:09.535+0000] {logging_mixin.py:188} INFO - [2024-07-09T16:48:09.535+0000] {dag.py:3954} INFO - Setting next_dagrun for latest_only_with_trigger to 2024-07-09 12:00:00+00:00, run_after=2024-07-09 16:00:00+00:00
[2024-07-09T16:48:09.549+0000] {processor.py:183} INFO - Processing /home/airflow/.local/lib/python3.12/site-packages/airflow/example_dags/example_latest_only_with_trigger.py took 0.053 seconds
[2024-07-09T16:48:39.962+0000] {processor.py:161} INFO - Started process (PID=2676) to work on /home/airflow/.local/lib/python3.12/site-packages/airflow/example_dags/example_latest_only_with_trigger.py
[2024-07-09T16:48:39.963+0000] {processor.py:830} INFO - Processing file /home/airflow/.local/lib/python3.12/site-packages/airflow/example_dags/example_latest_only_with_trigger.py for tasks to queue
[2024-07-09T16:48:39.964+0000] {logging_mixin.py:188} INFO - [2024-07-09T16:48:39.964+0000] {dagbag.py:545} INFO - Filling up the DagBag from /home/airflow/.local/lib/python3.12/site-packages/airflow/example_dags/example_latest_only_with_trigger.py
[2024-07-09T16:48:39.968+0000] {processor.py:840} INFO - DAG(s) 'latest_only_with_trigger' retrieved from /home/airflow/.local/lib/python3.12/site-packages/airflow/example_dags/example_latest_only_with_trigger.py
[2024-07-09T16:48:39.988+0000] {logging_mixin.py:188} INFO - [2024-07-09T16:48:39.988+0000] {dag.py:3096} INFO - Sync 1 DAGs
[2024-07-09T16:48:40.007+0000] {logging_mixin.py:188} INFO - [2024-07-09T16:48:40.007+0000] {dag.py:3954} INFO - Setting next_dagrun for latest_only_with_trigger to 2024-07-09 12:00:00+00:00, run_after=2024-07-09 16:00:00+00:00
[2024-07-09T16:48:40.023+0000] {processor.py:183} INFO - Processing /home/airflow/.local/lib/python3.12/site-packages/airflow/example_dags/example_latest_only_with_trigger.py took 0.064 seconds
[2024-07-09T16:49:10.393+0000] {processor.py:161} INFO - Started process (PID=2942) to work on /home/airflow/.local/lib/python3.12/site-packages/airflow/example_dags/example_latest_only_with_trigger.py
[2024-07-09T16:49:10.394+0000] {processor.py:830} INFO - Processing file /home/airflow/.local/lib/python3.12/site-packages/airflow/example_dags/example_latest_only_with_trigger.py for tasks to queue
[2024-07-09T16:49:10.395+0000] {logging_mixin.py:188} INFO - [2024-07-09T16:49:10.395+0000] {dagbag.py:545} INFO - Filling up the DagBag from /home/airflow/.local/lib/python3.12/site-packages/airflow/example_dags/example_latest_only_with_trigger.py
[2024-07-09T16:49:10.398+0000] {processor.py:840} INFO - DAG(s) 'latest_only_with_trigger' retrieved from /home/airflow/.local/lib/python3.12/site-packages/airflow/example_dags/example_latest_only_with_trigger.py
[2024-07-09T16:49:10.414+0000] {logging_mixin.py:188} INFO - [2024-07-09T16:49:10.414+0000] {dag.py:3096} INFO - Sync 1 DAGs
[2024-07-09T16:49:10.430+0000] {logging_mixin.py:188} INFO - [2024-07-09T16:49:10.430+0000] {dag.py:3954} INFO - Setting next_dagrun for latest_only_with_trigger to 2024-07-09 12:00:00+00:00, run_after=2024-07-09 16:00:00+00:00
[2024-07-09T16:49:10.442+0000] {processor.py:183} INFO - Processing /home/airflow/.local/lib/python3.12/site-packages/airflow/example_dags/example_latest_only_with_trigger.py took 0.053 seconds
[2024-07-09T16:49:40.534+0000] {processor.py:161} INFO - Started process (PID=3198) to work on /home/airflow/.local/lib/python3.12/site-packages/airflow/example_dags/example_latest_only_with_trigger.py
[2024-07-09T16:49:40.535+0000] {processor.py:830} INFO - Processing file /home/airflow/.local/lib/python3.12/site-packages/airflow/example_dags/example_latest_only_with_trigger.py for tasks to queue
[2024-07-09T16:49:40.536+0000] {logging_mixin.py:188} INFO - [2024-07-09T16:49:40.535+0000] {dagbag.py:545} INFO - Filling up the DagBag from /home/airflow/.local/lib/python3.12/site-packages/airflow/example_dags/example_latest_only_with_trigger.py
[2024-07-09T16:49:40.540+0000] {processor.py:840} INFO - DAG(s) 'latest_only_with_trigger' retrieved from /home/airflow/.local/lib/python3.12/site-packages/airflow/example_dags/example_latest_only_with_trigger.py
[2024-07-09T16:49:40.558+0000] {logging_mixin.py:188} INFO - [2024-07-09T16:49:40.557+0000] {dag.py:3096} INFO - Sync 1 DAGs
[2024-07-09T16:49:40.574+0000] {logging_mixin.py:188} INFO - [2024-07-09T16:49:40.574+0000] {dag.py:3954} INFO - Setting next_dagrun for latest_only_with_trigger to 2024-07-09 12:00:00+00:00, run_after=2024-07-09 16:00:00+00:00
[2024-07-09T16:49:40.587+0000] {processor.py:183} INFO - Processing /home/airflow/.local/lib/python3.12/site-packages/airflow/example_dags/example_latest_only_with_trigger.py took 0.057 seconds
[2024-07-09T16:50:10.957+0000] {processor.py:161} INFO - Started process (PID=3464) to work on /home/airflow/.local/lib/python3.12/site-packages/airflow/example_dags/example_latest_only_with_trigger.py
[2024-07-09T16:50:10.958+0000] {processor.py:830} INFO - Processing file /home/airflow/.local/lib/python3.12/site-packages/airflow/example_dags/example_latest_only_with_trigger.py for tasks to queue
[2024-07-09T16:50:10.959+0000] {logging_mixin.py:188} INFO - [2024-07-09T16:50:10.959+0000] {dagbag.py:545} INFO - Filling up the DagBag from /home/airflow/.local/lib/python3.12/site-packages/airflow/example_dags/example_latest_only_with_trigger.py
[2024-07-09T16:50:10.962+0000] {processor.py:840} INFO - DAG(s) 'latest_only_with_trigger' retrieved from /home/airflow/.local/lib/python3.12/site-packages/airflow/example_dags/example_latest_only_with_trigger.py
[2024-07-09T16:50:10.979+0000] {logging_mixin.py:188} INFO - [2024-07-09T16:50:10.979+0000] {dag.py:3096} INFO - Sync 1 DAGs
[2024-07-09T16:50:10.995+0000] {logging_mixin.py:188} INFO - [2024-07-09T16:50:10.995+0000] {dag.py:3954} INFO - Setting next_dagrun for latest_only_with_trigger to 2024-07-09 12:00:00+00:00, run_after=2024-07-09 16:00:00+00:00
[2024-07-09T16:50:11.008+0000] {processor.py:183} INFO - Processing /home/airflow/.local/lib/python3.12/site-packages/airflow/example_dags/example_latest_only_with_trigger.py took 0.055 seconds
[2024-07-09T16:50:41.166+0000] {processor.py:161} INFO - Started process (PID=3720) to work on /home/airflow/.local/lib/python3.12/site-packages/airflow/example_dags/example_latest_only_with_trigger.py
[2024-07-09T16:50:41.166+0000] {processor.py:830} INFO - Processing file /home/airflow/.local/lib/python3.12/site-packages/airflow/example_dags/example_latest_only_with_trigger.py for tasks to queue
[2024-07-09T16:50:41.167+0000] {logging_mixin.py:188} INFO - [2024-07-09T16:50:41.167+0000] {dagbag.py:545} INFO - Filling up the DagBag from /home/airflow/.local/lib/python3.12/site-packages/airflow/example_dags/example_latest_only_with_trigger.py
[2024-07-09T16:50:41.170+0000] {processor.py:840} INFO - DAG(s) 'latest_only_with_trigger' retrieved from /home/airflow/.local/lib/python3.12/site-packages/airflow/example_dags/example_latest_only_with_trigger.py
[2024-07-09T16:50:41.187+0000] {logging_mixin.py:188} INFO - [2024-07-09T16:50:41.187+0000] {dag.py:3096} INFO - Sync 1 DAGs
[2024-07-09T16:50:41.203+0000] {logging_mixin.py:188} INFO - [2024-07-09T16:50:41.203+0000] {dag.py:3954} INFO - Setting next_dagrun for latest_only_with_trigger to 2024-07-09 12:00:00+00:00, run_after=2024-07-09 16:00:00+00:00
[2024-07-09T16:50:41.216+0000] {processor.py:183} INFO - Processing /home/airflow/.local/lib/python3.12/site-packages/airflow/example_dags/example_latest_only_with_trigger.py took 0.054 seconds
[2024-07-09T16:51:11.396+0000] {processor.py:161} INFO - Started process (PID=3981) to work on /home/airflow/.local/lib/python3.12/site-packages/airflow/example_dags/example_latest_only_with_trigger.py
[2024-07-09T16:51:11.397+0000] {processor.py:830} INFO - Processing file /home/airflow/.local/lib/python3.12/site-packages/airflow/example_dags/example_latest_only_with_trigger.py for tasks to queue
[2024-07-09T16:51:11.398+0000] {logging_mixin.py:188} INFO - [2024-07-09T16:51:11.398+0000] {dagbag.py:545} INFO - Filling up the DagBag from /home/airflow/.local/lib/python3.12/site-packages/airflow/example_dags/example_latest_only_with_trigger.py
[2024-07-09T16:51:11.401+0000] {processor.py:840} INFO - DAG(s) 'latest_only_with_trigger' retrieved from /home/airflow/.local/lib/python3.12/site-packages/airflow/example_dags/example_latest_only_with_trigger.py
[2024-07-09T16:51:11.418+0000] {logging_mixin.py:188} INFO - [2024-07-09T16:51:11.417+0000] {dag.py:3096} INFO - Sync 1 DAGs
[2024-07-09T16:51:11.433+0000] {logging_mixin.py:188} INFO - [2024-07-09T16:51:11.433+0000] {dag.py:3954} INFO - Setting next_dagrun for latest_only_with_trigger to 2024-07-09 12:00:00+00:00, run_after=2024-07-09 16:00:00+00:00
[2024-07-09T16:51:11.447+0000] {processor.py:183} INFO - Processing /home/airflow/.local/lib/python3.12/site-packages/airflow/example_dags/example_latest_only_with_trigger.py took 0.055 seconds
[2024-07-09T16:51:41.945+0000] {processor.py:161} INFO - Started process (PID=4247) to work on /home/airflow/.local/lib/python3.12/site-packages/airflow/example_dags/example_latest_only_with_trigger.py
[2024-07-09T16:51:41.951+0000] {processor.py:830} INFO - Processing file /home/airflow/.local/lib/python3.12/site-packages/airflow/example_dags/example_latest_only_with_trigger.py for tasks to queue
[2024-07-09T16:51:41.952+0000] {logging_mixin.py:188} INFO - [2024-07-09T16:51:41.952+0000] {dagbag.py:545} INFO - Filling up the DagBag from /home/airflow/.local/lib/python3.12/site-packages/airflow/example_dags/example_latest_only_with_trigger.py
[2024-07-09T16:51:41.956+0000] {processor.py:840} INFO - DAG(s) 'latest_only_with_trigger' retrieved from /home/airflow/.local/lib/python3.12/site-packages/airflow/example_dags/example_latest_only_with_trigger.py
[2024-07-09T16:51:41.974+0000] {logging_mixin.py:188} INFO - [2024-07-09T16:51:41.974+0000] {dag.py:3096} INFO - Sync 1 DAGs
[2024-07-09T16:51:41.993+0000] {logging_mixin.py:188} INFO - [2024-07-09T16:51:41.993+0000] {dag.py:3954} INFO - Setting next_dagrun for latest_only_with_trigger to 2024-07-09 12:00:00+00:00, run_after=2024-07-09 16:00:00+00:00
[2024-07-09T16:51:42.005+0000] {processor.py:183} INFO - Processing /home/airflow/.local/lib/python3.12/site-packages/airflow/example_dags/example_latest_only_with_trigger.py took 0.064 seconds
[2024-07-09T16:52:12.030+0000] {processor.py:161} INFO - Started process (PID=4503) to work on /home/airflow/.local/lib/python3.12/site-packages/airflow/example_dags/example_latest_only_with_trigger.py
[2024-07-09T16:52:12.030+0000] {processor.py:830} INFO - Processing file /home/airflow/.local/lib/python3.12/site-packages/airflow/example_dags/example_latest_only_with_trigger.py for tasks to queue
[2024-07-09T16:52:12.031+0000] {logging_mixin.py:188} INFO - [2024-07-09T16:52:12.031+0000] {dagbag.py:545} INFO - Filling up the DagBag from /home/airflow/.local/lib/python3.12/site-packages/airflow/example_dags/example_latest_only_with_trigger.py
[2024-07-09T16:52:12.035+0000] {processor.py:840} INFO - DAG(s) 'latest_only_with_trigger' retrieved from /home/airflow/.local/lib/python3.12/site-packages/airflow/example_dags/example_latest_only_with_trigger.py
[2024-07-09T16:52:12.053+0000] {logging_mixin.py:188} INFO - [2024-07-09T16:52:12.053+0000] {dag.py:3096} INFO - Sync 1 DAGs
[2024-07-09T16:52:12.069+0000] {logging_mixin.py:188} INFO - [2024-07-09T16:52:12.069+0000] {dag.py:3954} INFO - Setting next_dagrun for latest_only_with_trigger to 2024-07-09 12:00:00+00:00, run_after=2024-07-09 16:00:00+00:00
[2024-07-09T16:52:12.082+0000] {processor.py:183} INFO - Processing /home/airflow/.local/lib/python3.12/site-packages/airflow/example_dags/example_latest_only_with_trigger.py took 0.056 seconds
[2024-07-09T16:52:42.305+0000] {processor.py:161} INFO - Started process (PID=4764) to work on /home/airflow/.local/lib/python3.12/site-packages/airflow/example_dags/example_latest_only_with_trigger.py
[2024-07-09T16:52:42.305+0000] {processor.py:830} INFO - Processing file /home/airflow/.local/lib/python3.12/site-packages/airflow/example_dags/example_latest_only_with_trigger.py for tasks to queue
[2024-07-09T16:52:42.306+0000] {logging_mixin.py:188} INFO - [2024-07-09T16:52:42.306+0000] {dagbag.py:545} INFO - Filling up the DagBag from /home/airflow/.local/lib/python3.12/site-packages/airflow/example_dags/example_latest_only_with_trigger.py
[2024-07-09T16:52:42.310+0000] {processor.py:840} INFO - DAG(s) 'latest_only_with_trigger' retrieved from /home/airflow/.local/lib/python3.12/site-packages/airflow/example_dags/example_latest_only_with_trigger.py
[2024-07-09T16:52:42.329+0000] {logging_mixin.py:188} INFO - [2024-07-09T16:52:42.328+0000] {dag.py:3096} INFO - Sync 1 DAGs
[2024-07-09T16:52:42.346+0000] {logging_mixin.py:188} INFO - [2024-07-09T16:52:42.346+0000] {dag.py:3954} INFO - Setting next_dagrun for latest_only_with_trigger to 2024-07-09 12:00:00+00:00, run_after=2024-07-09 16:00:00+00:00
[2024-07-09T16:52:42.362+0000] {processor.py:183} INFO - Processing /home/airflow/.local/lib/python3.12/site-packages/airflow/example_dags/example_latest_only_with_trigger.py took 0.061 seconds
[2024-07-09T16:53:12.778+0000] {processor.py:161} INFO - Started process (PID=5025) to work on /home/airflow/.local/lib/python3.12/site-packages/airflow/example_dags/example_latest_only_with_trigger.py
[2024-07-09T16:53:12.779+0000] {processor.py:830} INFO - Processing file /home/airflow/.local/lib/python3.12/site-packages/airflow/example_dags/example_latest_only_with_trigger.py for tasks to queue
[2024-07-09T16:53:12.780+0000] {logging_mixin.py:188} INFO - [2024-07-09T16:53:12.780+0000] {dagbag.py:545} INFO - Filling up the DagBag from /home/airflow/.local/lib/python3.12/site-packages/airflow/example_dags/example_latest_only_with_trigger.py
[2024-07-09T16:53:12.785+0000] {processor.py:840} INFO - DAG(s) 'latest_only_with_trigger' retrieved from /home/airflow/.local/lib/python3.12/site-packages/airflow/example_dags/example_latest_only_with_trigger.py
[2024-07-09T16:53:12.805+0000] {logging_mixin.py:188} INFO - [2024-07-09T16:53:12.805+0000] {dag.py:3096} INFO - Sync 1 DAGs
[2024-07-09T16:53:12.820+0000] {logging_mixin.py:188} INFO - [2024-07-09T16:53:12.820+0000] {dag.py:3954} INFO - Setting next_dagrun for latest_only_with_trigger to 2024-07-09 12:00:00+00:00, run_after=2024-07-09 16:00:00+00:00
[2024-07-09T16:53:12.834+0000] {processor.py:183} INFO - Processing /home/airflow/.local/lib/python3.12/site-packages/airflow/example_dags/example_latest_only_with_trigger.py took 0.061 seconds
[2024-07-09T16:53:43.019+0000] {processor.py:161} INFO - Started process (PID=5286) to work on /home/airflow/.local/lib/python3.12/site-packages/airflow/example_dags/example_latest_only_with_trigger.py
[2024-07-09T16:53:43.020+0000] {processor.py:830} INFO - Processing file /home/airflow/.local/lib/python3.12/site-packages/airflow/example_dags/example_latest_only_with_trigger.py for tasks to queue
[2024-07-09T16:53:43.021+0000] {logging_mixin.py:188} INFO - [2024-07-09T16:53:43.021+0000] {dagbag.py:545} INFO - Filling up the DagBag from /home/airflow/.local/lib/python3.12/site-packages/airflow/example_dags/example_latest_only_with_trigger.py
[2024-07-09T16:53:43.024+0000] {processor.py:840} INFO - DAG(s) 'latest_only_with_trigger' retrieved from /home/airflow/.local/lib/python3.12/site-packages/airflow/example_dags/example_latest_only_with_trigger.py
[2024-07-09T16:53:43.044+0000] {logging_mixin.py:188} INFO - [2024-07-09T16:53:43.043+0000] {dag.py:3096} INFO - Sync 1 DAGs
[2024-07-09T16:53:43.064+0000] {logging_mixin.py:188} INFO - [2024-07-09T16:53:43.064+0000] {dag.py:3954} INFO - Setting next_dagrun for latest_only_with_trigger to 2024-07-09 12:00:00+00:00, run_after=2024-07-09 16:00:00+00:00
[2024-07-09T16:53:43.081+0000] {processor.py:183} INFO - Processing /home/airflow/.local/lib/python3.12/site-packages/airflow/example_dags/example_latest_only_with_trigger.py took 0.065 seconds
[2024-07-09T16:54:13.431+0000] {processor.py:161} INFO - Started process (PID=5547) to work on /home/airflow/.local/lib/python3.12/site-packages/airflow/example_dags/example_latest_only_with_trigger.py
[2024-07-09T16:54:13.432+0000] {processor.py:830} INFO - Processing file /home/airflow/.local/lib/python3.12/site-packages/airflow/example_dags/example_latest_only_with_trigger.py for tasks to queue
[2024-07-09T16:54:13.433+0000] {logging_mixin.py:188} INFO - [2024-07-09T16:54:13.433+0000] {dagbag.py:545} INFO - Filling up the DagBag from /home/airflow/.local/lib/python3.12/site-packages/airflow/example_dags/example_latest_only_with_trigger.py
[2024-07-09T16:54:13.437+0000] {processor.py:840} INFO - DAG(s) 'latest_only_with_trigger' retrieved from /home/airflow/.local/lib/python3.12/site-packages/airflow/example_dags/example_latest_only_with_trigger.py
[2024-07-09T16:54:13.457+0000] {logging_mixin.py:188} INFO - [2024-07-09T16:54:13.456+0000] {dag.py:3096} INFO - Sync 1 DAGs
[2024-07-09T16:54:13.474+0000] {logging_mixin.py:188} INFO - [2024-07-09T16:54:13.474+0000] {dag.py:3954} INFO - Setting next_dagrun for latest_only_with_trigger to 2024-07-09 12:00:00+00:00, run_after=2024-07-09 16:00:00+00:00
[2024-07-09T16:54:13.489+0000] {processor.py:183} INFO - Processing /home/airflow/.local/lib/python3.12/site-packages/airflow/example_dags/example_latest_only_with_trigger.py took 0.062 seconds
[2024-07-09T16:54:43.871+0000] {processor.py:161} INFO - Started process (PID=5813) to work on /home/airflow/.local/lib/python3.12/site-packages/airflow/example_dags/example_latest_only_with_trigger.py
[2024-07-09T16:54:43.871+0000] {processor.py:830} INFO - Processing file /home/airflow/.local/lib/python3.12/site-packages/airflow/example_dags/example_latest_only_with_trigger.py for tasks to queue
[2024-07-09T16:54:43.872+0000] {logging_mixin.py:188} INFO - [2024-07-09T16:54:43.872+0000] {dagbag.py:545} INFO - Filling up the DagBag from /home/airflow/.local/lib/python3.12/site-packages/airflow/example_dags/example_latest_only_with_trigger.py
[2024-07-09T16:54:43.876+0000] {processor.py:840} INFO - DAG(s) 'latest_only_with_trigger' retrieved from /home/airflow/.local/lib/python3.12/site-packages/airflow/example_dags/example_latest_only_with_trigger.py
[2024-07-09T16:54:43.893+0000] {logging_mixin.py:188} INFO - [2024-07-09T16:54:43.892+0000] {dag.py:3096} INFO - Sync 1 DAGs
[2024-07-09T16:54:43.908+0000] {logging_mixin.py:188} INFO - [2024-07-09T16:54:43.908+0000] {dag.py:3954} INFO - Setting next_dagrun for latest_only_with_trigger to 2024-07-09 12:00:00+00:00, run_after=2024-07-09 16:00:00+00:00
[2024-07-09T16:54:43.922+0000] {processor.py:183} INFO - Processing /home/airflow/.local/lib/python3.12/site-packages/airflow/example_dags/example_latest_only_with_trigger.py took 0.055 seconds
[2024-07-09T16:55:14.212+0000] {processor.py:161} INFO - Started process (PID=6074) to work on /home/airflow/.local/lib/python3.12/site-packages/airflow/example_dags/example_latest_only_with_trigger.py
[2024-07-09T16:55:14.212+0000] {processor.py:830} INFO - Processing file /home/airflow/.local/lib/python3.12/site-packages/airflow/example_dags/example_latest_only_with_trigger.py for tasks to queue
[2024-07-09T16:55:14.213+0000] {logging_mixin.py:188} INFO - [2024-07-09T16:55:14.213+0000] {dagbag.py:545} INFO - Filling up the DagBag from /home/airflow/.local/lib/python3.12/site-packages/airflow/example_dags/example_latest_only_with_trigger.py
[2024-07-09T16:55:14.217+0000] {processor.py:840} INFO - DAG(s) 'latest_only_with_trigger' retrieved from /home/airflow/.local/lib/python3.12/site-packages/airflow/example_dags/example_latest_only_with_trigger.py
[2024-07-09T16:55:14.234+0000] {logging_mixin.py:188} INFO - [2024-07-09T16:55:14.233+0000] {dag.py:3096} INFO - Sync 1 DAGs
[2024-07-09T16:55:14.249+0000] {logging_mixin.py:188} INFO - [2024-07-09T16:55:14.249+0000] {dag.py:3954} INFO - Setting next_dagrun for latest_only_with_trigger to 2024-07-09 12:00:00+00:00, run_after=2024-07-09 16:00:00+00:00
[2024-07-09T16:55:14.263+0000] {processor.py:183} INFO - Processing /home/airflow/.local/lib/python3.12/site-packages/airflow/example_dags/example_latest_only_with_trigger.py took 0.056 seconds
