[2024-07-09T16:44:04.433+0000] {processor.py:161} INFO - Started process (PID=212) to work on /home/airflow/.local/lib/python3.12/site-packages/airflow/example_dags/example_branch_operator.py
[2024-07-09T16:44:04.434+0000] {processor.py:830} INFO - Processing file /home/airflow/.local/lib/python3.12/site-packages/airflow/example_dags/example_branch_operator.py for tasks to queue
[2024-07-09T16:44:04.435+0000] {logging_mixin.py:188} INFO - [2024-07-09T16:44:04.434+0000] {dagbag.py:545} INFO - Filling up the DagBag from /home/airflow/.local/lib/python3.12/site-packages/airflow/example_dags/example_branch_operator.py
[2024-07-09T16:44:04.451+0000] {processor.py:840} INFO - DAG(s) 'example_branch_operator' retrieved from /home/airflow/.local/lib/python3.12/site-packages/airflow/example_dags/example_branch_operator.py
[2024-07-09T16:44:04.533+0000] {logging_mixin.py:188} INFO - [2024-07-09T16:44:04.532+0000] {override.py:1829} INFO - Created Permission View: can delete on DAG:example_branch_operator
[2024-07-09T16:44:04.540+0000] {logging_mixin.py:188} INFO - [2024-07-09T16:44:04.540+0000] {override.py:1829} INFO - Created Permission View: can edit on DAG:example_branch_operator
[2024-07-09T16:44:04.544+0000] {logging_mixin.py:188} INFO - [2024-07-09T16:44:04.544+0000] {override.py:1829} INFO - Created Permission View: can read on DAG:example_branch_operator
[2024-07-09T16:44:04.544+0000] {logging_mixin.py:188} INFO - [2024-07-09T16:44:04.544+0000] {dag.py:3096} INFO - Sync 1 DAGs
[2024-07-09T16:44:04.552+0000] {logging_mixin.py:188} INFO - [2024-07-09T16:44:04.552+0000] {dag.py:3118} INFO - Creating ORM DAG for example_branch_operator
[2024-07-09T16:44:04.561+0000] {logging_mixin.py:188} INFO - [2024-07-09T16:44:04.560+0000] {dag.py:3954} INFO - Setting next_dagrun for example_branch_operator to 2024-07-08 00:00:00+00:00, run_after=2024-07-09 00:00:00+00:00
[2024-07-09T16:44:04.572+0000] {processor.py:183} INFO - Processing /home/airflow/.local/lib/python3.12/site-packages/airflow/example_dags/example_branch_operator.py took 0.143 seconds
[2024-07-09T16:44:35.364+0000] {processor.py:161} INFO - Started process (PID=475) to work on /home/airflow/.local/lib/python3.12/site-packages/airflow/example_dags/example_branch_operator.py
[2024-07-09T16:44:35.365+0000] {processor.py:830} INFO - Processing file /home/airflow/.local/lib/python3.12/site-packages/airflow/example_dags/example_branch_operator.py for tasks to queue
[2024-07-09T16:44:35.366+0000] {logging_mixin.py:188} INFO - [2024-07-09T16:44:35.366+0000] {dagbag.py:545} INFO - Filling up the DagBag from /home/airflow/.local/lib/python3.12/site-packages/airflow/example_dags/example_branch_operator.py
[2024-07-09T16:44:35.376+0000] {processor.py:840} INFO - DAG(s) 'example_branch_operator' retrieved from /home/airflow/.local/lib/python3.12/site-packages/airflow/example_dags/example_branch_operator.py
[2024-07-09T16:44:35.397+0000] {logging_mixin.py:188} INFO - [2024-07-09T16:44:35.396+0000] {dag.py:3096} INFO - Sync 1 DAGs
[2024-07-09T16:44:35.412+0000] {logging_mixin.py:188} INFO - [2024-07-09T16:44:35.411+0000] {dag.py:3954} INFO - Setting next_dagrun for example_branch_operator to 2024-07-08 00:00:00+00:00, run_after=2024-07-09 00:00:00+00:00
[2024-07-09T16:44:35.424+0000] {processor.py:183} INFO - Processing /home/airflow/.local/lib/python3.12/site-packages/airflow/example_dags/example_branch_operator.py took 0.064 seconds
[2024-07-09T16:45:05.681+0000] {processor.py:161} INFO - Started process (PID=736) to work on /home/airflow/.local/lib/python3.12/site-packages/airflow/example_dags/example_branch_operator.py
[2024-07-09T16:45:05.681+0000] {processor.py:830} INFO - Processing file /home/airflow/.local/lib/python3.12/site-packages/airflow/example_dags/example_branch_operator.py for tasks to queue
[2024-07-09T16:45:05.682+0000] {logging_mixin.py:188} INFO - [2024-07-09T16:45:05.682+0000] {dagbag.py:545} INFO - Filling up the DagBag from /home/airflow/.local/lib/python3.12/site-packages/airflow/example_dags/example_branch_operator.py
[2024-07-09T16:45:05.693+0000] {processor.py:840} INFO - DAG(s) 'example_branch_operator' retrieved from /home/airflow/.local/lib/python3.12/site-packages/airflow/example_dags/example_branch_operator.py
[2024-07-09T16:45:05.713+0000] {logging_mixin.py:188} INFO - [2024-07-09T16:45:05.713+0000] {dag.py:3096} INFO - Sync 1 DAGs
[2024-07-09T16:45:05.728+0000] {logging_mixin.py:188} INFO - [2024-07-09T16:45:05.728+0000] {dag.py:3954} INFO - Setting next_dagrun for example_branch_operator to 2024-07-08 00:00:00+00:00, run_after=2024-07-09 00:00:00+00:00
[2024-07-09T16:45:05.740+0000] {processor.py:183} INFO - Processing /home/airflow/.local/lib/python3.12/site-packages/airflow/example_dags/example_branch_operator.py took 0.063 seconds
[2024-07-09T16:45:35.947+0000] {processor.py:161} INFO - Started process (PID=997) to work on /home/airflow/.local/lib/python3.12/site-packages/airflow/example_dags/example_branch_operator.py
[2024-07-09T16:45:35.948+0000] {processor.py:830} INFO - Processing file /home/airflow/.local/lib/python3.12/site-packages/airflow/example_dags/example_branch_operator.py for tasks to queue
[2024-07-09T16:45:35.949+0000] {logging_mixin.py:188} INFO - [2024-07-09T16:45:35.949+0000] {dagbag.py:545} INFO - Filling up the DagBag from /home/airflow/.local/lib/python3.12/site-packages/airflow/example_dags/example_branch_operator.py
[2024-07-09T16:45:35.961+0000] {processor.py:840} INFO - DAG(s) 'example_branch_operator' retrieved from /home/airflow/.local/lib/python3.12/site-packages/airflow/example_dags/example_branch_operator.py
[2024-07-09T16:45:35.984+0000] {logging_mixin.py:188} INFO - [2024-07-09T16:45:35.983+0000] {dag.py:3096} INFO - Sync 1 DAGs
[2024-07-09T16:45:35.999+0000] {logging_mixin.py:188} INFO - [2024-07-09T16:45:35.999+0000] {dag.py:3954} INFO - Setting next_dagrun for example_branch_operator to 2024-07-08 00:00:00+00:00, run_after=2024-07-09 00:00:00+00:00
[2024-07-09T16:45:36.012+0000] {processor.py:183} INFO - Processing /home/airflow/.local/lib/python3.12/site-packages/airflow/example_dags/example_branch_operator.py took 0.069 seconds
[2024-07-09T16:46:06.382+0000] {processor.py:161} INFO - Started process (PID=1256) to work on /home/airflow/.local/lib/python3.12/site-packages/airflow/example_dags/example_branch_operator.py
[2024-07-09T16:46:06.382+0000] {processor.py:830} INFO - Processing file /home/airflow/.local/lib/python3.12/site-packages/airflow/example_dags/example_branch_operator.py for tasks to queue
[2024-07-09T16:46:06.383+0000] {logging_mixin.py:188} INFO - [2024-07-09T16:46:06.383+0000] {dagbag.py:545} INFO - Filling up the DagBag from /home/airflow/.local/lib/python3.12/site-packages/airflow/example_dags/example_branch_operator.py
[2024-07-09T16:46:06.397+0000] {processor.py:840} INFO - DAG(s) 'example_branch_operator' retrieved from /home/airflow/.local/lib/python3.12/site-packages/airflow/example_dags/example_branch_operator.py
[2024-07-09T16:46:06.424+0000] {logging_mixin.py:188} INFO - [2024-07-09T16:46:06.424+0000] {dag.py:3096} INFO - Sync 1 DAGs
[2024-07-09T16:46:06.445+0000] {logging_mixin.py:188} INFO - [2024-07-09T16:46:06.445+0000] {dag.py:3954} INFO - Setting next_dagrun for example_branch_operator to 2024-07-08 00:00:00+00:00, run_after=2024-07-09 00:00:00+00:00
[2024-07-09T16:46:06.465+0000] {processor.py:183} INFO - Processing /home/airflow/.local/lib/python3.12/site-packages/airflow/example_dags/example_branch_operator.py took 0.087 seconds
[2024-07-09T16:46:36.887+0000] {processor.py:161} INFO - Started process (PID=1519) to work on /home/airflow/.local/lib/python3.12/site-packages/airflow/example_dags/example_branch_operator.py
[2024-07-09T16:46:36.888+0000] {processor.py:830} INFO - Processing file /home/airflow/.local/lib/python3.12/site-packages/airflow/example_dags/example_branch_operator.py for tasks to queue
[2024-07-09T16:46:36.889+0000] {logging_mixin.py:188} INFO - [2024-07-09T16:46:36.889+0000] {dagbag.py:545} INFO - Filling up the DagBag from /home/airflow/.local/lib/python3.12/site-packages/airflow/example_dags/example_branch_operator.py
[2024-07-09T16:46:36.906+0000] {processor.py:840} INFO - DAG(s) 'example_branch_operator' retrieved from /home/airflow/.local/lib/python3.12/site-packages/airflow/example_dags/example_branch_operator.py
[2024-07-09T16:46:36.931+0000] {logging_mixin.py:188} INFO - [2024-07-09T16:46:36.931+0000] {dag.py:3096} INFO - Sync 1 DAGs
[2024-07-09T16:46:36.949+0000] {logging_mixin.py:188} INFO - [2024-07-09T16:46:36.949+0000] {dag.py:3954} INFO - Setting next_dagrun for example_branch_operator to 2024-07-08 00:00:00+00:00, run_after=2024-07-09 00:00:00+00:00
[2024-07-09T16:46:36.963+0000] {processor.py:183} INFO - Processing /home/airflow/.local/lib/python3.12/site-packages/airflow/example_dags/example_branch_operator.py took 0.080 seconds
[2024-07-09T16:47:07.183+0000] {processor.py:161} INFO - Started process (PID=1780) to work on /home/airflow/.local/lib/python3.12/site-packages/airflow/example_dags/example_branch_operator.py
[2024-07-09T16:47:07.184+0000] {processor.py:830} INFO - Processing file /home/airflow/.local/lib/python3.12/site-packages/airflow/example_dags/example_branch_operator.py for tasks to queue
[2024-07-09T16:47:07.185+0000] {logging_mixin.py:188} INFO - [2024-07-09T16:47:07.184+0000] {dagbag.py:545} INFO - Filling up the DagBag from /home/airflow/.local/lib/python3.12/site-packages/airflow/example_dags/example_branch_operator.py
[2024-07-09T16:47:07.196+0000] {processor.py:840} INFO - DAG(s) 'example_branch_operator' retrieved from /home/airflow/.local/lib/python3.12/site-packages/airflow/example_dags/example_branch_operator.py
[2024-07-09T16:47:07.222+0000] {logging_mixin.py:188} INFO - [2024-07-09T16:47:07.222+0000] {dag.py:3096} INFO - Sync 1 DAGs
[2024-07-09T16:47:07.241+0000] {logging_mixin.py:188} INFO - [2024-07-09T16:47:07.240+0000] {dag.py:3954} INFO - Setting next_dagrun for example_branch_operator to 2024-07-08 00:00:00+00:00, run_after=2024-07-09 00:00:00+00:00
[2024-07-09T16:47:07.256+0000] {processor.py:183} INFO - Processing /home/airflow/.local/lib/python3.12/site-packages/airflow/example_dags/example_branch_operator.py took 0.078 seconds
[2024-07-09T16:47:37.413+0000] {processor.py:161} INFO - Started process (PID=2041) to work on /home/airflow/.local/lib/python3.12/site-packages/airflow/example_dags/example_branch_operator.py
[2024-07-09T16:47:37.414+0000] {processor.py:830} INFO - Processing file /home/airflow/.local/lib/python3.12/site-packages/airflow/example_dags/example_branch_operator.py for tasks to queue
[2024-07-09T16:47:37.415+0000] {logging_mixin.py:188} INFO - [2024-07-09T16:47:37.415+0000] {dagbag.py:545} INFO - Filling up the DagBag from /home/airflow/.local/lib/python3.12/site-packages/airflow/example_dags/example_branch_operator.py
[2024-07-09T16:47:37.426+0000] {processor.py:840} INFO - DAG(s) 'example_branch_operator' retrieved from /home/airflow/.local/lib/python3.12/site-packages/airflow/example_dags/example_branch_operator.py
[2024-07-09T16:47:37.447+0000] {logging_mixin.py:188} INFO - [2024-07-09T16:47:37.447+0000] {dag.py:3096} INFO - Sync 1 DAGs
[2024-07-09T16:47:37.463+0000] {logging_mixin.py:188} INFO - [2024-07-09T16:47:37.463+0000] {dag.py:3954} INFO - Setting next_dagrun for example_branch_operator to 2024-07-08 00:00:00+00:00, run_after=2024-07-09 00:00:00+00:00
[2024-07-09T16:47:37.475+0000] {processor.py:183} INFO - Processing /home/airflow/.local/lib/python3.12/site-packages/airflow/example_dags/example_branch_operator.py took 0.066 seconds
[2024-07-09T16:48:07.566+0000] {processor.py:161} INFO - Started process (PID=2302) to work on /home/airflow/.local/lib/python3.12/site-packages/airflow/example_dags/example_branch_operator.py
[2024-07-09T16:48:07.567+0000] {processor.py:830} INFO - Processing file /home/airflow/.local/lib/python3.12/site-packages/airflow/example_dags/example_branch_operator.py for tasks to queue
[2024-07-09T16:48:07.568+0000] {logging_mixin.py:188} INFO - [2024-07-09T16:48:07.567+0000] {dagbag.py:545} INFO - Filling up the DagBag from /home/airflow/.local/lib/python3.12/site-packages/airflow/example_dags/example_branch_operator.py
[2024-07-09T16:48:07.578+0000] {processor.py:840} INFO - DAG(s) 'example_branch_operator' retrieved from /home/airflow/.local/lib/python3.12/site-packages/airflow/example_dags/example_branch_operator.py
[2024-07-09T16:48:07.598+0000] {logging_mixin.py:188} INFO - [2024-07-09T16:48:07.598+0000] {dag.py:3096} INFO - Sync 1 DAGs
[2024-07-09T16:48:07.613+0000] {logging_mixin.py:188} INFO - [2024-07-09T16:48:07.613+0000] {dag.py:3954} INFO - Setting next_dagrun for example_branch_operator to 2024-07-08 00:00:00+00:00, run_after=2024-07-09 00:00:00+00:00
[2024-07-09T16:48:07.625+0000] {processor.py:183} INFO - Processing /home/airflow/.local/lib/python3.12/site-packages/airflow/example_dags/example_branch_operator.py took 0.063 seconds
[2024-07-09T16:48:37.878+0000] {processor.py:161} INFO - Started process (PID=2563) to work on /home/airflow/.local/lib/python3.12/site-packages/airflow/example_dags/example_branch_operator.py
[2024-07-09T16:48:37.879+0000] {processor.py:830} INFO - Processing file /home/airflow/.local/lib/python3.12/site-packages/airflow/example_dags/example_branch_operator.py for tasks to queue
[2024-07-09T16:48:37.880+0000] {logging_mixin.py:188} INFO - [2024-07-09T16:48:37.880+0000] {dagbag.py:545} INFO - Filling up the DagBag from /home/airflow/.local/lib/python3.12/site-packages/airflow/example_dags/example_branch_operator.py
[2024-07-09T16:48:37.890+0000] {processor.py:840} INFO - DAG(s) 'example_branch_operator' retrieved from /home/airflow/.local/lib/python3.12/site-packages/airflow/example_dags/example_branch_operator.py
[2024-07-09T16:48:37.911+0000] {logging_mixin.py:188} INFO - [2024-07-09T16:48:37.911+0000] {dag.py:3096} INFO - Sync 1 DAGs
[2024-07-09T16:48:37.925+0000] {logging_mixin.py:188} INFO - [2024-07-09T16:48:37.925+0000] {dag.py:3954} INFO - Setting next_dagrun for example_branch_operator to 2024-07-08 00:00:00+00:00, run_after=2024-07-09 00:00:00+00:00
[2024-07-09T16:48:37.936+0000] {processor.py:183} INFO - Processing /home/airflow/.local/lib/python3.12/site-packages/airflow/example_dags/example_branch_operator.py took 0.062 seconds
[2024-07-09T16:49:08.343+0000] {processor.py:161} INFO - Started process (PID=2824) to work on /home/airflow/.local/lib/python3.12/site-packages/airflow/example_dags/example_branch_operator.py
[2024-07-09T16:49:08.344+0000] {processor.py:830} INFO - Processing file /home/airflow/.local/lib/python3.12/site-packages/airflow/example_dags/example_branch_operator.py for tasks to queue
[2024-07-09T16:49:08.345+0000] {logging_mixin.py:188} INFO - [2024-07-09T16:49:08.345+0000] {dagbag.py:545} INFO - Filling up the DagBag from /home/airflow/.local/lib/python3.12/site-packages/airflow/example_dags/example_branch_operator.py
[2024-07-09T16:49:08.355+0000] {processor.py:840} INFO - DAG(s) 'example_branch_operator' retrieved from /home/airflow/.local/lib/python3.12/site-packages/airflow/example_dags/example_branch_operator.py
[2024-07-09T16:49:08.376+0000] {logging_mixin.py:188} INFO - [2024-07-09T16:49:08.376+0000] {dag.py:3096} INFO - Sync 1 DAGs
[2024-07-09T16:49:08.391+0000] {logging_mixin.py:188} INFO - [2024-07-09T16:49:08.391+0000] {dag.py:3954} INFO - Setting next_dagrun for example_branch_operator to 2024-07-08 00:00:00+00:00, run_after=2024-07-09 00:00:00+00:00
[2024-07-09T16:49:08.402+0000] {processor.py:183} INFO - Processing /home/airflow/.local/lib/python3.12/site-packages/airflow/example_dags/example_branch_operator.py took 0.063 seconds
[2024-07-09T16:49:38.548+0000] {processor.py:161} INFO - Started process (PID=3085) to work on /home/airflow/.local/lib/python3.12/site-packages/airflow/example_dags/example_branch_operator.py
[2024-07-09T16:49:38.548+0000] {processor.py:830} INFO - Processing file /home/airflow/.local/lib/python3.12/site-packages/airflow/example_dags/example_branch_operator.py for tasks to queue
[2024-07-09T16:49:38.549+0000] {logging_mixin.py:188} INFO - [2024-07-09T16:49:38.549+0000] {dagbag.py:545} INFO - Filling up the DagBag from /home/airflow/.local/lib/python3.12/site-packages/airflow/example_dags/example_branch_operator.py
[2024-07-09T16:49:38.560+0000] {processor.py:840} INFO - DAG(s) 'example_branch_operator' retrieved from /home/airflow/.local/lib/python3.12/site-packages/airflow/example_dags/example_branch_operator.py
[2024-07-09T16:49:38.580+0000] {logging_mixin.py:188} INFO - [2024-07-09T16:49:38.580+0000] {dag.py:3096} INFO - Sync 1 DAGs
[2024-07-09T16:49:38.595+0000] {logging_mixin.py:188} INFO - [2024-07-09T16:49:38.595+0000] {dag.py:3954} INFO - Setting next_dagrun for example_branch_operator to 2024-07-08 00:00:00+00:00, run_after=2024-07-09 00:00:00+00:00
[2024-07-09T16:49:38.607+0000] {processor.py:183} INFO - Processing /home/airflow/.local/lib/python3.12/site-packages/airflow/example_dags/example_branch_operator.py took 0.064 seconds
[2024-07-09T16:50:08.858+0000] {processor.py:161} INFO - Started process (PID=3346) to work on /home/airflow/.local/lib/python3.12/site-packages/airflow/example_dags/example_branch_operator.py
[2024-07-09T16:50:08.858+0000] {processor.py:830} INFO - Processing file /home/airflow/.local/lib/python3.12/site-packages/airflow/example_dags/example_branch_operator.py for tasks to queue
[2024-07-09T16:50:08.860+0000] {logging_mixin.py:188} INFO - [2024-07-09T16:50:08.860+0000] {dagbag.py:545} INFO - Filling up the DagBag from /home/airflow/.local/lib/python3.12/site-packages/airflow/example_dags/example_branch_operator.py
[2024-07-09T16:50:08.880+0000] {processor.py:840} INFO - DAG(s) 'example_branch_operator' retrieved from /home/airflow/.local/lib/python3.12/site-packages/airflow/example_dags/example_branch_operator.py
[2024-07-09T16:50:08.913+0000] {logging_mixin.py:188} INFO - [2024-07-09T16:50:08.913+0000] {dag.py:3096} INFO - Sync 1 DAGs
[2024-07-09T16:50:08.934+0000] {logging_mixin.py:188} INFO - [2024-07-09T16:50:08.934+0000] {dag.py:3954} INFO - Setting next_dagrun for example_branch_operator to 2024-07-08 00:00:00+00:00, run_after=2024-07-09 00:00:00+00:00
[2024-07-09T16:50:08.949+0000] {processor.py:183} INFO - Processing /home/airflow/.local/lib/python3.12/site-packages/airflow/example_dags/example_branch_operator.py took 0.098 seconds
[2024-07-09T16:50:39.167+0000] {processor.py:161} INFO - Started process (PID=3607) to work on /home/airflow/.local/lib/python3.12/site-packages/airflow/example_dags/example_branch_operator.py
[2024-07-09T16:50:39.168+0000] {processor.py:830} INFO - Processing file /home/airflow/.local/lib/python3.12/site-packages/airflow/example_dags/example_branch_operator.py for tasks to queue
[2024-07-09T16:50:39.169+0000] {logging_mixin.py:188} INFO - [2024-07-09T16:50:39.168+0000] {dagbag.py:545} INFO - Filling up the DagBag from /home/airflow/.local/lib/python3.12/site-packages/airflow/example_dags/example_branch_operator.py
[2024-07-09T16:50:39.179+0000] {processor.py:840} INFO - DAG(s) 'example_branch_operator' retrieved from /home/airflow/.local/lib/python3.12/site-packages/airflow/example_dags/example_branch_operator.py
[2024-07-09T16:50:39.201+0000] {logging_mixin.py:188} INFO - [2024-07-09T16:50:39.200+0000] {dag.py:3096} INFO - Sync 1 DAGs
[2024-07-09T16:50:39.217+0000] {logging_mixin.py:188} INFO - [2024-07-09T16:50:39.216+0000] {dag.py:3954} INFO - Setting next_dagrun for example_branch_operator to 2024-07-08 00:00:00+00:00, run_after=2024-07-09 00:00:00+00:00
[2024-07-09T16:50:39.230+0000] {processor.py:183} INFO - Processing /home/airflow/.local/lib/python3.12/site-packages/airflow/example_dags/example_branch_operator.py took 0.067 seconds
[2024-07-09T16:51:09.481+0000] {processor.py:161} INFO - Started process (PID=3868) to work on /home/airflow/.local/lib/python3.12/site-packages/airflow/example_dags/example_branch_operator.py
[2024-07-09T16:51:09.482+0000] {processor.py:830} INFO - Processing file /home/airflow/.local/lib/python3.12/site-packages/airflow/example_dags/example_branch_operator.py for tasks to queue
[2024-07-09T16:51:09.483+0000] {logging_mixin.py:188} INFO - [2024-07-09T16:51:09.483+0000] {dagbag.py:545} INFO - Filling up the DagBag from /home/airflow/.local/lib/python3.12/site-packages/airflow/example_dags/example_branch_operator.py
[2024-07-09T16:51:09.494+0000] {processor.py:840} INFO - DAG(s) 'example_branch_operator' retrieved from /home/airflow/.local/lib/python3.12/site-packages/airflow/example_dags/example_branch_operator.py
[2024-07-09T16:51:09.515+0000] {logging_mixin.py:188} INFO - [2024-07-09T16:51:09.514+0000] {dag.py:3096} INFO - Sync 1 DAGs
[2024-07-09T16:51:09.529+0000] {logging_mixin.py:188} INFO - [2024-07-09T16:51:09.529+0000] {dag.py:3954} INFO - Setting next_dagrun for example_branch_operator to 2024-07-08 00:00:00+00:00, run_after=2024-07-09 00:00:00+00:00
[2024-07-09T16:51:09.541+0000] {processor.py:183} INFO - Processing /home/airflow/.local/lib/python3.12/site-packages/airflow/example_dags/example_branch_operator.py took 0.064 seconds
[2024-07-09T16:51:39.653+0000] {processor.py:161} INFO - Started process (PID=4129) to work on /home/airflow/.local/lib/python3.12/site-packages/airflow/example_dags/example_branch_operator.py
[2024-07-09T16:51:39.653+0000] {processor.py:830} INFO - Processing file /home/airflow/.local/lib/python3.12/site-packages/airflow/example_dags/example_branch_operator.py for tasks to queue
[2024-07-09T16:51:39.654+0000] {logging_mixin.py:188} INFO - [2024-07-09T16:51:39.654+0000] {dagbag.py:545} INFO - Filling up the DagBag from /home/airflow/.local/lib/python3.12/site-packages/airflow/example_dags/example_branch_operator.py
[2024-07-09T16:51:39.666+0000] {processor.py:840} INFO - DAG(s) 'example_branch_operator' retrieved from /home/airflow/.local/lib/python3.12/site-packages/airflow/example_dags/example_branch_operator.py
[2024-07-09T16:51:39.687+0000] {logging_mixin.py:188} INFO - [2024-07-09T16:51:39.686+0000] {dag.py:3096} INFO - Sync 1 DAGs
[2024-07-09T16:51:39.701+0000] {logging_mixin.py:188} INFO - [2024-07-09T16:51:39.701+0000] {dag.py:3954} INFO - Setting next_dagrun for example_branch_operator to 2024-07-08 00:00:00+00:00, run_after=2024-07-09 00:00:00+00:00
[2024-07-09T16:51:39.714+0000] {processor.py:183} INFO - Processing /home/airflow/.local/lib/python3.12/site-packages/airflow/example_dags/example_branch_operator.py took 0.065 seconds
[2024-07-09T16:52:10.162+0000] {processor.py:161} INFO - Started process (PID=4390) to work on /home/airflow/.local/lib/python3.12/site-packages/airflow/example_dags/example_branch_operator.py
[2024-07-09T16:52:10.163+0000] {processor.py:830} INFO - Processing file /home/airflow/.local/lib/python3.12/site-packages/airflow/example_dags/example_branch_operator.py for tasks to queue
[2024-07-09T16:52:10.164+0000] {logging_mixin.py:188} INFO - [2024-07-09T16:52:10.163+0000] {dagbag.py:545} INFO - Filling up the DagBag from /home/airflow/.local/lib/python3.12/site-packages/airflow/example_dags/example_branch_operator.py
[2024-07-09T16:52:10.175+0000] {processor.py:840} INFO - DAG(s) 'example_branch_operator' retrieved from /home/airflow/.local/lib/python3.12/site-packages/airflow/example_dags/example_branch_operator.py
[2024-07-09T16:52:10.197+0000] {logging_mixin.py:188} INFO - [2024-07-09T16:52:10.197+0000] {dag.py:3096} INFO - Sync 1 DAGs
[2024-07-09T16:52:10.213+0000] {logging_mixin.py:188} INFO - [2024-07-09T16:52:10.213+0000] {dag.py:3954} INFO - Setting next_dagrun for example_branch_operator to 2024-07-08 00:00:00+00:00, run_after=2024-07-09 00:00:00+00:00
[2024-07-09T16:52:10.227+0000] {processor.py:183} INFO - Processing /home/airflow/.local/lib/python3.12/site-packages/airflow/example_dags/example_branch_operator.py took 0.069 seconds
[2024-07-09T16:52:40.378+0000] {processor.py:161} INFO - Started process (PID=4651) to work on /home/airflow/.local/lib/python3.12/site-packages/airflow/example_dags/example_branch_operator.py
[2024-07-09T16:52:40.379+0000] {processor.py:830} INFO - Processing file /home/airflow/.local/lib/python3.12/site-packages/airflow/example_dags/example_branch_operator.py for tasks to queue
[2024-07-09T16:52:40.380+0000] {logging_mixin.py:188} INFO - [2024-07-09T16:52:40.380+0000] {dagbag.py:545} INFO - Filling up the DagBag from /home/airflow/.local/lib/python3.12/site-packages/airflow/example_dags/example_branch_operator.py
[2024-07-09T16:52:40.391+0000] {processor.py:840} INFO - DAG(s) 'example_branch_operator' retrieved from /home/airflow/.local/lib/python3.12/site-packages/airflow/example_dags/example_branch_operator.py
[2024-07-09T16:52:40.415+0000] {logging_mixin.py:188} INFO - [2024-07-09T16:52:40.415+0000] {dag.py:3096} INFO - Sync 1 DAGs
[2024-07-09T16:52:40.432+0000] {logging_mixin.py:188} INFO - [2024-07-09T16:52:40.431+0000] {dag.py:3954} INFO - Setting next_dagrun for example_branch_operator to 2024-07-08 00:00:00+00:00, run_after=2024-07-09 00:00:00+00:00
[2024-07-09T16:52:40.446+0000] {processor.py:183} INFO - Processing /home/airflow/.local/lib/python3.12/site-packages/airflow/example_dags/example_branch_operator.py took 0.071 seconds
[2024-07-09T16:53:10.608+0000] {processor.py:161} INFO - Started process (PID=4912) to work on /home/airflow/.local/lib/python3.12/site-packages/airflow/example_dags/example_branch_operator.py
[2024-07-09T16:53:10.609+0000] {processor.py:830} INFO - Processing file /home/airflow/.local/lib/python3.12/site-packages/airflow/example_dags/example_branch_operator.py for tasks to queue
[2024-07-09T16:53:10.610+0000] {logging_mixin.py:188} INFO - [2024-07-09T16:53:10.609+0000] {dagbag.py:545} INFO - Filling up the DagBag from /home/airflow/.local/lib/python3.12/site-packages/airflow/example_dags/example_branch_operator.py
[2024-07-09T16:53:10.623+0000] {processor.py:840} INFO - DAG(s) 'example_branch_operator' retrieved from /home/airflow/.local/lib/python3.12/site-packages/airflow/example_dags/example_branch_operator.py
[2024-07-09T16:53:10.656+0000] {logging_mixin.py:188} INFO - [2024-07-09T16:53:10.655+0000] {dag.py:3096} INFO - Sync 1 DAGs
[2024-07-09T16:53:10.679+0000] {logging_mixin.py:188} INFO - [2024-07-09T16:53:10.679+0000] {dag.py:3954} INFO - Setting next_dagrun for example_branch_operator to 2024-07-08 00:00:00+00:00, run_after=2024-07-09 00:00:00+00:00
[2024-07-09T16:53:10.692+0000] {processor.py:183} INFO - Processing /home/airflow/.local/lib/python3.12/site-packages/airflow/example_dags/example_branch_operator.py took 0.090 seconds
[2024-07-09T16:53:41.075+0000] {processor.py:161} INFO - Started process (PID=5171) to work on /home/airflow/.local/lib/python3.12/site-packages/airflow/example_dags/example_branch_operator.py
[2024-07-09T16:53:41.075+0000] {processor.py:830} INFO - Processing file /home/airflow/.local/lib/python3.12/site-packages/airflow/example_dags/example_branch_operator.py for tasks to queue
[2024-07-09T16:53:41.076+0000] {logging_mixin.py:188} INFO - [2024-07-09T16:53:41.076+0000] {dagbag.py:545} INFO - Filling up the DagBag from /home/airflow/.local/lib/python3.12/site-packages/airflow/example_dags/example_branch_operator.py
[2024-07-09T16:53:41.088+0000] {processor.py:840} INFO - DAG(s) 'example_branch_operator' retrieved from /home/airflow/.local/lib/python3.12/site-packages/airflow/example_dags/example_branch_operator.py
[2024-07-09T16:53:41.112+0000] {logging_mixin.py:188} INFO - [2024-07-09T16:53:41.111+0000] {dag.py:3096} INFO - Sync 1 DAGs
[2024-07-09T16:53:41.128+0000] {logging_mixin.py:188} INFO - [2024-07-09T16:53:41.128+0000] {dag.py:3954} INFO - Setting next_dagrun for example_branch_operator to 2024-07-08 00:00:00+00:00, run_after=2024-07-09 00:00:00+00:00
[2024-07-09T16:53:41.143+0000] {processor.py:183} INFO - Processing /home/airflow/.local/lib/python3.12/site-packages/airflow/example_dags/example_branch_operator.py took 0.072 seconds
[2024-07-09T16:54:11.424+0000] {processor.py:161} INFO - Started process (PID=5434) to work on /home/airflow/.local/lib/python3.12/site-packages/airflow/example_dags/example_branch_operator.py
[2024-07-09T16:54:11.424+0000] {processor.py:830} INFO - Processing file /home/airflow/.local/lib/python3.12/site-packages/airflow/example_dags/example_branch_operator.py for tasks to queue
[2024-07-09T16:54:11.425+0000] {logging_mixin.py:188} INFO - [2024-07-09T16:54:11.425+0000] {dagbag.py:545} INFO - Filling up the DagBag from /home/airflow/.local/lib/python3.12/site-packages/airflow/example_dags/example_branch_operator.py
[2024-07-09T16:54:11.436+0000] {processor.py:840} INFO - DAG(s) 'example_branch_operator' retrieved from /home/airflow/.local/lib/python3.12/site-packages/airflow/example_dags/example_branch_operator.py
[2024-07-09T16:54:11.457+0000] {logging_mixin.py:188} INFO - [2024-07-09T16:54:11.457+0000] {dag.py:3096} INFO - Sync 1 DAGs
[2024-07-09T16:54:11.478+0000] {logging_mixin.py:188} INFO - [2024-07-09T16:54:11.478+0000] {dag.py:3954} INFO - Setting next_dagrun for example_branch_operator to 2024-07-08 00:00:00+00:00, run_after=2024-07-09 00:00:00+00:00
[2024-07-09T16:54:11.491+0000] {processor.py:183} INFO - Processing /home/airflow/.local/lib/python3.12/site-packages/airflow/example_dags/example_branch_operator.py took 0.072 seconds
[2024-07-09T16:54:41.857+0000] {processor.py:161} INFO - Started process (PID=5695) to work on /home/airflow/.local/lib/python3.12/site-packages/airflow/example_dags/example_branch_operator.py
[2024-07-09T16:54:41.857+0000] {processor.py:830} INFO - Processing file /home/airflow/.local/lib/python3.12/site-packages/airflow/example_dags/example_branch_operator.py for tasks to queue
[2024-07-09T16:54:41.858+0000] {logging_mixin.py:188} INFO - [2024-07-09T16:54:41.858+0000] {dagbag.py:545} INFO - Filling up the DagBag from /home/airflow/.local/lib/python3.12/site-packages/airflow/example_dags/example_branch_operator.py
[2024-07-09T16:54:41.869+0000] {processor.py:840} INFO - DAG(s) 'example_branch_operator' retrieved from /home/airflow/.local/lib/python3.12/site-packages/airflow/example_dags/example_branch_operator.py
[2024-07-09T16:54:41.889+0000] {logging_mixin.py:188} INFO - [2024-07-09T16:54:41.889+0000] {dag.py:3096} INFO - Sync 1 DAGs
[2024-07-09T16:54:41.904+0000] {logging_mixin.py:188} INFO - [2024-07-09T16:54:41.903+0000] {dag.py:3954} INFO - Setting next_dagrun for example_branch_operator to 2024-07-08 00:00:00+00:00, run_after=2024-07-09 00:00:00+00:00
[2024-07-09T16:54:41.916+0000] {processor.py:183} INFO - Processing /home/airflow/.local/lib/python3.12/site-packages/airflow/example_dags/example_branch_operator.py took 0.062 seconds
[2024-07-09T16:55:12.131+0000] {processor.py:161} INFO - Started process (PID=5956) to work on /home/airflow/.local/lib/python3.12/site-packages/airflow/example_dags/example_branch_operator.py
[2024-07-09T16:55:12.131+0000] {processor.py:830} INFO - Processing file /home/airflow/.local/lib/python3.12/site-packages/airflow/example_dags/example_branch_operator.py for tasks to queue
[2024-07-09T16:55:12.132+0000] {logging_mixin.py:188} INFO - [2024-07-09T16:55:12.132+0000] {dagbag.py:545} INFO - Filling up the DagBag from /home/airflow/.local/lib/python3.12/site-packages/airflow/example_dags/example_branch_operator.py
[2024-07-09T16:55:12.143+0000] {processor.py:840} INFO - DAG(s) 'example_branch_operator' retrieved from /home/airflow/.local/lib/python3.12/site-packages/airflow/example_dags/example_branch_operator.py
[2024-07-09T16:55:12.164+0000] {logging_mixin.py:188} INFO - [2024-07-09T16:55:12.163+0000] {dag.py:3096} INFO - Sync 1 DAGs
[2024-07-09T16:55:12.178+0000] {logging_mixin.py:188} INFO - [2024-07-09T16:55:12.178+0000] {dag.py:3954} INFO - Setting next_dagrun for example_branch_operator to 2024-07-08 00:00:00+00:00, run_after=2024-07-09 00:00:00+00:00
[2024-07-09T16:55:12.190+0000] {processor.py:183} INFO - Processing /home/airflow/.local/lib/python3.12/site-packages/airflow/example_dags/example_branch_operator.py took 0.063 seconds
