[2024-07-09T16:44:05.949+0000] {processor.py:161} INFO - Started process (PID=294) to work on /home/airflow/.local/lib/python3.12/site-packages/airflow/example_dags/example_setup_teardown.py
[2024-07-09T16:44:05.950+0000] {processor.py:830} INFO - Processing file /home/airflow/.local/lib/python3.12/site-packages/airflow/example_dags/example_setup_teardown.py for tasks to queue
[2024-07-09T16:44:05.951+0000] {logging_mixin.py:188} INFO - [2024-07-09T16:44:05.951+0000] {dagbag.py:545} INFO - Filling up the DagBag from /home/airflow/.local/lib/python3.12/site-packages/airflow/example_dags/example_setup_teardown.py
[2024-07-09T16:44:05.956+0000] {processor.py:840} INFO - DAG(s) 'example_setup_teardown' retrieved from /home/airflow/.local/lib/python3.12/site-packages/airflow/example_dags/example_setup_teardown.py
[2024-07-09T16:44:06.032+0000] {logging_mixin.py:188} INFO - [2024-07-09T16:44:06.032+0000] {override.py:1829} INFO - Created Permission View: can delete on DAG:example_setup_teardown
[2024-07-09T16:44:06.040+0000] {logging_mixin.py:188} INFO - [2024-07-09T16:44:06.039+0000] {override.py:1829} INFO - Created Permission View: can edit on DAG:example_setup_teardown
[2024-07-09T16:44:06.044+0000] {logging_mixin.py:188} INFO - [2024-07-09T16:44:06.044+0000] {override.py:1829} INFO - Created Permission View: can read on DAG:example_setup_teardown
[2024-07-09T16:44:06.044+0000] {logging_mixin.py:188} INFO - [2024-07-09T16:44:06.044+0000] {dag.py:3096} INFO - Sync 1 DAGs
[2024-07-09T16:44:06.052+0000] {logging_mixin.py:188} INFO - [2024-07-09T16:44:06.052+0000] {dag.py:3118} INFO - Creating ORM DAG for example_setup_teardown
[2024-07-09T16:44:06.059+0000] {logging_mixin.py:188} INFO - [2024-07-09T16:44:06.059+0000] {dag.py:3954} INFO - Setting next_dagrun for example_setup_teardown to 2024-07-08 00:00:00+00:00, run_after=2024-07-09 00:00:00+00:00
[2024-07-09T16:44:06.071+0000] {processor.py:183} INFO - Processing /home/airflow/.local/lib/python3.12/site-packages/airflow/example_dags/example_setup_teardown.py took 0.125 seconds
[2024-07-09T16:44:37.072+0000] {processor.py:161} INFO - Started process (PID=555) to work on /home/airflow/.local/lib/python3.12/site-packages/airflow/example_dags/example_setup_teardown.py
[2024-07-09T16:44:37.082+0000] {processor.py:830} INFO - Processing file /home/airflow/.local/lib/python3.12/site-packages/airflow/example_dags/example_setup_teardown.py for tasks to queue
[2024-07-09T16:44:37.084+0000] {logging_mixin.py:188} INFO - [2024-07-09T16:44:37.084+0000] {dagbag.py:545} INFO - Filling up the DagBag from /home/airflow/.local/lib/python3.12/site-packages/airflow/example_dags/example_setup_teardown.py
[2024-07-09T16:44:37.090+0000] {processor.py:840} INFO - DAG(s) 'example_setup_teardown' retrieved from /home/airflow/.local/lib/python3.12/site-packages/airflow/example_dags/example_setup_teardown.py
[2024-07-09T16:44:37.106+0000] {logging_mixin.py:188} INFO - [2024-07-09T16:44:37.106+0000] {dag.py:3096} INFO - Sync 1 DAGs
[2024-07-09T16:44:37.122+0000] {logging_mixin.py:188} INFO - [2024-07-09T16:44:37.121+0000] {dag.py:3954} INFO - Setting next_dagrun for example_setup_teardown to 2024-07-08 00:00:00+00:00, run_after=2024-07-09 00:00:00+00:00
[2024-07-09T16:44:37.134+0000] {processor.py:183} INFO - Processing /home/airflow/.local/lib/python3.12/site-packages/airflow/example_dags/example_setup_teardown.py took 0.067 seconds
[2024-07-09T16:45:07.381+0000] {processor.py:161} INFO - Started process (PID=816) to work on /home/airflow/.local/lib/python3.12/site-packages/airflow/example_dags/example_setup_teardown.py
[2024-07-09T16:45:07.382+0000] {processor.py:830} INFO - Processing file /home/airflow/.local/lib/python3.12/site-packages/airflow/example_dags/example_setup_teardown.py for tasks to queue
[2024-07-09T16:45:07.383+0000] {logging_mixin.py:188} INFO - [2024-07-09T16:45:07.383+0000] {dagbag.py:545} INFO - Filling up the DagBag from /home/airflow/.local/lib/python3.12/site-packages/airflow/example_dags/example_setup_teardown.py
[2024-07-09T16:45:07.389+0000] {processor.py:840} INFO - DAG(s) 'example_setup_teardown' retrieved from /home/airflow/.local/lib/python3.12/site-packages/airflow/example_dags/example_setup_teardown.py
[2024-07-09T16:45:07.405+0000] {logging_mixin.py:188} INFO - [2024-07-09T16:45:07.404+0000] {dag.py:3096} INFO - Sync 1 DAGs
[2024-07-09T16:45:07.423+0000] {logging_mixin.py:188} INFO - [2024-07-09T16:45:07.423+0000] {dag.py:3954} INFO - Setting next_dagrun for example_setup_teardown to 2024-07-08 00:00:00+00:00, run_after=2024-07-09 00:00:00+00:00
[2024-07-09T16:45:07.442+0000] {processor.py:183} INFO - Processing /home/airflow/.local/lib/python3.12/site-packages/airflow/example_dags/example_setup_teardown.py took 0.066 seconds
[2024-07-09T16:45:37.678+0000] {processor.py:161} INFO - Started process (PID=1077) to work on /home/airflow/.local/lib/python3.12/site-packages/airflow/example_dags/example_setup_teardown.py
[2024-07-09T16:45:37.688+0000] {processor.py:830} INFO - Processing file /home/airflow/.local/lib/python3.12/site-packages/airflow/example_dags/example_setup_teardown.py for tasks to queue
[2024-07-09T16:45:37.690+0000] {logging_mixin.py:188} INFO - [2024-07-09T16:45:37.689+0000] {dagbag.py:545} INFO - Filling up the DagBag from /home/airflow/.local/lib/python3.12/site-packages/airflow/example_dags/example_setup_teardown.py
[2024-07-09T16:45:37.694+0000] {processor.py:840} INFO - DAG(s) 'example_setup_teardown' retrieved from /home/airflow/.local/lib/python3.12/site-packages/airflow/example_dags/example_setup_teardown.py
[2024-07-09T16:45:37.710+0000] {logging_mixin.py:188} INFO - [2024-07-09T16:45:37.710+0000] {dag.py:3096} INFO - Sync 1 DAGs
[2024-07-09T16:45:37.727+0000] {logging_mixin.py:188} INFO - [2024-07-09T16:45:37.727+0000] {dag.py:3954} INFO - Setting next_dagrun for example_setup_teardown to 2024-07-08 00:00:00+00:00, run_after=2024-07-09 00:00:00+00:00
[2024-07-09T16:45:37.741+0000] {processor.py:183} INFO - Processing /home/airflow/.local/lib/python3.12/site-packages/airflow/example_dags/example_setup_teardown.py took 0.069 seconds
[2024-07-09T16:46:08.314+0000] {processor.py:161} INFO - Started process (PID=1338) to work on /home/airflow/.local/lib/python3.12/site-packages/airflow/example_dags/example_setup_teardown.py
[2024-07-09T16:46:08.315+0000] {processor.py:830} INFO - Processing file /home/airflow/.local/lib/python3.12/site-packages/airflow/example_dags/example_setup_teardown.py for tasks to queue
[2024-07-09T16:46:08.316+0000] {logging_mixin.py:188} INFO - [2024-07-09T16:46:08.316+0000] {dagbag.py:545} INFO - Filling up the DagBag from /home/airflow/.local/lib/python3.12/site-packages/airflow/example_dags/example_setup_teardown.py
[2024-07-09T16:46:08.323+0000] {processor.py:840} INFO - DAG(s) 'example_setup_teardown' retrieved from /home/airflow/.local/lib/python3.12/site-packages/airflow/example_dags/example_setup_teardown.py
[2024-07-09T16:46:08.343+0000] {logging_mixin.py:188} INFO - [2024-07-09T16:46:08.343+0000] {dag.py:3096} INFO - Sync 1 DAGs
[2024-07-09T16:46:08.369+0000] {logging_mixin.py:188} INFO - [2024-07-09T16:46:08.369+0000] {dag.py:3954} INFO - Setting next_dagrun for example_setup_teardown to 2024-07-08 00:00:00+00:00, run_after=2024-07-09 00:00:00+00:00
[2024-07-09T16:46:08.389+0000] {processor.py:183} INFO - Processing /home/airflow/.local/lib/python3.12/site-packages/airflow/example_dags/example_setup_teardown.py took 0.081 seconds
[2024-07-09T16:46:38.548+0000] {processor.py:161} INFO - Started process (PID=1599) to work on /home/airflow/.local/lib/python3.12/site-packages/airflow/example_dags/example_setup_teardown.py
[2024-07-09T16:46:38.559+0000] {processor.py:830} INFO - Processing file /home/airflow/.local/lib/python3.12/site-packages/airflow/example_dags/example_setup_teardown.py for tasks to queue
[2024-07-09T16:46:38.560+0000] {logging_mixin.py:188} INFO - [2024-07-09T16:46:38.560+0000] {dagbag.py:545} INFO - Filling up the DagBag from /home/airflow/.local/lib/python3.12/site-packages/airflow/example_dags/example_setup_teardown.py
[2024-07-09T16:46:38.564+0000] {processor.py:840} INFO - DAG(s) 'example_setup_teardown' retrieved from /home/airflow/.local/lib/python3.12/site-packages/airflow/example_dags/example_setup_teardown.py
[2024-07-09T16:46:38.581+0000] {logging_mixin.py:188} INFO - [2024-07-09T16:46:38.580+0000] {dag.py:3096} INFO - Sync 1 DAGs
[2024-07-09T16:46:38.597+0000] {logging_mixin.py:188} INFO - [2024-07-09T16:46:38.596+0000] {dag.py:3954} INFO - Setting next_dagrun for example_setup_teardown to 2024-07-08 00:00:00+00:00, run_after=2024-07-09 00:00:00+00:00
[2024-07-09T16:46:38.610+0000] {processor.py:183} INFO - Processing /home/airflow/.local/lib/python3.12/site-packages/airflow/example_dags/example_setup_teardown.py took 0.065 seconds
[2024-07-09T16:47:08.908+0000] {processor.py:161} INFO - Started process (PID=1860) to work on /home/airflow/.local/lib/python3.12/site-packages/airflow/example_dags/example_setup_teardown.py
[2024-07-09T16:47:08.918+0000] {processor.py:830} INFO - Processing file /home/airflow/.local/lib/python3.12/site-packages/airflow/example_dags/example_setup_teardown.py for tasks to queue
[2024-07-09T16:47:08.920+0000] {logging_mixin.py:188} INFO - [2024-07-09T16:47:08.919+0000] {dagbag.py:545} INFO - Filling up the DagBag from /home/airflow/.local/lib/python3.12/site-packages/airflow/example_dags/example_setup_teardown.py
[2024-07-09T16:47:08.926+0000] {processor.py:840} INFO - DAG(s) 'example_setup_teardown' retrieved from /home/airflow/.local/lib/python3.12/site-packages/airflow/example_dags/example_setup_teardown.py
[2024-07-09T16:47:08.947+0000] {logging_mixin.py:188} INFO - [2024-07-09T16:47:08.947+0000] {dag.py:3096} INFO - Sync 1 DAGs
[2024-07-09T16:47:08.969+0000] {logging_mixin.py:188} INFO - [2024-07-09T16:47:08.969+0000] {dag.py:3954} INFO - Setting next_dagrun for example_setup_teardown to 2024-07-08 00:00:00+00:00, run_after=2024-07-09 00:00:00+00:00
[2024-07-09T16:47:08.985+0000] {processor.py:183} INFO - Processing /home/airflow/.local/lib/python3.12/site-packages/airflow/example_dags/example_setup_teardown.py took 0.081 seconds
[2024-07-09T16:47:39.051+0000] {processor.py:161} INFO - Started process (PID=2121) to work on /home/airflow/.local/lib/python3.12/site-packages/airflow/example_dags/example_setup_teardown.py
[2024-07-09T16:47:39.051+0000] {processor.py:830} INFO - Processing file /home/airflow/.local/lib/python3.12/site-packages/airflow/example_dags/example_setup_teardown.py for tasks to queue
[2024-07-09T16:47:39.053+0000] {logging_mixin.py:188} INFO - [2024-07-09T16:47:39.053+0000] {dagbag.py:545} INFO - Filling up the DagBag from /home/airflow/.local/lib/python3.12/site-packages/airflow/example_dags/example_setup_teardown.py
[2024-07-09T16:47:39.059+0000] {processor.py:840} INFO - DAG(s) 'example_setup_teardown' retrieved from /home/airflow/.local/lib/python3.12/site-packages/airflow/example_dags/example_setup_teardown.py
[2024-07-09T16:47:39.075+0000] {logging_mixin.py:188} INFO - [2024-07-09T16:47:39.075+0000] {dag.py:3096} INFO - Sync 1 DAGs
[2024-07-09T16:47:39.090+0000] {logging_mixin.py:188} INFO - [2024-07-09T16:47:39.090+0000] {dag.py:3954} INFO - Setting next_dagrun for example_setup_teardown to 2024-07-08 00:00:00+00:00, run_after=2024-07-09 00:00:00+00:00
[2024-07-09T16:47:39.103+0000] {processor.py:183} INFO - Processing /home/airflow/.local/lib/python3.12/site-packages/airflow/example_dags/example_setup_teardown.py took 0.057 seconds
[2024-07-09T16:48:09.206+0000] {processor.py:161} INFO - Started process (PID=2382) to work on /home/airflow/.local/lib/python3.12/site-packages/airflow/example_dags/example_setup_teardown.py
[2024-07-09T16:48:09.216+0000] {processor.py:830} INFO - Processing file /home/airflow/.local/lib/python3.12/site-packages/airflow/example_dags/example_setup_teardown.py for tasks to queue
[2024-07-09T16:48:09.217+0000] {logging_mixin.py:188} INFO - [2024-07-09T16:48:09.217+0000] {dagbag.py:545} INFO - Filling up the DagBag from /home/airflow/.local/lib/python3.12/site-packages/airflow/example_dags/example_setup_teardown.py
[2024-07-09T16:48:09.222+0000] {processor.py:840} INFO - DAG(s) 'example_setup_teardown' retrieved from /home/airflow/.local/lib/python3.12/site-packages/airflow/example_dags/example_setup_teardown.py
[2024-07-09T16:48:09.238+0000] {logging_mixin.py:188} INFO - [2024-07-09T16:48:09.237+0000] {dag.py:3096} INFO - Sync 1 DAGs
[2024-07-09T16:48:09.254+0000] {logging_mixin.py:188} INFO - [2024-07-09T16:48:09.254+0000] {dag.py:3954} INFO - Setting next_dagrun for example_setup_teardown to 2024-07-08 00:00:00+00:00, run_after=2024-07-09 00:00:00+00:00
[2024-07-09T16:48:09.267+0000] {processor.py:183} INFO - Processing /home/airflow/.local/lib/python3.12/site-packages/airflow/example_dags/example_setup_teardown.py took 0.067 seconds
[2024-07-09T16:48:39.672+0000] {processor.py:161} INFO - Started process (PID=2643) to work on /home/airflow/.local/lib/python3.12/site-packages/airflow/example_dags/example_setup_teardown.py
[2024-07-09T16:48:39.672+0000] {processor.py:830} INFO - Processing file /home/airflow/.local/lib/python3.12/site-packages/airflow/example_dags/example_setup_teardown.py for tasks to queue
[2024-07-09T16:48:39.674+0000] {logging_mixin.py:188} INFO - [2024-07-09T16:48:39.673+0000] {dagbag.py:545} INFO - Filling up the DagBag from /home/airflow/.local/lib/python3.12/site-packages/airflow/example_dags/example_setup_teardown.py
[2024-07-09T16:48:39.678+0000] {processor.py:840} INFO - DAG(s) 'example_setup_teardown' retrieved from /home/airflow/.local/lib/python3.12/site-packages/airflow/example_dags/example_setup_teardown.py
[2024-07-09T16:48:39.694+0000] {logging_mixin.py:188} INFO - [2024-07-09T16:48:39.694+0000] {dag.py:3096} INFO - Sync 1 DAGs
[2024-07-09T16:48:39.710+0000] {logging_mixin.py:188} INFO - [2024-07-09T16:48:39.710+0000] {dag.py:3954} INFO - Setting next_dagrun for example_setup_teardown to 2024-07-08 00:00:00+00:00, run_after=2024-07-09 00:00:00+00:00
[2024-07-09T16:48:39.724+0000] {processor.py:183} INFO - Processing /home/airflow/.local/lib/python3.12/site-packages/airflow/example_dags/example_setup_teardown.py took 0.057 seconds
[2024-07-09T16:49:10.022+0000] {processor.py:161} INFO - Started process (PID=2904) to work on /home/airflow/.local/lib/python3.12/site-packages/airflow/example_dags/example_setup_teardown.py
[2024-07-09T16:49:10.023+0000] {processor.py:830} INFO - Processing file /home/airflow/.local/lib/python3.12/site-packages/airflow/example_dags/example_setup_teardown.py for tasks to queue
[2024-07-09T16:49:10.025+0000] {logging_mixin.py:188} INFO - [2024-07-09T16:49:10.024+0000] {dagbag.py:545} INFO - Filling up the DagBag from /home/airflow/.local/lib/python3.12/site-packages/airflow/example_dags/example_setup_teardown.py
[2024-07-09T16:49:10.030+0000] {processor.py:840} INFO - DAG(s) 'example_setup_teardown' retrieved from /home/airflow/.local/lib/python3.12/site-packages/airflow/example_dags/example_setup_teardown.py
[2024-07-09T16:49:10.047+0000] {logging_mixin.py:188} INFO - [2024-07-09T16:49:10.046+0000] {dag.py:3096} INFO - Sync 1 DAGs
[2024-07-09T16:49:10.063+0000] {logging_mixin.py:188} INFO - [2024-07-09T16:49:10.063+0000] {dag.py:3954} INFO - Setting next_dagrun for example_setup_teardown to 2024-07-08 00:00:00+00:00, run_after=2024-07-09 00:00:00+00:00
[2024-07-09T16:49:10.077+0000] {processor.py:183} INFO - Processing /home/airflow/.local/lib/python3.12/site-packages/airflow/example_dags/example_setup_teardown.py took 0.059 seconds
[2024-07-09T16:49:40.292+0000] {processor.py:161} INFO - Started process (PID=3165) to work on /home/airflow/.local/lib/python3.12/site-packages/airflow/example_dags/example_setup_teardown.py
[2024-07-09T16:49:40.292+0000] {processor.py:830} INFO - Processing file /home/airflow/.local/lib/python3.12/site-packages/airflow/example_dags/example_setup_teardown.py for tasks to queue
[2024-07-09T16:49:40.293+0000] {logging_mixin.py:188} INFO - [2024-07-09T16:49:40.293+0000] {dagbag.py:545} INFO - Filling up the DagBag from /home/airflow/.local/lib/python3.12/site-packages/airflow/example_dags/example_setup_teardown.py
[2024-07-09T16:49:40.298+0000] {processor.py:840} INFO - DAG(s) 'example_setup_teardown' retrieved from /home/airflow/.local/lib/python3.12/site-packages/airflow/example_dags/example_setup_teardown.py
[2024-07-09T16:49:40.317+0000] {logging_mixin.py:188} INFO - [2024-07-09T16:49:40.316+0000] {dag.py:3096} INFO - Sync 1 DAGs
[2024-07-09T16:49:40.335+0000] {logging_mixin.py:188} INFO - [2024-07-09T16:49:40.335+0000] {dag.py:3954} INFO - Setting next_dagrun for example_setup_teardown to 2024-07-08 00:00:00+00:00, run_after=2024-07-09 00:00:00+00:00
[2024-07-09T16:49:40.350+0000] {processor.py:183} INFO - Processing /home/airflow/.local/lib/python3.12/site-packages/airflow/example_dags/example_setup_teardown.py took 0.063 seconds
[2024-07-09T16:50:10.590+0000] {processor.py:161} INFO - Started process (PID=3426) to work on /home/airflow/.local/lib/python3.12/site-packages/airflow/example_dags/example_setup_teardown.py
[2024-07-09T16:50:10.600+0000] {processor.py:830} INFO - Processing file /home/airflow/.local/lib/python3.12/site-packages/airflow/example_dags/example_setup_teardown.py for tasks to queue
[2024-07-09T16:50:10.602+0000] {logging_mixin.py:188} INFO - [2024-07-09T16:50:10.602+0000] {dagbag.py:545} INFO - Filling up the DagBag from /home/airflow/.local/lib/python3.12/site-packages/airflow/example_dags/example_setup_teardown.py
[2024-07-09T16:50:10.606+0000] {processor.py:840} INFO - DAG(s) 'example_setup_teardown' retrieved from /home/airflow/.local/lib/python3.12/site-packages/airflow/example_dags/example_setup_teardown.py
[2024-07-09T16:50:10.624+0000] {logging_mixin.py:188} INFO - [2024-07-09T16:50:10.624+0000] {dag.py:3096} INFO - Sync 1 DAGs
[2024-07-09T16:50:10.640+0000] {logging_mixin.py:188} INFO - [2024-07-09T16:50:10.640+0000] {dag.py:3954} INFO - Setting next_dagrun for example_setup_teardown to 2024-07-08 00:00:00+00:00, run_after=2024-07-09 00:00:00+00:00
[2024-07-09T16:50:10.653+0000] {processor.py:183} INFO - Processing /home/airflow/.local/lib/python3.12/site-packages/airflow/example_dags/example_setup_teardown.py took 0.067 seconds
[2024-07-09T16:50:40.859+0000] {processor.py:161} INFO - Started process (PID=3687) to work on /home/airflow/.local/lib/python3.12/site-packages/airflow/example_dags/example_setup_teardown.py
[2024-07-09T16:50:40.870+0000] {processor.py:830} INFO - Processing file /home/airflow/.local/lib/python3.12/site-packages/airflow/example_dags/example_setup_teardown.py for tasks to queue
[2024-07-09T16:50:40.872+0000] {logging_mixin.py:188} INFO - [2024-07-09T16:50:40.871+0000] {dagbag.py:545} INFO - Filling up the DagBag from /home/airflow/.local/lib/python3.12/site-packages/airflow/example_dags/example_setup_teardown.py
[2024-07-09T16:50:40.877+0000] {processor.py:840} INFO - DAG(s) 'example_setup_teardown' retrieved from /home/airflow/.local/lib/python3.12/site-packages/airflow/example_dags/example_setup_teardown.py
[2024-07-09T16:50:40.893+0000] {logging_mixin.py:188} INFO - [2024-07-09T16:50:40.893+0000] {dag.py:3096} INFO - Sync 1 DAGs
[2024-07-09T16:50:40.908+0000] {logging_mixin.py:188} INFO - [2024-07-09T16:50:40.908+0000] {dag.py:3954} INFO - Setting next_dagrun for example_setup_teardown to 2024-07-08 00:00:00+00:00, run_after=2024-07-09 00:00:00+00:00
[2024-07-09T16:50:40.921+0000] {processor.py:183} INFO - Processing /home/airflow/.local/lib/python3.12/site-packages/airflow/example_dags/example_setup_teardown.py took 0.067 seconds
[2024-07-09T16:51:11.169+0000] {processor.py:161} INFO - Started process (PID=3948) to work on /home/airflow/.local/lib/python3.12/site-packages/airflow/example_dags/example_setup_teardown.py
[2024-07-09T16:51:11.169+0000] {processor.py:830} INFO - Processing file /home/airflow/.local/lib/python3.12/site-packages/airflow/example_dags/example_setup_teardown.py for tasks to queue
[2024-07-09T16:51:11.171+0000] {logging_mixin.py:188} INFO - [2024-07-09T16:51:11.170+0000] {dagbag.py:545} INFO - Filling up the DagBag from /home/airflow/.local/lib/python3.12/site-packages/airflow/example_dags/example_setup_teardown.py
[2024-07-09T16:51:11.176+0000] {processor.py:840} INFO - DAG(s) 'example_setup_teardown' retrieved from /home/airflow/.local/lib/python3.12/site-packages/airflow/example_dags/example_setup_teardown.py
[2024-07-09T16:51:11.193+0000] {logging_mixin.py:188} INFO - [2024-07-09T16:51:11.193+0000] {dag.py:3096} INFO - Sync 1 DAGs
[2024-07-09T16:51:11.209+0000] {logging_mixin.py:188} INFO - [2024-07-09T16:51:11.208+0000] {dag.py:3954} INFO - Setting next_dagrun for example_setup_teardown to 2024-07-08 00:00:00+00:00, run_after=2024-07-09 00:00:00+00:00
[2024-07-09T16:51:11.222+0000] {processor.py:183} INFO - Processing /home/airflow/.local/lib/python3.12/site-packages/airflow/example_dags/example_setup_teardown.py took 0.058 seconds
[2024-07-09T16:51:41.378+0000] {processor.py:161} INFO - Started process (PID=4209) to work on /home/airflow/.local/lib/python3.12/site-packages/airflow/example_dags/example_setup_teardown.py
[2024-07-09T16:51:41.388+0000] {processor.py:830} INFO - Processing file /home/airflow/.local/lib/python3.12/site-packages/airflow/example_dags/example_setup_teardown.py for tasks to queue
[2024-07-09T16:51:41.389+0000] {logging_mixin.py:188} INFO - [2024-07-09T16:51:41.389+0000] {dagbag.py:545} INFO - Filling up the DagBag from /home/airflow/.local/lib/python3.12/site-packages/airflow/example_dags/example_setup_teardown.py
[2024-07-09T16:51:41.394+0000] {processor.py:840} INFO - DAG(s) 'example_setup_teardown' retrieved from /home/airflow/.local/lib/python3.12/site-packages/airflow/example_dags/example_setup_teardown.py
[2024-07-09T16:51:41.411+0000] {logging_mixin.py:188} INFO - [2024-07-09T16:51:41.411+0000] {dag.py:3096} INFO - Sync 1 DAGs
[2024-07-09T16:51:41.427+0000] {logging_mixin.py:188} INFO - [2024-07-09T16:51:41.427+0000] {dag.py:3954} INFO - Setting next_dagrun for example_setup_teardown to 2024-07-08 00:00:00+00:00, run_after=2024-07-09 00:00:00+00:00
[2024-07-09T16:51:41.441+0000] {processor.py:183} INFO - Processing /home/airflow/.local/lib/python3.12/site-packages/airflow/example_dags/example_setup_teardown.py took 0.069 seconds
[2024-07-09T16:52:11.751+0000] {processor.py:161} INFO - Started process (PID=4470) to work on /home/airflow/.local/lib/python3.12/site-packages/airflow/example_dags/example_setup_teardown.py
[2024-07-09T16:52:11.752+0000] {processor.py:830} INFO - Processing file /home/airflow/.local/lib/python3.12/site-packages/airflow/example_dags/example_setup_teardown.py for tasks to queue
[2024-07-09T16:52:11.753+0000] {logging_mixin.py:188} INFO - [2024-07-09T16:52:11.752+0000] {dagbag.py:545} INFO - Filling up the DagBag from /home/airflow/.local/lib/python3.12/site-packages/airflow/example_dags/example_setup_teardown.py
[2024-07-09T16:52:11.757+0000] {processor.py:840} INFO - DAG(s) 'example_setup_teardown' retrieved from /home/airflow/.local/lib/python3.12/site-packages/airflow/example_dags/example_setup_teardown.py
[2024-07-09T16:52:11.773+0000] {logging_mixin.py:188} INFO - [2024-07-09T16:52:11.773+0000] {dag.py:3096} INFO - Sync 1 DAGs
[2024-07-09T16:52:11.788+0000] {logging_mixin.py:188} INFO - [2024-07-09T16:52:11.788+0000] {dag.py:3954} INFO - Setting next_dagrun for example_setup_teardown to 2024-07-08 00:00:00+00:00, run_after=2024-07-09 00:00:00+00:00
[2024-07-09T16:52:11.803+0000] {processor.py:183} INFO - Processing /home/airflow/.local/lib/python3.12/site-packages/airflow/example_dags/example_setup_teardown.py took 0.056 seconds
[2024-07-09T16:52:42.062+0000] {processor.py:161} INFO - Started process (PID=4731) to work on /home/airflow/.local/lib/python3.12/site-packages/airflow/example_dags/example_setup_teardown.py
[2024-07-09T16:52:42.073+0000] {processor.py:830} INFO - Processing file /home/airflow/.local/lib/python3.12/site-packages/airflow/example_dags/example_setup_teardown.py for tasks to queue
[2024-07-09T16:52:42.075+0000] {logging_mixin.py:188} INFO - [2024-07-09T16:52:42.074+0000] {dagbag.py:545} INFO - Filling up the DagBag from /home/airflow/.local/lib/python3.12/site-packages/airflow/example_dags/example_setup_teardown.py
[2024-07-09T16:52:42.081+0000] {processor.py:840} INFO - DAG(s) 'example_setup_teardown' retrieved from /home/airflow/.local/lib/python3.12/site-packages/airflow/example_dags/example_setup_teardown.py
[2024-07-09T16:52:42.104+0000] {logging_mixin.py:188} INFO - [2024-07-09T16:52:42.104+0000] {dag.py:3096} INFO - Sync 1 DAGs
[2024-07-09T16:52:42.125+0000] {logging_mixin.py:188} INFO - [2024-07-09T16:52:42.125+0000] {dag.py:3954} INFO - Setting next_dagrun for example_setup_teardown to 2024-07-08 00:00:00+00:00, run_after=2024-07-09 00:00:00+00:00
[2024-07-09T16:52:42.139+0000] {processor.py:183} INFO - Processing /home/airflow/.local/lib/python3.12/site-packages/airflow/example_dags/example_setup_teardown.py took 0.081 seconds
[2024-07-09T16:53:12.401+0000] {processor.py:161} INFO - Started process (PID=4992) to work on /home/airflow/.local/lib/python3.12/site-packages/airflow/example_dags/example_setup_teardown.py
[2024-07-09T16:53:12.412+0000] {processor.py:830} INFO - Processing file /home/airflow/.local/lib/python3.12/site-packages/airflow/example_dags/example_setup_teardown.py for tasks to queue
[2024-07-09T16:53:12.413+0000] {logging_mixin.py:188} INFO - [2024-07-09T16:53:12.413+0000] {dagbag.py:545} INFO - Filling up the DagBag from /home/airflow/.local/lib/python3.12/site-packages/airflow/example_dags/example_setup_teardown.py
[2024-07-09T16:53:12.420+0000] {processor.py:840} INFO - DAG(s) 'example_setup_teardown' retrieved from /home/airflow/.local/lib/python3.12/site-packages/airflow/example_dags/example_setup_teardown.py
[2024-07-09T16:53:12.446+0000] {logging_mixin.py:188} INFO - [2024-07-09T16:53:12.446+0000] {dag.py:3096} INFO - Sync 1 DAGs
[2024-07-09T16:53:12.473+0000] {logging_mixin.py:188} INFO - [2024-07-09T16:53:12.473+0000] {dag.py:3954} INFO - Setting next_dagrun for example_setup_teardown to 2024-07-08 00:00:00+00:00, run_after=2024-07-09 00:00:00+00:00
[2024-07-09T16:53:12.493+0000] {processor.py:183} INFO - Processing /home/airflow/.local/lib/python3.12/site-packages/airflow/example_dags/example_setup_teardown.py took 0.098 seconds
[2024-07-09T16:53:42.720+0000] {processor.py:161} INFO - Started process (PID=5253) to work on /home/airflow/.local/lib/python3.12/site-packages/airflow/example_dags/example_setup_teardown.py
[2024-07-09T16:53:42.730+0000] {processor.py:830} INFO - Processing file /home/airflow/.local/lib/python3.12/site-packages/airflow/example_dags/example_setup_teardown.py for tasks to queue
[2024-07-09T16:53:42.732+0000] {logging_mixin.py:188} INFO - [2024-07-09T16:53:42.731+0000] {dagbag.py:545} INFO - Filling up the DagBag from /home/airflow/.local/lib/python3.12/site-packages/airflow/example_dags/example_setup_teardown.py
[2024-07-09T16:53:42.736+0000] {processor.py:840} INFO - DAG(s) 'example_setup_teardown' retrieved from /home/airflow/.local/lib/python3.12/site-packages/airflow/example_dags/example_setup_teardown.py
[2024-07-09T16:53:42.754+0000] {logging_mixin.py:188} INFO - [2024-07-09T16:53:42.753+0000] {dag.py:3096} INFO - Sync 1 DAGs
[2024-07-09T16:53:42.769+0000] {logging_mixin.py:188} INFO - [2024-07-09T16:53:42.769+0000] {dag.py:3954} INFO - Setting next_dagrun for example_setup_teardown to 2024-07-08 00:00:00+00:00, run_after=2024-07-09 00:00:00+00:00
[2024-07-09T16:53:42.782+0000] {processor.py:183} INFO - Processing /home/airflow/.local/lib/python3.12/site-packages/airflow/example_dags/example_setup_teardown.py took 0.066 seconds
[2024-07-09T16:54:13.126+0000] {processor.py:161} INFO - Started process (PID=5514) to work on /home/airflow/.local/lib/python3.12/site-packages/airflow/example_dags/example_setup_teardown.py
[2024-07-09T16:54:13.136+0000] {processor.py:830} INFO - Processing file /home/airflow/.local/lib/python3.12/site-packages/airflow/example_dags/example_setup_teardown.py for tasks to queue
[2024-07-09T16:54:13.137+0000] {logging_mixin.py:188} INFO - [2024-07-09T16:54:13.137+0000] {dagbag.py:545} INFO - Filling up the DagBag from /home/airflow/.local/lib/python3.12/site-packages/airflow/example_dags/example_setup_teardown.py
[2024-07-09T16:54:13.142+0000] {processor.py:840} INFO - DAG(s) 'example_setup_teardown' retrieved from /home/airflow/.local/lib/python3.12/site-packages/airflow/example_dags/example_setup_teardown.py
[2024-07-09T16:54:13.160+0000] {logging_mixin.py:188} INFO - [2024-07-09T16:54:13.160+0000] {dag.py:3096} INFO - Sync 1 DAGs
[2024-07-09T16:54:13.178+0000] {logging_mixin.py:188} INFO - [2024-07-09T16:54:13.178+0000] {dag.py:3954} INFO - Setting next_dagrun for example_setup_teardown to 2024-07-08 00:00:00+00:00, run_after=2024-07-09 00:00:00+00:00
[2024-07-09T16:54:13.194+0000] {processor.py:183} INFO - Processing /home/airflow/.local/lib/python3.12/site-packages/airflow/example_dags/example_setup_teardown.py took 0.074 seconds
[2024-07-09T16:54:43.510+0000] {processor.py:161} INFO - Started process (PID=5775) to work on /home/airflow/.local/lib/python3.12/site-packages/airflow/example_dags/example_setup_teardown.py
[2024-07-09T16:54:43.511+0000] {processor.py:830} INFO - Processing file /home/airflow/.local/lib/python3.12/site-packages/airflow/example_dags/example_setup_teardown.py for tasks to queue
[2024-07-09T16:54:43.512+0000] {logging_mixin.py:188} INFO - [2024-07-09T16:54:43.512+0000] {dagbag.py:545} INFO - Filling up the DagBag from /home/airflow/.local/lib/python3.12/site-packages/airflow/example_dags/example_setup_teardown.py
[2024-07-09T16:54:43.517+0000] {processor.py:840} INFO - DAG(s) 'example_setup_teardown' retrieved from /home/airflow/.local/lib/python3.12/site-packages/airflow/example_dags/example_setup_teardown.py
[2024-07-09T16:54:43.539+0000] {logging_mixin.py:188} INFO - [2024-07-09T16:54:43.539+0000] {dag.py:3096} INFO - Sync 1 DAGs
[2024-07-09T16:54:43.555+0000] {logging_mixin.py:188} INFO - [2024-07-09T16:54:43.555+0000] {dag.py:3954} INFO - Setting next_dagrun for example_setup_teardown to 2024-07-08 00:00:00+00:00, run_after=2024-07-09 00:00:00+00:00
[2024-07-09T16:54:43.569+0000] {processor.py:183} INFO - Processing /home/airflow/.local/lib/python3.12/site-packages/airflow/example_dags/example_setup_teardown.py took 0.065 seconds
[2024-07-09T16:55:13.844+0000] {processor.py:161} INFO - Started process (PID=6036) to work on /home/airflow/.local/lib/python3.12/site-packages/airflow/example_dags/example_setup_teardown.py
[2024-07-09T16:55:13.855+0000] {processor.py:830} INFO - Processing file /home/airflow/.local/lib/python3.12/site-packages/airflow/example_dags/example_setup_teardown.py for tasks to queue
[2024-07-09T16:55:13.856+0000] {logging_mixin.py:188} INFO - [2024-07-09T16:55:13.856+0000] {dagbag.py:545} INFO - Filling up the DagBag from /home/airflow/.local/lib/python3.12/site-packages/airflow/example_dags/example_setup_teardown.py
[2024-07-09T16:55:13.863+0000] {processor.py:840} INFO - DAG(s) 'example_setup_teardown' retrieved from /home/airflow/.local/lib/python3.12/site-packages/airflow/example_dags/example_setup_teardown.py
[2024-07-09T16:55:13.879+0000] {logging_mixin.py:188} INFO - [2024-07-09T16:55:13.879+0000] {dag.py:3096} INFO - Sync 1 DAGs
[2024-07-09T16:55:13.895+0000] {logging_mixin.py:188} INFO - [2024-07-09T16:55:13.895+0000] {dag.py:3954} INFO - Setting next_dagrun for example_setup_teardown to 2024-07-08 00:00:00+00:00, run_after=2024-07-09 00:00:00+00:00
[2024-07-09T16:55:13.910+0000] {processor.py:183} INFO - Processing /home/airflow/.local/lib/python3.12/site-packages/airflow/example_dags/example_setup_teardown.py took 0.071 seconds
