[2024-07-09T16:44:03.891+0000] {processor.py:161} INFO - Started process (PID=187) to work on /home/airflow/.local/lib/python3.12/site-packages/airflow/example_dags/example_datasets.py
[2024-07-09T16:44:03.891+0000] {processor.py:830} INFO - Processing file /home/airflow/.local/lib/python3.12/site-packages/airflow/example_dags/example_datasets.py for tasks to queue
[2024-07-09T16:44:03.892+0000] {logging_mixin.py:188} INFO - [2024-07-09T16:44:03.892+0000] {dagbag.py:545} INFO - Filling up the DagBag from /home/airflow/.local/lib/python3.12/site-packages/airflow/example_dags/example_datasets.py
[2024-07-09T16:44:03.905+0000] {processor.py:840} INFO - DAG(s) 'consume_1_or_2_with_dataset_expressions', 'conditional_dataset_and_time_based_timetable', 'dataset_produces_2', 'dataset_consumes_unknown_never_scheduled', 'consume_1_or_both_2_and_3_with_dataset_expressions', 'consume_1_and_2_with_dataset_expressions', 'dataset_consumes_1_never_scheduled', 'dataset_consumes_1', 'dataset_consumes_1_and_2', 'dataset_produces_1' retrieved from /home/airflow/.local/lib/python3.12/site-packages/airflow/example_dags/example_datasets.py
[2024-07-09T16:44:03.994+0000] {logging_mixin.py:188} INFO - [2024-07-09T16:44:03.994+0000] {override.py:1829} INFO - Created Permission View: can delete on DAG:consume_1_or_2_with_dataset_expressions
[2024-07-09T16:44:04.002+0000] {logging_mixin.py:188} INFO - [2024-07-09T16:44:04.002+0000] {override.py:1829} INFO - Created Permission View: can edit on DAG:consume_1_or_2_with_dataset_expressions
[2024-07-09T16:44:04.006+0000] {logging_mixin.py:188} INFO - [2024-07-09T16:44:04.006+0000] {override.py:1829} INFO - Created Permission View: can read on DAG:consume_1_or_2_with_dataset_expressions
[2024-07-09T16:44:04.015+0000] {logging_mixin.py:188} INFO - [2024-07-09T16:44:04.015+0000] {override.py:1829} INFO - Created Permission View: can delete on DAG:conditional_dataset_and_time_based_timetable
[2024-07-09T16:44:04.020+0000] {logging_mixin.py:188} INFO - [2024-07-09T16:44:04.020+0000] {override.py:1829} INFO - Created Permission View: can edit on DAG:conditional_dataset_and_time_based_timetable
[2024-07-09T16:44:04.026+0000] {logging_mixin.py:188} INFO - [2024-07-09T16:44:04.025+0000] {override.py:1829} INFO - Created Permission View: can read on DAG:conditional_dataset_and_time_based_timetable
[2024-07-09T16:44:04.036+0000] {logging_mixin.py:188} INFO - [2024-07-09T16:44:04.036+0000] {override.py:1829} INFO - Created Permission View: can delete on DAG:dataset_produces_2
[2024-07-09T16:44:04.042+0000] {logging_mixin.py:188} INFO - [2024-07-09T16:44:04.041+0000] {override.py:1829} INFO - Created Permission View: can edit on DAG:dataset_produces_2
[2024-07-09T16:44:04.047+0000] {logging_mixin.py:188} INFO - [2024-07-09T16:44:04.047+0000] {override.py:1829} INFO - Created Permission View: can read on DAG:dataset_produces_2
[2024-07-09T16:44:04.058+0000] {logging_mixin.py:188} INFO - [2024-07-09T16:44:04.058+0000] {override.py:1829} INFO - Created Permission View: can delete on DAG:dataset_consumes_unknown_never_scheduled
[2024-07-09T16:44:04.065+0000] {logging_mixin.py:188} INFO - [2024-07-09T16:44:04.065+0000] {override.py:1829} INFO - Created Permission View: can edit on DAG:dataset_consumes_unknown_never_scheduled
[2024-07-09T16:44:04.073+0000] {logging_mixin.py:188} INFO - [2024-07-09T16:44:04.073+0000] {override.py:1829} INFO - Created Permission View: can read on DAG:dataset_consumes_unknown_never_scheduled
[2024-07-09T16:44:04.088+0000] {logging_mixin.py:188} INFO - [2024-07-09T16:44:04.088+0000] {override.py:1829} INFO - Created Permission View: can delete on DAG:consume_1_or_both_2_and_3_with_dataset_expressions
[2024-07-09T16:44:04.093+0000] {logging_mixin.py:188} INFO - [2024-07-09T16:44:04.093+0000] {override.py:1829} INFO - Created Permission View: can edit on DAG:consume_1_or_both_2_and_3_with_dataset_expressions
[2024-07-09T16:44:04.098+0000] {logging_mixin.py:188} INFO - [2024-07-09T16:44:04.097+0000] {override.py:1829} INFO - Created Permission View: can read on DAG:consume_1_or_both_2_and_3_with_dataset_expressions
[2024-07-09T16:44:04.109+0000] {logging_mixin.py:188} INFO - [2024-07-09T16:44:04.108+0000] {override.py:1829} INFO - Created Permission View: can delete on DAG:consume_1_and_2_with_dataset_expressions
[2024-07-09T16:44:04.114+0000] {logging_mixin.py:188} INFO - [2024-07-09T16:44:04.113+0000] {override.py:1829} INFO - Created Permission View: can edit on DAG:consume_1_and_2_with_dataset_expressions
[2024-07-09T16:44:04.118+0000] {logging_mixin.py:188} INFO - [2024-07-09T16:44:04.118+0000] {override.py:1829} INFO - Created Permission View: can read on DAG:consume_1_and_2_with_dataset_expressions
[2024-07-09T16:44:04.127+0000] {logging_mixin.py:188} INFO - [2024-07-09T16:44:04.126+0000] {override.py:1829} INFO - Created Permission View: can delete on DAG:dataset_consumes_1_never_scheduled
[2024-07-09T16:44:04.131+0000] {logging_mixin.py:188} INFO - [2024-07-09T16:44:04.130+0000] {override.py:1829} INFO - Created Permission View: can edit on DAG:dataset_consumes_1_never_scheduled
[2024-07-09T16:44:04.135+0000] {logging_mixin.py:188} INFO - [2024-07-09T16:44:04.135+0000] {override.py:1829} INFO - Created Permission View: can read on DAG:dataset_consumes_1_never_scheduled
[2024-07-09T16:44:04.142+0000] {logging_mixin.py:188} INFO - [2024-07-09T16:44:04.142+0000] {override.py:1829} INFO - Created Permission View: can delete on DAG:dataset_consumes_1
[2024-07-09T16:44:04.146+0000] {logging_mixin.py:188} INFO - [2024-07-09T16:44:04.146+0000] {override.py:1829} INFO - Created Permission View: can edit on DAG:dataset_consumes_1
[2024-07-09T16:44:04.151+0000] {logging_mixin.py:188} INFO - [2024-07-09T16:44:04.150+0000] {override.py:1829} INFO - Created Permission View: can read on DAG:dataset_consumes_1
[2024-07-09T16:44:04.158+0000] {logging_mixin.py:188} INFO - [2024-07-09T16:44:04.158+0000] {override.py:1829} INFO - Created Permission View: can delete on DAG:dataset_consumes_1_and_2
[2024-07-09T16:44:04.162+0000] {logging_mixin.py:188} INFO - [2024-07-09T16:44:04.161+0000] {override.py:1829} INFO - Created Permission View: can edit on DAG:dataset_consumes_1_and_2
[2024-07-09T16:44:04.165+0000] {logging_mixin.py:188} INFO - [2024-07-09T16:44:04.165+0000] {override.py:1829} INFO - Created Permission View: can read on DAG:dataset_consumes_1_and_2
[2024-07-09T16:44:04.172+0000] {logging_mixin.py:188} INFO - [2024-07-09T16:44:04.172+0000] {override.py:1829} INFO - Created Permission View: can delete on DAG:dataset_produces_1
[2024-07-09T16:44:04.176+0000] {logging_mixin.py:188} INFO - [2024-07-09T16:44:04.176+0000] {override.py:1829} INFO - Created Permission View: can edit on DAG:dataset_produces_1
[2024-07-09T16:44:04.179+0000] {logging_mixin.py:188} INFO - [2024-07-09T16:44:04.179+0000] {override.py:1829} INFO - Created Permission View: can read on DAG:dataset_produces_1
[2024-07-09T16:44:04.180+0000] {logging_mixin.py:188} INFO - [2024-07-09T16:44:04.180+0000] {dag.py:3096} INFO - Sync 10 DAGs
[2024-07-09T16:44:04.187+0000] {logging_mixin.py:188} INFO - [2024-07-09T16:44:04.187+0000] {dag.py:3118} INFO - Creating ORM DAG for dataset_consumes_1_never_scheduled
[2024-07-09T16:44:04.188+0000] {logging_mixin.py:188} INFO - [2024-07-09T16:44:04.187+0000] {dag.py:3118} INFO - Creating ORM DAG for consume_1_and_2_with_dataset_expressions
[2024-07-09T16:44:04.188+0000] {logging_mixin.py:188} INFO - [2024-07-09T16:44:04.188+0000] {dag.py:3118} INFO - Creating ORM DAG for dataset_produces_2
[2024-07-09T16:44:04.188+0000] {logging_mixin.py:188} INFO - [2024-07-09T16:44:04.188+0000] {dag.py:3118} INFO - Creating ORM DAG for dataset_produces_1
[2024-07-09T16:44:04.189+0000] {logging_mixin.py:188} INFO - [2024-07-09T16:44:04.189+0000] {dag.py:3118} INFO - Creating ORM DAG for dataset_consumes_1_and_2
[2024-07-09T16:44:04.189+0000] {logging_mixin.py:188} INFO - [2024-07-09T16:44:04.189+0000] {dag.py:3118} INFO - Creating ORM DAG for consume_1_or_2_with_dataset_expressions
[2024-07-09T16:44:04.189+0000] {logging_mixin.py:188} INFO - [2024-07-09T16:44:04.189+0000] {dag.py:3118} INFO - Creating ORM DAG for dataset_consumes_1
[2024-07-09T16:44:04.190+0000] {logging_mixin.py:188} INFO - [2024-07-09T16:44:04.189+0000] {dag.py:3118} INFO - Creating ORM DAG for consume_1_or_both_2_and_3_with_dataset_expressions
[2024-07-09T16:44:04.190+0000] {logging_mixin.py:188} INFO - [2024-07-09T16:44:04.190+0000] {dag.py:3118} INFO - Creating ORM DAG for conditional_dataset_and_time_based_timetable
[2024-07-09T16:44:04.190+0000] {logging_mixin.py:188} INFO - [2024-07-09T16:44:04.190+0000] {dag.py:3118} INFO - Creating ORM DAG for dataset_consumes_unknown_never_scheduled
[2024-07-09T16:44:04.197+0000] {logging_mixin.py:188} INFO - [2024-07-09T16:44:04.197+0000] {dag.py:3954} INFO - Setting next_dagrun for conditional_dataset_and_time_based_timetable to 2024-07-03 01:00:00+00:00, run_after=2024-07-03 01:00:00+00:00
[2024-07-09T16:44:04.198+0000] {logging_mixin.py:188} INFO - [2024-07-09T16:44:04.198+0000] {dag.py:3954} INFO - Setting next_dagrun for consume_1_and_2_with_dataset_expressions to None, run_after=None
[2024-07-09T16:44:04.198+0000] {logging_mixin.py:188} INFO - [2024-07-09T16:44:04.198+0000] {dag.py:3954} INFO - Setting next_dagrun for consume_1_or_2_with_dataset_expressions to None, run_after=None
[2024-07-09T16:44:04.199+0000] {logging_mixin.py:188} INFO - [2024-07-09T16:44:04.198+0000] {dag.py:3954} INFO - Setting next_dagrun for consume_1_or_both_2_and_3_with_dataset_expressions to None, run_after=None
[2024-07-09T16:44:04.199+0000] {logging_mixin.py:188} INFO - [2024-07-09T16:44:04.199+0000] {dag.py:3954} INFO - Setting next_dagrun for dataset_consumes_1 to None, run_after=None
[2024-07-09T16:44:04.199+0000] {logging_mixin.py:188} INFO - [2024-07-09T16:44:04.199+0000] {dag.py:3954} INFO - Setting next_dagrun for dataset_consumes_1_and_2 to None, run_after=None
[2024-07-09T16:44:04.199+0000] {logging_mixin.py:188} INFO - [2024-07-09T16:44:04.199+0000] {dag.py:3954} INFO - Setting next_dagrun for dataset_consumes_1_never_scheduled to None, run_after=None
[2024-07-09T16:44:04.200+0000] {logging_mixin.py:188} INFO - [2024-07-09T16:44:04.200+0000] {dag.py:3954} INFO - Setting next_dagrun for dataset_consumes_unknown_never_scheduled to None, run_after=None
[2024-07-09T16:44:04.201+0000] {logging_mixin.py:188} INFO - [2024-07-09T16:44:04.201+0000] {dag.py:3954} INFO - Setting next_dagrun for dataset_produces_1 to 2024-07-08 00:00:00+00:00, run_after=2024-07-09 00:00:00+00:00
[2024-07-09T16:44:04.201+0000] {logging_mixin.py:188} INFO - [2024-07-09T16:44:04.201+0000] {dag.py:3954} INFO - Setting next_dagrun for dataset_produces_2 to None, run_after=None
[2024-07-09T16:44:04.239+0000] {processor.py:183} INFO - Processing /home/airflow/.local/lib/python3.12/site-packages/airflow/example_dags/example_datasets.py took 0.352 seconds
[2024-07-09T16:44:35.144+0000] {processor.py:161} INFO - Started process (PID=450) to work on /home/airflow/.local/lib/python3.12/site-packages/airflow/example_dags/example_datasets.py
[2024-07-09T16:44:35.154+0000] {processor.py:830} INFO - Processing file /home/airflow/.local/lib/python3.12/site-packages/airflow/example_dags/example_datasets.py for tasks to queue
[2024-07-09T16:44:35.156+0000] {logging_mixin.py:188} INFO - [2024-07-09T16:44:35.156+0000] {dagbag.py:545} INFO - Filling up the DagBag from /home/airflow/.local/lib/python3.12/site-packages/airflow/example_dags/example_datasets.py
[2024-07-09T16:44:35.170+0000] {processor.py:840} INFO - DAG(s) 'dataset_produces_1', 'consume_1_or_2_with_dataset_expressions', 'consume_1_and_2_with_dataset_expressions', 'consume_1_or_both_2_and_3_with_dataset_expressions', 'conditional_dataset_and_time_based_timetable', 'dataset_consumes_1_never_scheduled', 'dataset_consumes_1_and_2', 'dataset_consumes_unknown_never_scheduled', 'dataset_consumes_1', 'dataset_produces_2' retrieved from /home/airflow/.local/lib/python3.12/site-packages/airflow/example_dags/example_datasets.py
[2024-07-09T16:44:35.205+0000] {logging_mixin.py:188} INFO - [2024-07-09T16:44:35.205+0000] {dag.py:3096} INFO - Sync 10 DAGs
[2024-07-09T16:44:35.225+0000] {logging_mixin.py:188} INFO - [2024-07-09T16:44:35.224+0000] {dag.py:3954} INFO - Setting next_dagrun for conditional_dataset_and_time_based_timetable to 2024-07-03 01:00:00+00:00, run_after=2024-07-03 01:00:00+00:00
[2024-07-09T16:44:35.228+0000] {logging_mixin.py:188} INFO - [2024-07-09T16:44:35.228+0000] {dag.py:3954} INFO - Setting next_dagrun for consume_1_and_2_with_dataset_expressions to None, run_after=None
[2024-07-09T16:44:35.230+0000] {logging_mixin.py:188} INFO - [2024-07-09T16:44:35.230+0000] {dag.py:3954} INFO - Setting next_dagrun for consume_1_or_2_with_dataset_expressions to None, run_after=None
[2024-07-09T16:44:35.231+0000] {logging_mixin.py:188} INFO - [2024-07-09T16:44:35.231+0000] {dag.py:3954} INFO - Setting next_dagrun for consume_1_or_both_2_and_3_with_dataset_expressions to None, run_after=None
[2024-07-09T16:44:35.232+0000] {logging_mixin.py:188} INFO - [2024-07-09T16:44:35.232+0000] {dag.py:3954} INFO - Setting next_dagrun for dataset_consumes_1 to None, run_after=None
[2024-07-09T16:44:35.233+0000] {logging_mixin.py:188} INFO - [2024-07-09T16:44:35.233+0000] {dag.py:3954} INFO - Setting next_dagrun for dataset_consumes_1_and_2 to None, run_after=None
[2024-07-09T16:44:35.234+0000] {logging_mixin.py:188} INFO - [2024-07-09T16:44:35.234+0000] {dag.py:3954} INFO - Setting next_dagrun for dataset_consumes_1_never_scheduled to None, run_after=None
[2024-07-09T16:44:35.235+0000] {logging_mixin.py:188} INFO - [2024-07-09T16:44:35.235+0000] {dag.py:3954} INFO - Setting next_dagrun for dataset_consumes_unknown_never_scheduled to None, run_after=None
[2024-07-09T16:44:35.237+0000] {logging_mixin.py:188} INFO - [2024-07-09T16:44:35.236+0000] {dag.py:3954} INFO - Setting next_dagrun for dataset_produces_1 to 2024-07-08 00:00:00+00:00, run_after=2024-07-09 00:00:00+00:00
[2024-07-09T16:44:35.237+0000] {logging_mixin.py:188} INFO - [2024-07-09T16:44:35.237+0000] {dag.py:3954} INFO - Setting next_dagrun for dataset_produces_2 to None, run_after=None
[2024-07-09T16:44:35.258+0000] {processor.py:183} INFO - Processing /home/airflow/.local/lib/python3.12/site-packages/airflow/example_dags/example_datasets.py took 0.120 seconds
[2024-07-09T16:45:05.460+0000] {processor.py:161} INFO - Started process (PID=711) to work on /home/airflow/.local/lib/python3.12/site-packages/airflow/example_dags/example_datasets.py
[2024-07-09T16:45:05.470+0000] {processor.py:830} INFO - Processing file /home/airflow/.local/lib/python3.12/site-packages/airflow/example_dags/example_datasets.py for tasks to queue
[2024-07-09T16:45:05.472+0000] {logging_mixin.py:188} INFO - [2024-07-09T16:45:05.472+0000] {dagbag.py:545} INFO - Filling up the DagBag from /home/airflow/.local/lib/python3.12/site-packages/airflow/example_dags/example_datasets.py
[2024-07-09T16:45:05.482+0000] {processor.py:840} INFO - DAG(s) 'dataset_consumes_1_never_scheduled', 'dataset_produces_1', 'consume_1_or_both_2_and_3_with_dataset_expressions', 'dataset_consumes_1_and_2', 'dataset_consumes_1', 'conditional_dataset_and_time_based_timetable', 'dataset_produces_2', 'consume_1_or_2_with_dataset_expressions', 'dataset_consumes_unknown_never_scheduled', 'consume_1_and_2_with_dataset_expressions' retrieved from /home/airflow/.local/lib/python3.12/site-packages/airflow/example_dags/example_datasets.py
[2024-07-09T16:45:05.528+0000] {logging_mixin.py:188} INFO - [2024-07-09T16:45:05.528+0000] {dag.py:3096} INFO - Sync 10 DAGs
[2024-07-09T16:45:05.548+0000] {logging_mixin.py:188} INFO - [2024-07-09T16:45:05.548+0000] {dag.py:3954} INFO - Setting next_dagrun for conditional_dataset_and_time_based_timetable to 2024-07-03 01:00:00+00:00, run_after=2024-07-03 01:00:00+00:00
[2024-07-09T16:45:05.552+0000] {logging_mixin.py:188} INFO - [2024-07-09T16:45:05.551+0000] {dag.py:3954} INFO - Setting next_dagrun for consume_1_and_2_with_dataset_expressions to None, run_after=None
[2024-07-09T16:45:05.553+0000] {logging_mixin.py:188} INFO - [2024-07-09T16:45:05.553+0000] {dag.py:3954} INFO - Setting next_dagrun for consume_1_or_2_with_dataset_expressions to None, run_after=None
[2024-07-09T16:45:05.554+0000] {logging_mixin.py:188} INFO - [2024-07-09T16:45:05.553+0000] {dag.py:3954} INFO - Setting next_dagrun for consume_1_or_both_2_and_3_with_dataset_expressions to None, run_after=None
[2024-07-09T16:45:05.554+0000] {logging_mixin.py:188} INFO - [2024-07-09T16:45:05.554+0000] {dag.py:3954} INFO - Setting next_dagrun for dataset_consumes_1 to None, run_after=None
[2024-07-09T16:45:05.555+0000] {logging_mixin.py:188} INFO - [2024-07-09T16:45:05.555+0000] {dag.py:3954} INFO - Setting next_dagrun for dataset_consumes_1_and_2 to None, run_after=None
[2024-07-09T16:45:05.556+0000] {logging_mixin.py:188} INFO - [2024-07-09T16:45:05.556+0000] {dag.py:3954} INFO - Setting next_dagrun for dataset_consumes_1_never_scheduled to None, run_after=None
[2024-07-09T16:45:05.556+0000] {logging_mixin.py:188} INFO - [2024-07-09T16:45:05.556+0000] {dag.py:3954} INFO - Setting next_dagrun for dataset_consumes_unknown_never_scheduled to None, run_after=None
[2024-07-09T16:45:05.558+0000] {logging_mixin.py:188} INFO - [2024-07-09T16:45:05.558+0000] {dag.py:3954} INFO - Setting next_dagrun for dataset_produces_1 to 2024-07-08 00:00:00+00:00, run_after=2024-07-09 00:00:00+00:00
[2024-07-09T16:45:05.559+0000] {logging_mixin.py:188} INFO - [2024-07-09T16:45:05.559+0000] {dag.py:3954} INFO - Setting next_dagrun for dataset_produces_2 to None, run_after=None
[2024-07-09T16:45:05.580+0000] {processor.py:183} INFO - Processing /home/airflow/.local/lib/python3.12/site-packages/airflow/example_dags/example_datasets.py took 0.126 seconds
[2024-07-09T16:45:35.710+0000] {processor.py:161} INFO - Started process (PID=972) to work on /home/airflow/.local/lib/python3.12/site-packages/airflow/example_dags/example_datasets.py
[2024-07-09T16:45:35.711+0000] {processor.py:830} INFO - Processing file /home/airflow/.local/lib/python3.12/site-packages/airflow/example_dags/example_datasets.py for tasks to queue
[2024-07-09T16:45:35.713+0000] {logging_mixin.py:188} INFO - [2024-07-09T16:45:35.712+0000] {dagbag.py:545} INFO - Filling up the DagBag from /home/airflow/.local/lib/python3.12/site-packages/airflow/example_dags/example_datasets.py
[2024-07-09T16:45:35.726+0000] {processor.py:840} INFO - DAG(s) 'consume_1_and_2_with_dataset_expressions', 'dataset_consumes_1_and_2', 'dataset_produces_1', 'dataset_consumes_1', 'consume_1_or_2_with_dataset_expressions', 'conditional_dataset_and_time_based_timetable', 'consume_1_or_both_2_and_3_with_dataset_expressions', 'dataset_consumes_unknown_never_scheduled', 'dataset_consumes_1_never_scheduled', 'dataset_produces_2' retrieved from /home/airflow/.local/lib/python3.12/site-packages/airflow/example_dags/example_datasets.py
[2024-07-09T16:45:35.766+0000] {logging_mixin.py:188} INFO - [2024-07-09T16:45:35.766+0000] {dag.py:3096} INFO - Sync 10 DAGs
[2024-07-09T16:45:35.785+0000] {logging_mixin.py:188} INFO - [2024-07-09T16:45:35.785+0000] {dag.py:3954} INFO - Setting next_dagrun for conditional_dataset_and_time_based_timetable to 2024-07-03 01:00:00+00:00, run_after=2024-07-03 01:00:00+00:00
[2024-07-09T16:45:35.789+0000] {logging_mixin.py:188} INFO - [2024-07-09T16:45:35.788+0000] {dag.py:3954} INFO - Setting next_dagrun for consume_1_and_2_with_dataset_expressions to None, run_after=None
[2024-07-09T16:45:35.790+0000] {logging_mixin.py:188} INFO - [2024-07-09T16:45:35.790+0000] {dag.py:3954} INFO - Setting next_dagrun for consume_1_or_2_with_dataset_expressions to None, run_after=None
[2024-07-09T16:45:35.792+0000] {logging_mixin.py:188} INFO - [2024-07-09T16:45:35.792+0000] {dag.py:3954} INFO - Setting next_dagrun for consume_1_or_both_2_and_3_with_dataset_expressions to None, run_after=None
[2024-07-09T16:45:35.793+0000] {logging_mixin.py:188} INFO - [2024-07-09T16:45:35.793+0000] {dag.py:3954} INFO - Setting next_dagrun for dataset_consumes_1 to None, run_after=None
[2024-07-09T16:45:35.794+0000] {logging_mixin.py:188} INFO - [2024-07-09T16:45:35.794+0000] {dag.py:3954} INFO - Setting next_dagrun for dataset_consumes_1_and_2 to None, run_after=None
[2024-07-09T16:45:35.795+0000] {logging_mixin.py:188} INFO - [2024-07-09T16:45:35.795+0000] {dag.py:3954} INFO - Setting next_dagrun for dataset_consumes_1_never_scheduled to None, run_after=None
[2024-07-09T16:45:35.796+0000] {logging_mixin.py:188} INFO - [2024-07-09T16:45:35.796+0000] {dag.py:3954} INFO - Setting next_dagrun for dataset_consumes_unknown_never_scheduled to None, run_after=None
[2024-07-09T16:45:35.798+0000] {logging_mixin.py:188} INFO - [2024-07-09T16:45:35.798+0000] {dag.py:3954} INFO - Setting next_dagrun for dataset_produces_1 to 2024-07-08 00:00:00+00:00, run_after=2024-07-09 00:00:00+00:00
[2024-07-09T16:45:35.799+0000] {logging_mixin.py:188} INFO - [2024-07-09T16:45:35.799+0000] {dag.py:3954} INFO - Setting next_dagrun for dataset_produces_2 to None, run_after=None
[2024-07-09T16:45:35.826+0000] {processor.py:183} INFO - Processing /home/airflow/.local/lib/python3.12/site-packages/airflow/example_dags/example_datasets.py took 0.121 seconds
[2024-07-09T16:46:06.070+0000] {processor.py:161} INFO - Started process (PID=1233) to work on /home/airflow/.local/lib/python3.12/site-packages/airflow/example_dags/example_datasets.py
[2024-07-09T16:46:06.081+0000] {processor.py:830} INFO - Processing file /home/airflow/.local/lib/python3.12/site-packages/airflow/example_dags/example_datasets.py for tasks to queue
[2024-07-09T16:46:06.082+0000] {logging_mixin.py:188} INFO - [2024-07-09T16:46:06.082+0000] {dagbag.py:545} INFO - Filling up the DagBag from /home/airflow/.local/lib/python3.12/site-packages/airflow/example_dags/example_datasets.py
[2024-07-09T16:46:06.095+0000] {processor.py:840} INFO - DAG(s) 'dataset_consumes_unknown_never_scheduled', 'consume_1_and_2_with_dataset_expressions', 'dataset_consumes_1_and_2', 'consume_1_or_both_2_and_3_with_dataset_expressions', 'dataset_produces_1', 'conditional_dataset_and_time_based_timetable', 'dataset_consumes_1_never_scheduled', 'dataset_consumes_1', 'consume_1_or_2_with_dataset_expressions', 'dataset_produces_2' retrieved from /home/airflow/.local/lib/python3.12/site-packages/airflow/example_dags/example_datasets.py
[2024-07-09T16:46:06.140+0000] {logging_mixin.py:188} INFO - [2024-07-09T16:46:06.140+0000] {dag.py:3096} INFO - Sync 10 DAGs
[2024-07-09T16:46:06.165+0000] {logging_mixin.py:188} INFO - [2024-07-09T16:46:06.164+0000] {dag.py:3954} INFO - Setting next_dagrun for conditional_dataset_and_time_based_timetable to 2024-07-03 01:00:00+00:00, run_after=2024-07-03 01:00:00+00:00
[2024-07-09T16:46:06.170+0000] {logging_mixin.py:188} INFO - [2024-07-09T16:46:06.169+0000] {dag.py:3954} INFO - Setting next_dagrun for consume_1_and_2_with_dataset_expressions to None, run_after=None
[2024-07-09T16:46:06.172+0000] {logging_mixin.py:188} INFO - [2024-07-09T16:46:06.171+0000] {dag.py:3954} INFO - Setting next_dagrun for consume_1_or_2_with_dataset_expressions to None, run_after=None
[2024-07-09T16:46:06.174+0000] {logging_mixin.py:188} INFO - [2024-07-09T16:46:06.173+0000] {dag.py:3954} INFO - Setting next_dagrun for consume_1_or_both_2_and_3_with_dataset_expressions to None, run_after=None
[2024-07-09T16:46:06.176+0000] {logging_mixin.py:188} INFO - [2024-07-09T16:46:06.175+0000] {dag.py:3954} INFO - Setting next_dagrun for dataset_consumes_1 to None, run_after=None
[2024-07-09T16:46:06.177+0000] {logging_mixin.py:188} INFO - [2024-07-09T16:46:06.177+0000] {dag.py:3954} INFO - Setting next_dagrun for dataset_consumes_1_and_2 to None, run_after=None
[2024-07-09T16:46:06.178+0000] {logging_mixin.py:188} INFO - [2024-07-09T16:46:06.178+0000] {dag.py:3954} INFO - Setting next_dagrun for dataset_consumes_1_never_scheduled to None, run_after=None
[2024-07-09T16:46:06.180+0000] {logging_mixin.py:188} INFO - [2024-07-09T16:46:06.179+0000] {dag.py:3954} INFO - Setting next_dagrun for dataset_consumes_unknown_never_scheduled to None, run_after=None
[2024-07-09T16:46:06.182+0000] {logging_mixin.py:188} INFO - [2024-07-09T16:46:06.182+0000] {dag.py:3954} INFO - Setting next_dagrun for dataset_produces_1 to 2024-07-08 00:00:00+00:00, run_after=2024-07-09 00:00:00+00:00
[2024-07-09T16:46:06.184+0000] {logging_mixin.py:188} INFO - [2024-07-09T16:46:06.184+0000] {dag.py:3954} INFO - Setting next_dagrun for dataset_produces_2 to None, run_after=None
[2024-07-09T16:46:06.229+0000] {processor.py:183} INFO - Processing /home/airflow/.local/lib/python3.12/site-packages/airflow/example_dags/example_datasets.py took 0.164 seconds
[2024-07-09T16:46:36.643+0000] {processor.py:161} INFO - Started process (PID=1494) to work on /home/airflow/.local/lib/python3.12/site-packages/airflow/example_dags/example_datasets.py
[2024-07-09T16:46:36.653+0000] {processor.py:830} INFO - Processing file /home/airflow/.local/lib/python3.12/site-packages/airflow/example_dags/example_datasets.py for tasks to queue
[2024-07-09T16:46:36.655+0000] {logging_mixin.py:188} INFO - [2024-07-09T16:46:36.654+0000] {dagbag.py:545} INFO - Filling up the DagBag from /home/airflow/.local/lib/python3.12/site-packages/airflow/example_dags/example_datasets.py
[2024-07-09T16:46:36.665+0000] {processor.py:840} INFO - DAG(s) 'dataset_produces_2', 'dataset_consumes_1', 'dataset_produces_1', 'dataset_consumes_1_never_scheduled', 'consume_1_or_2_with_dataset_expressions', 'conditional_dataset_and_time_based_timetable', 'consume_1_and_2_with_dataset_expressions', 'dataset_consumes_1_and_2', 'consume_1_or_both_2_and_3_with_dataset_expressions', 'dataset_consumes_unknown_never_scheduled' retrieved from /home/airflow/.local/lib/python3.12/site-packages/airflow/example_dags/example_datasets.py
[2024-07-09T16:46:36.705+0000] {logging_mixin.py:188} INFO - [2024-07-09T16:46:36.705+0000] {dag.py:3096} INFO - Sync 10 DAGs
[2024-07-09T16:46:36.728+0000] {logging_mixin.py:188} INFO - [2024-07-09T16:46:36.727+0000] {dag.py:3954} INFO - Setting next_dagrun for conditional_dataset_and_time_based_timetable to 2024-07-03 01:00:00+00:00, run_after=2024-07-03 01:00:00+00:00
[2024-07-09T16:46:36.731+0000] {logging_mixin.py:188} INFO - [2024-07-09T16:46:36.731+0000] {dag.py:3954} INFO - Setting next_dagrun for consume_1_and_2_with_dataset_expressions to None, run_after=None
[2024-07-09T16:46:36.732+0000] {logging_mixin.py:188} INFO - [2024-07-09T16:46:36.732+0000] {dag.py:3954} INFO - Setting next_dagrun for consume_1_or_2_with_dataset_expressions to None, run_after=None
[2024-07-09T16:46:36.733+0000] {logging_mixin.py:188} INFO - [2024-07-09T16:46:36.733+0000] {dag.py:3954} INFO - Setting next_dagrun for consume_1_or_both_2_and_3_with_dataset_expressions to None, run_after=None
[2024-07-09T16:46:36.734+0000] {logging_mixin.py:188} INFO - [2024-07-09T16:46:36.734+0000] {dag.py:3954} INFO - Setting next_dagrun for dataset_consumes_1 to None, run_after=None
[2024-07-09T16:46:36.735+0000] {logging_mixin.py:188} INFO - [2024-07-09T16:46:36.735+0000] {dag.py:3954} INFO - Setting next_dagrun for dataset_consumes_1_and_2 to None, run_after=None
[2024-07-09T16:46:36.736+0000] {logging_mixin.py:188} INFO - [2024-07-09T16:46:36.735+0000] {dag.py:3954} INFO - Setting next_dagrun for dataset_consumes_1_never_scheduled to None, run_after=None
[2024-07-09T16:46:36.736+0000] {logging_mixin.py:188} INFO - [2024-07-09T16:46:36.736+0000] {dag.py:3954} INFO - Setting next_dagrun for dataset_consumes_unknown_never_scheduled to None, run_after=None
[2024-07-09T16:46:36.738+0000] {logging_mixin.py:188} INFO - [2024-07-09T16:46:36.738+0000] {dag.py:3954} INFO - Setting next_dagrun for dataset_produces_1 to 2024-07-08 00:00:00+00:00, run_after=2024-07-09 00:00:00+00:00
[2024-07-09T16:46:36.739+0000] {logging_mixin.py:188} INFO - [2024-07-09T16:46:36.739+0000] {dag.py:3954} INFO - Setting next_dagrun for dataset_produces_2 to None, run_after=None
[2024-07-09T16:46:36.765+0000] {processor.py:183} INFO - Processing /home/airflow/.local/lib/python3.12/site-packages/airflow/example_dags/example_datasets.py took 0.127 seconds
[2024-07-09T16:47:06.944+0000] {processor.py:161} INFO - Started process (PID=1755) to work on /home/airflow/.local/lib/python3.12/site-packages/airflow/example_dags/example_datasets.py
[2024-07-09T16:47:06.954+0000] {processor.py:830} INFO - Processing file /home/airflow/.local/lib/python3.12/site-packages/airflow/example_dags/example_datasets.py for tasks to queue
[2024-07-09T16:47:06.955+0000] {logging_mixin.py:188} INFO - [2024-07-09T16:47:06.955+0000] {dagbag.py:545} INFO - Filling up the DagBag from /home/airflow/.local/lib/python3.12/site-packages/airflow/example_dags/example_datasets.py
[2024-07-09T16:47:06.965+0000] {processor.py:840} INFO - DAG(s) 'consume_1_and_2_with_dataset_expressions', 'consume_1_or_both_2_and_3_with_dataset_expressions', 'dataset_produces_1', 'dataset_consumes_1', 'dataset_consumes_1_and_2', 'dataset_consumes_unknown_never_scheduled', 'consume_1_or_2_with_dataset_expressions', 'dataset_consumes_1_never_scheduled', 'dataset_produces_2', 'conditional_dataset_and_time_based_timetable' retrieved from /home/airflow/.local/lib/python3.12/site-packages/airflow/example_dags/example_datasets.py
[2024-07-09T16:47:07.004+0000] {logging_mixin.py:188} INFO - [2024-07-09T16:47:07.004+0000] {dag.py:3096} INFO - Sync 10 DAGs
[2024-07-09T16:47:07.022+0000] {logging_mixin.py:188} INFO - [2024-07-09T16:47:07.022+0000] {dag.py:3954} INFO - Setting next_dagrun for conditional_dataset_and_time_based_timetable to 2024-07-03 01:00:00+00:00, run_after=2024-07-03 01:00:00+00:00
[2024-07-09T16:47:07.026+0000] {logging_mixin.py:188} INFO - [2024-07-09T16:47:07.026+0000] {dag.py:3954} INFO - Setting next_dagrun for consume_1_and_2_with_dataset_expressions to None, run_after=None
[2024-07-09T16:47:07.027+0000] {logging_mixin.py:188} INFO - [2024-07-09T16:47:07.027+0000] {dag.py:3954} INFO - Setting next_dagrun for consume_1_or_2_with_dataset_expressions to None, run_after=None
[2024-07-09T16:47:07.028+0000] {logging_mixin.py:188} INFO - [2024-07-09T16:47:07.028+0000] {dag.py:3954} INFO - Setting next_dagrun for consume_1_or_both_2_and_3_with_dataset_expressions to None, run_after=None
[2024-07-09T16:47:07.029+0000] {logging_mixin.py:188} INFO - [2024-07-09T16:47:07.029+0000] {dag.py:3954} INFO - Setting next_dagrun for dataset_consumes_1 to None, run_after=None
[2024-07-09T16:47:07.030+0000] {logging_mixin.py:188} INFO - [2024-07-09T16:47:07.030+0000] {dag.py:3954} INFO - Setting next_dagrun for dataset_consumes_1_and_2 to None, run_after=None
[2024-07-09T16:47:07.032+0000] {logging_mixin.py:188} INFO - [2024-07-09T16:47:07.031+0000] {dag.py:3954} INFO - Setting next_dagrun for dataset_consumes_1_never_scheduled to None, run_after=None
[2024-07-09T16:47:07.033+0000] {logging_mixin.py:188} INFO - [2024-07-09T16:47:07.033+0000] {dag.py:3954} INFO - Setting next_dagrun for dataset_consumes_unknown_never_scheduled to None, run_after=None
[2024-07-09T16:47:07.035+0000] {logging_mixin.py:188} INFO - [2024-07-09T16:47:07.035+0000] {dag.py:3954} INFO - Setting next_dagrun for dataset_produces_1 to 2024-07-08 00:00:00+00:00, run_after=2024-07-09 00:00:00+00:00
[2024-07-09T16:47:07.037+0000] {logging_mixin.py:188} INFO - [2024-07-09T16:47:07.036+0000] {dag.py:3954} INFO - Setting next_dagrun for dataset_produces_2 to None, run_after=None
[2024-07-09T16:47:07.063+0000] {processor.py:183} INFO - Processing /home/airflow/.local/lib/python3.12/site-packages/airflow/example_dags/example_datasets.py took 0.124 seconds
[2024-07-09T16:47:37.191+0000] {processor.py:161} INFO - Started process (PID=2016) to work on /home/airflow/.local/lib/python3.12/site-packages/airflow/example_dags/example_datasets.py
[2024-07-09T16:47:37.192+0000] {processor.py:830} INFO - Processing file /home/airflow/.local/lib/python3.12/site-packages/airflow/example_dags/example_datasets.py for tasks to queue
[2024-07-09T16:47:37.193+0000] {logging_mixin.py:188} INFO - [2024-07-09T16:47:37.193+0000] {dagbag.py:545} INFO - Filling up the DagBag from /home/airflow/.local/lib/python3.12/site-packages/airflow/example_dags/example_datasets.py
[2024-07-09T16:47:37.203+0000] {processor.py:840} INFO - DAG(s) 'dataset_produces_2', 'dataset_produces_1', 'dataset_consumes_1', 'consume_1_or_both_2_and_3_with_dataset_expressions', 'consume_1_and_2_with_dataset_expressions', 'dataset_consumes_unknown_never_scheduled', 'conditional_dataset_and_time_based_timetable', 'dataset_consumes_1_never_scheduled', 'consume_1_or_2_with_dataset_expressions', 'dataset_consumes_1_and_2' retrieved from /home/airflow/.local/lib/python3.12/site-packages/airflow/example_dags/example_datasets.py
[2024-07-09T16:47:37.241+0000] {logging_mixin.py:188} INFO - [2024-07-09T16:47:37.241+0000] {dag.py:3096} INFO - Sync 10 DAGs
[2024-07-09T16:47:37.261+0000] {logging_mixin.py:188} INFO - [2024-07-09T16:47:37.261+0000] {dag.py:3954} INFO - Setting next_dagrun for conditional_dataset_and_time_based_timetable to 2024-07-03 01:00:00+00:00, run_after=2024-07-03 01:00:00+00:00
[2024-07-09T16:47:37.264+0000] {logging_mixin.py:188} INFO - [2024-07-09T16:47:37.264+0000] {dag.py:3954} INFO - Setting next_dagrun for consume_1_and_2_with_dataset_expressions to None, run_after=None
[2024-07-09T16:47:37.265+0000] {logging_mixin.py:188} INFO - [2024-07-09T16:47:37.265+0000] {dag.py:3954} INFO - Setting next_dagrun for consume_1_or_2_with_dataset_expressions to None, run_after=None
[2024-07-09T16:47:37.266+0000] {logging_mixin.py:188} INFO - [2024-07-09T16:47:37.266+0000] {dag.py:3954} INFO - Setting next_dagrun for consume_1_or_both_2_and_3_with_dataset_expressions to None, run_after=None
[2024-07-09T16:47:37.267+0000] {logging_mixin.py:188} INFO - [2024-07-09T16:47:37.267+0000] {dag.py:3954} INFO - Setting next_dagrun for dataset_consumes_1 to None, run_after=None
[2024-07-09T16:47:37.268+0000] {logging_mixin.py:188} INFO - [2024-07-09T16:47:37.268+0000] {dag.py:3954} INFO - Setting next_dagrun for dataset_consumes_1_and_2 to None, run_after=None
[2024-07-09T16:47:37.269+0000] {logging_mixin.py:188} INFO - [2024-07-09T16:47:37.269+0000] {dag.py:3954} INFO - Setting next_dagrun for dataset_consumes_1_never_scheduled to None, run_after=None
[2024-07-09T16:47:37.270+0000] {logging_mixin.py:188} INFO - [2024-07-09T16:47:37.270+0000] {dag.py:3954} INFO - Setting next_dagrun for dataset_consumes_unknown_never_scheduled to None, run_after=None
[2024-07-09T16:47:37.271+0000] {logging_mixin.py:188} INFO - [2024-07-09T16:47:37.271+0000] {dag.py:3954} INFO - Setting next_dagrun for dataset_produces_1 to 2024-07-08 00:00:00+00:00, run_after=2024-07-09 00:00:00+00:00
[2024-07-09T16:47:37.272+0000] {logging_mixin.py:188} INFO - [2024-07-09T16:47:37.272+0000] {dag.py:3954} INFO - Setting next_dagrun for dataset_produces_2 to None, run_after=None
[2024-07-09T16:47:37.300+0000] {processor.py:183} INFO - Processing /home/airflow/.local/lib/python3.12/site-packages/airflow/example_dags/example_datasets.py took 0.112 seconds
[2024-07-09T16:48:07.356+0000] {processor.py:161} INFO - Started process (PID=2277) to work on /home/airflow/.local/lib/python3.12/site-packages/airflow/example_dags/example_datasets.py
[2024-07-09T16:48:07.367+0000] {processor.py:830} INFO - Processing file /home/airflow/.local/lib/python3.12/site-packages/airflow/example_dags/example_datasets.py for tasks to queue
[2024-07-09T16:48:07.368+0000] {logging_mixin.py:188} INFO - [2024-07-09T16:48:07.368+0000] {dagbag.py:545} INFO - Filling up the DagBag from /home/airflow/.local/lib/python3.12/site-packages/airflow/example_dags/example_datasets.py
[2024-07-09T16:48:07.377+0000] {processor.py:840} INFO - DAG(s) 'dataset_consumes_1_never_scheduled', 'dataset_consumes_unknown_never_scheduled', 'dataset_produces_1', 'consume_1_or_both_2_and_3_with_dataset_expressions', 'consume_1_or_2_with_dataset_expressions', 'consume_1_and_2_with_dataset_expressions', 'conditional_dataset_and_time_based_timetable', 'dataset_produces_2', 'dataset_consumes_1_and_2', 'dataset_consumes_1' retrieved from /home/airflow/.local/lib/python3.12/site-packages/airflow/example_dags/example_datasets.py
[2024-07-09T16:48:07.413+0000] {logging_mixin.py:188} INFO - [2024-07-09T16:48:07.413+0000] {dag.py:3096} INFO - Sync 10 DAGs
[2024-07-09T16:48:07.433+0000] {logging_mixin.py:188} INFO - [2024-07-09T16:48:07.433+0000] {dag.py:3954} INFO - Setting next_dagrun for conditional_dataset_and_time_based_timetable to 2024-07-03 01:00:00+00:00, run_after=2024-07-03 01:00:00+00:00
[2024-07-09T16:48:07.436+0000] {logging_mixin.py:188} INFO - [2024-07-09T16:48:07.436+0000] {dag.py:3954} INFO - Setting next_dagrun for consume_1_and_2_with_dataset_expressions to None, run_after=None
[2024-07-09T16:48:07.437+0000] {logging_mixin.py:188} INFO - [2024-07-09T16:48:07.437+0000] {dag.py:3954} INFO - Setting next_dagrun for consume_1_or_2_with_dataset_expressions to None, run_after=None
[2024-07-09T16:48:07.438+0000] {logging_mixin.py:188} INFO - [2024-07-09T16:48:07.438+0000] {dag.py:3954} INFO - Setting next_dagrun for consume_1_or_both_2_and_3_with_dataset_expressions to None, run_after=None
[2024-07-09T16:48:07.439+0000] {logging_mixin.py:188} INFO - [2024-07-09T16:48:07.438+0000] {dag.py:3954} INFO - Setting next_dagrun for dataset_consumes_1 to None, run_after=None
[2024-07-09T16:48:07.439+0000] {logging_mixin.py:188} INFO - [2024-07-09T16:48:07.439+0000] {dag.py:3954} INFO - Setting next_dagrun for dataset_consumes_1_and_2 to None, run_after=None
[2024-07-09T16:48:07.440+0000] {logging_mixin.py:188} INFO - [2024-07-09T16:48:07.440+0000] {dag.py:3954} INFO - Setting next_dagrun for dataset_consumes_1_never_scheduled to None, run_after=None
[2024-07-09T16:48:07.441+0000] {logging_mixin.py:188} INFO - [2024-07-09T16:48:07.441+0000] {dag.py:3954} INFO - Setting next_dagrun for dataset_consumes_unknown_never_scheduled to None, run_after=None
[2024-07-09T16:48:07.443+0000] {logging_mixin.py:188} INFO - [2024-07-09T16:48:07.443+0000] {dag.py:3954} INFO - Setting next_dagrun for dataset_produces_1 to 2024-07-08 00:00:00+00:00, run_after=2024-07-09 00:00:00+00:00
[2024-07-09T16:48:07.444+0000] {logging_mixin.py:188} INFO - [2024-07-09T16:48:07.444+0000] {dag.py:3954} INFO - Setting next_dagrun for dataset_produces_2 to None, run_after=None
[2024-07-09T16:48:07.465+0000] {processor.py:183} INFO - Processing /home/airflow/.local/lib/python3.12/site-packages/airflow/example_dags/example_datasets.py took 0.113 seconds
[2024-07-09T16:48:37.652+0000] {processor.py:161} INFO - Started process (PID=2538) to work on /home/airflow/.local/lib/python3.12/site-packages/airflow/example_dags/example_datasets.py
[2024-07-09T16:48:37.663+0000] {processor.py:830} INFO - Processing file /home/airflow/.local/lib/python3.12/site-packages/airflow/example_dags/example_datasets.py for tasks to queue
[2024-07-09T16:48:37.664+0000] {logging_mixin.py:188} INFO - [2024-07-09T16:48:37.664+0000] {dagbag.py:545} INFO - Filling up the DagBag from /home/airflow/.local/lib/python3.12/site-packages/airflow/example_dags/example_datasets.py
[2024-07-09T16:48:37.673+0000] {processor.py:840} INFO - DAG(s) 'dataset_consumes_unknown_never_scheduled', 'dataset_consumes_1_never_scheduled', 'dataset_produces_1', 'dataset_consumes_1_and_2', 'consume_1_or_2_with_dataset_expressions', 'consume_1_and_2_with_dataset_expressions', 'consume_1_or_both_2_and_3_with_dataset_expressions', 'conditional_dataset_and_time_based_timetable', 'dataset_consumes_1', 'dataset_produces_2' retrieved from /home/airflow/.local/lib/python3.12/site-packages/airflow/example_dags/example_datasets.py
[2024-07-09T16:48:37.712+0000] {logging_mixin.py:188} INFO - [2024-07-09T16:48:37.712+0000] {dag.py:3096} INFO - Sync 10 DAGs
[2024-07-09T16:48:37.732+0000] {logging_mixin.py:188} INFO - [2024-07-09T16:48:37.732+0000] {dag.py:3954} INFO - Setting next_dagrun for conditional_dataset_and_time_based_timetable to 2024-07-03 01:00:00+00:00, run_after=2024-07-03 01:00:00+00:00
[2024-07-09T16:48:37.737+0000] {logging_mixin.py:188} INFO - [2024-07-09T16:48:37.736+0000] {dag.py:3954} INFO - Setting next_dagrun for consume_1_and_2_with_dataset_expressions to None, run_after=None
[2024-07-09T16:48:37.738+0000] {logging_mixin.py:188} INFO - [2024-07-09T16:48:37.738+0000] {dag.py:3954} INFO - Setting next_dagrun for consume_1_or_2_with_dataset_expressions to None, run_after=None
[2024-07-09T16:48:37.739+0000] {logging_mixin.py:188} INFO - [2024-07-09T16:48:37.739+0000] {dag.py:3954} INFO - Setting next_dagrun for consume_1_or_both_2_and_3_with_dataset_expressions to None, run_after=None
[2024-07-09T16:48:37.740+0000] {logging_mixin.py:188} INFO - [2024-07-09T16:48:37.740+0000] {dag.py:3954} INFO - Setting next_dagrun for dataset_consumes_1 to None, run_after=None
[2024-07-09T16:48:37.741+0000] {logging_mixin.py:188} INFO - [2024-07-09T16:48:37.741+0000] {dag.py:3954} INFO - Setting next_dagrun for dataset_consumes_1_and_2 to None, run_after=None
[2024-07-09T16:48:37.742+0000] {logging_mixin.py:188} INFO - [2024-07-09T16:48:37.742+0000] {dag.py:3954} INFO - Setting next_dagrun for dataset_consumes_1_never_scheduled to None, run_after=None
[2024-07-09T16:48:37.743+0000] {logging_mixin.py:188} INFO - [2024-07-09T16:48:37.743+0000] {dag.py:3954} INFO - Setting next_dagrun for dataset_consumes_unknown_never_scheduled to None, run_after=None
[2024-07-09T16:48:37.745+0000] {logging_mixin.py:188} INFO - [2024-07-09T16:48:37.745+0000] {dag.py:3954} INFO - Setting next_dagrun for dataset_produces_1 to 2024-07-08 00:00:00+00:00, run_after=2024-07-09 00:00:00+00:00
[2024-07-09T16:48:37.746+0000] {logging_mixin.py:188} INFO - [2024-07-09T16:48:37.746+0000] {dag.py:3954} INFO - Setting next_dagrun for dataset_produces_2 to None, run_after=None
[2024-07-09T16:48:37.774+0000] {processor.py:183} INFO - Processing /home/airflow/.local/lib/python3.12/site-packages/airflow/example_dags/example_datasets.py took 0.125 seconds
[2024-07-09T16:49:08.125+0000] {processor.py:161} INFO - Started process (PID=2799) to work on /home/airflow/.local/lib/python3.12/site-packages/airflow/example_dags/example_datasets.py
[2024-07-09T16:49:08.135+0000] {processor.py:830} INFO - Processing file /home/airflow/.local/lib/python3.12/site-packages/airflow/example_dags/example_datasets.py for tasks to queue
[2024-07-09T16:49:08.137+0000] {logging_mixin.py:188} INFO - [2024-07-09T16:49:08.136+0000] {dagbag.py:545} INFO - Filling up the DagBag from /home/airflow/.local/lib/python3.12/site-packages/airflow/example_dags/example_datasets.py
[2024-07-09T16:49:08.149+0000] {processor.py:840} INFO - DAG(s) 'conditional_dataset_and_time_based_timetable', 'consume_1_or_both_2_and_3_with_dataset_expressions', 'consume_1_or_2_with_dataset_expressions', 'dataset_consumes_1_never_scheduled', 'dataset_consumes_unknown_never_scheduled', 'dataset_consumes_1', 'dataset_produces_1', 'dataset_consumes_1_and_2', 'consume_1_and_2_with_dataset_expressions', 'dataset_produces_2' retrieved from /home/airflow/.local/lib/python3.12/site-packages/airflow/example_dags/example_datasets.py
[2024-07-09T16:49:08.183+0000] {logging_mixin.py:188} INFO - [2024-07-09T16:49:08.183+0000] {dag.py:3096} INFO - Sync 10 DAGs
[2024-07-09T16:49:08.204+0000] {logging_mixin.py:188} INFO - [2024-07-09T16:49:08.204+0000] {dag.py:3954} INFO - Setting next_dagrun for conditional_dataset_and_time_based_timetable to 2024-07-03 01:00:00+00:00, run_after=2024-07-03 01:00:00+00:00
[2024-07-09T16:49:08.207+0000] {logging_mixin.py:188} INFO - [2024-07-09T16:49:08.207+0000] {dag.py:3954} INFO - Setting next_dagrun for consume_1_and_2_with_dataset_expressions to None, run_after=None
[2024-07-09T16:49:08.209+0000] {logging_mixin.py:188} INFO - [2024-07-09T16:49:08.208+0000] {dag.py:3954} INFO - Setting next_dagrun for consume_1_or_2_with_dataset_expressions to None, run_after=None
[2024-07-09T16:49:08.209+0000] {logging_mixin.py:188} INFO - [2024-07-09T16:49:08.209+0000] {dag.py:3954} INFO - Setting next_dagrun for consume_1_or_both_2_and_3_with_dataset_expressions to None, run_after=None
[2024-07-09T16:49:08.210+0000] {logging_mixin.py:188} INFO - [2024-07-09T16:49:08.210+0000] {dag.py:3954} INFO - Setting next_dagrun for dataset_consumes_1 to None, run_after=None
[2024-07-09T16:49:08.211+0000] {logging_mixin.py:188} INFO - [2024-07-09T16:49:08.211+0000] {dag.py:3954} INFO - Setting next_dagrun for dataset_consumes_1_and_2 to None, run_after=None
[2024-07-09T16:49:08.212+0000] {logging_mixin.py:188} INFO - [2024-07-09T16:49:08.211+0000] {dag.py:3954} INFO - Setting next_dagrun for dataset_consumes_1_never_scheduled to None, run_after=None
[2024-07-09T16:49:08.212+0000] {logging_mixin.py:188} INFO - [2024-07-09T16:49:08.212+0000] {dag.py:3954} INFO - Setting next_dagrun for dataset_consumes_unknown_never_scheduled to None, run_after=None
[2024-07-09T16:49:08.214+0000] {logging_mixin.py:188} INFO - [2024-07-09T16:49:08.214+0000] {dag.py:3954} INFO - Setting next_dagrun for dataset_produces_1 to 2024-07-08 00:00:00+00:00, run_after=2024-07-09 00:00:00+00:00
[2024-07-09T16:49:08.215+0000] {logging_mixin.py:188} INFO - [2024-07-09T16:49:08.214+0000] {dag.py:3954} INFO - Setting next_dagrun for dataset_produces_2 to None, run_after=None
[2024-07-09T16:49:08.236+0000] {processor.py:183} INFO - Processing /home/airflow/.local/lib/python3.12/site-packages/airflow/example_dags/example_datasets.py took 0.115 seconds
[2024-07-09T16:49:38.335+0000] {processor.py:161} INFO - Started process (PID=3060) to work on /home/airflow/.local/lib/python3.12/site-packages/airflow/example_dags/example_datasets.py
[2024-07-09T16:49:38.346+0000] {processor.py:830} INFO - Processing file /home/airflow/.local/lib/python3.12/site-packages/airflow/example_dags/example_datasets.py for tasks to queue
[2024-07-09T16:49:38.347+0000] {logging_mixin.py:188} INFO - [2024-07-09T16:49:38.347+0000] {dagbag.py:545} INFO - Filling up the DagBag from /home/airflow/.local/lib/python3.12/site-packages/airflow/example_dags/example_datasets.py
[2024-07-09T16:49:38.358+0000] {processor.py:840} INFO - DAG(s) 'consume_1_and_2_with_dataset_expressions', 'consume_1_or_2_with_dataset_expressions', 'dataset_consumes_1_and_2', 'dataset_produces_1', 'consume_1_or_both_2_and_3_with_dataset_expressions', 'dataset_consumes_1_never_scheduled', 'dataset_produces_2', 'dataset_consumes_1', 'conditional_dataset_and_time_based_timetable', 'dataset_consumes_unknown_never_scheduled' retrieved from /home/airflow/.local/lib/python3.12/site-packages/airflow/example_dags/example_datasets.py
[2024-07-09T16:49:38.393+0000] {logging_mixin.py:188} INFO - [2024-07-09T16:49:38.393+0000] {dag.py:3096} INFO - Sync 10 DAGs
[2024-07-09T16:49:38.414+0000] {logging_mixin.py:188} INFO - [2024-07-09T16:49:38.413+0000] {dag.py:3954} INFO - Setting next_dagrun for conditional_dataset_and_time_based_timetable to 2024-07-03 01:00:00+00:00, run_after=2024-07-03 01:00:00+00:00
[2024-07-09T16:49:38.417+0000] {logging_mixin.py:188} INFO - [2024-07-09T16:49:38.416+0000] {dag.py:3954} INFO - Setting next_dagrun for consume_1_and_2_with_dataset_expressions to None, run_after=None
[2024-07-09T16:49:38.418+0000] {logging_mixin.py:188} INFO - [2024-07-09T16:49:38.417+0000] {dag.py:3954} INFO - Setting next_dagrun for consume_1_or_2_with_dataset_expressions to None, run_after=None
[2024-07-09T16:49:38.418+0000] {logging_mixin.py:188} INFO - [2024-07-09T16:49:38.418+0000] {dag.py:3954} INFO - Setting next_dagrun for consume_1_or_both_2_and_3_with_dataset_expressions to None, run_after=None
[2024-07-09T16:49:38.419+0000] {logging_mixin.py:188} INFO - [2024-07-09T16:49:38.419+0000] {dag.py:3954} INFO - Setting next_dagrun for dataset_consumes_1 to None, run_after=None
[2024-07-09T16:49:38.420+0000] {logging_mixin.py:188} INFO - [2024-07-09T16:49:38.420+0000] {dag.py:3954} INFO - Setting next_dagrun for dataset_consumes_1_and_2 to None, run_after=None
[2024-07-09T16:49:38.421+0000] {logging_mixin.py:188} INFO - [2024-07-09T16:49:38.420+0000] {dag.py:3954} INFO - Setting next_dagrun for dataset_consumes_1_never_scheduled to None, run_after=None
[2024-07-09T16:49:38.421+0000] {logging_mixin.py:188} INFO - [2024-07-09T16:49:38.421+0000] {dag.py:3954} INFO - Setting next_dagrun for dataset_consumes_unknown_never_scheduled to None, run_after=None
[2024-07-09T16:49:38.423+0000] {logging_mixin.py:188} INFO - [2024-07-09T16:49:38.423+0000] {dag.py:3954} INFO - Setting next_dagrun for dataset_produces_1 to 2024-07-08 00:00:00+00:00, run_after=2024-07-09 00:00:00+00:00
[2024-07-09T16:49:38.424+0000] {logging_mixin.py:188} INFO - [2024-07-09T16:49:38.424+0000] {dag.py:3954} INFO - Setting next_dagrun for dataset_produces_2 to None, run_after=None
[2024-07-09T16:49:38.445+0000] {processor.py:183} INFO - Processing /home/airflow/.local/lib/python3.12/site-packages/airflow/example_dags/example_datasets.py took 0.113 seconds
[2024-07-09T16:50:08.616+0000] {processor.py:161} INFO - Started process (PID=3321) to work on /home/airflow/.local/lib/python3.12/site-packages/airflow/example_dags/example_datasets.py
[2024-07-09T16:50:08.616+0000] {processor.py:830} INFO - Processing file /home/airflow/.local/lib/python3.12/site-packages/airflow/example_dags/example_datasets.py for tasks to queue
[2024-07-09T16:50:08.617+0000] {logging_mixin.py:188} INFO - [2024-07-09T16:50:08.617+0000] {dagbag.py:545} INFO - Filling up the DagBag from /home/airflow/.local/lib/python3.12/site-packages/airflow/example_dags/example_datasets.py
[2024-07-09T16:50:08.627+0000] {processor.py:840} INFO - DAG(s) 'consume_1_and_2_with_dataset_expressions', 'conditional_dataset_and_time_based_timetable', 'dataset_produces_1', 'dataset_consumes_1', 'consume_1_or_2_with_dataset_expressions', 'dataset_produces_2', 'consume_1_or_both_2_and_3_with_dataset_expressions', 'dataset_consumes_unknown_never_scheduled', 'dataset_consumes_1_and_2', 'dataset_consumes_1_never_scheduled' retrieved from /home/airflow/.local/lib/python3.12/site-packages/airflow/example_dags/example_datasets.py
[2024-07-09T16:50:08.661+0000] {logging_mixin.py:188} INFO - [2024-07-09T16:50:08.661+0000] {dag.py:3096} INFO - Sync 10 DAGs
[2024-07-09T16:50:08.680+0000] {logging_mixin.py:188} INFO - [2024-07-09T16:50:08.680+0000] {dag.py:3954} INFO - Setting next_dagrun for conditional_dataset_and_time_based_timetable to 2024-07-03 01:00:00+00:00, run_after=2024-07-03 01:00:00+00:00
[2024-07-09T16:50:08.684+0000] {logging_mixin.py:188} INFO - [2024-07-09T16:50:08.683+0000] {dag.py:3954} INFO - Setting next_dagrun for consume_1_and_2_with_dataset_expressions to None, run_after=None
[2024-07-09T16:50:08.685+0000] {logging_mixin.py:188} INFO - [2024-07-09T16:50:08.685+0000] {dag.py:3954} INFO - Setting next_dagrun for consume_1_or_2_with_dataset_expressions to None, run_after=None
[2024-07-09T16:50:08.686+0000] {logging_mixin.py:188} INFO - [2024-07-09T16:50:08.686+0000] {dag.py:3954} INFO - Setting next_dagrun for consume_1_or_both_2_and_3_with_dataset_expressions to None, run_after=None
[2024-07-09T16:50:08.686+0000] {logging_mixin.py:188} INFO - [2024-07-09T16:50:08.686+0000] {dag.py:3954} INFO - Setting next_dagrun for dataset_consumes_1 to None, run_after=None
[2024-07-09T16:50:08.687+0000] {logging_mixin.py:188} INFO - [2024-07-09T16:50:08.687+0000] {dag.py:3954} INFO - Setting next_dagrun for dataset_consumes_1_and_2 to None, run_after=None
[2024-07-09T16:50:08.688+0000] {logging_mixin.py:188} INFO - [2024-07-09T16:50:08.688+0000] {dag.py:3954} INFO - Setting next_dagrun for dataset_consumes_1_never_scheduled to None, run_after=None
[2024-07-09T16:50:08.689+0000] {logging_mixin.py:188} INFO - [2024-07-09T16:50:08.689+0000] {dag.py:3954} INFO - Setting next_dagrun for dataset_consumes_unknown_never_scheduled to None, run_after=None
[2024-07-09T16:50:08.690+0000] {logging_mixin.py:188} INFO - [2024-07-09T16:50:08.690+0000] {dag.py:3954} INFO - Setting next_dagrun for dataset_produces_1 to 2024-07-08 00:00:00+00:00, run_after=2024-07-09 00:00:00+00:00
[2024-07-09T16:50:08.691+0000] {logging_mixin.py:188} INFO - [2024-07-09T16:50:08.691+0000] {dag.py:3954} INFO - Setting next_dagrun for dataset_produces_2 to None, run_after=None
[2024-07-09T16:50:08.712+0000] {processor.py:183} INFO - Processing /home/airflow/.local/lib/python3.12/site-packages/airflow/example_dags/example_datasets.py took 0.102 seconds
[2024-07-09T16:50:38.947+0000] {processor.py:161} INFO - Started process (PID=3582) to work on /home/airflow/.local/lib/python3.12/site-packages/airflow/example_dags/example_datasets.py
[2024-07-09T16:50:38.957+0000] {processor.py:830} INFO - Processing file /home/airflow/.local/lib/python3.12/site-packages/airflow/example_dags/example_datasets.py for tasks to queue
[2024-07-09T16:50:38.959+0000] {logging_mixin.py:188} INFO - [2024-07-09T16:50:38.959+0000] {dagbag.py:545} INFO - Filling up the DagBag from /home/airflow/.local/lib/python3.12/site-packages/airflow/example_dags/example_datasets.py
[2024-07-09T16:50:38.972+0000] {processor.py:840} INFO - DAG(s) 'consume_1_and_2_with_dataset_expressions', 'dataset_consumes_1_never_scheduled', 'dataset_produces_1', 'dataset_consumes_unknown_never_scheduled', 'dataset_consumes_1', 'dataset_produces_2', 'consume_1_or_2_with_dataset_expressions', 'dataset_consumes_1_and_2', 'conditional_dataset_and_time_based_timetable', 'consume_1_or_both_2_and_3_with_dataset_expressions' retrieved from /home/airflow/.local/lib/python3.12/site-packages/airflow/example_dags/example_datasets.py
[2024-07-09T16:50:39.008+0000] {logging_mixin.py:188} INFO - [2024-07-09T16:50:39.007+0000] {dag.py:3096} INFO - Sync 10 DAGs
[2024-07-09T16:50:39.026+0000] {logging_mixin.py:188} INFO - [2024-07-09T16:50:39.026+0000] {dag.py:3954} INFO - Setting next_dagrun for conditional_dataset_and_time_based_timetable to 2024-07-03 01:00:00+00:00, run_after=2024-07-03 01:00:00+00:00
[2024-07-09T16:50:39.029+0000] {logging_mixin.py:188} INFO - [2024-07-09T16:50:39.029+0000] {dag.py:3954} INFO - Setting next_dagrun for consume_1_and_2_with_dataset_expressions to None, run_after=None
[2024-07-09T16:50:39.030+0000] {logging_mixin.py:188} INFO - [2024-07-09T16:50:39.030+0000] {dag.py:3954} INFO - Setting next_dagrun for consume_1_or_2_with_dataset_expressions to None, run_after=None
[2024-07-09T16:50:39.031+0000] {logging_mixin.py:188} INFO - [2024-07-09T16:50:39.031+0000] {dag.py:3954} INFO - Setting next_dagrun for consume_1_or_both_2_and_3_with_dataset_expressions to None, run_after=None
[2024-07-09T16:50:39.032+0000] {logging_mixin.py:188} INFO - [2024-07-09T16:50:39.031+0000] {dag.py:3954} INFO - Setting next_dagrun for dataset_consumes_1 to None, run_after=None
[2024-07-09T16:50:39.032+0000] {logging_mixin.py:188} INFO - [2024-07-09T16:50:39.032+0000] {dag.py:3954} INFO - Setting next_dagrun for dataset_consumes_1_and_2 to None, run_after=None
[2024-07-09T16:50:39.033+0000] {logging_mixin.py:188} INFO - [2024-07-09T16:50:39.033+0000] {dag.py:3954} INFO - Setting next_dagrun for dataset_consumes_1_never_scheduled to None, run_after=None
[2024-07-09T16:50:39.034+0000] {logging_mixin.py:188} INFO - [2024-07-09T16:50:39.034+0000] {dag.py:3954} INFO - Setting next_dagrun for dataset_consumes_unknown_never_scheduled to None, run_after=None
[2024-07-09T16:50:39.035+0000] {logging_mixin.py:188} INFO - [2024-07-09T16:50:39.035+0000] {dag.py:3954} INFO - Setting next_dagrun for dataset_produces_1 to 2024-07-08 00:00:00+00:00, run_after=2024-07-09 00:00:00+00:00
[2024-07-09T16:50:39.037+0000] {logging_mixin.py:188} INFO - [2024-07-09T16:50:39.036+0000] {dag.py:3954} INFO - Setting next_dagrun for dataset_produces_2 to None, run_after=None
[2024-07-09T16:50:39.058+0000] {processor.py:183} INFO - Processing /home/airflow/.local/lib/python3.12/site-packages/airflow/example_dags/example_datasets.py took 0.116 seconds
[2024-07-09T16:51:09.277+0000] {processor.py:161} INFO - Started process (PID=3843) to work on /home/airflow/.local/lib/python3.12/site-packages/airflow/example_dags/example_datasets.py
[2024-07-09T16:51:09.277+0000] {processor.py:830} INFO - Processing file /home/airflow/.local/lib/python3.12/site-packages/airflow/example_dags/example_datasets.py for tasks to queue
[2024-07-09T16:51:09.278+0000] {logging_mixin.py:188} INFO - [2024-07-09T16:51:09.278+0000] {dagbag.py:545} INFO - Filling up the DagBag from /home/airflow/.local/lib/python3.12/site-packages/airflow/example_dags/example_datasets.py
[2024-07-09T16:51:09.287+0000] {processor.py:840} INFO - DAG(s) 'dataset_consumes_1_and_2', 'consume_1_and_2_with_dataset_expressions', 'dataset_consumes_unknown_never_scheduled', 'dataset_consumes_1', 'dataset_produces_1', 'dataset_consumes_1_never_scheduled', 'consume_1_or_2_with_dataset_expressions', 'conditional_dataset_and_time_based_timetable', 'dataset_produces_2', 'consume_1_or_both_2_and_3_with_dataset_expressions' retrieved from /home/airflow/.local/lib/python3.12/site-packages/airflow/example_dags/example_datasets.py
[2024-07-09T16:51:09.324+0000] {logging_mixin.py:188} INFO - [2024-07-09T16:51:09.324+0000] {dag.py:3096} INFO - Sync 10 DAGs
[2024-07-09T16:51:09.342+0000] {logging_mixin.py:188} INFO - [2024-07-09T16:51:09.342+0000] {dag.py:3954} INFO - Setting next_dagrun for conditional_dataset_and_time_based_timetable to 2024-07-03 01:00:00+00:00, run_after=2024-07-03 01:00:00+00:00
[2024-07-09T16:51:09.345+0000] {logging_mixin.py:188} INFO - [2024-07-09T16:51:09.345+0000] {dag.py:3954} INFO - Setting next_dagrun for consume_1_and_2_with_dataset_expressions to None, run_after=None
[2024-07-09T16:51:09.346+0000] {logging_mixin.py:188} INFO - [2024-07-09T16:51:09.346+0000] {dag.py:3954} INFO - Setting next_dagrun for consume_1_or_2_with_dataset_expressions to None, run_after=None
[2024-07-09T16:51:09.347+0000] {logging_mixin.py:188} INFO - [2024-07-09T16:51:09.347+0000] {dag.py:3954} INFO - Setting next_dagrun for consume_1_or_both_2_and_3_with_dataset_expressions to None, run_after=None
[2024-07-09T16:51:09.348+0000] {logging_mixin.py:188} INFO - [2024-07-09T16:51:09.348+0000] {dag.py:3954} INFO - Setting next_dagrun for dataset_consumes_1 to None, run_after=None
[2024-07-09T16:51:09.348+0000] {logging_mixin.py:188} INFO - [2024-07-09T16:51:09.348+0000] {dag.py:3954} INFO - Setting next_dagrun for dataset_consumes_1_and_2 to None, run_after=None
[2024-07-09T16:51:09.349+0000] {logging_mixin.py:188} INFO - [2024-07-09T16:51:09.349+0000] {dag.py:3954} INFO - Setting next_dagrun for dataset_consumes_1_never_scheduled to None, run_after=None
[2024-07-09T16:51:09.350+0000] {logging_mixin.py:188} INFO - [2024-07-09T16:51:09.350+0000] {dag.py:3954} INFO - Setting next_dagrun for dataset_consumes_unknown_never_scheduled to None, run_after=None
[2024-07-09T16:51:09.352+0000] {logging_mixin.py:188} INFO - [2024-07-09T16:51:09.352+0000] {dag.py:3954} INFO - Setting next_dagrun for dataset_produces_1 to 2024-07-08 00:00:00+00:00, run_after=2024-07-09 00:00:00+00:00
[2024-07-09T16:51:09.353+0000] {logging_mixin.py:188} INFO - [2024-07-09T16:51:09.353+0000] {dag.py:3954} INFO - Setting next_dagrun for dataset_produces_2 to None, run_after=None
[2024-07-09T16:51:09.374+0000] {processor.py:183} INFO - Processing /home/airflow/.local/lib/python3.12/site-packages/airflow/example_dags/example_datasets.py took 0.101 seconds
[2024-07-09T16:51:39.432+0000] {processor.py:161} INFO - Started process (PID=4104) to work on /home/airflow/.local/lib/python3.12/site-packages/airflow/example_dags/example_datasets.py
[2024-07-09T16:51:39.442+0000] {processor.py:830} INFO - Processing file /home/airflow/.local/lib/python3.12/site-packages/airflow/example_dags/example_datasets.py for tasks to queue
[2024-07-09T16:51:39.443+0000] {logging_mixin.py:188} INFO - [2024-07-09T16:51:39.443+0000] {dagbag.py:545} INFO - Filling up the DagBag from /home/airflow/.local/lib/python3.12/site-packages/airflow/example_dags/example_datasets.py
[2024-07-09T16:51:39.454+0000] {processor.py:840} INFO - DAG(s) 'dataset_consumes_1_and_2', 'dataset_consumes_1', 'conditional_dataset_and_time_based_timetable', 'dataset_produces_1', 'dataset_produces_2', 'consume_1_and_2_with_dataset_expressions', 'consume_1_or_2_with_dataset_expressions', 'dataset_consumes_1_never_scheduled', 'consume_1_or_both_2_and_3_with_dataset_expressions', 'dataset_consumes_unknown_never_scheduled' retrieved from /home/airflow/.local/lib/python3.12/site-packages/airflow/example_dags/example_datasets.py
[2024-07-09T16:51:39.491+0000] {logging_mixin.py:188} INFO - [2024-07-09T16:51:39.490+0000] {dag.py:3096} INFO - Sync 10 DAGs
[2024-07-09T16:51:39.510+0000] {logging_mixin.py:188} INFO - [2024-07-09T16:51:39.510+0000] {dag.py:3954} INFO - Setting next_dagrun for conditional_dataset_and_time_based_timetable to 2024-07-03 01:00:00+00:00, run_after=2024-07-03 01:00:00+00:00
[2024-07-09T16:51:39.513+0000] {logging_mixin.py:188} INFO - [2024-07-09T16:51:39.513+0000] {dag.py:3954} INFO - Setting next_dagrun for consume_1_and_2_with_dataset_expressions to None, run_after=None
[2024-07-09T16:51:39.515+0000] {logging_mixin.py:188} INFO - [2024-07-09T16:51:39.514+0000] {dag.py:3954} INFO - Setting next_dagrun for consume_1_or_2_with_dataset_expressions to None, run_after=None
[2024-07-09T16:51:39.516+0000] {logging_mixin.py:188} INFO - [2024-07-09T16:51:39.516+0000] {dag.py:3954} INFO - Setting next_dagrun for consume_1_or_both_2_and_3_with_dataset_expressions to None, run_after=None
[2024-07-09T16:51:39.517+0000] {logging_mixin.py:188} INFO - [2024-07-09T16:51:39.517+0000] {dag.py:3954} INFO - Setting next_dagrun for dataset_consumes_1 to None, run_after=None
[2024-07-09T16:51:39.517+0000] {logging_mixin.py:188} INFO - [2024-07-09T16:51:39.517+0000] {dag.py:3954} INFO - Setting next_dagrun for dataset_consumes_1_and_2 to None, run_after=None
[2024-07-09T16:51:39.518+0000] {logging_mixin.py:188} INFO - [2024-07-09T16:51:39.518+0000] {dag.py:3954} INFO - Setting next_dagrun for dataset_consumes_1_never_scheduled to None, run_after=None
[2024-07-09T16:51:39.519+0000] {logging_mixin.py:188} INFO - [2024-07-09T16:51:39.519+0000] {dag.py:3954} INFO - Setting next_dagrun for dataset_consumes_unknown_never_scheduled to None, run_after=None
[2024-07-09T16:51:39.520+0000] {logging_mixin.py:188} INFO - [2024-07-09T16:51:39.520+0000] {dag.py:3954} INFO - Setting next_dagrun for dataset_produces_1 to 2024-07-08 00:00:00+00:00, run_after=2024-07-09 00:00:00+00:00
[2024-07-09T16:51:39.521+0000] {logging_mixin.py:188} INFO - [2024-07-09T16:51:39.521+0000] {dag.py:3954} INFO - Setting next_dagrun for dataset_produces_2 to None, run_after=None
[2024-07-09T16:51:39.543+0000] {processor.py:183} INFO - Processing /home/airflow/.local/lib/python3.12/site-packages/airflow/example_dags/example_datasets.py took 0.115 seconds
[2024-07-09T16:52:09.943+0000] {processor.py:161} INFO - Started process (PID=4365) to work on /home/airflow/.local/lib/python3.12/site-packages/airflow/example_dags/example_datasets.py
[2024-07-09T16:52:09.943+0000] {processor.py:830} INFO - Processing file /home/airflow/.local/lib/python3.12/site-packages/airflow/example_dags/example_datasets.py for tasks to queue
[2024-07-09T16:52:09.944+0000] {logging_mixin.py:188} INFO - [2024-07-09T16:52:09.944+0000] {dagbag.py:545} INFO - Filling up the DagBag from /home/airflow/.local/lib/python3.12/site-packages/airflow/example_dags/example_datasets.py
[2024-07-09T16:52:09.954+0000] {processor.py:840} INFO - DAG(s) 'dataset_produces_1', 'dataset_consumes_1', 'consume_1_or_2_with_dataset_expressions', 'consume_1_or_both_2_and_3_with_dataset_expressions', 'conditional_dataset_and_time_based_timetable', 'dataset_consumes_unknown_never_scheduled', 'dataset_produces_2', 'consume_1_and_2_with_dataset_expressions', 'dataset_consumes_1_and_2', 'dataset_consumes_1_never_scheduled' retrieved from /home/airflow/.local/lib/python3.12/site-packages/airflow/example_dags/example_datasets.py
[2024-07-09T16:52:09.999+0000] {logging_mixin.py:188} INFO - [2024-07-09T16:52:09.999+0000] {dag.py:3096} INFO - Sync 10 DAGs
[2024-07-09T16:52:10.018+0000] {logging_mixin.py:188} INFO - [2024-07-09T16:52:10.018+0000] {dag.py:3954} INFO - Setting next_dagrun for conditional_dataset_and_time_based_timetable to 2024-07-03 01:00:00+00:00, run_after=2024-07-03 01:00:00+00:00
[2024-07-09T16:52:10.021+0000] {logging_mixin.py:188} INFO - [2024-07-09T16:52:10.021+0000] {dag.py:3954} INFO - Setting next_dagrun for consume_1_and_2_with_dataset_expressions to None, run_after=None
[2024-07-09T16:52:10.022+0000] {logging_mixin.py:188} INFO - [2024-07-09T16:52:10.022+0000] {dag.py:3954} INFO - Setting next_dagrun for consume_1_or_2_with_dataset_expressions to None, run_after=None
[2024-07-09T16:52:10.023+0000] {logging_mixin.py:188} INFO - [2024-07-09T16:52:10.023+0000] {dag.py:3954} INFO - Setting next_dagrun for consume_1_or_both_2_and_3_with_dataset_expressions to None, run_after=None
[2024-07-09T16:52:10.024+0000] {logging_mixin.py:188} INFO - [2024-07-09T16:52:10.024+0000] {dag.py:3954} INFO - Setting next_dagrun for dataset_consumes_1 to None, run_after=None
[2024-07-09T16:52:10.025+0000] {logging_mixin.py:188} INFO - [2024-07-09T16:52:10.025+0000] {dag.py:3954} INFO - Setting next_dagrun for dataset_consumes_1_and_2 to None, run_after=None
[2024-07-09T16:52:10.027+0000] {logging_mixin.py:188} INFO - [2024-07-09T16:52:10.027+0000] {dag.py:3954} INFO - Setting next_dagrun for dataset_consumes_1_never_scheduled to None, run_after=None
[2024-07-09T16:52:10.028+0000] {logging_mixin.py:188} INFO - [2024-07-09T16:52:10.028+0000] {dag.py:3954} INFO - Setting next_dagrun for dataset_consumes_unknown_never_scheduled to None, run_after=None
[2024-07-09T16:52:10.030+0000] {logging_mixin.py:188} INFO - [2024-07-09T16:52:10.029+0000] {dag.py:3954} INFO - Setting next_dagrun for dataset_produces_1 to 2024-07-08 00:00:00+00:00, run_after=2024-07-09 00:00:00+00:00
[2024-07-09T16:52:10.030+0000] {logging_mixin.py:188} INFO - [2024-07-09T16:52:10.030+0000] {dag.py:3954} INFO - Setting next_dagrun for dataset_produces_2 to None, run_after=None
[2024-07-09T16:52:10.054+0000] {processor.py:183} INFO - Processing /home/airflow/.local/lib/python3.12/site-packages/airflow/example_dags/example_datasets.py took 0.115 seconds
[2024-07-09T16:52:40.151+0000] {processor.py:161} INFO - Started process (PID=4626) to work on /home/airflow/.local/lib/python3.12/site-packages/airflow/example_dags/example_datasets.py
[2024-07-09T16:52:40.162+0000] {processor.py:830} INFO - Processing file /home/airflow/.local/lib/python3.12/site-packages/airflow/example_dags/example_datasets.py for tasks to queue
[2024-07-09T16:52:40.163+0000] {logging_mixin.py:188} INFO - [2024-07-09T16:52:40.163+0000] {dagbag.py:545} INFO - Filling up the DagBag from /home/airflow/.local/lib/python3.12/site-packages/airflow/example_dags/example_datasets.py
[2024-07-09T16:52:40.173+0000] {processor.py:840} INFO - DAG(s) 'dataset_consumes_1_never_scheduled', 'consume_1_and_2_with_dataset_expressions', 'dataset_consumes_unknown_never_scheduled', 'dataset_produces_2', 'consume_1_or_2_with_dataset_expressions', 'consume_1_or_both_2_and_3_with_dataset_expressions', 'conditional_dataset_and_time_based_timetable', 'dataset_consumes_1', 'dataset_consumes_1_and_2', 'dataset_produces_1' retrieved from /home/airflow/.local/lib/python3.12/site-packages/airflow/example_dags/example_datasets.py
[2024-07-09T16:52:40.210+0000] {logging_mixin.py:188} INFO - [2024-07-09T16:52:40.210+0000] {dag.py:3096} INFO - Sync 10 DAGs
[2024-07-09T16:52:40.229+0000] {logging_mixin.py:188} INFO - [2024-07-09T16:52:40.229+0000] {dag.py:3954} INFO - Setting next_dagrun for conditional_dataset_and_time_based_timetable to 2024-07-03 01:00:00+00:00, run_after=2024-07-03 01:00:00+00:00
[2024-07-09T16:52:40.232+0000] {logging_mixin.py:188} INFO - [2024-07-09T16:52:40.232+0000] {dag.py:3954} INFO - Setting next_dagrun for consume_1_and_2_with_dataset_expressions to None, run_after=None
[2024-07-09T16:52:40.233+0000] {logging_mixin.py:188} INFO - [2024-07-09T16:52:40.233+0000] {dag.py:3954} INFO - Setting next_dagrun for consume_1_or_2_with_dataset_expressions to None, run_after=None
[2024-07-09T16:52:40.234+0000] {logging_mixin.py:188} INFO - [2024-07-09T16:52:40.234+0000] {dag.py:3954} INFO - Setting next_dagrun for consume_1_or_both_2_and_3_with_dataset_expressions to None, run_after=None
[2024-07-09T16:52:40.235+0000] {logging_mixin.py:188} INFO - [2024-07-09T16:52:40.235+0000] {dag.py:3954} INFO - Setting next_dagrun for dataset_consumes_1 to None, run_after=None
[2024-07-09T16:52:40.236+0000] {logging_mixin.py:188} INFO - [2024-07-09T16:52:40.236+0000] {dag.py:3954} INFO - Setting next_dagrun for dataset_consumes_1_and_2 to None, run_after=None
[2024-07-09T16:52:40.236+0000] {logging_mixin.py:188} INFO - [2024-07-09T16:52:40.236+0000] {dag.py:3954} INFO - Setting next_dagrun for dataset_consumes_1_never_scheduled to None, run_after=None
[2024-07-09T16:52:40.237+0000] {logging_mixin.py:188} INFO - [2024-07-09T16:52:40.237+0000] {dag.py:3954} INFO - Setting next_dagrun for dataset_consumes_unknown_never_scheduled to None, run_after=None
[2024-07-09T16:52:40.239+0000] {logging_mixin.py:188} INFO - [2024-07-09T16:52:40.239+0000] {dag.py:3954} INFO - Setting next_dagrun for dataset_produces_1 to 2024-07-08 00:00:00+00:00, run_after=2024-07-09 00:00:00+00:00
[2024-07-09T16:52:40.239+0000] {logging_mixin.py:188} INFO - [2024-07-09T16:52:40.239+0000] {dag.py:3954} INFO - Setting next_dagrun for dataset_produces_2 to None, run_after=None
[2024-07-09T16:52:40.262+0000] {processor.py:183} INFO - Processing /home/airflow/.local/lib/python3.12/site-packages/airflow/example_dags/example_datasets.py took 0.115 seconds
[2024-07-09T16:53:10.370+0000] {processor.py:161} INFO - Started process (PID=4887) to work on /home/airflow/.local/lib/python3.12/site-packages/airflow/example_dags/example_datasets.py
[2024-07-09T16:53:10.370+0000] {processor.py:830} INFO - Processing file /home/airflow/.local/lib/python3.12/site-packages/airflow/example_dags/example_datasets.py for tasks to queue
[2024-07-09T16:53:10.372+0000] {logging_mixin.py:188} INFO - [2024-07-09T16:53:10.371+0000] {dagbag.py:545} INFO - Filling up the DagBag from /home/airflow/.local/lib/python3.12/site-packages/airflow/example_dags/example_datasets.py
[2024-07-09T16:53:10.381+0000] {processor.py:840} INFO - DAG(s) 'dataset_consumes_unknown_never_scheduled', 'consume_1_or_both_2_and_3_with_dataset_expressions', 'conditional_dataset_and_time_based_timetable', 'consume_1_or_2_with_dataset_expressions', 'dataset_consumes_1', 'dataset_produces_2', 'dataset_consumes_1_never_scheduled', 'consume_1_and_2_with_dataset_expressions', 'dataset_consumes_1_and_2', 'dataset_produces_1' retrieved from /home/airflow/.local/lib/python3.12/site-packages/airflow/example_dags/example_datasets.py
[2024-07-09T16:53:10.432+0000] {logging_mixin.py:188} INFO - [2024-07-09T16:53:10.431+0000] {dag.py:3096} INFO - Sync 10 DAGs
[2024-07-09T16:53:10.454+0000] {logging_mixin.py:188} INFO - [2024-07-09T16:53:10.454+0000] {dag.py:3954} INFO - Setting next_dagrun for conditional_dataset_and_time_based_timetable to 2024-07-03 01:00:00+00:00, run_after=2024-07-03 01:00:00+00:00
[2024-07-09T16:53:10.458+0000] {logging_mixin.py:188} INFO - [2024-07-09T16:53:10.458+0000] {dag.py:3954} INFO - Setting next_dagrun for consume_1_and_2_with_dataset_expressions to None, run_after=None
[2024-07-09T16:53:10.459+0000] {logging_mixin.py:188} INFO - [2024-07-09T16:53:10.459+0000] {dag.py:3954} INFO - Setting next_dagrun for consume_1_or_2_with_dataset_expressions to None, run_after=None
[2024-07-09T16:53:10.460+0000] {logging_mixin.py:188} INFO - [2024-07-09T16:53:10.460+0000] {dag.py:3954} INFO - Setting next_dagrun for consume_1_or_both_2_and_3_with_dataset_expressions to None, run_after=None
[2024-07-09T16:53:10.461+0000] {logging_mixin.py:188} INFO - [2024-07-09T16:53:10.461+0000] {dag.py:3954} INFO - Setting next_dagrun for dataset_consumes_1 to None, run_after=None
[2024-07-09T16:53:10.462+0000] {logging_mixin.py:188} INFO - [2024-07-09T16:53:10.462+0000] {dag.py:3954} INFO - Setting next_dagrun for dataset_consumes_1_and_2 to None, run_after=None
[2024-07-09T16:53:10.463+0000] {logging_mixin.py:188} INFO - [2024-07-09T16:53:10.463+0000] {dag.py:3954} INFO - Setting next_dagrun for dataset_consumes_1_never_scheduled to None, run_after=None
[2024-07-09T16:53:10.464+0000] {logging_mixin.py:188} INFO - [2024-07-09T16:53:10.464+0000] {dag.py:3954} INFO - Setting next_dagrun for dataset_consumes_unknown_never_scheduled to None, run_after=None
[2024-07-09T16:53:10.466+0000] {logging_mixin.py:188} INFO - [2024-07-09T16:53:10.466+0000] {dag.py:3954} INFO - Setting next_dagrun for dataset_produces_1 to 2024-07-08 00:00:00+00:00, run_after=2024-07-09 00:00:00+00:00
[2024-07-09T16:53:10.467+0000] {logging_mixin.py:188} INFO - [2024-07-09T16:53:10.467+0000] {dag.py:3954} INFO - Setting next_dagrun for dataset_produces_2 to None, run_after=None
[2024-07-09T16:53:10.492+0000] {processor.py:183} INFO - Processing /home/airflow/.local/lib/python3.12/site-packages/airflow/example_dags/example_datasets.py took 0.128 seconds
[2024-07-09T16:53:40.856+0000] {processor.py:161} INFO - Started process (PID=5148) to work on /home/airflow/.local/lib/python3.12/site-packages/airflow/example_dags/example_datasets.py
[2024-07-09T16:53:40.859+0000] {processor.py:830} INFO - Processing file /home/airflow/.local/lib/python3.12/site-packages/airflow/example_dags/example_datasets.py for tasks to queue
[2024-07-09T16:53:40.860+0000] {logging_mixin.py:188} INFO - [2024-07-09T16:53:40.860+0000] {dagbag.py:545} INFO - Filling up the DagBag from /home/airflow/.local/lib/python3.12/site-packages/airflow/example_dags/example_datasets.py
[2024-07-09T16:53:40.871+0000] {processor.py:840} INFO - DAG(s) 'dataset_produces_2', 'dataset_consumes_unknown_never_scheduled', 'consume_1_and_2_with_dataset_expressions', 'dataset_consumes_1', 'dataset_consumes_1_and_2', 'consume_1_or_both_2_and_3_with_dataset_expressions', 'dataset_produces_1', 'consume_1_or_2_with_dataset_expressions', 'dataset_consumes_1_never_scheduled', 'conditional_dataset_and_time_based_timetable' retrieved from /home/airflow/.local/lib/python3.12/site-packages/airflow/example_dags/example_datasets.py
[2024-07-09T16:53:40.909+0000] {logging_mixin.py:188} INFO - [2024-07-09T16:53:40.909+0000] {dag.py:3096} INFO - Sync 10 DAGs
[2024-07-09T16:53:40.927+0000] {logging_mixin.py:188} INFO - [2024-07-09T16:53:40.927+0000] {dag.py:3954} INFO - Setting next_dagrun for conditional_dataset_and_time_based_timetable to 2024-07-03 01:00:00+00:00, run_after=2024-07-03 01:00:00+00:00
[2024-07-09T16:53:40.930+0000] {logging_mixin.py:188} INFO - [2024-07-09T16:53:40.930+0000] {dag.py:3954} INFO - Setting next_dagrun for consume_1_and_2_with_dataset_expressions to None, run_after=None
[2024-07-09T16:53:40.931+0000] {logging_mixin.py:188} INFO - [2024-07-09T16:53:40.931+0000] {dag.py:3954} INFO - Setting next_dagrun for consume_1_or_2_with_dataset_expressions to None, run_after=None
[2024-07-09T16:53:40.932+0000] {logging_mixin.py:188} INFO - [2024-07-09T16:53:40.932+0000] {dag.py:3954} INFO - Setting next_dagrun for consume_1_or_both_2_and_3_with_dataset_expressions to None, run_after=None
[2024-07-09T16:53:40.933+0000] {logging_mixin.py:188} INFO - [2024-07-09T16:53:40.933+0000] {dag.py:3954} INFO - Setting next_dagrun for dataset_consumes_1 to None, run_after=None
[2024-07-09T16:53:40.934+0000] {logging_mixin.py:188} INFO - [2024-07-09T16:53:40.933+0000] {dag.py:3954} INFO - Setting next_dagrun for dataset_consumes_1_and_2 to None, run_after=None
[2024-07-09T16:53:40.934+0000] {logging_mixin.py:188} INFO - [2024-07-09T16:53:40.934+0000] {dag.py:3954} INFO - Setting next_dagrun for dataset_consumes_1_never_scheduled to None, run_after=None
[2024-07-09T16:53:40.935+0000] {logging_mixin.py:188} INFO - [2024-07-09T16:53:40.935+0000] {dag.py:3954} INFO - Setting next_dagrun for dataset_consumes_unknown_never_scheduled to None, run_after=None
[2024-07-09T16:53:40.937+0000] {logging_mixin.py:188} INFO - [2024-07-09T16:53:40.937+0000] {dag.py:3954} INFO - Setting next_dagrun for dataset_produces_1 to 2024-07-08 00:00:00+00:00, run_after=2024-07-09 00:00:00+00:00
[2024-07-09T16:53:40.938+0000] {logging_mixin.py:188} INFO - [2024-07-09T16:53:40.938+0000] {dag.py:3954} INFO - Setting next_dagrun for dataset_produces_2 to None, run_after=None
[2024-07-09T16:53:40.959+0000] {processor.py:183} INFO - Processing /home/airflow/.local/lib/python3.12/site-packages/airflow/example_dags/example_datasets.py took 0.107 seconds
[2024-07-09T16:54:11.189+0000] {processor.py:161} INFO - Started process (PID=5409) to work on /home/airflow/.local/lib/python3.12/site-packages/airflow/example_dags/example_datasets.py
[2024-07-09T16:54:11.199+0000] {processor.py:830} INFO - Processing file /home/airflow/.local/lib/python3.12/site-packages/airflow/example_dags/example_datasets.py for tasks to queue
[2024-07-09T16:54:11.201+0000] {logging_mixin.py:188} INFO - [2024-07-09T16:54:11.200+0000] {dagbag.py:545} INFO - Filling up the DagBag from /home/airflow/.local/lib/python3.12/site-packages/airflow/example_dags/example_datasets.py
[2024-07-09T16:54:11.211+0000] {processor.py:840} INFO - DAG(s) 'consume_1_or_both_2_and_3_with_dataset_expressions', 'consume_1_and_2_with_dataset_expressions', 'dataset_consumes_unknown_never_scheduled', 'dataset_consumes_1', 'dataset_produces_1', 'dataset_produces_2', 'conditional_dataset_and_time_based_timetable', 'consume_1_or_2_with_dataset_expressions', 'dataset_consumes_1_and_2', 'dataset_consumes_1_never_scheduled' retrieved from /home/airflow/.local/lib/python3.12/site-packages/airflow/example_dags/example_datasets.py
[2024-07-09T16:54:11.253+0000] {logging_mixin.py:188} INFO - [2024-07-09T16:54:11.253+0000] {dag.py:3096} INFO - Sync 10 DAGs
[2024-07-09T16:54:11.276+0000] {logging_mixin.py:188} INFO - [2024-07-09T16:54:11.276+0000] {dag.py:3954} INFO - Setting next_dagrun for conditional_dataset_and_time_based_timetable to 2024-07-03 01:00:00+00:00, run_after=2024-07-03 01:00:00+00:00
[2024-07-09T16:54:11.280+0000] {logging_mixin.py:188} INFO - [2024-07-09T16:54:11.279+0000] {dag.py:3954} INFO - Setting next_dagrun for consume_1_and_2_with_dataset_expressions to None, run_after=None
[2024-07-09T16:54:11.281+0000] {logging_mixin.py:188} INFO - [2024-07-09T16:54:11.281+0000] {dag.py:3954} INFO - Setting next_dagrun for consume_1_or_2_with_dataset_expressions to None, run_after=None
[2024-07-09T16:54:11.282+0000] {logging_mixin.py:188} INFO - [2024-07-09T16:54:11.282+0000] {dag.py:3954} INFO - Setting next_dagrun for consume_1_or_both_2_and_3_with_dataset_expressions to None, run_after=None
[2024-07-09T16:54:11.283+0000] {logging_mixin.py:188} INFO - [2024-07-09T16:54:11.283+0000] {dag.py:3954} INFO - Setting next_dagrun for dataset_consumes_1 to None, run_after=None
[2024-07-09T16:54:11.284+0000] {logging_mixin.py:188} INFO - [2024-07-09T16:54:11.284+0000] {dag.py:3954} INFO - Setting next_dagrun for dataset_consumes_1_and_2 to None, run_after=None
[2024-07-09T16:54:11.285+0000] {logging_mixin.py:188} INFO - [2024-07-09T16:54:11.285+0000] {dag.py:3954} INFO - Setting next_dagrun for dataset_consumes_1_never_scheduled to None, run_after=None
[2024-07-09T16:54:11.287+0000] {logging_mixin.py:188} INFO - [2024-07-09T16:54:11.286+0000] {dag.py:3954} INFO - Setting next_dagrun for dataset_consumes_unknown_never_scheduled to None, run_after=None
[2024-07-09T16:54:11.288+0000] {logging_mixin.py:188} INFO - [2024-07-09T16:54:11.288+0000] {dag.py:3954} INFO - Setting next_dagrun for dataset_produces_1 to 2024-07-08 00:00:00+00:00, run_after=2024-07-09 00:00:00+00:00
[2024-07-09T16:54:11.290+0000] {logging_mixin.py:188} INFO - [2024-07-09T16:54:11.289+0000] {dag.py:3954} INFO - Setting next_dagrun for dataset_produces_2 to None, run_after=None
[2024-07-09T16:54:11.313+0000] {processor.py:183} INFO - Processing /home/airflow/.local/lib/python3.12/site-packages/airflow/example_dags/example_datasets.py took 0.129 seconds
[2024-07-09T16:54:41.619+0000] {processor.py:161} INFO - Started process (PID=5670) to work on /home/airflow/.local/lib/python3.12/site-packages/airflow/example_dags/example_datasets.py
[2024-07-09T16:54:41.629+0000] {processor.py:830} INFO - Processing file /home/airflow/.local/lib/python3.12/site-packages/airflow/example_dags/example_datasets.py for tasks to queue
[2024-07-09T16:54:41.631+0000] {logging_mixin.py:188} INFO - [2024-07-09T16:54:41.631+0000] {dagbag.py:545} INFO - Filling up the DagBag from /home/airflow/.local/lib/python3.12/site-packages/airflow/example_dags/example_datasets.py
[2024-07-09T16:54:41.645+0000] {processor.py:840} INFO - DAG(s) 'dataset_produces_1', 'consume_1_and_2_with_dataset_expressions', 'dataset_consumes_1', 'consume_1_or_2_with_dataset_expressions', 'conditional_dataset_and_time_based_timetable', 'dataset_produces_2', 'dataset_consumes_unknown_never_scheduled', 'dataset_consumes_1_and_2', 'consume_1_or_both_2_and_3_with_dataset_expressions', 'dataset_consumes_1_never_scheduled' retrieved from /home/airflow/.local/lib/python3.12/site-packages/airflow/example_dags/example_datasets.py
[2024-07-09T16:54:41.692+0000] {logging_mixin.py:188} INFO - [2024-07-09T16:54:41.691+0000] {dag.py:3096} INFO - Sync 10 DAGs
[2024-07-09T16:54:41.711+0000] {logging_mixin.py:188} INFO - [2024-07-09T16:54:41.711+0000] {dag.py:3954} INFO - Setting next_dagrun for conditional_dataset_and_time_based_timetable to 2024-07-03 01:00:00+00:00, run_after=2024-07-03 01:00:00+00:00
[2024-07-09T16:54:41.714+0000] {logging_mixin.py:188} INFO - [2024-07-09T16:54:41.714+0000] {dag.py:3954} INFO - Setting next_dagrun for consume_1_and_2_with_dataset_expressions to None, run_after=None
[2024-07-09T16:54:41.716+0000] {logging_mixin.py:188} INFO - [2024-07-09T16:54:41.715+0000] {dag.py:3954} INFO - Setting next_dagrun for consume_1_or_2_with_dataset_expressions to None, run_after=None
[2024-07-09T16:54:41.717+0000] {logging_mixin.py:188} INFO - [2024-07-09T16:54:41.717+0000] {dag.py:3954} INFO - Setting next_dagrun for consume_1_or_both_2_and_3_with_dataset_expressions to None, run_after=None
[2024-07-09T16:54:41.719+0000] {logging_mixin.py:188} INFO - [2024-07-09T16:54:41.718+0000] {dag.py:3954} INFO - Setting next_dagrun for dataset_consumes_1 to None, run_after=None
[2024-07-09T16:54:41.720+0000] {logging_mixin.py:188} INFO - [2024-07-09T16:54:41.720+0000] {dag.py:3954} INFO - Setting next_dagrun for dataset_consumes_1_and_2 to None, run_after=None
[2024-07-09T16:54:41.722+0000] {logging_mixin.py:188} INFO - [2024-07-09T16:54:41.721+0000] {dag.py:3954} INFO - Setting next_dagrun for dataset_consumes_1_never_scheduled to None, run_after=None
[2024-07-09T16:54:41.723+0000] {logging_mixin.py:188} INFO - [2024-07-09T16:54:41.723+0000] {dag.py:3954} INFO - Setting next_dagrun for dataset_consumes_unknown_never_scheduled to None, run_after=None
[2024-07-09T16:54:41.726+0000] {logging_mixin.py:188} INFO - [2024-07-09T16:54:41.726+0000] {dag.py:3954} INFO - Setting next_dagrun for dataset_produces_1 to 2024-07-08 00:00:00+00:00, run_after=2024-07-09 00:00:00+00:00
[2024-07-09T16:54:41.728+0000] {logging_mixin.py:188} INFO - [2024-07-09T16:54:41.727+0000] {dag.py:3954} INFO - Setting next_dagrun for dataset_produces_2 to None, run_after=None
[2024-07-09T16:54:41.751+0000] {processor.py:183} INFO - Processing /home/airflow/.local/lib/python3.12/site-packages/airflow/example_dags/example_datasets.py took 0.137 seconds
[2024-07-09T16:55:11.912+0000] {processor.py:161} INFO - Started process (PID=5931) to work on /home/airflow/.local/lib/python3.12/site-packages/airflow/example_dags/example_datasets.py
[2024-07-09T16:55:11.922+0000] {processor.py:830} INFO - Processing file /home/airflow/.local/lib/python3.12/site-packages/airflow/example_dags/example_datasets.py for tasks to queue
[2024-07-09T16:55:11.923+0000] {logging_mixin.py:188} INFO - [2024-07-09T16:55:11.923+0000] {dagbag.py:545} INFO - Filling up the DagBag from /home/airflow/.local/lib/python3.12/site-packages/airflow/example_dags/example_datasets.py
[2024-07-09T16:55:11.932+0000] {processor.py:840} INFO - DAG(s) 'dataset_consumes_1_never_scheduled', 'dataset_consumes_unknown_never_scheduled', 'dataset_consumes_1_and_2', 'dataset_produces_1', 'consume_1_or_2_with_dataset_expressions', 'consume_1_and_2_with_dataset_expressions', 'consume_1_or_both_2_and_3_with_dataset_expressions', 'dataset_produces_2', 'dataset_consumes_1', 'conditional_dataset_and_time_based_timetable' retrieved from /home/airflow/.local/lib/python3.12/site-packages/airflow/example_dags/example_datasets.py
[2024-07-09T16:55:11.967+0000] {logging_mixin.py:188} INFO - [2024-07-09T16:55:11.966+0000] {dag.py:3096} INFO - Sync 10 DAGs
[2024-07-09T16:55:11.993+0000] {logging_mixin.py:188} INFO - [2024-07-09T16:55:11.993+0000] {dag.py:3954} INFO - Setting next_dagrun for conditional_dataset_and_time_based_timetable to 2024-07-03 01:00:00+00:00, run_after=2024-07-03 01:00:00+00:00
[2024-07-09T16:55:11.996+0000] {logging_mixin.py:188} INFO - [2024-07-09T16:55:11.996+0000] {dag.py:3954} INFO - Setting next_dagrun for consume_1_and_2_with_dataset_expressions to None, run_after=None
[2024-07-09T16:55:11.997+0000] {logging_mixin.py:188} INFO - [2024-07-09T16:55:11.997+0000] {dag.py:3954} INFO - Setting next_dagrun for consume_1_or_2_with_dataset_expressions to None, run_after=None
[2024-07-09T16:55:11.998+0000] {logging_mixin.py:188} INFO - [2024-07-09T16:55:11.998+0000] {dag.py:3954} INFO - Setting next_dagrun for consume_1_or_both_2_and_3_with_dataset_expressions to None, run_after=None
[2024-07-09T16:55:11.999+0000] {logging_mixin.py:188} INFO - [2024-07-09T16:55:11.999+0000] {dag.py:3954} INFO - Setting next_dagrun for dataset_consumes_1 to None, run_after=None
[2024-07-09T16:55:12.000+0000] {logging_mixin.py:188} INFO - [2024-07-09T16:55:11.999+0000] {dag.py:3954} INFO - Setting next_dagrun for dataset_consumes_1_and_2 to None, run_after=None
[2024-07-09T16:55:12.000+0000] {logging_mixin.py:188} INFO - [2024-07-09T16:55:12.000+0000] {dag.py:3954} INFO - Setting next_dagrun for dataset_consumes_1_never_scheduled to None, run_after=None
[2024-07-09T16:55:12.001+0000] {logging_mixin.py:188} INFO - [2024-07-09T16:55:12.001+0000] {dag.py:3954} INFO - Setting next_dagrun for dataset_consumes_unknown_never_scheduled to None, run_after=None
[2024-07-09T16:55:12.003+0000] {logging_mixin.py:188} INFO - [2024-07-09T16:55:12.003+0000] {dag.py:3954} INFO - Setting next_dagrun for dataset_produces_1 to 2024-07-08 00:00:00+00:00, run_after=2024-07-09 00:00:00+00:00
[2024-07-09T16:55:12.004+0000] {logging_mixin.py:188} INFO - [2024-07-09T16:55:12.003+0000] {dag.py:3954} INFO - Setting next_dagrun for dataset_produces_2 to None, run_after=None
[2024-07-09T16:55:12.025+0000] {processor.py:183} INFO - Processing /home/airflow/.local/lib/python3.12/site-packages/airflow/example_dags/example_datasets.py took 0.118 seconds
