[2024-07-09T16:44:05.799+0000] {processor.py:161} INFO - Started process (PID=284) to work on /home/airflow/.local/lib/python3.12/site-packages/airflow/example_dags/example_display_name.py
[2024-07-09T16:44:05.800+0000] {processor.py:830} INFO - Processing file /home/airflow/.local/lib/python3.12/site-packages/airflow/example_dags/example_display_name.py for tasks to queue
[2024-07-09T16:44:05.801+0000] {logging_mixin.py:188} INFO - [2024-07-09T16:44:05.800+0000] {dagbag.py:545} INFO - Filling up the DagBag from /home/airflow/.local/lib/python3.12/site-packages/airflow/example_dags/example_display_name.py
[2024-07-09T16:44:05.806+0000] {processor.py:840} INFO - DAG(s) 'example_display_name' retrieved from /home/airflow/.local/lib/python3.12/site-packages/airflow/example_dags/example_display_name.py
[2024-07-09T16:44:05.898+0000] {logging_mixin.py:188} INFO - [2024-07-09T16:44:05.898+0000] {override.py:1829} INFO - Created Permission View: can delete on DAG:example_display_name
[2024-07-09T16:44:05.905+0000] {logging_mixin.py:188} INFO - [2024-07-09T16:44:05.905+0000] {override.py:1829} INFO - Created Permission View: can edit on DAG:example_display_name
[2024-07-09T16:44:05.909+0000] {logging_mixin.py:188} INFO - [2024-07-09T16:44:05.909+0000] {override.py:1829} INFO - Created Permission View: can read on DAG:example_display_name
[2024-07-09T16:44:05.910+0000] {logging_mixin.py:188} INFO - [2024-07-09T16:44:05.909+0000] {dag.py:3096} INFO - Sync 1 DAGs
[2024-07-09T16:44:05.917+0000] {logging_mixin.py:188} INFO - [2024-07-09T16:44:05.917+0000] {dag.py:3118} INFO - Creating ORM DAG for example_display_name
[2024-07-09T16:44:05.917+0000] {logging_mixin.py:188} INFO - [2024-07-09T16:44:05.917+0000] {dag.py:3954} INFO - Setting next_dagrun for example_display_name to None, run_after=None
[2024-07-09T16:44:05.928+0000] {processor.py:183} INFO - Processing /home/airflow/.local/lib/python3.12/site-packages/airflow/example_dags/example_display_name.py took 0.134 seconds
[2024-07-09T16:44:36.001+0000] {processor.py:161} INFO - Started process (PID=545) to work on /home/airflow/.local/lib/python3.12/site-packages/airflow/example_dags/example_display_name.py
[2024-07-09T16:44:36.002+0000] {processor.py:830} INFO - Processing file /home/airflow/.local/lib/python3.12/site-packages/airflow/example_dags/example_display_name.py for tasks to queue
[2024-07-09T16:44:36.003+0000] {logging_mixin.py:188} INFO - [2024-07-09T16:44:36.003+0000] {dagbag.py:545} INFO - Filling up the DagBag from /home/airflow/.local/lib/python3.12/site-packages/airflow/example_dags/example_display_name.py
[2024-07-09T16:44:36.006+0000] {processor.py:840} INFO - DAG(s) 'example_display_name' retrieved from /home/airflow/.local/lib/python3.12/site-packages/airflow/example_dags/example_display_name.py
[2024-07-09T16:44:36.021+0000] {logging_mixin.py:188} INFO - [2024-07-09T16:44:36.021+0000] {dag.py:3096} INFO - Sync 1 DAGs
[2024-07-09T16:44:36.031+0000] {logging_mixin.py:188} INFO - [2024-07-09T16:44:36.030+0000] {dag.py:3954} INFO - Setting next_dagrun for example_display_name to None, run_after=None
[2024-07-09T16:44:36.044+0000] {processor.py:183} INFO - Processing /home/airflow/.local/lib/python3.12/site-packages/airflow/example_dags/example_display_name.py took 0.046 seconds
[2024-07-09T16:45:06.314+0000] {processor.py:161} INFO - Started process (PID=806) to work on /home/airflow/.local/lib/python3.12/site-packages/airflow/example_dags/example_display_name.py
[2024-07-09T16:45:06.314+0000] {processor.py:830} INFO - Processing file /home/airflow/.local/lib/python3.12/site-packages/airflow/example_dags/example_display_name.py for tasks to queue
[2024-07-09T16:45:06.315+0000] {logging_mixin.py:188} INFO - [2024-07-09T16:45:06.315+0000] {dagbag.py:545} INFO - Filling up the DagBag from /home/airflow/.local/lib/python3.12/site-packages/airflow/example_dags/example_display_name.py
[2024-07-09T16:45:06.318+0000] {processor.py:840} INFO - DAG(s) 'example_display_name' retrieved from /home/airflow/.local/lib/python3.12/site-packages/airflow/example_dags/example_display_name.py
[2024-07-09T16:45:06.334+0000] {logging_mixin.py:188} INFO - [2024-07-09T16:45:06.334+0000] {dag.py:3096} INFO - Sync 1 DAGs
[2024-07-09T16:45:06.342+0000] {logging_mixin.py:188} INFO - [2024-07-09T16:45:06.342+0000] {dag.py:3954} INFO - Setting next_dagrun for example_display_name to None, run_after=None
[2024-07-09T16:45:06.353+0000] {processor.py:183} INFO - Processing /home/airflow/.local/lib/python3.12/site-packages/airflow/example_dags/example_display_name.py took 0.043 seconds
[2024-07-09T16:45:36.594+0000] {processor.py:161} INFO - Started process (PID=1065) to work on /home/airflow/.local/lib/python3.12/site-packages/airflow/example_dags/example_display_name.py
[2024-07-09T16:45:36.595+0000] {processor.py:830} INFO - Processing file /home/airflow/.local/lib/python3.12/site-packages/airflow/example_dags/example_display_name.py for tasks to queue
[2024-07-09T16:45:36.596+0000] {logging_mixin.py:188} INFO - [2024-07-09T16:45:36.596+0000] {dagbag.py:545} INFO - Filling up the DagBag from /home/airflow/.local/lib/python3.12/site-packages/airflow/example_dags/example_display_name.py
[2024-07-09T16:45:36.601+0000] {processor.py:840} INFO - DAG(s) 'example_display_name' retrieved from /home/airflow/.local/lib/python3.12/site-packages/airflow/example_dags/example_display_name.py
[2024-07-09T16:45:36.617+0000] {logging_mixin.py:188} INFO - [2024-07-09T16:45:36.617+0000] {dag.py:3096} INFO - Sync 1 DAGs
[2024-07-09T16:45:36.628+0000] {logging_mixin.py:188} INFO - [2024-07-09T16:45:36.627+0000] {dag.py:3954} INFO - Setting next_dagrun for example_display_name to None, run_after=None
[2024-07-09T16:45:36.643+0000] {processor.py:183} INFO - Processing /home/airflow/.local/lib/python3.12/site-packages/airflow/example_dags/example_display_name.py took 0.055 seconds
[2024-07-09T16:46:07.213+0000] {processor.py:161} INFO - Started process (PID=1326) to work on /home/airflow/.local/lib/python3.12/site-packages/airflow/example_dags/example_display_name.py
[2024-07-09T16:46:07.215+0000] {processor.py:830} INFO - Processing file /home/airflow/.local/lib/python3.12/site-packages/airflow/example_dags/example_display_name.py for tasks to queue
[2024-07-09T16:46:07.216+0000] {logging_mixin.py:188} INFO - [2024-07-09T16:46:07.216+0000] {dagbag.py:545} INFO - Filling up the DagBag from /home/airflow/.local/lib/python3.12/site-packages/airflow/example_dags/example_display_name.py
[2024-07-09T16:46:07.222+0000] {processor.py:840} INFO - DAG(s) 'example_display_name' retrieved from /home/airflow/.local/lib/python3.12/site-packages/airflow/example_dags/example_display_name.py
[2024-07-09T16:46:07.249+0000] {logging_mixin.py:188} INFO - [2024-07-09T16:46:07.249+0000] {dag.py:3096} INFO - Sync 1 DAGs
[2024-07-09T16:46:07.262+0000] {logging_mixin.py:188} INFO - [2024-07-09T16:46:07.261+0000] {dag.py:3954} INFO - Setting next_dagrun for example_display_name to None, run_after=None
[2024-07-09T16:46:07.283+0000] {processor.py:183} INFO - Processing /home/airflow/.local/lib/python3.12/site-packages/airflow/example_dags/example_display_name.py took 0.075 seconds
[2024-07-09T16:46:37.484+0000] {processor.py:161} INFO - Started process (PID=1589) to work on /home/airflow/.local/lib/python3.12/site-packages/airflow/example_dags/example_display_name.py
[2024-07-09T16:46:37.484+0000] {processor.py:830} INFO - Processing file /home/airflow/.local/lib/python3.12/site-packages/airflow/example_dags/example_display_name.py for tasks to queue
[2024-07-09T16:46:37.485+0000] {logging_mixin.py:188} INFO - [2024-07-09T16:46:37.485+0000] {dagbag.py:545} INFO - Filling up the DagBag from /home/airflow/.local/lib/python3.12/site-packages/airflow/example_dags/example_display_name.py
[2024-07-09T16:46:37.489+0000] {processor.py:840} INFO - DAG(s) 'example_display_name' retrieved from /home/airflow/.local/lib/python3.12/site-packages/airflow/example_dags/example_display_name.py
[2024-07-09T16:46:37.504+0000] {logging_mixin.py:188} INFO - [2024-07-09T16:46:37.504+0000] {dag.py:3096} INFO - Sync 1 DAGs
[2024-07-09T16:46:37.513+0000] {logging_mixin.py:188} INFO - [2024-07-09T16:46:37.513+0000] {dag.py:3954} INFO - Setting next_dagrun for example_display_name to None, run_after=None
[2024-07-09T16:46:37.527+0000] {processor.py:183} INFO - Processing /home/airflow/.local/lib/python3.12/site-packages/airflow/example_dags/example_display_name.py took 0.047 seconds
[2024-07-09T16:47:07.825+0000] {processor.py:161} INFO - Started process (PID=1848) to work on /home/airflow/.local/lib/python3.12/site-packages/airflow/example_dags/example_display_name.py
[2024-07-09T16:47:07.826+0000] {processor.py:830} INFO - Processing file /home/airflow/.local/lib/python3.12/site-packages/airflow/example_dags/example_display_name.py for tasks to queue
[2024-07-09T16:47:07.827+0000] {logging_mixin.py:188} INFO - [2024-07-09T16:47:07.827+0000] {dagbag.py:545} INFO - Filling up the DagBag from /home/airflow/.local/lib/python3.12/site-packages/airflow/example_dags/example_display_name.py
[2024-07-09T16:47:07.831+0000] {processor.py:840} INFO - DAG(s) 'example_display_name' retrieved from /home/airflow/.local/lib/python3.12/site-packages/airflow/example_dags/example_display_name.py
[2024-07-09T16:47:07.849+0000] {logging_mixin.py:188} INFO - [2024-07-09T16:47:07.848+0000] {dag.py:3096} INFO - Sync 1 DAGs
[2024-07-09T16:47:07.861+0000] {logging_mixin.py:188} INFO - [2024-07-09T16:47:07.861+0000] {dag.py:3954} INFO - Setting next_dagrun for example_display_name to None, run_after=None
[2024-07-09T16:47:07.876+0000] {processor.py:183} INFO - Processing /home/airflow/.local/lib/python3.12/site-packages/airflow/example_dags/example_display_name.py took 0.055 seconds
[2024-07-09T16:47:37.975+0000] {processor.py:161} INFO - Started process (PID=2111) to work on /home/airflow/.local/lib/python3.12/site-packages/airflow/example_dags/example_display_name.py
[2024-07-09T16:47:37.976+0000] {processor.py:830} INFO - Processing file /home/airflow/.local/lib/python3.12/site-packages/airflow/example_dags/example_display_name.py for tasks to queue
[2024-07-09T16:47:37.977+0000] {logging_mixin.py:188} INFO - [2024-07-09T16:47:37.977+0000] {dagbag.py:545} INFO - Filling up the DagBag from /home/airflow/.local/lib/python3.12/site-packages/airflow/example_dags/example_display_name.py
[2024-07-09T16:47:37.980+0000] {processor.py:840} INFO - DAG(s) 'example_display_name' retrieved from /home/airflow/.local/lib/python3.12/site-packages/airflow/example_dags/example_display_name.py
[2024-07-09T16:47:37.994+0000] {logging_mixin.py:188} INFO - [2024-07-09T16:47:37.994+0000] {dag.py:3096} INFO - Sync 1 DAGs
[2024-07-09T16:47:38.003+0000] {logging_mixin.py:188} INFO - [2024-07-09T16:47:38.002+0000] {dag.py:3954} INFO - Setting next_dagrun for example_display_name to None, run_after=None
[2024-07-09T16:47:38.013+0000] {processor.py:183} INFO - Processing /home/airflow/.local/lib/python3.12/site-packages/airflow/example_dags/example_display_name.py took 0.042 seconds
[2024-07-09T16:48:08.129+0000] {processor.py:161} INFO - Started process (PID=2370) to work on /home/airflow/.local/lib/python3.12/site-packages/airflow/example_dags/example_display_name.py
[2024-07-09T16:48:08.129+0000] {processor.py:830} INFO - Processing file /home/airflow/.local/lib/python3.12/site-packages/airflow/example_dags/example_display_name.py for tasks to queue
[2024-07-09T16:48:08.130+0000] {logging_mixin.py:188} INFO - [2024-07-09T16:48:08.130+0000] {dagbag.py:545} INFO - Filling up the DagBag from /home/airflow/.local/lib/python3.12/site-packages/airflow/example_dags/example_display_name.py
[2024-07-09T16:48:08.133+0000] {processor.py:840} INFO - DAG(s) 'example_display_name' retrieved from /home/airflow/.local/lib/python3.12/site-packages/airflow/example_dags/example_display_name.py
[2024-07-09T16:48:08.149+0000] {logging_mixin.py:188} INFO - [2024-07-09T16:48:08.149+0000] {dag.py:3096} INFO - Sync 1 DAGs
[2024-07-09T16:48:08.158+0000] {logging_mixin.py:188} INFO - [2024-07-09T16:48:08.158+0000] {dag.py:3954} INFO - Setting next_dagrun for example_display_name to None, run_after=None
[2024-07-09T16:48:08.171+0000] {processor.py:183} INFO - Processing /home/airflow/.local/lib/python3.12/site-packages/airflow/example_dags/example_display_name.py took 0.047 seconds
[2024-07-09T16:48:38.593+0000] {processor.py:161} INFO - Started process (PID=2631) to work on /home/airflow/.local/lib/python3.12/site-packages/airflow/example_dags/example_display_name.py
[2024-07-09T16:48:38.594+0000] {processor.py:830} INFO - Processing file /home/airflow/.local/lib/python3.12/site-packages/airflow/example_dags/example_display_name.py for tasks to queue
[2024-07-09T16:48:38.595+0000] {logging_mixin.py:188} INFO - [2024-07-09T16:48:38.595+0000] {dagbag.py:545} INFO - Filling up the DagBag from /home/airflow/.local/lib/python3.12/site-packages/airflow/example_dags/example_display_name.py
[2024-07-09T16:48:38.599+0000] {processor.py:840} INFO - DAG(s) 'example_display_name' retrieved from /home/airflow/.local/lib/python3.12/site-packages/airflow/example_dags/example_display_name.py
[2024-07-09T16:48:38.616+0000] {logging_mixin.py:188} INFO - [2024-07-09T16:48:38.616+0000] {dag.py:3096} INFO - Sync 1 DAGs
[2024-07-09T16:48:38.626+0000] {logging_mixin.py:188} INFO - [2024-07-09T16:48:38.626+0000] {dag.py:3954} INFO - Setting next_dagrun for example_display_name to None, run_after=None
[2024-07-09T16:48:38.640+0000] {processor.py:183} INFO - Processing /home/airflow/.local/lib/python3.12/site-packages/airflow/example_dags/example_display_name.py took 0.052 seconds
[2024-07-09T16:49:08.944+0000] {processor.py:161} INFO - Started process (PID=2892) to work on /home/airflow/.local/lib/python3.12/site-packages/airflow/example_dags/example_display_name.py
[2024-07-09T16:49:08.945+0000] {processor.py:830} INFO - Processing file /home/airflow/.local/lib/python3.12/site-packages/airflow/example_dags/example_display_name.py for tasks to queue
[2024-07-09T16:49:08.946+0000] {logging_mixin.py:188} INFO - [2024-07-09T16:49:08.946+0000] {dagbag.py:545} INFO - Filling up the DagBag from /home/airflow/.local/lib/python3.12/site-packages/airflow/example_dags/example_display_name.py
[2024-07-09T16:49:08.949+0000] {processor.py:840} INFO - DAG(s) 'example_display_name' retrieved from /home/airflow/.local/lib/python3.12/site-packages/airflow/example_dags/example_display_name.py
[2024-07-09T16:49:08.968+0000] {logging_mixin.py:188} INFO - [2024-07-09T16:49:08.968+0000] {dag.py:3096} INFO - Sync 1 DAGs
[2024-07-09T16:49:08.977+0000] {logging_mixin.py:188} INFO - [2024-07-09T16:49:08.977+0000] {dag.py:3954} INFO - Setting next_dagrun for example_display_name to None, run_after=None
[2024-07-09T16:49:08.990+0000] {processor.py:183} INFO - Processing /home/airflow/.local/lib/python3.12/site-packages/airflow/example_dags/example_display_name.py took 0.050 seconds
[2024-07-09T16:49:39.218+0000] {processor.py:161} INFO - Started process (PID=3155) to work on /home/airflow/.local/lib/python3.12/site-packages/airflow/example_dags/example_display_name.py
[2024-07-09T16:49:39.218+0000] {processor.py:830} INFO - Processing file /home/airflow/.local/lib/python3.12/site-packages/airflow/example_dags/example_display_name.py for tasks to queue
[2024-07-09T16:49:39.219+0000] {logging_mixin.py:188} INFO - [2024-07-09T16:49:39.219+0000] {dagbag.py:545} INFO - Filling up the DagBag from /home/airflow/.local/lib/python3.12/site-packages/airflow/example_dags/example_display_name.py
[2024-07-09T16:49:39.223+0000] {processor.py:840} INFO - DAG(s) 'example_display_name' retrieved from /home/airflow/.local/lib/python3.12/site-packages/airflow/example_dags/example_display_name.py
[2024-07-09T16:49:39.237+0000] {logging_mixin.py:188} INFO - [2024-07-09T16:49:39.237+0000] {dag.py:3096} INFO - Sync 1 DAGs
[2024-07-09T16:49:39.246+0000] {logging_mixin.py:188} INFO - [2024-07-09T16:49:39.246+0000] {dag.py:3954} INFO - Setting next_dagrun for example_display_name to None, run_after=None
[2024-07-09T16:49:39.259+0000] {processor.py:183} INFO - Processing /home/airflow/.local/lib/python3.12/site-packages/airflow/example_dags/example_display_name.py took 0.045 seconds
[2024-07-09T16:50:09.525+0000] {processor.py:161} INFO - Started process (PID=3414) to work on /home/airflow/.local/lib/python3.12/site-packages/airflow/example_dags/example_display_name.py
[2024-07-09T16:50:09.526+0000] {processor.py:830} INFO - Processing file /home/airflow/.local/lib/python3.12/site-packages/airflow/example_dags/example_display_name.py for tasks to queue
[2024-07-09T16:50:09.527+0000] {logging_mixin.py:188} INFO - [2024-07-09T16:50:09.527+0000] {dagbag.py:545} INFO - Filling up the DagBag from /home/airflow/.local/lib/python3.12/site-packages/airflow/example_dags/example_display_name.py
[2024-07-09T16:50:09.530+0000] {processor.py:840} INFO - DAG(s) 'example_display_name' retrieved from /home/airflow/.local/lib/python3.12/site-packages/airflow/example_dags/example_display_name.py
[2024-07-09T16:50:09.545+0000] {logging_mixin.py:188} INFO - [2024-07-09T16:50:09.545+0000] {dag.py:3096} INFO - Sync 1 DAGs
[2024-07-09T16:50:09.555+0000] {logging_mixin.py:188} INFO - [2024-07-09T16:50:09.554+0000] {dag.py:3954} INFO - Setting next_dagrun for example_display_name to None, run_after=None
[2024-07-09T16:50:09.568+0000] {processor.py:183} INFO - Processing /home/airflow/.local/lib/python3.12/site-packages/airflow/example_dags/example_display_name.py took 0.046 seconds
[2024-07-09T16:50:39.782+0000] {processor.py:161} INFO - Started process (PID=3675) to work on /home/airflow/.local/lib/python3.12/site-packages/airflow/example_dags/example_display_name.py
[2024-07-09T16:50:39.783+0000] {processor.py:830} INFO - Processing file /home/airflow/.local/lib/python3.12/site-packages/airflow/example_dags/example_display_name.py for tasks to queue
[2024-07-09T16:50:39.784+0000] {logging_mixin.py:188} INFO - [2024-07-09T16:50:39.783+0000] {dagbag.py:545} INFO - Filling up the DagBag from /home/airflow/.local/lib/python3.12/site-packages/airflow/example_dags/example_display_name.py
[2024-07-09T16:50:39.787+0000] {processor.py:840} INFO - DAG(s) 'example_display_name' retrieved from /home/airflow/.local/lib/python3.12/site-packages/airflow/example_dags/example_display_name.py
[2024-07-09T16:50:39.803+0000] {logging_mixin.py:188} INFO - [2024-07-09T16:50:39.803+0000] {dag.py:3096} INFO - Sync 1 DAGs
[2024-07-09T16:50:39.812+0000] {logging_mixin.py:188} INFO - [2024-07-09T16:50:39.812+0000] {dag.py:3954} INFO - Setting next_dagrun for example_display_name to None, run_after=None
[2024-07-09T16:50:39.825+0000] {processor.py:183} INFO - Processing /home/airflow/.local/lib/python3.12/site-packages/airflow/example_dags/example_display_name.py took 0.046 seconds
[2024-07-09T16:51:10.091+0000] {processor.py:161} INFO - Started process (PID=3936) to work on /home/airflow/.local/lib/python3.12/site-packages/airflow/example_dags/example_display_name.py
[2024-07-09T16:51:10.091+0000] {processor.py:830} INFO - Processing file /home/airflow/.local/lib/python3.12/site-packages/airflow/example_dags/example_display_name.py for tasks to queue
[2024-07-09T16:51:10.092+0000] {logging_mixin.py:188} INFO - [2024-07-09T16:51:10.092+0000] {dagbag.py:545} INFO - Filling up the DagBag from /home/airflow/.local/lib/python3.12/site-packages/airflow/example_dags/example_display_name.py
[2024-07-09T16:51:10.096+0000] {processor.py:840} INFO - DAG(s) 'example_display_name' retrieved from /home/airflow/.local/lib/python3.12/site-packages/airflow/example_dags/example_display_name.py
[2024-07-09T16:51:10.111+0000] {logging_mixin.py:188} INFO - [2024-07-09T16:51:10.111+0000] {dag.py:3096} INFO - Sync 1 DAGs
[2024-07-09T16:51:10.121+0000] {logging_mixin.py:188} INFO - [2024-07-09T16:51:10.120+0000] {dag.py:3954} INFO - Setting next_dagrun for example_display_name to None, run_after=None
[2024-07-09T16:51:10.133+0000] {processor.py:183} INFO - Processing /home/airflow/.local/lib/python3.12/site-packages/airflow/example_dags/example_display_name.py took 0.047 seconds
[2024-07-09T16:51:40.297+0000] {processor.py:161} INFO - Started process (PID=4197) to work on /home/airflow/.local/lib/python3.12/site-packages/airflow/example_dags/example_display_name.py
[2024-07-09T16:51:40.298+0000] {processor.py:830} INFO - Processing file /home/airflow/.local/lib/python3.12/site-packages/airflow/example_dags/example_display_name.py for tasks to queue
[2024-07-09T16:51:40.299+0000] {logging_mixin.py:188} INFO - [2024-07-09T16:51:40.298+0000] {dagbag.py:545} INFO - Filling up the DagBag from /home/airflow/.local/lib/python3.12/site-packages/airflow/example_dags/example_display_name.py
[2024-07-09T16:51:40.302+0000] {processor.py:840} INFO - DAG(s) 'example_display_name' retrieved from /home/airflow/.local/lib/python3.12/site-packages/airflow/example_dags/example_display_name.py
[2024-07-09T16:51:40.319+0000] {logging_mixin.py:188} INFO - [2024-07-09T16:51:40.319+0000] {dag.py:3096} INFO - Sync 1 DAGs
[2024-07-09T16:51:40.328+0000] {logging_mixin.py:188} INFO - [2024-07-09T16:51:40.328+0000] {dag.py:3954} INFO - Setting next_dagrun for example_display_name to None, run_after=None
[2024-07-09T16:51:40.342+0000] {processor.py:183} INFO - Processing /home/airflow/.local/lib/python3.12/site-packages/airflow/example_dags/example_display_name.py took 0.049 seconds
[2024-07-09T16:52:10.686+0000] {processor.py:161} INFO - Started process (PID=4460) to work on /home/airflow/.local/lib/python3.12/site-packages/airflow/example_dags/example_display_name.py
[2024-07-09T16:52:10.686+0000] {processor.py:830} INFO - Processing file /home/airflow/.local/lib/python3.12/site-packages/airflow/example_dags/example_display_name.py for tasks to queue
[2024-07-09T16:52:10.687+0000] {logging_mixin.py:188} INFO - [2024-07-09T16:52:10.687+0000] {dagbag.py:545} INFO - Filling up the DagBag from /home/airflow/.local/lib/python3.12/site-packages/airflow/example_dags/example_display_name.py
[2024-07-09T16:52:10.690+0000] {processor.py:840} INFO - DAG(s) 'example_display_name' retrieved from /home/airflow/.local/lib/python3.12/site-packages/airflow/example_dags/example_display_name.py
[2024-07-09T16:52:10.706+0000] {logging_mixin.py:188} INFO - [2024-07-09T16:52:10.705+0000] {dag.py:3096} INFO - Sync 1 DAGs
[2024-07-09T16:52:10.714+0000] {logging_mixin.py:188} INFO - [2024-07-09T16:52:10.714+0000] {dag.py:3954} INFO - Setting next_dagrun for example_display_name to None, run_after=None
[2024-07-09T16:52:10.726+0000] {processor.py:183} INFO - Processing /home/airflow/.local/lib/python3.12/site-packages/airflow/example_dags/example_display_name.py took 0.044 seconds
[2024-07-09T16:52:40.986+0000] {processor.py:161} INFO - Started process (PID=4719) to work on /home/airflow/.local/lib/python3.12/site-packages/airflow/example_dags/example_display_name.py
[2024-07-09T16:52:40.987+0000] {processor.py:830} INFO - Processing file /home/airflow/.local/lib/python3.12/site-packages/airflow/example_dags/example_display_name.py for tasks to queue
[2024-07-09T16:52:40.988+0000] {logging_mixin.py:188} INFO - [2024-07-09T16:52:40.987+0000] {dagbag.py:545} INFO - Filling up the DagBag from /home/airflow/.local/lib/python3.12/site-packages/airflow/example_dags/example_display_name.py
[2024-07-09T16:52:40.992+0000] {processor.py:840} INFO - DAG(s) 'example_display_name' retrieved from /home/airflow/.local/lib/python3.12/site-packages/airflow/example_dags/example_display_name.py
[2024-07-09T16:52:41.009+0000] {logging_mixin.py:188} INFO - [2024-07-09T16:52:41.009+0000] {dag.py:3096} INFO - Sync 1 DAGs
[2024-07-09T16:52:41.020+0000] {logging_mixin.py:188} INFO - [2024-07-09T16:52:41.020+0000] {dag.py:3954} INFO - Setting next_dagrun for example_display_name to None, run_after=None
[2024-07-09T16:52:41.036+0000] {processor.py:183} INFO - Processing /home/airflow/.local/lib/python3.12/site-packages/airflow/example_dags/example_display_name.py took 0.054 seconds
[2024-07-09T16:53:11.325+0000] {processor.py:161} INFO - Started process (PID=4980) to work on /home/airflow/.local/lib/python3.12/site-packages/airflow/example_dags/example_display_name.py
[2024-07-09T16:53:11.326+0000] {processor.py:830} INFO - Processing file /home/airflow/.local/lib/python3.12/site-packages/airflow/example_dags/example_display_name.py for tasks to queue
[2024-07-09T16:53:11.327+0000] {logging_mixin.py:188} INFO - [2024-07-09T16:53:11.327+0000] {dagbag.py:545} INFO - Filling up the DagBag from /home/airflow/.local/lib/python3.12/site-packages/airflow/example_dags/example_display_name.py
[2024-07-09T16:53:11.330+0000] {processor.py:840} INFO - DAG(s) 'example_display_name' retrieved from /home/airflow/.local/lib/python3.12/site-packages/airflow/example_dags/example_display_name.py
[2024-07-09T16:53:11.348+0000] {logging_mixin.py:188} INFO - [2024-07-09T16:53:11.347+0000] {dag.py:3096} INFO - Sync 1 DAGs
[2024-07-09T16:53:11.357+0000] {logging_mixin.py:188} INFO - [2024-07-09T16:53:11.357+0000] {dag.py:3954} INFO - Setting next_dagrun for example_display_name to None, run_after=None
[2024-07-09T16:53:11.373+0000] {processor.py:183} INFO - Processing /home/airflow/.local/lib/python3.12/site-packages/airflow/example_dags/example_display_name.py took 0.052 seconds
[2024-07-09T16:53:41.645+0000] {processor.py:161} INFO - Started process (PID=5243) to work on /home/airflow/.local/lib/python3.12/site-packages/airflow/example_dags/example_display_name.py
[2024-07-09T16:53:41.646+0000] {processor.py:830} INFO - Processing file /home/airflow/.local/lib/python3.12/site-packages/airflow/example_dags/example_display_name.py for tasks to queue
[2024-07-09T16:53:41.647+0000] {logging_mixin.py:188} INFO - [2024-07-09T16:53:41.647+0000] {dagbag.py:545} INFO - Filling up the DagBag from /home/airflow/.local/lib/python3.12/site-packages/airflow/example_dags/example_display_name.py
[2024-07-09T16:53:41.650+0000] {processor.py:840} INFO - DAG(s) 'example_display_name' retrieved from /home/airflow/.local/lib/python3.12/site-packages/airflow/example_dags/example_display_name.py
[2024-07-09T16:53:41.666+0000] {logging_mixin.py:188} INFO - [2024-07-09T16:53:41.666+0000] {dag.py:3096} INFO - Sync 1 DAGs
[2024-07-09T16:53:41.679+0000] {logging_mixin.py:188} INFO - [2024-07-09T16:53:41.679+0000] {dag.py:3954} INFO - Setting next_dagrun for example_display_name to None, run_after=None
[2024-07-09T16:53:41.693+0000] {processor.py:183} INFO - Processing /home/airflow/.local/lib/python3.12/site-packages/airflow/example_dags/example_display_name.py took 0.052 seconds
[2024-07-09T16:54:12.032+0000] {processor.py:161} INFO - Started process (PID=5504) to work on /home/airflow/.local/lib/python3.12/site-packages/airflow/example_dags/example_display_name.py
[2024-07-09T16:54:12.033+0000] {processor.py:830} INFO - Processing file /home/airflow/.local/lib/python3.12/site-packages/airflow/example_dags/example_display_name.py for tasks to queue
[2024-07-09T16:54:12.034+0000] {logging_mixin.py:188} INFO - [2024-07-09T16:54:12.034+0000] {dagbag.py:545} INFO - Filling up the DagBag from /home/airflow/.local/lib/python3.12/site-packages/airflow/example_dags/example_display_name.py
[2024-07-09T16:54:12.039+0000] {processor.py:840} INFO - DAG(s) 'example_display_name' retrieved from /home/airflow/.local/lib/python3.12/site-packages/airflow/example_dags/example_display_name.py
[2024-07-09T16:54:12.060+0000] {logging_mixin.py:188} INFO - [2024-07-09T16:54:12.059+0000] {dag.py:3096} INFO - Sync 1 DAGs
[2024-07-09T16:54:12.073+0000] {logging_mixin.py:188} INFO - [2024-07-09T16:54:12.073+0000] {dag.py:3954} INFO - Setting next_dagrun for example_display_name to None, run_after=None
[2024-07-09T16:54:12.093+0000] {processor.py:183} INFO - Processing /home/airflow/.local/lib/python3.12/site-packages/airflow/example_dags/example_display_name.py took 0.065 seconds
[2024-07-09T16:54:42.427+0000] {processor.py:161} INFO - Started process (PID=5763) to work on /home/airflow/.local/lib/python3.12/site-packages/airflow/example_dags/example_display_name.py
[2024-07-09T16:54:42.428+0000] {processor.py:830} INFO - Processing file /home/airflow/.local/lib/python3.12/site-packages/airflow/example_dags/example_display_name.py for tasks to queue
[2024-07-09T16:54:42.429+0000] {logging_mixin.py:188} INFO - [2024-07-09T16:54:42.429+0000] {dagbag.py:545} INFO - Filling up the DagBag from /home/airflow/.local/lib/python3.12/site-packages/airflow/example_dags/example_display_name.py
[2024-07-09T16:54:42.432+0000] {processor.py:840} INFO - DAG(s) 'example_display_name' retrieved from /home/airflow/.local/lib/python3.12/site-packages/airflow/example_dags/example_display_name.py
[2024-07-09T16:54:42.448+0000] {logging_mixin.py:188} INFO - [2024-07-09T16:54:42.448+0000] {dag.py:3096} INFO - Sync 1 DAGs
[2024-07-09T16:54:42.457+0000] {logging_mixin.py:188} INFO - [2024-07-09T16:54:42.456+0000] {dag.py:3954} INFO - Setting next_dagrun for example_display_name to None, run_after=None
[2024-07-09T16:54:42.470+0000] {processor.py:183} INFO - Processing /home/airflow/.local/lib/python3.12/site-packages/airflow/example_dags/example_display_name.py took 0.047 seconds
[2024-07-09T16:55:12.754+0000] {processor.py:161} INFO - Started process (PID=6024) to work on /home/airflow/.local/lib/python3.12/site-packages/airflow/example_dags/example_display_name.py
[2024-07-09T16:55:12.754+0000] {processor.py:830} INFO - Processing file /home/airflow/.local/lib/python3.12/site-packages/airflow/example_dags/example_display_name.py for tasks to queue
[2024-07-09T16:55:12.756+0000] {logging_mixin.py:188} INFO - [2024-07-09T16:55:12.756+0000] {dagbag.py:545} INFO - Filling up the DagBag from /home/airflow/.local/lib/python3.12/site-packages/airflow/example_dags/example_display_name.py
[2024-07-09T16:55:12.760+0000] {processor.py:840} INFO - DAG(s) 'example_display_name' retrieved from /home/airflow/.local/lib/python3.12/site-packages/airflow/example_dags/example_display_name.py
[2024-07-09T16:55:12.778+0000] {logging_mixin.py:188} INFO - [2024-07-09T16:55:12.778+0000] {dag.py:3096} INFO - Sync 1 DAGs
[2024-07-09T16:55:12.789+0000] {logging_mixin.py:188} INFO - [2024-07-09T16:55:12.789+0000] {dag.py:3954} INFO - Setting next_dagrun for example_display_name to None, run_after=None
[2024-07-09T16:55:12.806+0000] {processor.py:183} INFO - Processing /home/airflow/.local/lib/python3.12/site-packages/airflow/example_dags/example_display_name.py took 0.058 seconds
