[2024-07-09T16:44:07.124+0000] {processor.py:161} INFO - Started process (PID=362) to work on /home/airflow/.local/lib/python3.12/site-packages/airflow/example_dags/example_python_decorator.py
[2024-07-09T16:44:07.124+0000] {processor.py:830} INFO - Processing file /home/airflow/.local/lib/python3.12/site-packages/airflow/example_dags/example_python_decorator.py for tasks to queue
[2024-07-09T16:44:07.125+0000] {logging_mixin.py:188} INFO - [2024-07-09T16:44:07.125+0000] {dagbag.py:545} INFO - Filling up the DagBag from /home/airflow/.local/lib/python3.12/site-packages/airflow/example_dags/example_python_decorator.py
[2024-07-09T16:44:07.134+0000] {processor.py:840} INFO - DAG(s) 'example_python_decorator' retrieved from /home/airflow/.local/lib/python3.12/site-packages/airflow/example_dags/example_python_decorator.py
[2024-07-09T16:44:07.220+0000] {logging_mixin.py:188} INFO - [2024-07-09T16:44:07.220+0000] {override.py:1829} INFO - Created Permission View: can delete on DAG:example_python_decorator
[2024-07-09T16:44:07.227+0000] {logging_mixin.py:188} INFO - [2024-07-09T16:44:07.227+0000] {override.py:1829} INFO - Created Permission View: can edit on DAG:example_python_decorator
[2024-07-09T16:44:07.234+0000] {logging_mixin.py:188} INFO - [2024-07-09T16:44:07.233+0000] {override.py:1829} INFO - Created Permission View: can read on DAG:example_python_decorator
[2024-07-09T16:44:07.234+0000] {logging_mixin.py:188} INFO - [2024-07-09T16:44:07.234+0000] {dag.py:3096} INFO - Sync 1 DAGs
[2024-07-09T16:44:07.242+0000] {logging_mixin.py:188} INFO - [2024-07-09T16:44:07.242+0000] {dag.py:3118} INFO - Creating ORM DAG for example_python_decorator
[2024-07-09T16:44:07.243+0000] {logging_mixin.py:188} INFO - [2024-07-09T16:44:07.242+0000] {dag.py:3954} INFO - Setting next_dagrun for example_python_decorator to None, run_after=None
[2024-07-09T16:44:07.254+0000] {processor.py:183} INFO - Processing /home/airflow/.local/lib/python3.12/site-packages/airflow/example_dags/example_python_decorator.py took 0.135 seconds
[2024-07-09T16:44:37.749+0000] {processor.py:161} INFO - Started process (PID=623) to work on /home/airflow/.local/lib/python3.12/site-packages/airflow/example_dags/example_python_decorator.py
[2024-07-09T16:44:37.749+0000] {processor.py:830} INFO - Processing file /home/airflow/.local/lib/python3.12/site-packages/airflow/example_dags/example_python_decorator.py for tasks to queue
[2024-07-09T16:44:37.750+0000] {logging_mixin.py:188} INFO - [2024-07-09T16:44:37.750+0000] {dagbag.py:545} INFO - Filling up the DagBag from /home/airflow/.local/lib/python3.12/site-packages/airflow/example_dags/example_python_decorator.py
[2024-07-09T16:44:37.758+0000] {processor.py:840} INFO - DAG(s) 'example_python_decorator' retrieved from /home/airflow/.local/lib/python3.12/site-packages/airflow/example_dags/example_python_decorator.py
[2024-07-09T16:44:37.775+0000] {logging_mixin.py:188} INFO - [2024-07-09T16:44:37.775+0000] {dag.py:3096} INFO - Sync 1 DAGs
[2024-07-09T16:44:37.784+0000] {logging_mixin.py:188} INFO - [2024-07-09T16:44:37.784+0000] {dag.py:3954} INFO - Setting next_dagrun for example_python_decorator to None, run_after=None
[2024-07-09T16:44:37.797+0000] {processor.py:183} INFO - Processing /home/airflow/.local/lib/python3.12/site-packages/airflow/example_dags/example_python_decorator.py took 0.052 seconds
[2024-07-09T16:45:07.970+0000] {processor.py:161} INFO - Started process (PID=884) to work on /home/airflow/.local/lib/python3.12/site-packages/airflow/example_dags/example_python_decorator.py
[2024-07-09T16:45:07.971+0000] {processor.py:830} INFO - Processing file /home/airflow/.local/lib/python3.12/site-packages/airflow/example_dags/example_python_decorator.py for tasks to queue
[2024-07-09T16:45:07.972+0000] {logging_mixin.py:188} INFO - [2024-07-09T16:45:07.972+0000] {dagbag.py:545} INFO - Filling up the DagBag from /home/airflow/.local/lib/python3.12/site-packages/airflow/example_dags/example_python_decorator.py
[2024-07-09T16:45:07.980+0000] {processor.py:840} INFO - DAG(s) 'example_python_decorator' retrieved from /home/airflow/.local/lib/python3.12/site-packages/airflow/example_dags/example_python_decorator.py
[2024-07-09T16:45:07.998+0000] {logging_mixin.py:188} INFO - [2024-07-09T16:45:07.998+0000] {dag.py:3096} INFO - Sync 1 DAGs
[2024-07-09T16:45:08.008+0000] {logging_mixin.py:188} INFO - [2024-07-09T16:45:08.008+0000] {dag.py:3954} INFO - Setting next_dagrun for example_python_decorator to None, run_after=None
[2024-07-09T16:45:08.021+0000] {processor.py:183} INFO - Processing /home/airflow/.local/lib/python3.12/site-packages/airflow/example_dags/example_python_decorator.py took 0.055 seconds
[2024-07-09T16:45:38.377+0000] {processor.py:161} INFO - Started process (PID=1147) to work on /home/airflow/.local/lib/python3.12/site-packages/airflow/example_dags/example_python_decorator.py
[2024-07-09T16:45:38.377+0000] {processor.py:830} INFO - Processing file /home/airflow/.local/lib/python3.12/site-packages/airflow/example_dags/example_python_decorator.py for tasks to queue
[2024-07-09T16:45:38.378+0000] {logging_mixin.py:188} INFO - [2024-07-09T16:45:38.378+0000] {dagbag.py:545} INFO - Filling up the DagBag from /home/airflow/.local/lib/python3.12/site-packages/airflow/example_dags/example_python_decorator.py
[2024-07-09T16:45:38.387+0000] {processor.py:840} INFO - DAG(s) 'example_python_decorator' retrieved from /home/airflow/.local/lib/python3.12/site-packages/airflow/example_dags/example_python_decorator.py
[2024-07-09T16:45:38.403+0000] {logging_mixin.py:188} INFO - [2024-07-09T16:45:38.403+0000] {dag.py:3096} INFO - Sync 1 DAGs
[2024-07-09T16:45:38.412+0000] {logging_mixin.py:188} INFO - [2024-07-09T16:45:38.412+0000] {dag.py:3954} INFO - Setting next_dagrun for example_python_decorator to None, run_after=None
[2024-07-09T16:45:38.425+0000] {processor.py:183} INFO - Processing /home/airflow/.local/lib/python3.12/site-packages/airflow/example_dags/example_python_decorator.py took 0.052 seconds
[2024-07-09T16:46:08.970+0000] {processor.py:161} INFO - Started process (PID=1406) to work on /home/airflow/.local/lib/python3.12/site-packages/airflow/example_dags/example_python_decorator.py
[2024-07-09T16:46:08.971+0000] {processor.py:830} INFO - Processing file /home/airflow/.local/lib/python3.12/site-packages/airflow/example_dags/example_python_decorator.py for tasks to queue
[2024-07-09T16:46:08.972+0000] {logging_mixin.py:188} INFO - [2024-07-09T16:46:08.972+0000] {dagbag.py:545} INFO - Filling up the DagBag from /home/airflow/.local/lib/python3.12/site-packages/airflow/example_dags/example_python_decorator.py
[2024-07-09T16:46:08.984+0000] {processor.py:840} INFO - DAG(s) 'example_python_decorator' retrieved from /home/airflow/.local/lib/python3.12/site-packages/airflow/example_dags/example_python_decorator.py
[2024-07-09T16:46:09.003+0000] {logging_mixin.py:188} INFO - [2024-07-09T16:46:09.002+0000] {dag.py:3096} INFO - Sync 1 DAGs
[2024-07-09T16:46:09.012+0000] {logging_mixin.py:188} INFO - [2024-07-09T16:46:09.011+0000] {dag.py:3954} INFO - Setting next_dagrun for example_python_decorator to None, run_after=None
[2024-07-09T16:46:09.025+0000] {processor.py:183} INFO - Processing /home/airflow/.local/lib/python3.12/site-packages/airflow/example_dags/example_python_decorator.py took 0.060 seconds
[2024-07-09T16:46:39.236+0000] {processor.py:161} INFO - Started process (PID=1669) to work on /home/airflow/.local/lib/python3.12/site-packages/airflow/example_dags/example_python_decorator.py
[2024-07-09T16:46:39.236+0000] {processor.py:830} INFO - Processing file /home/airflow/.local/lib/python3.12/site-packages/airflow/example_dags/example_python_decorator.py for tasks to queue
[2024-07-09T16:46:39.237+0000] {logging_mixin.py:188} INFO - [2024-07-09T16:46:39.237+0000] {dagbag.py:545} INFO - Filling up the DagBag from /home/airflow/.local/lib/python3.12/site-packages/airflow/example_dags/example_python_decorator.py
[2024-07-09T16:46:39.245+0000] {processor.py:840} INFO - DAG(s) 'example_python_decorator' retrieved from /home/airflow/.local/lib/python3.12/site-packages/airflow/example_dags/example_python_decorator.py
[2024-07-09T16:46:39.262+0000] {logging_mixin.py:188} INFO - [2024-07-09T16:46:39.262+0000] {dag.py:3096} INFO - Sync 1 DAGs
[2024-07-09T16:46:39.270+0000] {logging_mixin.py:188} INFO - [2024-07-09T16:46:39.270+0000] {dag.py:3954} INFO - Setting next_dagrun for example_python_decorator to None, run_after=None
[2024-07-09T16:46:39.282+0000] {processor.py:183} INFO - Processing /home/airflow/.local/lib/python3.12/site-packages/airflow/example_dags/example_python_decorator.py took 0.050 seconds
[2024-07-09T16:47:09.528+0000] {processor.py:161} INFO - Started process (PID=1928) to work on /home/airflow/.local/lib/python3.12/site-packages/airflow/example_dags/example_python_decorator.py
[2024-07-09T16:47:09.528+0000] {processor.py:830} INFO - Processing file /home/airflow/.local/lib/python3.12/site-packages/airflow/example_dags/example_python_decorator.py for tasks to queue
[2024-07-09T16:47:09.529+0000] {logging_mixin.py:188} INFO - [2024-07-09T16:47:09.529+0000] {dagbag.py:545} INFO - Filling up the DagBag from /home/airflow/.local/lib/python3.12/site-packages/airflow/example_dags/example_python_decorator.py
[2024-07-09T16:47:09.538+0000] {processor.py:840} INFO - DAG(s) 'example_python_decorator' retrieved from /home/airflow/.local/lib/python3.12/site-packages/airflow/example_dags/example_python_decorator.py
[2024-07-09T16:47:09.554+0000] {logging_mixin.py:188} INFO - [2024-07-09T16:47:09.554+0000] {dag.py:3096} INFO - Sync 1 DAGs
[2024-07-09T16:47:09.563+0000] {logging_mixin.py:188} INFO - [2024-07-09T16:47:09.563+0000] {dag.py:3954} INFO - Setting next_dagrun for example_python_decorator to None, run_after=None
[2024-07-09T16:47:09.577+0000] {processor.py:183} INFO - Processing /home/airflow/.local/lib/python3.12/site-packages/airflow/example_dags/example_python_decorator.py took 0.053 seconds
[2024-07-09T16:47:39.692+0000] {processor.py:161} INFO - Started process (PID=2189) to work on /home/airflow/.local/lib/python3.12/site-packages/airflow/example_dags/example_python_decorator.py
[2024-07-09T16:47:39.692+0000] {processor.py:830} INFO - Processing file /home/airflow/.local/lib/python3.12/site-packages/airflow/example_dags/example_python_decorator.py for tasks to queue
[2024-07-09T16:47:39.693+0000] {logging_mixin.py:188} INFO - [2024-07-09T16:47:39.693+0000] {dagbag.py:545} INFO - Filling up the DagBag from /home/airflow/.local/lib/python3.12/site-packages/airflow/example_dags/example_python_decorator.py
[2024-07-09T16:47:39.702+0000] {processor.py:840} INFO - DAG(s) 'example_python_decorator' retrieved from /home/airflow/.local/lib/python3.12/site-packages/airflow/example_dags/example_python_decorator.py
[2024-07-09T16:47:39.719+0000] {logging_mixin.py:188} INFO - [2024-07-09T16:47:39.719+0000] {dag.py:3096} INFO - Sync 1 DAGs
[2024-07-09T16:47:39.728+0000] {logging_mixin.py:188} INFO - [2024-07-09T16:47:39.728+0000] {dag.py:3954} INFO - Setting next_dagrun for example_python_decorator to None, run_after=None
[2024-07-09T16:47:39.740+0000] {processor.py:183} INFO - Processing /home/airflow/.local/lib/python3.12/site-packages/airflow/example_dags/example_python_decorator.py took 0.052 seconds
[2024-07-09T16:48:09.931+0000] {processor.py:161} INFO - Started process (PID=2450) to work on /home/airflow/.local/lib/python3.12/site-packages/airflow/example_dags/example_python_decorator.py
[2024-07-09T16:48:09.931+0000] {processor.py:830} INFO - Processing file /home/airflow/.local/lib/python3.12/site-packages/airflow/example_dags/example_python_decorator.py for tasks to queue
[2024-07-09T16:48:09.932+0000] {logging_mixin.py:188} INFO - [2024-07-09T16:48:09.932+0000] {dagbag.py:545} INFO - Filling up the DagBag from /home/airflow/.local/lib/python3.12/site-packages/airflow/example_dags/example_python_decorator.py
[2024-07-09T16:48:09.941+0000] {processor.py:840} INFO - DAG(s) 'example_python_decorator' retrieved from /home/airflow/.local/lib/python3.12/site-packages/airflow/example_dags/example_python_decorator.py
[2024-07-09T16:48:09.958+0000] {logging_mixin.py:188} INFO - [2024-07-09T16:48:09.958+0000] {dag.py:3096} INFO - Sync 1 DAGs
[2024-07-09T16:48:09.967+0000] {logging_mixin.py:188} INFO - [2024-07-09T16:48:09.966+0000] {dag.py:3954} INFO - Setting next_dagrun for example_python_decorator to None, run_after=None
[2024-07-09T16:48:09.979+0000] {processor.py:183} INFO - Processing /home/airflow/.local/lib/python3.12/site-packages/airflow/example_dags/example_python_decorator.py took 0.052 seconds
[2024-07-09T16:48:40.409+0000] {processor.py:161} INFO - Started process (PID=2711) to work on /home/airflow/.local/lib/python3.12/site-packages/airflow/example_dags/example_python_decorator.py
[2024-07-09T16:48:40.409+0000] {processor.py:830} INFO - Processing file /home/airflow/.local/lib/python3.12/site-packages/airflow/example_dags/example_python_decorator.py for tasks to queue
[2024-07-09T16:48:40.410+0000] {logging_mixin.py:188} INFO - [2024-07-09T16:48:40.410+0000] {dagbag.py:545} INFO - Filling up the DagBag from /home/airflow/.local/lib/python3.12/site-packages/airflow/example_dags/example_python_decorator.py
[2024-07-09T16:48:40.420+0000] {processor.py:840} INFO - DAG(s) 'example_python_decorator' retrieved from /home/airflow/.local/lib/python3.12/site-packages/airflow/example_dags/example_python_decorator.py
[2024-07-09T16:48:40.438+0000] {logging_mixin.py:188} INFO - [2024-07-09T16:48:40.437+0000] {dag.py:3096} INFO - Sync 1 DAGs
[2024-07-09T16:48:40.447+0000] {logging_mixin.py:188} INFO - [2024-07-09T16:48:40.447+0000] {dag.py:3954} INFO - Setting next_dagrun for example_python_decorator to None, run_after=None
[2024-07-09T16:48:40.460+0000] {processor.py:183} INFO - Processing /home/airflow/.local/lib/python3.12/site-packages/airflow/example_dags/example_python_decorator.py took 0.056 seconds
[2024-07-09T16:49:10.683+0000] {processor.py:161} INFO - Started process (PID=2972) to work on /home/airflow/.local/lib/python3.12/site-packages/airflow/example_dags/example_python_decorator.py
[2024-07-09T16:49:10.683+0000] {processor.py:830} INFO - Processing file /home/airflow/.local/lib/python3.12/site-packages/airflow/example_dags/example_python_decorator.py for tasks to queue
[2024-07-09T16:49:10.684+0000] {logging_mixin.py:188} INFO - [2024-07-09T16:49:10.684+0000] {dagbag.py:545} INFO - Filling up the DagBag from /home/airflow/.local/lib/python3.12/site-packages/airflow/example_dags/example_python_decorator.py
[2024-07-09T16:49:10.694+0000] {processor.py:840} INFO - DAG(s) 'example_python_decorator' retrieved from /home/airflow/.local/lib/python3.12/site-packages/airflow/example_dags/example_python_decorator.py
[2024-07-09T16:49:10.711+0000] {logging_mixin.py:188} INFO - [2024-07-09T16:49:10.711+0000] {dag.py:3096} INFO - Sync 1 DAGs
[2024-07-09T16:49:10.720+0000] {logging_mixin.py:188} INFO - [2024-07-09T16:49:10.719+0000] {dag.py:3954} INFO - Setting next_dagrun for example_python_decorator to None, run_after=None
[2024-07-09T16:49:10.732+0000] {processor.py:183} INFO - Processing /home/airflow/.local/lib/python3.12/site-packages/airflow/example_dags/example_python_decorator.py took 0.053 seconds
[2024-07-09T16:49:40.920+0000] {processor.py:161} INFO - Started process (PID=3233) to work on /home/airflow/.local/lib/python3.12/site-packages/airflow/example_dags/example_python_decorator.py
[2024-07-09T16:49:40.920+0000] {processor.py:830} INFO - Processing file /home/airflow/.local/lib/python3.12/site-packages/airflow/example_dags/example_python_decorator.py for tasks to queue
[2024-07-09T16:49:40.921+0000] {logging_mixin.py:188} INFO - [2024-07-09T16:49:40.921+0000] {dagbag.py:545} INFO - Filling up the DagBag from /home/airflow/.local/lib/python3.12/site-packages/airflow/example_dags/example_python_decorator.py
[2024-07-09T16:49:40.931+0000] {processor.py:840} INFO - DAG(s) 'example_python_decorator' retrieved from /home/airflow/.local/lib/python3.12/site-packages/airflow/example_dags/example_python_decorator.py
[2024-07-09T16:49:40.951+0000] {logging_mixin.py:188} INFO - [2024-07-09T16:49:40.951+0000] {dag.py:3096} INFO - Sync 1 DAGs
[2024-07-09T16:49:40.962+0000] {logging_mixin.py:188} INFO - [2024-07-09T16:49:40.961+0000] {dag.py:3954} INFO - Setting next_dagrun for example_python_decorator to None, run_after=None
[2024-07-09T16:49:40.977+0000] {processor.py:183} INFO - Processing /home/airflow/.local/lib/python3.12/site-packages/airflow/example_dags/example_python_decorator.py took 0.061 seconds
[2024-07-09T16:50:11.265+0000] {processor.py:161} INFO - Started process (PID=3494) to work on /home/airflow/.local/lib/python3.12/site-packages/airflow/example_dags/example_python_decorator.py
[2024-07-09T16:50:11.266+0000] {processor.py:830} INFO - Processing file /home/airflow/.local/lib/python3.12/site-packages/airflow/example_dags/example_python_decorator.py for tasks to queue
[2024-07-09T16:50:11.267+0000] {logging_mixin.py:188} INFO - [2024-07-09T16:50:11.267+0000] {dagbag.py:545} INFO - Filling up the DagBag from /home/airflow/.local/lib/python3.12/site-packages/airflow/example_dags/example_python_decorator.py
[2024-07-09T16:50:11.277+0000] {processor.py:840} INFO - DAG(s) 'example_python_decorator' retrieved from /home/airflow/.local/lib/python3.12/site-packages/airflow/example_dags/example_python_decorator.py
[2024-07-09T16:50:11.295+0000] {logging_mixin.py:188} INFO - [2024-07-09T16:50:11.295+0000] {dag.py:3096} INFO - Sync 1 DAGs
[2024-07-09T16:50:11.304+0000] {logging_mixin.py:188} INFO - [2024-07-09T16:50:11.303+0000] {dag.py:3954} INFO - Setting next_dagrun for example_python_decorator to None, run_after=None
[2024-07-09T16:50:11.318+0000] {processor.py:183} INFO - Processing /home/airflow/.local/lib/python3.12/site-packages/airflow/example_dags/example_python_decorator.py took 0.057 seconds
[2024-07-09T16:50:41.602+0000] {processor.py:161} INFO - Started process (PID=3755) to work on /home/airflow/.local/lib/python3.12/site-packages/airflow/example_dags/example_python_decorator.py
[2024-07-09T16:50:41.602+0000] {processor.py:830} INFO - Processing file /home/airflow/.local/lib/python3.12/site-packages/airflow/example_dags/example_python_decorator.py for tasks to queue
[2024-07-09T16:50:41.603+0000] {logging_mixin.py:188} INFO - [2024-07-09T16:50:41.603+0000] {dagbag.py:545} INFO - Filling up the DagBag from /home/airflow/.local/lib/python3.12/site-packages/airflow/example_dags/example_python_decorator.py
[2024-07-09T16:50:41.612+0000] {processor.py:840} INFO - DAG(s) 'example_python_decorator' retrieved from /home/airflow/.local/lib/python3.12/site-packages/airflow/example_dags/example_python_decorator.py
[2024-07-09T16:50:41.630+0000] {logging_mixin.py:188} INFO - [2024-07-09T16:50:41.630+0000] {dag.py:3096} INFO - Sync 1 DAGs
[2024-07-09T16:50:41.640+0000] {logging_mixin.py:188} INFO - [2024-07-09T16:50:41.639+0000] {dag.py:3954} INFO - Setting next_dagrun for example_python_decorator to None, run_after=None
[2024-07-09T16:50:41.654+0000] {processor.py:183} INFO - Processing /home/airflow/.local/lib/python3.12/site-packages/airflow/example_dags/example_python_decorator.py took 0.056 seconds
[2024-07-09T16:51:11.764+0000] {processor.py:161} INFO - Started process (PID=4016) to work on /home/airflow/.local/lib/python3.12/site-packages/airflow/example_dags/example_python_decorator.py
[2024-07-09T16:51:11.765+0000] {processor.py:830} INFO - Processing file /home/airflow/.local/lib/python3.12/site-packages/airflow/example_dags/example_python_decorator.py for tasks to queue
[2024-07-09T16:51:11.766+0000] {logging_mixin.py:188} INFO - [2024-07-09T16:51:11.765+0000] {dagbag.py:545} INFO - Filling up the DagBag from /home/airflow/.local/lib/python3.12/site-packages/airflow/example_dags/example_python_decorator.py
[2024-07-09T16:51:11.774+0000] {processor.py:840} INFO - DAG(s) 'example_python_decorator' retrieved from /home/airflow/.local/lib/python3.12/site-packages/airflow/example_dags/example_python_decorator.py
[2024-07-09T16:51:11.792+0000] {logging_mixin.py:188} INFO - [2024-07-09T16:51:11.791+0000] {dag.py:3096} INFO - Sync 1 DAGs
[2024-07-09T16:51:11.801+0000] {logging_mixin.py:188} INFO - [2024-07-09T16:51:11.800+0000] {dag.py:3954} INFO - Setting next_dagrun for example_python_decorator to None, run_after=None
[2024-07-09T16:51:11.815+0000] {processor.py:183} INFO - Processing /home/airflow/.local/lib/python3.12/site-packages/airflow/example_dags/example_python_decorator.py took 0.055 seconds
[2024-07-09T16:51:42.206+0000] {processor.py:161} INFO - Started process (PID=4277) to work on /home/airflow/.local/lib/python3.12/site-packages/airflow/example_dags/example_python_decorator.py
[2024-07-09T16:51:42.206+0000] {processor.py:830} INFO - Processing file /home/airflow/.local/lib/python3.12/site-packages/airflow/example_dags/example_python_decorator.py for tasks to queue
[2024-07-09T16:51:42.207+0000] {logging_mixin.py:188} INFO - [2024-07-09T16:51:42.207+0000] {dagbag.py:545} INFO - Filling up the DagBag from /home/airflow/.local/lib/python3.12/site-packages/airflow/example_dags/example_python_decorator.py
[2024-07-09T16:51:42.216+0000] {processor.py:840} INFO - DAG(s) 'example_python_decorator' retrieved from /home/airflow/.local/lib/python3.12/site-packages/airflow/example_dags/example_python_decorator.py
[2024-07-09T16:51:42.235+0000] {logging_mixin.py:188} INFO - [2024-07-09T16:51:42.235+0000] {dag.py:3096} INFO - Sync 1 DAGs
[2024-07-09T16:51:42.245+0000] {logging_mixin.py:188} INFO - [2024-07-09T16:51:42.245+0000] {dag.py:3954} INFO - Setting next_dagrun for example_python_decorator to None, run_after=None
[2024-07-09T16:51:42.260+0000] {processor.py:183} INFO - Processing /home/airflow/.local/lib/python3.12/site-packages/airflow/example_dags/example_python_decorator.py took 0.058 seconds
[2024-07-09T16:52:12.450+0000] {processor.py:161} INFO - Started process (PID=4538) to work on /home/airflow/.local/lib/python3.12/site-packages/airflow/example_dags/example_python_decorator.py
[2024-07-09T16:52:12.451+0000] {processor.py:830} INFO - Processing file /home/airflow/.local/lib/python3.12/site-packages/airflow/example_dags/example_python_decorator.py for tasks to queue
[2024-07-09T16:52:12.453+0000] {logging_mixin.py:188} INFO - [2024-07-09T16:52:12.452+0000] {dagbag.py:545} INFO - Filling up the DagBag from /home/airflow/.local/lib/python3.12/site-packages/airflow/example_dags/example_python_decorator.py
[2024-07-09T16:52:12.462+0000] {processor.py:840} INFO - DAG(s) 'example_python_decorator' retrieved from /home/airflow/.local/lib/python3.12/site-packages/airflow/example_dags/example_python_decorator.py
[2024-07-09T16:52:12.480+0000] {logging_mixin.py:188} INFO - [2024-07-09T16:52:12.480+0000] {dag.py:3096} INFO - Sync 1 DAGs
[2024-07-09T16:52:12.490+0000] {logging_mixin.py:188} INFO - [2024-07-09T16:52:12.489+0000] {dag.py:3954} INFO - Setting next_dagrun for example_python_decorator to None, run_after=None
[2024-07-09T16:52:12.503+0000] {processor.py:183} INFO - Processing /home/airflow/.local/lib/python3.12/site-packages/airflow/example_dags/example_python_decorator.py took 0.057 seconds
[2024-07-09T16:52:42.640+0000] {processor.py:161} INFO - Started process (PID=4799) to work on /home/airflow/.local/lib/python3.12/site-packages/airflow/example_dags/example_python_decorator.py
[2024-07-09T16:52:42.641+0000] {processor.py:830} INFO - Processing file /home/airflow/.local/lib/python3.12/site-packages/airflow/example_dags/example_python_decorator.py for tasks to queue
[2024-07-09T16:52:42.642+0000] {logging_mixin.py:188} INFO - [2024-07-09T16:52:42.642+0000] {dagbag.py:545} INFO - Filling up the DagBag from /home/airflow/.local/lib/python3.12/site-packages/airflow/example_dags/example_python_decorator.py
[2024-07-09T16:52:42.651+0000] {processor.py:840} INFO - DAG(s) 'example_python_decorator' retrieved from /home/airflow/.local/lib/python3.12/site-packages/airflow/example_dags/example_python_decorator.py
[2024-07-09T16:52:42.670+0000] {logging_mixin.py:188} INFO - [2024-07-09T16:52:42.669+0000] {dag.py:3096} INFO - Sync 1 DAGs
[2024-07-09T16:52:42.681+0000] {logging_mixin.py:188} INFO - [2024-07-09T16:52:42.681+0000] {dag.py:3954} INFO - Setting next_dagrun for example_python_decorator to None, run_after=None
[2024-07-09T16:52:42.694+0000] {processor.py:183} INFO - Processing /home/airflow/.local/lib/python3.12/site-packages/airflow/example_dags/example_python_decorator.py took 0.058 seconds
[2024-07-09T16:53:13.165+0000] {processor.py:161} INFO - Started process (PID=5060) to work on /home/airflow/.local/lib/python3.12/site-packages/airflow/example_dags/example_python_decorator.py
[2024-07-09T16:53:13.166+0000] {processor.py:830} INFO - Processing file /home/airflow/.local/lib/python3.12/site-packages/airflow/example_dags/example_python_decorator.py for tasks to queue
[2024-07-09T16:53:13.167+0000] {logging_mixin.py:188} INFO - [2024-07-09T16:53:13.167+0000] {dagbag.py:545} INFO - Filling up the DagBag from /home/airflow/.local/lib/python3.12/site-packages/airflow/example_dags/example_python_decorator.py
[2024-07-09T16:53:13.175+0000] {processor.py:840} INFO - DAG(s) 'example_python_decorator' retrieved from /home/airflow/.local/lib/python3.12/site-packages/airflow/example_dags/example_python_decorator.py
[2024-07-09T16:53:13.193+0000] {logging_mixin.py:188} INFO - [2024-07-09T16:53:13.193+0000] {dag.py:3096} INFO - Sync 1 DAGs
[2024-07-09T16:53:13.204+0000] {logging_mixin.py:188} INFO - [2024-07-09T16:53:13.204+0000] {dag.py:3954} INFO - Setting next_dagrun for example_python_decorator to None, run_after=None
[2024-07-09T16:53:13.220+0000] {processor.py:183} INFO - Processing /home/airflow/.local/lib/python3.12/site-packages/airflow/example_dags/example_python_decorator.py took 0.059 seconds
[2024-07-09T16:53:43.419+0000] {processor.py:161} INFO - Started process (PID=5321) to work on /home/airflow/.local/lib/python3.12/site-packages/airflow/example_dags/example_python_decorator.py
[2024-07-09T16:53:43.419+0000] {processor.py:830} INFO - Processing file /home/airflow/.local/lib/python3.12/site-packages/airflow/example_dags/example_python_decorator.py for tasks to queue
[2024-07-09T16:53:43.420+0000] {logging_mixin.py:188} INFO - [2024-07-09T16:53:43.420+0000] {dagbag.py:545} INFO - Filling up the DagBag from /home/airflow/.local/lib/python3.12/site-packages/airflow/example_dags/example_python_decorator.py
[2024-07-09T16:53:43.430+0000] {processor.py:840} INFO - DAG(s) 'example_python_decorator' retrieved from /home/airflow/.local/lib/python3.12/site-packages/airflow/example_dags/example_python_decorator.py
[2024-07-09T16:53:43.448+0000] {logging_mixin.py:188} INFO - [2024-07-09T16:53:43.448+0000] {dag.py:3096} INFO - Sync 1 DAGs
[2024-07-09T16:53:43.457+0000] {logging_mixin.py:188} INFO - [2024-07-09T16:53:43.457+0000] {dag.py:3954} INFO - Setting next_dagrun for example_python_decorator to None, run_after=None
[2024-07-09T16:53:43.470+0000] {processor.py:183} INFO - Processing /home/airflow/.local/lib/python3.12/site-packages/airflow/example_dags/example_python_decorator.py took 0.055 seconds
[2024-07-09T16:54:13.905+0000] {processor.py:161} INFO - Started process (PID=5582) to work on /home/airflow/.local/lib/python3.12/site-packages/airflow/example_dags/example_python_decorator.py
[2024-07-09T16:54:13.906+0000] {processor.py:830} INFO - Processing file /home/airflow/.local/lib/python3.12/site-packages/airflow/example_dags/example_python_decorator.py for tasks to queue
[2024-07-09T16:54:13.907+0000] {logging_mixin.py:188} INFO - [2024-07-09T16:54:13.907+0000] {dagbag.py:545} INFO - Filling up the DagBag from /home/airflow/.local/lib/python3.12/site-packages/airflow/example_dags/example_python_decorator.py
[2024-07-09T16:54:13.921+0000] {processor.py:840} INFO - DAG(s) 'example_python_decorator' retrieved from /home/airflow/.local/lib/python3.12/site-packages/airflow/example_dags/example_python_decorator.py
[2024-07-09T16:54:13.945+0000] {logging_mixin.py:188} INFO - [2024-07-09T16:54:13.945+0000] {dag.py:3096} INFO - Sync 1 DAGs
[2024-07-09T16:54:13.954+0000] {logging_mixin.py:188} INFO - [2024-07-09T16:54:13.953+0000] {dag.py:3954} INFO - Setting next_dagrun for example_python_decorator to None, run_after=None
[2024-07-09T16:54:13.966+0000] {processor.py:183} INFO - Processing /home/airflow/.local/lib/python3.12/site-packages/airflow/example_dags/example_python_decorator.py took 0.067 seconds
[2024-07-09T16:54:44.191+0000] {processor.py:161} INFO - Started process (PID=5843) to work on /home/airflow/.local/lib/python3.12/site-packages/airflow/example_dags/example_python_decorator.py
[2024-07-09T16:54:44.192+0000] {processor.py:830} INFO - Processing file /home/airflow/.local/lib/python3.12/site-packages/airflow/example_dags/example_python_decorator.py for tasks to queue
[2024-07-09T16:54:44.193+0000] {logging_mixin.py:188} INFO - [2024-07-09T16:54:44.192+0000] {dagbag.py:545} INFO - Filling up the DagBag from /home/airflow/.local/lib/python3.12/site-packages/airflow/example_dags/example_python_decorator.py
[2024-07-09T16:54:44.201+0000] {processor.py:840} INFO - DAG(s) 'example_python_decorator' retrieved from /home/airflow/.local/lib/python3.12/site-packages/airflow/example_dags/example_python_decorator.py
[2024-07-09T16:54:44.221+0000] {logging_mixin.py:188} INFO - [2024-07-09T16:54:44.221+0000] {dag.py:3096} INFO - Sync 1 DAGs
[2024-07-09T16:54:44.229+0000] {logging_mixin.py:188} INFO - [2024-07-09T16:54:44.229+0000] {dag.py:3954} INFO - Setting next_dagrun for example_python_decorator to None, run_after=None
[2024-07-09T16:54:44.241+0000] {processor.py:183} INFO - Processing /home/airflow/.local/lib/python3.12/site-packages/airflow/example_dags/example_python_decorator.py took 0.054 seconds
[2024-07-09T16:55:14.531+0000] {processor.py:161} INFO - Started process (PID=6104) to work on /home/airflow/.local/lib/python3.12/site-packages/airflow/example_dags/example_python_decorator.py
[2024-07-09T16:55:14.531+0000] {processor.py:830} INFO - Processing file /home/airflow/.local/lib/python3.12/site-packages/airflow/example_dags/example_python_decorator.py for tasks to queue
[2024-07-09T16:55:14.532+0000] {logging_mixin.py:188} INFO - [2024-07-09T16:55:14.532+0000] {dagbag.py:545} INFO - Filling up the DagBag from /home/airflow/.local/lib/python3.12/site-packages/airflow/example_dags/example_python_decorator.py
[2024-07-09T16:55:14.541+0000] {processor.py:840} INFO - DAG(s) 'example_python_decorator' retrieved from /home/airflow/.local/lib/python3.12/site-packages/airflow/example_dags/example_python_decorator.py
[2024-07-09T16:55:14.559+0000] {logging_mixin.py:188} INFO - [2024-07-09T16:55:14.559+0000] {dag.py:3096} INFO - Sync 1 DAGs
[2024-07-09T16:55:14.568+0000] {logging_mixin.py:188} INFO - [2024-07-09T16:55:14.567+0000] {dag.py:3954} INFO - Setting next_dagrun for example_python_decorator to None, run_after=None
[2024-07-09T16:55:14.582+0000] {processor.py:183} INFO - Processing /home/airflow/.local/lib/python3.12/site-packages/airflow/example_dags/example_python_decorator.py took 0.055 seconds
