[2024-07-09T16:44:04.598+0000] {processor.py:161} INFO - Started process (PID=222) to work on /home/airflow/.local/lib/python3.12/site-packages/airflow/example_dags/tutorial_dag.py
[2024-07-09T16:44:04.598+0000] {processor.py:830} INFO - Processing file /home/airflow/.local/lib/python3.12/site-packages/airflow/example_dags/tutorial_dag.py for tasks to queue
[2024-07-09T16:44:04.600+0000] {logging_mixin.py:188} INFO - [2024-07-09T16:44:04.600+0000] {dagbag.py:545} INFO - Filling up the DagBag from /home/airflow/.local/lib/python3.12/site-packages/airflow/example_dags/tutorial_dag.py
[2024-07-09T16:44:04.606+0000] {processor.py:840} INFO - DAG(s) 'tutorial_dag' retrieved from /home/airflow/.local/lib/python3.12/site-packages/airflow/example_dags/tutorial_dag.py
[2024-07-09T16:44:04.716+0000] {logging_mixin.py:188} INFO - [2024-07-09T16:44:04.716+0000] {override.py:1829} INFO - Created Permission View: can delete on DAG:tutorial_dag
[2024-07-09T16:44:04.724+0000] {logging_mixin.py:188} INFO - [2024-07-09T16:44:04.724+0000] {override.py:1829} INFO - Created Permission View: can edit on DAG:tutorial_dag
[2024-07-09T16:44:04.729+0000] {logging_mixin.py:188} INFO - [2024-07-09T16:44:04.728+0000] {override.py:1829} INFO - Created Permission View: can read on DAG:tutorial_dag
[2024-07-09T16:44:04.729+0000] {logging_mixin.py:188} INFO - [2024-07-09T16:44:04.729+0000] {dag.py:3096} INFO - Sync 1 DAGs
[2024-07-09T16:44:04.737+0000] {logging_mixin.py:188} INFO - [2024-07-09T16:44:04.736+0000] {dag.py:3118} INFO - Creating ORM DAG for tutorial_dag
[2024-07-09T16:44:04.737+0000] {logging_mixin.py:188} INFO - [2024-07-09T16:44:04.737+0000] {dag.py:3954} INFO - Setting next_dagrun for tutorial_dag to None, run_after=None
[2024-07-09T16:44:04.749+0000] {processor.py:183} INFO - Processing /home/airflow/.local/lib/python3.12/site-packages/airflow/example_dags/tutorial_dag.py took 0.156 seconds
[2024-07-09T16:44:35.447+0000] {processor.py:161} INFO - Started process (PID=483) to work on /home/airflow/.local/lib/python3.12/site-packages/airflow/example_dags/tutorial_dag.py
[2024-07-09T16:44:35.447+0000] {processor.py:830} INFO - Processing file /home/airflow/.local/lib/python3.12/site-packages/airflow/example_dags/tutorial_dag.py for tasks to queue
[2024-07-09T16:44:35.448+0000] {logging_mixin.py:188} INFO - [2024-07-09T16:44:35.448+0000] {dagbag.py:545} INFO - Filling up the DagBag from /home/airflow/.local/lib/python3.12/site-packages/airflow/example_dags/tutorial_dag.py
[2024-07-09T16:44:35.452+0000] {processor.py:840} INFO - DAG(s) 'tutorial_dag' retrieved from /home/airflow/.local/lib/python3.12/site-packages/airflow/example_dags/tutorial_dag.py
[2024-07-09T16:44:35.470+0000] {logging_mixin.py:188} INFO - [2024-07-09T16:44:35.470+0000] {dag.py:3096} INFO - Sync 1 DAGs
[2024-07-09T16:44:35.481+0000] {logging_mixin.py:188} INFO - [2024-07-09T16:44:35.481+0000] {dag.py:3954} INFO - Setting next_dagrun for tutorial_dag to None, run_after=None
[2024-07-09T16:44:35.496+0000] {processor.py:183} INFO - Processing /home/airflow/.local/lib/python3.12/site-packages/airflow/example_dags/tutorial_dag.py took 0.053 seconds
[2024-07-09T16:45:05.763+0000] {processor.py:161} INFO - Started process (PID=744) to work on /home/airflow/.local/lib/python3.12/site-packages/airflow/example_dags/tutorial_dag.py
[2024-07-09T16:45:05.763+0000] {processor.py:830} INFO - Processing file /home/airflow/.local/lib/python3.12/site-packages/airflow/example_dags/tutorial_dag.py for tasks to queue
[2024-07-09T16:45:05.764+0000] {logging_mixin.py:188} INFO - [2024-07-09T16:45:05.764+0000] {dagbag.py:545} INFO - Filling up the DagBag from /home/airflow/.local/lib/python3.12/site-packages/airflow/example_dags/tutorial_dag.py
[2024-07-09T16:45:05.767+0000] {processor.py:840} INFO - DAG(s) 'tutorial_dag' retrieved from /home/airflow/.local/lib/python3.12/site-packages/airflow/example_dags/tutorial_dag.py
[2024-07-09T16:45:05.782+0000] {logging_mixin.py:188} INFO - [2024-07-09T16:45:05.782+0000] {dag.py:3096} INFO - Sync 1 DAGs
[2024-07-09T16:45:05.790+0000] {logging_mixin.py:188} INFO - [2024-07-09T16:45:05.790+0000] {dag.py:3954} INFO - Setting next_dagrun for tutorial_dag to None, run_after=None
[2024-07-09T16:45:05.803+0000] {processor.py:183} INFO - Processing /home/airflow/.local/lib/python3.12/site-packages/airflow/example_dags/tutorial_dag.py took 0.044 seconds
[2024-07-09T16:45:36.036+0000] {processor.py:161} INFO - Started process (PID=1005) to work on /home/airflow/.local/lib/python3.12/site-packages/airflow/example_dags/tutorial_dag.py
[2024-07-09T16:45:36.037+0000] {processor.py:830} INFO - Processing file /home/airflow/.local/lib/python3.12/site-packages/airflow/example_dags/tutorial_dag.py for tasks to queue
[2024-07-09T16:45:36.037+0000] {logging_mixin.py:188} INFO - [2024-07-09T16:45:36.037+0000] {dagbag.py:545} INFO - Filling up the DagBag from /home/airflow/.local/lib/python3.12/site-packages/airflow/example_dags/tutorial_dag.py
[2024-07-09T16:45:36.041+0000] {processor.py:840} INFO - DAG(s) 'tutorial_dag' retrieved from /home/airflow/.local/lib/python3.12/site-packages/airflow/example_dags/tutorial_dag.py
[2024-07-09T16:45:36.060+0000] {logging_mixin.py:188} INFO - [2024-07-09T16:45:36.060+0000] {dag.py:3096} INFO - Sync 1 DAGs
[2024-07-09T16:45:36.072+0000] {logging_mixin.py:188} INFO - [2024-07-09T16:45:36.072+0000] {dag.py:3954} INFO - Setting next_dagrun for tutorial_dag to None, run_after=None
[2024-07-09T16:45:36.089+0000] {processor.py:183} INFO - Processing /home/airflow/.local/lib/python3.12/site-packages/airflow/example_dags/tutorial_dag.py took 0.057 seconds
[2024-07-09T16:46:06.472+0000] {processor.py:161} INFO - Started process (PID=1266) to work on /home/airflow/.local/lib/python3.12/site-packages/airflow/example_dags/tutorial_dag.py
[2024-07-09T16:46:06.473+0000] {processor.py:830} INFO - Processing file /home/airflow/.local/lib/python3.12/site-packages/airflow/example_dags/tutorial_dag.py for tasks to queue
[2024-07-09T16:46:06.475+0000] {logging_mixin.py:188} INFO - [2024-07-09T16:46:06.474+0000] {dagbag.py:545} INFO - Filling up the DagBag from /home/airflow/.local/lib/python3.12/site-packages/airflow/example_dags/tutorial_dag.py
[2024-07-09T16:46:06.486+0000] {processor.py:840} INFO - DAG(s) 'tutorial_dag' retrieved from /home/airflow/.local/lib/python3.12/site-packages/airflow/example_dags/tutorial_dag.py
[2024-07-09T16:46:06.510+0000] {logging_mixin.py:188} INFO - [2024-07-09T16:46:06.510+0000] {dag.py:3096} INFO - Sync 1 DAGs
[2024-07-09T16:46:06.525+0000] {logging_mixin.py:188} INFO - [2024-07-09T16:46:06.525+0000] {dag.py:3954} INFO - Setting next_dagrun for tutorial_dag to None, run_after=None
[2024-07-09T16:46:06.544+0000] {processor.py:183} INFO - Processing /home/airflow/.local/lib/python3.12/site-packages/airflow/example_dags/tutorial_dag.py took 0.079 seconds
[2024-07-09T16:46:36.965+0000] {processor.py:161} INFO - Started process (PID=1527) to work on /home/airflow/.local/lib/python3.12/site-packages/airflow/example_dags/tutorial_dag.py
[2024-07-09T16:46:36.966+0000] {processor.py:830} INFO - Processing file /home/airflow/.local/lib/python3.12/site-packages/airflow/example_dags/tutorial_dag.py for tasks to queue
[2024-07-09T16:46:36.967+0000] {logging_mixin.py:188} INFO - [2024-07-09T16:46:36.966+0000] {dagbag.py:545} INFO - Filling up the DagBag from /home/airflow/.local/lib/python3.12/site-packages/airflow/example_dags/tutorial_dag.py
[2024-07-09T16:46:36.970+0000] {processor.py:840} INFO - DAG(s) 'tutorial_dag' retrieved from /home/airflow/.local/lib/python3.12/site-packages/airflow/example_dags/tutorial_dag.py
[2024-07-09T16:46:36.986+0000] {logging_mixin.py:188} INFO - [2024-07-09T16:46:36.986+0000] {dag.py:3096} INFO - Sync 1 DAGs
[2024-07-09T16:46:36.995+0000] {logging_mixin.py:188} INFO - [2024-07-09T16:46:36.995+0000] {dag.py:3954} INFO - Setting next_dagrun for tutorial_dag to None, run_after=None
[2024-07-09T16:46:37.008+0000] {processor.py:183} INFO - Processing /home/airflow/.local/lib/python3.12/site-packages/airflow/example_dags/tutorial_dag.py took 0.047 seconds
[2024-07-09T16:47:07.280+0000] {processor.py:161} INFO - Started process (PID=1788) to work on /home/airflow/.local/lib/python3.12/site-packages/airflow/example_dags/tutorial_dag.py
[2024-07-09T16:47:07.280+0000] {processor.py:830} INFO - Processing file /home/airflow/.local/lib/python3.12/site-packages/airflow/example_dags/tutorial_dag.py for tasks to queue
[2024-07-09T16:47:07.281+0000] {logging_mixin.py:188} INFO - [2024-07-09T16:47:07.281+0000] {dagbag.py:545} INFO - Filling up the DagBag from /home/airflow/.local/lib/python3.12/site-packages/airflow/example_dags/tutorial_dag.py
[2024-07-09T16:47:07.285+0000] {processor.py:840} INFO - DAG(s) 'tutorial_dag' retrieved from /home/airflow/.local/lib/python3.12/site-packages/airflow/example_dags/tutorial_dag.py
[2024-07-09T16:47:07.302+0000] {logging_mixin.py:188} INFO - [2024-07-09T16:47:07.302+0000] {dag.py:3096} INFO - Sync 1 DAGs
[2024-07-09T16:47:07.312+0000] {logging_mixin.py:188} INFO - [2024-07-09T16:47:07.311+0000] {dag.py:3954} INFO - Setting next_dagrun for tutorial_dag to None, run_after=None
[2024-07-09T16:47:07.325+0000] {processor.py:183} INFO - Processing /home/airflow/.local/lib/python3.12/site-packages/airflow/example_dags/tutorial_dag.py took 0.049 seconds
[2024-07-09T16:47:37.554+0000] {processor.py:161} INFO - Started process (PID=2051) to work on /home/airflow/.local/lib/python3.12/site-packages/airflow/example_dags/tutorial_dag.py
[2024-07-09T16:47:37.554+0000] {processor.py:830} INFO - Processing file /home/airflow/.local/lib/python3.12/site-packages/airflow/example_dags/tutorial_dag.py for tasks to queue
[2024-07-09T16:47:37.555+0000] {logging_mixin.py:188} INFO - [2024-07-09T16:47:37.555+0000] {dagbag.py:545} INFO - Filling up the DagBag from /home/airflow/.local/lib/python3.12/site-packages/airflow/example_dags/tutorial_dag.py
[2024-07-09T16:47:37.558+0000] {processor.py:840} INFO - DAG(s) 'tutorial_dag' retrieved from /home/airflow/.local/lib/python3.12/site-packages/airflow/example_dags/tutorial_dag.py
[2024-07-09T16:47:37.575+0000] {logging_mixin.py:188} INFO - [2024-07-09T16:47:37.575+0000] {dag.py:3096} INFO - Sync 1 DAGs
[2024-07-09T16:47:37.583+0000] {logging_mixin.py:188} INFO - [2024-07-09T16:47:37.583+0000] {dag.py:3954} INFO - Setting next_dagrun for tutorial_dag to None, run_after=None
[2024-07-09T16:47:37.595+0000] {processor.py:183} INFO - Processing /home/airflow/.local/lib/python3.12/site-packages/airflow/example_dags/tutorial_dag.py took 0.045 seconds
[2024-07-09T16:48:07.699+0000] {processor.py:161} INFO - Started process (PID=2312) to work on /home/airflow/.local/lib/python3.12/site-packages/airflow/example_dags/tutorial_dag.py
[2024-07-09T16:48:07.700+0000] {processor.py:830} INFO - Processing file /home/airflow/.local/lib/python3.12/site-packages/airflow/example_dags/tutorial_dag.py for tasks to queue
[2024-07-09T16:48:07.701+0000] {logging_mixin.py:188} INFO - [2024-07-09T16:48:07.700+0000] {dagbag.py:545} INFO - Filling up the DagBag from /home/airflow/.local/lib/python3.12/site-packages/airflow/example_dags/tutorial_dag.py
[2024-07-09T16:48:07.704+0000] {processor.py:840} INFO - DAG(s) 'tutorial_dag' retrieved from /home/airflow/.local/lib/python3.12/site-packages/airflow/example_dags/tutorial_dag.py
[2024-07-09T16:48:07.720+0000] {logging_mixin.py:188} INFO - [2024-07-09T16:48:07.719+0000] {dag.py:3096} INFO - Sync 1 DAGs
[2024-07-09T16:48:07.728+0000] {logging_mixin.py:188} INFO - [2024-07-09T16:48:07.728+0000] {dag.py:3954} INFO - Setting next_dagrun for tutorial_dag to None, run_after=None
[2024-07-09T16:48:07.740+0000] {processor.py:183} INFO - Processing /home/airflow/.local/lib/python3.12/site-packages/airflow/example_dags/tutorial_dag.py took 0.045 seconds
[2024-07-09T16:48:37.960+0000] {processor.py:161} INFO - Started process (PID=2571) to work on /home/airflow/.local/lib/python3.12/site-packages/airflow/example_dags/tutorial_dag.py
[2024-07-09T16:48:37.960+0000] {processor.py:830} INFO - Processing file /home/airflow/.local/lib/python3.12/site-packages/airflow/example_dags/tutorial_dag.py for tasks to queue
[2024-07-09T16:48:37.961+0000] {logging_mixin.py:188} INFO - [2024-07-09T16:48:37.961+0000] {dagbag.py:545} INFO - Filling up the DagBag from /home/airflow/.local/lib/python3.12/site-packages/airflow/example_dags/tutorial_dag.py
[2024-07-09T16:48:37.965+0000] {processor.py:840} INFO - DAG(s) 'tutorial_dag' retrieved from /home/airflow/.local/lib/python3.12/site-packages/airflow/example_dags/tutorial_dag.py
[2024-07-09T16:48:37.980+0000] {logging_mixin.py:188} INFO - [2024-07-09T16:48:37.980+0000] {dag.py:3096} INFO - Sync 1 DAGs
[2024-07-09T16:48:37.989+0000] {logging_mixin.py:188} INFO - [2024-07-09T16:48:37.989+0000] {dag.py:3954} INFO - Setting next_dagrun for tutorial_dag to None, run_after=None
[2024-07-09T16:48:38.002+0000] {processor.py:183} INFO - Processing /home/airflow/.local/lib/python3.12/site-packages/airflow/example_dags/tutorial_dag.py took 0.046 seconds
[2024-07-09T16:49:08.425+0000] {processor.py:161} INFO - Started process (PID=2832) to work on /home/airflow/.local/lib/python3.12/site-packages/airflow/example_dags/tutorial_dag.py
[2024-07-09T16:49:08.426+0000] {processor.py:830} INFO - Processing file /home/airflow/.local/lib/python3.12/site-packages/airflow/example_dags/tutorial_dag.py for tasks to queue
[2024-07-09T16:49:08.427+0000] {logging_mixin.py:188} INFO - [2024-07-09T16:49:08.427+0000] {dagbag.py:545} INFO - Filling up the DagBag from /home/airflow/.local/lib/python3.12/site-packages/airflow/example_dags/tutorial_dag.py
[2024-07-09T16:49:08.430+0000] {processor.py:840} INFO - DAG(s) 'tutorial_dag' retrieved from /home/airflow/.local/lib/python3.12/site-packages/airflow/example_dags/tutorial_dag.py
[2024-07-09T16:49:08.445+0000] {logging_mixin.py:188} INFO - [2024-07-09T16:49:08.445+0000] {dag.py:3096} INFO - Sync 1 DAGs
[2024-07-09T16:49:08.455+0000] {logging_mixin.py:188} INFO - [2024-07-09T16:49:08.455+0000] {dag.py:3954} INFO - Setting next_dagrun for tutorial_dag to None, run_after=None
[2024-07-09T16:49:08.469+0000] {processor.py:183} INFO - Processing /home/airflow/.local/lib/python3.12/site-packages/airflow/example_dags/tutorial_dag.py took 0.047 seconds
[2024-07-09T16:49:38.632+0000] {processor.py:161} INFO - Started process (PID=3093) to work on /home/airflow/.local/lib/python3.12/site-packages/airflow/example_dags/tutorial_dag.py
[2024-07-09T16:49:38.633+0000] {processor.py:830} INFO - Processing file /home/airflow/.local/lib/python3.12/site-packages/airflow/example_dags/tutorial_dag.py for tasks to queue
[2024-07-09T16:49:38.634+0000] {logging_mixin.py:188} INFO - [2024-07-09T16:49:38.634+0000] {dagbag.py:545} INFO - Filling up the DagBag from /home/airflow/.local/lib/python3.12/site-packages/airflow/example_dags/tutorial_dag.py
[2024-07-09T16:49:38.638+0000] {processor.py:840} INFO - DAG(s) 'tutorial_dag' retrieved from /home/airflow/.local/lib/python3.12/site-packages/airflow/example_dags/tutorial_dag.py
[2024-07-09T16:49:38.657+0000] {logging_mixin.py:188} INFO - [2024-07-09T16:49:38.657+0000] {dag.py:3096} INFO - Sync 1 DAGs
[2024-07-09T16:49:38.669+0000] {logging_mixin.py:188} INFO - [2024-07-09T16:49:38.669+0000] {dag.py:3954} INFO - Setting next_dagrun for tutorial_dag to None, run_after=None
[2024-07-09T16:49:38.682+0000] {processor.py:183} INFO - Processing /home/airflow/.local/lib/python3.12/site-packages/airflow/example_dags/tutorial_dag.py took 0.053 seconds
[2024-07-09T16:50:08.976+0000] {processor.py:161} INFO - Started process (PID=3354) to work on /home/airflow/.local/lib/python3.12/site-packages/airflow/example_dags/tutorial_dag.py
[2024-07-09T16:50:08.977+0000] {processor.py:830} INFO - Processing file /home/airflow/.local/lib/python3.12/site-packages/airflow/example_dags/tutorial_dag.py for tasks to queue
[2024-07-09T16:50:08.978+0000] {logging_mixin.py:188} INFO - [2024-07-09T16:50:08.978+0000] {dagbag.py:545} INFO - Filling up the DagBag from /home/airflow/.local/lib/python3.12/site-packages/airflow/example_dags/tutorial_dag.py
[2024-07-09T16:50:08.982+0000] {processor.py:840} INFO - DAG(s) 'tutorial_dag' retrieved from /home/airflow/.local/lib/python3.12/site-packages/airflow/example_dags/tutorial_dag.py
[2024-07-09T16:50:08.999+0000] {logging_mixin.py:188} INFO - [2024-07-09T16:50:08.999+0000] {dag.py:3096} INFO - Sync 1 DAGs
[2024-07-09T16:50:09.007+0000] {logging_mixin.py:188} INFO - [2024-07-09T16:50:09.007+0000] {dag.py:3954} INFO - Setting next_dagrun for tutorial_dag to None, run_after=None
[2024-07-09T16:50:09.020+0000] {processor.py:183} INFO - Processing /home/airflow/.local/lib/python3.12/site-packages/airflow/example_dags/tutorial_dag.py took 0.049 seconds
[2024-07-09T16:50:39.253+0000] {processor.py:161} INFO - Started process (PID=3615) to work on /home/airflow/.local/lib/python3.12/site-packages/airflow/example_dags/tutorial_dag.py
[2024-07-09T16:50:39.253+0000] {processor.py:830} INFO - Processing file /home/airflow/.local/lib/python3.12/site-packages/airflow/example_dags/tutorial_dag.py for tasks to queue
[2024-07-09T16:50:39.254+0000] {logging_mixin.py:188} INFO - [2024-07-09T16:50:39.254+0000] {dagbag.py:545} INFO - Filling up the DagBag from /home/airflow/.local/lib/python3.12/site-packages/airflow/example_dags/tutorial_dag.py
[2024-07-09T16:50:39.258+0000] {processor.py:840} INFO - DAG(s) 'tutorial_dag' retrieved from /home/airflow/.local/lib/python3.12/site-packages/airflow/example_dags/tutorial_dag.py
[2024-07-09T16:50:39.274+0000] {logging_mixin.py:188} INFO - [2024-07-09T16:50:39.274+0000] {dag.py:3096} INFO - Sync 1 DAGs
[2024-07-09T16:50:39.283+0000] {logging_mixin.py:188} INFO - [2024-07-09T16:50:39.283+0000] {dag.py:3954} INFO - Setting next_dagrun for tutorial_dag to None, run_after=None
[2024-07-09T16:50:39.297+0000] {processor.py:183} INFO - Processing /home/airflow/.local/lib/python3.12/site-packages/airflow/example_dags/tutorial_dag.py took 0.049 seconds
[2024-07-09T16:51:09.565+0000] {processor.py:161} INFO - Started process (PID=3876) to work on /home/airflow/.local/lib/python3.12/site-packages/airflow/example_dags/tutorial_dag.py
[2024-07-09T16:51:09.566+0000] {processor.py:830} INFO - Processing file /home/airflow/.local/lib/python3.12/site-packages/airflow/example_dags/tutorial_dag.py for tasks to queue
[2024-07-09T16:51:09.567+0000] {logging_mixin.py:188} INFO - [2024-07-09T16:51:09.566+0000] {dagbag.py:545} INFO - Filling up the DagBag from /home/airflow/.local/lib/python3.12/site-packages/airflow/example_dags/tutorial_dag.py
[2024-07-09T16:51:09.570+0000] {processor.py:840} INFO - DAG(s) 'tutorial_dag' retrieved from /home/airflow/.local/lib/python3.12/site-packages/airflow/example_dags/tutorial_dag.py
[2024-07-09T16:51:09.585+0000] {logging_mixin.py:188} INFO - [2024-07-09T16:51:09.585+0000] {dag.py:3096} INFO - Sync 1 DAGs
[2024-07-09T16:51:09.594+0000] {logging_mixin.py:188} INFO - [2024-07-09T16:51:09.594+0000] {dag.py:3954} INFO - Setting next_dagrun for tutorial_dag to None, run_after=None
[2024-07-09T16:51:09.609+0000] {processor.py:183} INFO - Processing /home/airflow/.local/lib/python3.12/site-packages/airflow/example_dags/tutorial_dag.py took 0.047 seconds
[2024-07-09T16:51:39.740+0000] {processor.py:161} INFO - Started process (PID=4137) to work on /home/airflow/.local/lib/python3.12/site-packages/airflow/example_dags/tutorial_dag.py
[2024-07-09T16:51:39.740+0000] {processor.py:830} INFO - Processing file /home/airflow/.local/lib/python3.12/site-packages/airflow/example_dags/tutorial_dag.py for tasks to queue
[2024-07-09T16:51:39.741+0000] {logging_mixin.py:188} INFO - [2024-07-09T16:51:39.741+0000] {dagbag.py:545} INFO - Filling up the DagBag from /home/airflow/.local/lib/python3.12/site-packages/airflow/example_dags/tutorial_dag.py
[2024-07-09T16:51:39.744+0000] {processor.py:840} INFO - DAG(s) 'tutorial_dag' retrieved from /home/airflow/.local/lib/python3.12/site-packages/airflow/example_dags/tutorial_dag.py
[2024-07-09T16:51:39.761+0000] {logging_mixin.py:188} INFO - [2024-07-09T16:51:39.760+0000] {dag.py:3096} INFO - Sync 1 DAGs
[2024-07-09T16:51:39.769+0000] {logging_mixin.py:188} INFO - [2024-07-09T16:51:39.769+0000] {dag.py:3954} INFO - Setting next_dagrun for tutorial_dag to None, run_after=None
[2024-07-09T16:51:39.782+0000] {processor.py:183} INFO - Processing /home/airflow/.local/lib/python3.12/site-packages/airflow/example_dags/tutorial_dag.py took 0.047 seconds
[2024-07-09T16:52:10.236+0000] {processor.py:161} INFO - Started process (PID=4400) to work on /home/airflow/.local/lib/python3.12/site-packages/airflow/example_dags/tutorial_dag.py
[2024-07-09T16:52:10.237+0000] {processor.py:830} INFO - Processing file /home/airflow/.local/lib/python3.12/site-packages/airflow/example_dags/tutorial_dag.py for tasks to queue
[2024-07-09T16:52:10.238+0000] {logging_mixin.py:188} INFO - [2024-07-09T16:52:10.238+0000] {dagbag.py:545} INFO - Filling up the DagBag from /home/airflow/.local/lib/python3.12/site-packages/airflow/example_dags/tutorial_dag.py
[2024-07-09T16:52:10.241+0000] {processor.py:840} INFO - DAG(s) 'tutorial_dag' retrieved from /home/airflow/.local/lib/python3.12/site-packages/airflow/example_dags/tutorial_dag.py
[2024-07-09T16:52:10.256+0000] {logging_mixin.py:188} INFO - [2024-07-09T16:52:10.256+0000] {dag.py:3096} INFO - Sync 1 DAGs
[2024-07-09T16:52:10.265+0000] {logging_mixin.py:188} INFO - [2024-07-09T16:52:10.265+0000] {dag.py:3954} INFO - Setting next_dagrun for tutorial_dag to None, run_after=None
[2024-07-09T16:52:10.280+0000] {processor.py:183} INFO - Processing /home/airflow/.local/lib/python3.12/site-packages/airflow/example_dags/tutorial_dag.py took 0.047 seconds
[2024-07-09T16:52:40.534+0000] {processor.py:161} INFO - Started process (PID=4661) to work on /home/airflow/.local/lib/python3.12/site-packages/airflow/example_dags/tutorial_dag.py
[2024-07-09T16:52:40.534+0000] {processor.py:830} INFO - Processing file /home/airflow/.local/lib/python3.12/site-packages/airflow/example_dags/tutorial_dag.py for tasks to queue
[2024-07-09T16:52:40.535+0000] {logging_mixin.py:188} INFO - [2024-07-09T16:52:40.535+0000] {dagbag.py:545} INFO - Filling up the DagBag from /home/airflow/.local/lib/python3.12/site-packages/airflow/example_dags/tutorial_dag.py
[2024-07-09T16:52:40.539+0000] {processor.py:840} INFO - DAG(s) 'tutorial_dag' retrieved from /home/airflow/.local/lib/python3.12/site-packages/airflow/example_dags/tutorial_dag.py
[2024-07-09T16:52:40.555+0000] {logging_mixin.py:188} INFO - [2024-07-09T16:52:40.555+0000] {dag.py:3096} INFO - Sync 1 DAGs
[2024-07-09T16:52:40.564+0000] {logging_mixin.py:188} INFO - [2024-07-09T16:52:40.564+0000] {dag.py:3954} INFO - Setting next_dagrun for tutorial_dag to None, run_after=None
[2024-07-09T16:52:40.577+0000] {processor.py:183} INFO - Processing /home/airflow/.local/lib/python3.12/site-packages/airflow/example_dags/tutorial_dag.py took 0.047 seconds
[2024-07-09T16:53:10.715+0000] {processor.py:161} INFO - Started process (PID=4920) to work on /home/airflow/.local/lib/python3.12/site-packages/airflow/example_dags/tutorial_dag.py
[2024-07-09T16:53:10.716+0000] {processor.py:830} INFO - Processing file /home/airflow/.local/lib/python3.12/site-packages/airflow/example_dags/tutorial_dag.py for tasks to queue
[2024-07-09T16:53:10.717+0000] {logging_mixin.py:188} INFO - [2024-07-09T16:53:10.717+0000] {dagbag.py:545} INFO - Filling up the DagBag from /home/airflow/.local/lib/python3.12/site-packages/airflow/example_dags/tutorial_dag.py
[2024-07-09T16:53:10.720+0000] {processor.py:840} INFO - DAG(s) 'tutorial_dag' retrieved from /home/airflow/.local/lib/python3.12/site-packages/airflow/example_dags/tutorial_dag.py
[2024-07-09T16:53:10.740+0000] {logging_mixin.py:188} INFO - [2024-07-09T16:53:10.740+0000] {dag.py:3096} INFO - Sync 1 DAGs
[2024-07-09T16:53:10.751+0000] {logging_mixin.py:188} INFO - [2024-07-09T16:53:10.750+0000] {dag.py:3954} INFO - Setting next_dagrun for tutorial_dag to None, run_after=None
[2024-07-09T16:53:10.770+0000] {processor.py:183} INFO - Processing /home/airflow/.local/lib/python3.12/site-packages/airflow/example_dags/tutorial_dag.py took 0.059 seconds
[2024-07-09T16:53:41.147+0000] {processor.py:161} INFO - Started process (PID=5181) to work on /home/airflow/.local/lib/python3.12/site-packages/airflow/example_dags/tutorial_dag.py
[2024-07-09T16:53:41.147+0000] {processor.py:830} INFO - Processing file /home/airflow/.local/lib/python3.12/site-packages/airflow/example_dags/tutorial_dag.py for tasks to queue
[2024-07-09T16:53:41.148+0000] {logging_mixin.py:188} INFO - [2024-07-09T16:53:41.148+0000] {dagbag.py:545} INFO - Filling up the DagBag from /home/airflow/.local/lib/python3.12/site-packages/airflow/example_dags/tutorial_dag.py
[2024-07-09T16:53:41.151+0000] {processor.py:840} INFO - DAG(s) 'tutorial_dag' retrieved from /home/airflow/.local/lib/python3.12/site-packages/airflow/example_dags/tutorial_dag.py
[2024-07-09T16:53:41.167+0000] {logging_mixin.py:188} INFO - [2024-07-09T16:53:41.167+0000] {dag.py:3096} INFO - Sync 1 DAGs
[2024-07-09T16:53:41.179+0000] {logging_mixin.py:188} INFO - [2024-07-09T16:53:41.179+0000] {dag.py:3954} INFO - Setting next_dagrun for tutorial_dag to None, run_after=None
[2024-07-09T16:53:41.192+0000] {processor.py:183} INFO - Processing /home/airflow/.local/lib/python3.12/site-packages/airflow/example_dags/tutorial_dag.py took 0.049 seconds
[2024-07-09T16:54:11.571+0000] {processor.py:161} INFO - Started process (PID=5444) to work on /home/airflow/.local/lib/python3.12/site-packages/airflow/example_dags/tutorial_dag.py
[2024-07-09T16:54:11.572+0000] {processor.py:830} INFO - Processing file /home/airflow/.local/lib/python3.12/site-packages/airflow/example_dags/tutorial_dag.py for tasks to queue
[2024-07-09T16:54:11.573+0000] {logging_mixin.py:188} INFO - [2024-07-09T16:54:11.573+0000] {dagbag.py:545} INFO - Filling up the DagBag from /home/airflow/.local/lib/python3.12/site-packages/airflow/example_dags/tutorial_dag.py
[2024-07-09T16:54:11.576+0000] {processor.py:840} INFO - DAG(s) 'tutorial_dag' retrieved from /home/airflow/.local/lib/python3.12/site-packages/airflow/example_dags/tutorial_dag.py
[2024-07-09T16:54:11.593+0000] {logging_mixin.py:188} INFO - [2024-07-09T16:54:11.593+0000] {dag.py:3096} INFO - Sync 1 DAGs
[2024-07-09T16:54:11.603+0000] {logging_mixin.py:188} INFO - [2024-07-09T16:54:11.602+0000] {dag.py:3954} INFO - Setting next_dagrun for tutorial_dag to None, run_after=None
[2024-07-09T16:54:11.615+0000] {processor.py:183} INFO - Processing /home/airflow/.local/lib/python3.12/site-packages/airflow/example_dags/tutorial_dag.py took 0.048 seconds
[2024-07-09T16:54:41.998+0000] {processor.py:161} INFO - Started process (PID=5705) to work on /home/airflow/.local/lib/python3.12/site-packages/airflow/example_dags/tutorial_dag.py
[2024-07-09T16:54:41.998+0000] {processor.py:830} INFO - Processing file /home/airflow/.local/lib/python3.12/site-packages/airflow/example_dags/tutorial_dag.py for tasks to queue
[2024-07-09T16:54:42.000+0000] {logging_mixin.py:188} INFO - [2024-07-09T16:54:41.999+0000] {dagbag.py:545} INFO - Filling up the DagBag from /home/airflow/.local/lib/python3.12/site-packages/airflow/example_dags/tutorial_dag.py
[2024-07-09T16:54:42.003+0000] {processor.py:840} INFO - DAG(s) 'tutorial_dag' retrieved from /home/airflow/.local/lib/python3.12/site-packages/airflow/example_dags/tutorial_dag.py
[2024-07-09T16:54:42.019+0000] {logging_mixin.py:188} INFO - [2024-07-09T16:54:42.019+0000] {dag.py:3096} INFO - Sync 1 DAGs
[2024-07-09T16:54:42.028+0000] {logging_mixin.py:188} INFO - [2024-07-09T16:54:42.028+0000] {dag.py:3954} INFO - Setting next_dagrun for tutorial_dag to None, run_after=None
[2024-07-09T16:54:42.041+0000] {processor.py:183} INFO - Processing /home/airflow/.local/lib/python3.12/site-packages/airflow/example_dags/tutorial_dag.py took 0.047 seconds
[2024-07-09T16:55:12.216+0000] {processor.py:161} INFO - Started process (PID=5964) to work on /home/airflow/.local/lib/python3.12/site-packages/airflow/example_dags/tutorial_dag.py
[2024-07-09T16:55:12.217+0000] {processor.py:830} INFO - Processing file /home/airflow/.local/lib/python3.12/site-packages/airflow/example_dags/tutorial_dag.py for tasks to queue
[2024-07-09T16:55:12.218+0000] {logging_mixin.py:188} INFO - [2024-07-09T16:55:12.218+0000] {dagbag.py:545} INFO - Filling up the DagBag from /home/airflow/.local/lib/python3.12/site-packages/airflow/example_dags/tutorial_dag.py
[2024-07-09T16:55:12.221+0000] {processor.py:840} INFO - DAG(s) 'tutorial_dag' retrieved from /home/airflow/.local/lib/python3.12/site-packages/airflow/example_dags/tutorial_dag.py
[2024-07-09T16:55:12.237+0000] {logging_mixin.py:188} INFO - [2024-07-09T16:55:12.236+0000] {dag.py:3096} INFO - Sync 1 DAGs
[2024-07-09T16:55:12.245+0000] {logging_mixin.py:188} INFO - [2024-07-09T16:55:12.245+0000] {dag.py:3954} INFO - Setting next_dagrun for tutorial_dag to None, run_after=None
[2024-07-09T16:55:12.260+0000] {processor.py:183} INFO - Processing /home/airflow/.local/lib/python3.12/site-packages/airflow/example_dags/tutorial_dag.py took 0.049 seconds
