[2024-07-09T16:44:04.769+0000] {processor.py:161} INFO - Started process (PID=232) to work on /home/airflow/.local/lib/python3.12/site-packages/airflow/example_dags/tutorial.py
[2024-07-09T16:44:04.770+0000] {processor.py:830} INFO - Processing file /home/airflow/.local/lib/python3.12/site-packages/airflow/example_dags/tutorial.py for tasks to queue
[2024-07-09T16:44:04.771+0000] {logging_mixin.py:188} INFO - [2024-07-09T16:44:04.771+0000] {dagbag.py:545} INFO - Filling up the DagBag from /home/airflow/.local/lib/python3.12/site-packages/airflow/example_dags/tutorial.py
[2024-07-09T16:44:04.775+0000] {processor.py:840} INFO - DAG(s) 'tutorial' retrieved from /home/airflow/.local/lib/python3.12/site-packages/airflow/example_dags/tutorial.py
[2024-07-09T16:44:04.870+0000] {logging_mixin.py:188} INFO - [2024-07-09T16:44:04.869+0000] {override.py:1829} INFO - Created Permission View: can delete on DAG:tutorial
[2024-07-09T16:44:04.878+0000] {logging_mixin.py:188} INFO - [2024-07-09T16:44:04.877+0000] {override.py:1829} INFO - Created Permission View: can edit on DAG:tutorial
[2024-07-09T16:44:04.883+0000] {logging_mixin.py:188} INFO - [2024-07-09T16:44:04.882+0000] {override.py:1829} INFO - Created Permission View: can read on DAG:tutorial
[2024-07-09T16:44:04.883+0000] {logging_mixin.py:188} INFO - [2024-07-09T16:44:04.883+0000] {dag.py:3096} INFO - Sync 1 DAGs
[2024-07-09T16:44:04.893+0000] {logging_mixin.py:188} INFO - [2024-07-09T16:44:04.893+0000] {dag.py:3118} INFO - Creating ORM DAG for tutorial
[2024-07-09T16:44:04.901+0000] {logging_mixin.py:188} INFO - [2024-07-09T16:44:04.901+0000] {dag.py:3954} INFO - Setting next_dagrun for tutorial to 2024-07-08 00:00:00+00:00, run_after=2024-07-09 00:00:00+00:00
[2024-07-09T16:44:04.912+0000] {processor.py:183} INFO - Processing /home/airflow/.local/lib/python3.12/site-packages/airflow/example_dags/tutorial.py took 0.147 seconds
[2024-07-09T16:44:35.592+0000] {processor.py:161} INFO - Started process (PID=495) to work on /home/airflow/.local/lib/python3.12/site-packages/airflow/example_dags/tutorial.py
[2024-07-09T16:44:35.593+0000] {processor.py:830} INFO - Processing file /home/airflow/.local/lib/python3.12/site-packages/airflow/example_dags/tutorial.py for tasks to queue
[2024-07-09T16:44:35.594+0000] {logging_mixin.py:188} INFO - [2024-07-09T16:44:35.594+0000] {dagbag.py:545} INFO - Filling up the DagBag from /home/airflow/.local/lib/python3.12/site-packages/airflow/example_dags/tutorial.py
[2024-07-09T16:44:35.597+0000] {processor.py:840} INFO - DAG(s) 'tutorial' retrieved from /home/airflow/.local/lib/python3.12/site-packages/airflow/example_dags/tutorial.py
[2024-07-09T16:44:35.612+0000] {logging_mixin.py:188} INFO - [2024-07-09T16:44:35.612+0000] {dag.py:3096} INFO - Sync 1 DAGs
[2024-07-09T16:44:35.628+0000] {logging_mixin.py:188} INFO - [2024-07-09T16:44:35.628+0000] {dag.py:3954} INFO - Setting next_dagrun for tutorial to 2024-07-08 00:00:00+00:00, run_after=2024-07-09 00:00:00+00:00
[2024-07-09T16:44:35.641+0000] {processor.py:183} INFO - Processing /home/airflow/.local/lib/python3.12/site-packages/airflow/example_dags/tutorial.py took 0.052 seconds
[2024-07-09T16:45:05.901+0000] {processor.py:161} INFO - Started process (PID=756) to work on /home/airflow/.local/lib/python3.12/site-packages/airflow/example_dags/tutorial.py
[2024-07-09T16:45:05.901+0000] {processor.py:830} INFO - Processing file /home/airflow/.local/lib/python3.12/site-packages/airflow/example_dags/tutorial.py for tasks to queue
[2024-07-09T16:45:05.902+0000] {logging_mixin.py:188} INFO - [2024-07-09T16:45:05.902+0000] {dagbag.py:545} INFO - Filling up the DagBag from /home/airflow/.local/lib/python3.12/site-packages/airflow/example_dags/tutorial.py
[2024-07-09T16:45:05.906+0000] {processor.py:840} INFO - DAG(s) 'tutorial' retrieved from /home/airflow/.local/lib/python3.12/site-packages/airflow/example_dags/tutorial.py
[2024-07-09T16:45:05.921+0000] {logging_mixin.py:188} INFO - [2024-07-09T16:45:05.920+0000] {dag.py:3096} INFO - Sync 1 DAGs
[2024-07-09T16:45:05.936+0000] {logging_mixin.py:188} INFO - [2024-07-09T16:45:05.936+0000] {dag.py:3954} INFO - Setting next_dagrun for tutorial to 2024-07-08 00:00:00+00:00, run_after=2024-07-09 00:00:00+00:00
[2024-07-09T16:45:05.949+0000] {processor.py:183} INFO - Processing /home/airflow/.local/lib/python3.12/site-packages/airflow/example_dags/tutorial.py took 0.052 seconds
[2024-07-09T16:45:36.198+0000] {processor.py:161} INFO - Started process (PID=1017) to work on /home/airflow/.local/lib/python3.12/site-packages/airflow/example_dags/tutorial.py
[2024-07-09T16:45:36.199+0000] {processor.py:830} INFO - Processing file /home/airflow/.local/lib/python3.12/site-packages/airflow/example_dags/tutorial.py for tasks to queue
[2024-07-09T16:45:36.200+0000] {logging_mixin.py:188} INFO - [2024-07-09T16:45:36.200+0000] {dagbag.py:545} INFO - Filling up the DagBag from /home/airflow/.local/lib/python3.12/site-packages/airflow/example_dags/tutorial.py
[2024-07-09T16:45:36.204+0000] {processor.py:840} INFO - DAG(s) 'tutorial' retrieved from /home/airflow/.local/lib/python3.12/site-packages/airflow/example_dags/tutorial.py
[2024-07-09T16:45:36.221+0000] {logging_mixin.py:188} INFO - [2024-07-09T16:45:36.221+0000] {dag.py:3096} INFO - Sync 1 DAGs
[2024-07-09T16:45:36.237+0000] {logging_mixin.py:188} INFO - [2024-07-09T16:45:36.237+0000] {dag.py:3954} INFO - Setting next_dagrun for tutorial to 2024-07-08 00:00:00+00:00, run_after=2024-07-09 00:00:00+00:00
[2024-07-09T16:45:36.250+0000] {processor.py:183} INFO - Processing /home/airflow/.local/lib/python3.12/site-packages/airflow/example_dags/tutorial.py took 0.056 seconds
[2024-07-09T16:46:06.581+0000] {processor.py:161} INFO - Started process (PID=1276) to work on /home/airflow/.local/lib/python3.12/site-packages/airflow/example_dags/tutorial.py
[2024-07-09T16:46:06.582+0000] {processor.py:830} INFO - Processing file /home/airflow/.local/lib/python3.12/site-packages/airflow/example_dags/tutorial.py for tasks to queue
[2024-07-09T16:46:06.583+0000] {logging_mixin.py:188} INFO - [2024-07-09T16:46:06.583+0000] {dagbag.py:545} INFO - Filling up the DagBag from /home/airflow/.local/lib/python3.12/site-packages/airflow/example_dags/tutorial.py
[2024-07-09T16:46:06.589+0000] {processor.py:840} INFO - DAG(s) 'tutorial' retrieved from /home/airflow/.local/lib/python3.12/site-packages/airflow/example_dags/tutorial.py
[2024-07-09T16:46:06.611+0000] {logging_mixin.py:188} INFO - [2024-07-09T16:46:06.610+0000] {dag.py:3096} INFO - Sync 1 DAGs
[2024-07-09T16:46:06.637+0000] {logging_mixin.py:188} INFO - [2024-07-09T16:46:06.637+0000] {dag.py:3954} INFO - Setting next_dagrun for tutorial to 2024-07-08 00:00:00+00:00, run_after=2024-07-09 00:00:00+00:00
[2024-07-09T16:46:06.659+0000] {processor.py:183} INFO - Processing /home/airflow/.local/lib/python3.12/site-packages/airflow/example_dags/tutorial.py took 0.082 seconds
[2024-07-09T16:46:37.027+0000] {processor.py:161} INFO - Started process (PID=1537) to work on /home/airflow/.local/lib/python3.12/site-packages/airflow/example_dags/tutorial.py
[2024-07-09T16:46:37.028+0000] {processor.py:830} INFO - Processing file /home/airflow/.local/lib/python3.12/site-packages/airflow/example_dags/tutorial.py for tasks to queue
[2024-07-09T16:46:37.029+0000] {logging_mixin.py:188} INFO - [2024-07-09T16:46:37.029+0000] {dagbag.py:545} INFO - Filling up the DagBag from /home/airflow/.local/lib/python3.12/site-packages/airflow/example_dags/tutorial.py
[2024-07-09T16:46:37.033+0000] {processor.py:840} INFO - DAG(s) 'tutorial' retrieved from /home/airflow/.local/lib/python3.12/site-packages/airflow/example_dags/tutorial.py
[2024-07-09T16:46:37.050+0000] {logging_mixin.py:188} INFO - [2024-07-09T16:46:37.049+0000] {dag.py:3096} INFO - Sync 1 DAGs
[2024-07-09T16:46:37.066+0000] {logging_mixin.py:188} INFO - [2024-07-09T16:46:37.066+0000] {dag.py:3954} INFO - Setting next_dagrun for tutorial to 2024-07-08 00:00:00+00:00, run_after=2024-07-09 00:00:00+00:00
[2024-07-09T16:46:37.083+0000] {processor.py:183} INFO - Processing /home/airflow/.local/lib/python3.12/site-packages/airflow/example_dags/tutorial.py took 0.059 seconds
[2024-07-09T16:47:07.434+0000] {processor.py:161} INFO - Started process (PID=1800) to work on /home/airflow/.local/lib/python3.12/site-packages/airflow/example_dags/tutorial.py
[2024-07-09T16:47:07.435+0000] {processor.py:830} INFO - Processing file /home/airflow/.local/lib/python3.12/site-packages/airflow/example_dags/tutorial.py for tasks to queue
[2024-07-09T16:47:07.436+0000] {logging_mixin.py:188} INFO - [2024-07-09T16:47:07.436+0000] {dagbag.py:545} INFO - Filling up the DagBag from /home/airflow/.local/lib/python3.12/site-packages/airflow/example_dags/tutorial.py
[2024-07-09T16:47:07.440+0000] {processor.py:840} INFO - DAG(s) 'tutorial' retrieved from /home/airflow/.local/lib/python3.12/site-packages/airflow/example_dags/tutorial.py
[2024-07-09T16:47:07.457+0000] {logging_mixin.py:188} INFO - [2024-07-09T16:47:07.456+0000] {dag.py:3096} INFO - Sync 1 DAGs
[2024-07-09T16:47:07.473+0000] {logging_mixin.py:188} INFO - [2024-07-09T16:47:07.473+0000] {dag.py:3954} INFO - Setting next_dagrun for tutorial to 2024-07-08 00:00:00+00:00, run_after=2024-07-09 00:00:00+00:00
[2024-07-09T16:47:07.486+0000] {processor.py:183} INFO - Processing /home/airflow/.local/lib/python3.12/site-packages/airflow/example_dags/tutorial.py took 0.056 seconds
[2024-07-09T16:47:37.614+0000] {processor.py:161} INFO - Started process (PID=2059) to work on /home/airflow/.local/lib/python3.12/site-packages/airflow/example_dags/tutorial.py
[2024-07-09T16:47:37.614+0000] {processor.py:830} INFO - Processing file /home/airflow/.local/lib/python3.12/site-packages/airflow/example_dags/tutorial.py for tasks to queue
[2024-07-09T16:47:37.615+0000] {logging_mixin.py:188} INFO - [2024-07-09T16:47:37.615+0000] {dagbag.py:545} INFO - Filling up the DagBag from /home/airflow/.local/lib/python3.12/site-packages/airflow/example_dags/tutorial.py
[2024-07-09T16:47:37.619+0000] {processor.py:840} INFO - DAG(s) 'tutorial' retrieved from /home/airflow/.local/lib/python3.12/site-packages/airflow/example_dags/tutorial.py
[2024-07-09T16:47:37.634+0000] {logging_mixin.py:188} INFO - [2024-07-09T16:47:37.634+0000] {dag.py:3096} INFO - Sync 1 DAGs
[2024-07-09T16:47:37.650+0000] {logging_mixin.py:188} INFO - [2024-07-09T16:47:37.650+0000] {dag.py:3954} INFO - Setting next_dagrun for tutorial to 2024-07-08 00:00:00+00:00, run_after=2024-07-09 00:00:00+00:00
[2024-07-09T16:47:37.663+0000] {processor.py:183} INFO - Processing /home/airflow/.local/lib/python3.12/site-packages/airflow/example_dags/tutorial.py took 0.053 seconds
[2024-07-09T16:48:07.761+0000] {processor.py:161} INFO - Started process (PID=2320) to work on /home/airflow/.local/lib/python3.12/site-packages/airflow/example_dags/tutorial.py
[2024-07-09T16:48:07.762+0000] {processor.py:830} INFO - Processing file /home/airflow/.local/lib/python3.12/site-packages/airflow/example_dags/tutorial.py for tasks to queue
[2024-07-09T16:48:07.763+0000] {logging_mixin.py:188} INFO - [2024-07-09T16:48:07.763+0000] {dagbag.py:545} INFO - Filling up the DagBag from /home/airflow/.local/lib/python3.12/site-packages/airflow/example_dags/tutorial.py
[2024-07-09T16:48:07.767+0000] {processor.py:840} INFO - DAG(s) 'tutorial' retrieved from /home/airflow/.local/lib/python3.12/site-packages/airflow/example_dags/tutorial.py
[2024-07-09T16:48:07.783+0000] {logging_mixin.py:188} INFO - [2024-07-09T16:48:07.783+0000] {dag.py:3096} INFO - Sync 1 DAGs
[2024-07-09T16:48:07.799+0000] {logging_mixin.py:188} INFO - [2024-07-09T16:48:07.799+0000] {dag.py:3954} INFO - Setting next_dagrun for tutorial to 2024-07-08 00:00:00+00:00, run_after=2024-07-09 00:00:00+00:00
[2024-07-09T16:48:07.811+0000] {processor.py:183} INFO - Processing /home/airflow/.local/lib/python3.12/site-packages/airflow/example_dags/tutorial.py took 0.053 seconds
[2024-07-09T16:48:38.099+0000] {processor.py:161} INFO - Started process (PID=2583) to work on /home/airflow/.local/lib/python3.12/site-packages/airflow/example_dags/tutorial.py
[2024-07-09T16:48:38.100+0000] {processor.py:830} INFO - Processing file /home/airflow/.local/lib/python3.12/site-packages/airflow/example_dags/tutorial.py for tasks to queue
[2024-07-09T16:48:38.101+0000] {logging_mixin.py:188} INFO - [2024-07-09T16:48:38.100+0000] {dagbag.py:545} INFO - Filling up the DagBag from /home/airflow/.local/lib/python3.12/site-packages/airflow/example_dags/tutorial.py
[2024-07-09T16:48:38.104+0000] {processor.py:840} INFO - DAG(s) 'tutorial' retrieved from /home/airflow/.local/lib/python3.12/site-packages/airflow/example_dags/tutorial.py
[2024-07-09T16:48:38.120+0000] {logging_mixin.py:188} INFO - [2024-07-09T16:48:38.120+0000] {dag.py:3096} INFO - Sync 1 DAGs
[2024-07-09T16:48:38.135+0000] {logging_mixin.py:188} INFO - [2024-07-09T16:48:38.135+0000] {dag.py:3954} INFO - Setting next_dagrun for tutorial to 2024-07-08 00:00:00+00:00, run_after=2024-07-09 00:00:00+00:00
[2024-07-09T16:48:38.149+0000] {processor.py:183} INFO - Processing /home/airflow/.local/lib/python3.12/site-packages/airflow/example_dags/tutorial.py took 0.053 seconds
[2024-07-09T16:49:08.569+0000] {processor.py:161} INFO - Started process (PID=2844) to work on /home/airflow/.local/lib/python3.12/site-packages/airflow/example_dags/tutorial.py
[2024-07-09T16:49:08.569+0000] {processor.py:830} INFO - Processing file /home/airflow/.local/lib/python3.12/site-packages/airflow/example_dags/tutorial.py for tasks to queue
[2024-07-09T16:49:08.570+0000] {logging_mixin.py:188} INFO - [2024-07-09T16:49:08.570+0000] {dagbag.py:545} INFO - Filling up the DagBag from /home/airflow/.local/lib/python3.12/site-packages/airflow/example_dags/tutorial.py
[2024-07-09T16:49:08.574+0000] {processor.py:840} INFO - DAG(s) 'tutorial' retrieved from /home/airflow/.local/lib/python3.12/site-packages/airflow/example_dags/tutorial.py
[2024-07-09T16:49:08.589+0000] {logging_mixin.py:188} INFO - [2024-07-09T16:49:08.589+0000] {dag.py:3096} INFO - Sync 1 DAGs
[2024-07-09T16:49:08.605+0000] {logging_mixin.py:188} INFO - [2024-07-09T16:49:08.605+0000] {dag.py:3954} INFO - Setting next_dagrun for tutorial to 2024-07-08 00:00:00+00:00, run_after=2024-07-09 00:00:00+00:00
[2024-07-09T16:49:08.618+0000] {processor.py:183} INFO - Processing /home/airflow/.local/lib/python3.12/site-packages/airflow/example_dags/tutorial.py took 0.053 seconds
[2024-07-09T16:49:38.783+0000] {processor.py:161} INFO - Started process (PID=3105) to work on /home/airflow/.local/lib/python3.12/site-packages/airflow/example_dags/tutorial.py
[2024-07-09T16:49:38.783+0000] {processor.py:830} INFO - Processing file /home/airflow/.local/lib/python3.12/site-packages/airflow/example_dags/tutorial.py for tasks to queue
[2024-07-09T16:49:38.784+0000] {logging_mixin.py:188} INFO - [2024-07-09T16:49:38.784+0000] {dagbag.py:545} INFO - Filling up the DagBag from /home/airflow/.local/lib/python3.12/site-packages/airflow/example_dags/tutorial.py
[2024-07-09T16:49:38.788+0000] {processor.py:840} INFO - DAG(s) 'tutorial' retrieved from /home/airflow/.local/lib/python3.12/site-packages/airflow/example_dags/tutorial.py
[2024-07-09T16:49:38.805+0000] {logging_mixin.py:188} INFO - [2024-07-09T16:49:38.805+0000] {dag.py:3096} INFO - Sync 1 DAGs
[2024-07-09T16:49:38.826+0000] {logging_mixin.py:188} INFO - [2024-07-09T16:49:38.826+0000] {dag.py:3954} INFO - Setting next_dagrun for tutorial to 2024-07-08 00:00:00+00:00, run_after=2024-07-09 00:00:00+00:00
[2024-07-09T16:49:38.842+0000] {processor.py:183} INFO - Processing /home/airflow/.local/lib/python3.12/site-packages/airflow/example_dags/tutorial.py took 0.063 seconds
[2024-07-09T16:50:09.134+0000] {processor.py:161} INFO - Started process (PID=3366) to work on /home/airflow/.local/lib/python3.12/site-packages/airflow/example_dags/tutorial.py
[2024-07-09T16:50:09.135+0000] {processor.py:830} INFO - Processing file /home/airflow/.local/lib/python3.12/site-packages/airflow/example_dags/tutorial.py for tasks to queue
[2024-07-09T16:50:09.136+0000] {logging_mixin.py:188} INFO - [2024-07-09T16:50:09.136+0000] {dagbag.py:545} INFO - Filling up the DagBag from /home/airflow/.local/lib/python3.12/site-packages/airflow/example_dags/tutorial.py
[2024-07-09T16:50:09.140+0000] {processor.py:840} INFO - DAG(s) 'tutorial' retrieved from /home/airflow/.local/lib/python3.12/site-packages/airflow/example_dags/tutorial.py
[2024-07-09T16:50:09.155+0000] {logging_mixin.py:188} INFO - [2024-07-09T16:50:09.155+0000] {dag.py:3096} INFO - Sync 1 DAGs
[2024-07-09T16:50:09.170+0000] {logging_mixin.py:188} INFO - [2024-07-09T16:50:09.170+0000] {dag.py:3954} INFO - Setting next_dagrun for tutorial to 2024-07-08 00:00:00+00:00, run_after=2024-07-09 00:00:00+00:00
[2024-07-09T16:50:09.182+0000] {processor.py:183} INFO - Processing /home/airflow/.local/lib/python3.12/site-packages/airflow/example_dags/tutorial.py took 0.052 seconds
[2024-07-09T16:50:39.401+0000] {processor.py:161} INFO - Started process (PID=3627) to work on /home/airflow/.local/lib/python3.12/site-packages/airflow/example_dags/tutorial.py
[2024-07-09T16:50:39.402+0000] {processor.py:830} INFO - Processing file /home/airflow/.local/lib/python3.12/site-packages/airflow/example_dags/tutorial.py for tasks to queue
[2024-07-09T16:50:39.403+0000] {logging_mixin.py:188} INFO - [2024-07-09T16:50:39.403+0000] {dagbag.py:545} INFO - Filling up the DagBag from /home/airflow/.local/lib/python3.12/site-packages/airflow/example_dags/tutorial.py
[2024-07-09T16:50:39.406+0000] {processor.py:840} INFO - DAG(s) 'tutorial' retrieved from /home/airflow/.local/lib/python3.12/site-packages/airflow/example_dags/tutorial.py
[2024-07-09T16:50:39.422+0000] {logging_mixin.py:188} INFO - [2024-07-09T16:50:39.422+0000] {dag.py:3096} INFO - Sync 1 DAGs
[2024-07-09T16:50:39.438+0000] {logging_mixin.py:188} INFO - [2024-07-09T16:50:39.437+0000] {dag.py:3954} INFO - Setting next_dagrun for tutorial to 2024-07-08 00:00:00+00:00, run_after=2024-07-09 00:00:00+00:00
[2024-07-09T16:50:39.451+0000] {processor.py:183} INFO - Processing /home/airflow/.local/lib/python3.12/site-packages/airflow/example_dags/tutorial.py took 0.054 seconds
[2024-07-09T16:51:09.710+0000] {processor.py:161} INFO - Started process (PID=3888) to work on /home/airflow/.local/lib/python3.12/site-packages/airflow/example_dags/tutorial.py
[2024-07-09T16:51:09.710+0000] {processor.py:830} INFO - Processing file /home/airflow/.local/lib/python3.12/site-packages/airflow/example_dags/tutorial.py for tasks to queue
[2024-07-09T16:51:09.712+0000] {logging_mixin.py:188} INFO - [2024-07-09T16:51:09.711+0000] {dagbag.py:545} INFO - Filling up the DagBag from /home/airflow/.local/lib/python3.12/site-packages/airflow/example_dags/tutorial.py
[2024-07-09T16:51:09.715+0000] {processor.py:840} INFO - DAG(s) 'tutorial' retrieved from /home/airflow/.local/lib/python3.12/site-packages/airflow/example_dags/tutorial.py
[2024-07-09T16:51:09.732+0000] {logging_mixin.py:188} INFO - [2024-07-09T16:51:09.731+0000] {dag.py:3096} INFO - Sync 1 DAGs
[2024-07-09T16:51:09.749+0000] {logging_mixin.py:188} INFO - [2024-07-09T16:51:09.749+0000] {dag.py:3954} INFO - Setting next_dagrun for tutorial to 2024-07-08 00:00:00+00:00, run_after=2024-07-09 00:00:00+00:00
[2024-07-09T16:51:09.762+0000] {processor.py:183} INFO - Processing /home/airflow/.local/lib/python3.12/site-packages/airflow/example_dags/tutorial.py took 0.056 seconds
[2024-07-09T16:51:39.880+0000] {processor.py:161} INFO - Started process (PID=4149) to work on /home/airflow/.local/lib/python3.12/site-packages/airflow/example_dags/tutorial.py
[2024-07-09T16:51:39.880+0000] {processor.py:830} INFO - Processing file /home/airflow/.local/lib/python3.12/site-packages/airflow/example_dags/tutorial.py for tasks to queue
[2024-07-09T16:51:39.881+0000] {logging_mixin.py:188} INFO - [2024-07-09T16:51:39.881+0000] {dagbag.py:545} INFO - Filling up the DagBag from /home/airflow/.local/lib/python3.12/site-packages/airflow/example_dags/tutorial.py
[2024-07-09T16:51:39.885+0000] {processor.py:840} INFO - DAG(s) 'tutorial' retrieved from /home/airflow/.local/lib/python3.12/site-packages/airflow/example_dags/tutorial.py
[2024-07-09T16:51:39.904+0000] {logging_mixin.py:188} INFO - [2024-07-09T16:51:39.904+0000] {dag.py:3096} INFO - Sync 1 DAGs
[2024-07-09T16:51:39.923+0000] {logging_mixin.py:188} INFO - [2024-07-09T16:51:39.923+0000] {dag.py:3954} INFO - Setting next_dagrun for tutorial to 2024-07-08 00:00:00+00:00, run_after=2024-07-09 00:00:00+00:00
[2024-07-09T16:51:39.937+0000] {processor.py:183} INFO - Processing /home/airflow/.local/lib/python3.12/site-packages/airflow/example_dags/tutorial.py took 0.061 seconds
[2024-07-09T16:52:10.299+0000] {processor.py:161} INFO - Started process (PID=4408) to work on /home/airflow/.local/lib/python3.12/site-packages/airflow/example_dags/tutorial.py
[2024-07-09T16:52:10.300+0000] {processor.py:830} INFO - Processing file /home/airflow/.local/lib/python3.12/site-packages/airflow/example_dags/tutorial.py for tasks to queue
[2024-07-09T16:52:10.301+0000] {logging_mixin.py:188} INFO - [2024-07-09T16:52:10.301+0000] {dagbag.py:545} INFO - Filling up the DagBag from /home/airflow/.local/lib/python3.12/site-packages/airflow/example_dags/tutorial.py
[2024-07-09T16:52:10.304+0000] {processor.py:840} INFO - DAG(s) 'tutorial' retrieved from /home/airflow/.local/lib/python3.12/site-packages/airflow/example_dags/tutorial.py
[2024-07-09T16:52:10.321+0000] {logging_mixin.py:188} INFO - [2024-07-09T16:52:10.321+0000] {dag.py:3096} INFO - Sync 1 DAGs
[2024-07-09T16:52:10.339+0000] {logging_mixin.py:188} INFO - [2024-07-09T16:52:10.339+0000] {dag.py:3954} INFO - Setting next_dagrun for tutorial to 2024-07-08 00:00:00+00:00, run_after=2024-07-09 00:00:00+00:00
[2024-07-09T16:52:10.356+0000] {processor.py:183} INFO - Processing /home/airflow/.local/lib/python3.12/site-packages/airflow/example_dags/tutorial.py took 0.060 seconds
[2024-07-09T16:52:40.602+0000] {processor.py:161} INFO - Started process (PID=4669) to work on /home/airflow/.local/lib/python3.12/site-packages/airflow/example_dags/tutorial.py
[2024-07-09T16:52:40.602+0000] {processor.py:830} INFO - Processing file /home/airflow/.local/lib/python3.12/site-packages/airflow/example_dags/tutorial.py for tasks to queue
[2024-07-09T16:52:40.603+0000] {logging_mixin.py:188} INFO - [2024-07-09T16:52:40.603+0000] {dagbag.py:545} INFO - Filling up the DagBag from /home/airflow/.local/lib/python3.12/site-packages/airflow/example_dags/tutorial.py
[2024-07-09T16:52:40.607+0000] {processor.py:840} INFO - DAG(s) 'tutorial' retrieved from /home/airflow/.local/lib/python3.12/site-packages/airflow/example_dags/tutorial.py
[2024-07-09T16:52:40.628+0000] {logging_mixin.py:188} INFO - [2024-07-09T16:52:40.628+0000] {dag.py:3096} INFO - Sync 1 DAGs
[2024-07-09T16:52:40.645+0000] {logging_mixin.py:188} INFO - [2024-07-09T16:52:40.645+0000] {dag.py:3954} INFO - Setting next_dagrun for tutorial to 2024-07-08 00:00:00+00:00, run_after=2024-07-09 00:00:00+00:00
[2024-07-09T16:52:40.658+0000] {processor.py:183} INFO - Processing /home/airflow/.local/lib/python3.12/site-packages/airflow/example_dags/tutorial.py took 0.060 seconds
[2024-07-09T16:53:10.922+0000] {processor.py:161} INFO - Started process (PID=4932) to work on /home/airflow/.local/lib/python3.12/site-packages/airflow/example_dags/tutorial.py
[2024-07-09T16:53:10.923+0000] {processor.py:830} INFO - Processing file /home/airflow/.local/lib/python3.12/site-packages/airflow/example_dags/tutorial.py for tasks to queue
[2024-07-09T16:53:10.924+0000] {logging_mixin.py:188} INFO - [2024-07-09T16:53:10.924+0000] {dagbag.py:545} INFO - Filling up the DagBag from /home/airflow/.local/lib/python3.12/site-packages/airflow/example_dags/tutorial.py
[2024-07-09T16:53:10.929+0000] {processor.py:840} INFO - DAG(s) 'tutorial' retrieved from /home/airflow/.local/lib/python3.12/site-packages/airflow/example_dags/tutorial.py
[2024-07-09T16:53:10.949+0000] {logging_mixin.py:188} INFO - [2024-07-09T16:53:10.948+0000] {dag.py:3096} INFO - Sync 1 DAGs
[2024-07-09T16:53:10.966+0000] {logging_mixin.py:188} INFO - [2024-07-09T16:53:10.966+0000] {dag.py:3954} INFO - Setting next_dagrun for tutorial to 2024-07-08 00:00:00+00:00, run_after=2024-07-09 00:00:00+00:00
[2024-07-09T16:53:10.983+0000] {processor.py:183} INFO - Processing /home/airflow/.local/lib/python3.12/site-packages/airflow/example_dags/tutorial.py took 0.067 seconds
[2024-07-09T16:53:41.210+0000] {processor.py:161} INFO - Started process (PID=5191) to work on /home/airflow/.local/lib/python3.12/site-packages/airflow/example_dags/tutorial.py
[2024-07-09T16:53:41.211+0000] {processor.py:830} INFO - Processing file /home/airflow/.local/lib/python3.12/site-packages/airflow/example_dags/tutorial.py for tasks to queue
[2024-07-09T16:53:41.212+0000] {logging_mixin.py:188} INFO - [2024-07-09T16:53:41.211+0000] {dagbag.py:545} INFO - Filling up the DagBag from /home/airflow/.local/lib/python3.12/site-packages/airflow/example_dags/tutorial.py
[2024-07-09T16:53:41.215+0000] {processor.py:840} INFO - DAG(s) 'tutorial' retrieved from /home/airflow/.local/lib/python3.12/site-packages/airflow/example_dags/tutorial.py
[2024-07-09T16:53:41.232+0000] {logging_mixin.py:188} INFO - [2024-07-09T16:53:41.231+0000] {dag.py:3096} INFO - Sync 1 DAGs
[2024-07-09T16:53:41.248+0000] {logging_mixin.py:188} INFO - [2024-07-09T16:53:41.248+0000] {dag.py:3954} INFO - Setting next_dagrun for tutorial to 2024-07-08 00:00:00+00:00, run_after=2024-07-09 00:00:00+00:00
[2024-07-09T16:53:41.261+0000] {processor.py:183} INFO - Processing /home/airflow/.local/lib/python3.12/site-packages/airflow/example_dags/tutorial.py took 0.055 seconds
[2024-07-09T16:54:11.635+0000] {processor.py:161} INFO - Started process (PID=5452) to work on /home/airflow/.local/lib/python3.12/site-packages/airflow/example_dags/tutorial.py
[2024-07-09T16:54:11.635+0000] {processor.py:830} INFO - Processing file /home/airflow/.local/lib/python3.12/site-packages/airflow/example_dags/tutorial.py for tasks to queue
[2024-07-09T16:54:11.636+0000] {logging_mixin.py:188} INFO - [2024-07-09T16:54:11.636+0000] {dagbag.py:545} INFO - Filling up the DagBag from /home/airflow/.local/lib/python3.12/site-packages/airflow/example_dags/tutorial.py
[2024-07-09T16:54:11.640+0000] {processor.py:840} INFO - DAG(s) 'tutorial' retrieved from /home/airflow/.local/lib/python3.12/site-packages/airflow/example_dags/tutorial.py
[2024-07-09T16:54:11.657+0000] {logging_mixin.py:188} INFO - [2024-07-09T16:54:11.657+0000] {dag.py:3096} INFO - Sync 1 DAGs
[2024-07-09T16:54:11.674+0000] {logging_mixin.py:188} INFO - [2024-07-09T16:54:11.674+0000] {dag.py:3954} INFO - Setting next_dagrun for tutorial to 2024-07-08 00:00:00+00:00, run_after=2024-07-09 00:00:00+00:00
[2024-07-09T16:54:11.687+0000] {processor.py:183} INFO - Processing /home/airflow/.local/lib/python3.12/site-packages/airflow/example_dags/tutorial.py took 0.056 seconds
[2024-07-09T16:54:42.062+0000] {processor.py:161} INFO - Started process (PID=5713) to work on /home/airflow/.local/lib/python3.12/site-packages/airflow/example_dags/tutorial.py
[2024-07-09T16:54:42.062+0000] {processor.py:830} INFO - Processing file /home/airflow/.local/lib/python3.12/site-packages/airflow/example_dags/tutorial.py for tasks to queue
[2024-07-09T16:54:42.063+0000] {logging_mixin.py:188} INFO - [2024-07-09T16:54:42.063+0000] {dagbag.py:545} INFO - Filling up the DagBag from /home/airflow/.local/lib/python3.12/site-packages/airflow/example_dags/tutorial.py
[2024-07-09T16:54:42.067+0000] {processor.py:840} INFO - DAG(s) 'tutorial' retrieved from /home/airflow/.local/lib/python3.12/site-packages/airflow/example_dags/tutorial.py
[2024-07-09T16:54:42.082+0000] {logging_mixin.py:188} INFO - [2024-07-09T16:54:42.082+0000] {dag.py:3096} INFO - Sync 1 DAGs
[2024-07-09T16:54:42.097+0000] {logging_mixin.py:188} INFO - [2024-07-09T16:54:42.097+0000] {dag.py:3954} INFO - Setting next_dagrun for tutorial to 2024-07-08 00:00:00+00:00, run_after=2024-07-09 00:00:00+00:00
[2024-07-09T16:54:42.110+0000] {processor.py:183} INFO - Processing /home/airflow/.local/lib/python3.12/site-packages/airflow/example_dags/tutorial.py took 0.052 seconds
[2024-07-09T16:55:12.356+0000] {processor.py:161} INFO - Started process (PID=5976) to work on /home/airflow/.local/lib/python3.12/site-packages/airflow/example_dags/tutorial.py
[2024-07-09T16:55:12.357+0000] {processor.py:830} INFO - Processing file /home/airflow/.local/lib/python3.12/site-packages/airflow/example_dags/tutorial.py for tasks to queue
[2024-07-09T16:55:12.358+0000] {logging_mixin.py:188} INFO - [2024-07-09T16:55:12.358+0000] {dagbag.py:545} INFO - Filling up the DagBag from /home/airflow/.local/lib/python3.12/site-packages/airflow/example_dags/tutorial.py
[2024-07-09T16:55:12.361+0000] {processor.py:840} INFO - DAG(s) 'tutorial' retrieved from /home/airflow/.local/lib/python3.12/site-packages/airflow/example_dags/tutorial.py
[2024-07-09T16:55:12.376+0000] {logging_mixin.py:188} INFO - [2024-07-09T16:55:12.376+0000] {dag.py:3096} INFO - Sync 1 DAGs
[2024-07-09T16:55:12.390+0000] {logging_mixin.py:188} INFO - [2024-07-09T16:55:12.390+0000] {dag.py:3954} INFO - Setting next_dagrun for tutorial to 2024-07-08 00:00:00+00:00, run_after=2024-07-09 00:00:00+00:00
[2024-07-09T16:55:12.402+0000] {processor.py:183} INFO - Processing /home/airflow/.local/lib/python3.12/site-packages/airflow/example_dags/tutorial.py took 0.049 seconds
